#
# There is insufficient memory for the Java Runtime Environment to continue.
# Native memory allocation (mmap) failed to map 532676608 bytes for G1 virtual space
# Possible reasons:
#   The system is out of physical RAM or swap space
#   The process is running with CompressedOops enabled, and the Java Heap may be blocking the growth of the native heap
# Possible solutions:
#   Reduce memory load on the system
#   Increase physical memory or swap space
#   Check if swap backing store is full
#   Decrease Java heap size (-Xmx/-Xms)
#   Decrease number of Java threads
#   Decrease Java thread stack sizes (-Xss)
#   Set larger code cache with -XX:ReservedCodeCacheSize=
#   JVM is running with Zero Based Compressed Oops mode in which the Java heap is
#     placed in the first 32GB address space. The Java Heap base address is the
#     maximum limit for the native heap growth. Please use -XX:HeapBaseMinAddress
#     to set the Java Heap base and to place the Java Heap above 32GB virtual address.
# This output file may be truncated or incomplete.
#
#  Out of Memory Error (os_windows.cpp:3548), pid=76740, tid=32412
#
# JRE version:  (17.0.11+7) (build )
# Java VM: Java HotSpot(TM) 64-Bit Server VM (17.0.11+7-LTS-207, mixed mode, sharing, tiered, compressed oops, compressed class ptrs, g1 gc, windows-amd64)
# No core dump will be written. Minidumps are not enabled by default on client versions of Windows
#

---------------  S U M M A R Y ------------

Command Line: --enable-native-access=ALL-UNNAMED 

Host: 13th Gen Intel(R) Core(TM) i9-13950HX, 32 cores, 31G,  Windows 11 , 64 bit Build 26100 (10.0.26100.7705)
Time: Thu Feb 19 10:37:14 2026 Greenwich elapsed time: 2.032336 seconds (0d 0h 0m 2s)

---------------  T H R E A D  ---------------

Current thread (0x0000018cde050280):  JavaThread "Unknown thread" [_thread_in_vm, id=32412, stack(0x0000006c67c00000,0x0000006c67d00000)]

Stack: [0x0000006c67c00000,0x0000006c67d00000]
Native frames: (J=compiled Java code, j=interpreted, Vv=VM code, C=native code)
V  [jvm.dll+0x679cca]
V  [jvm.dll+0x7da13d]
V  [jvm.dll+0x7dba83]
V  [jvm.dll+0x7dc0f3]
V  [jvm.dll+0x2449af]
V  [jvm.dll+0x676ce9]
V  [jvm.dll+0x66b852]
V  [jvm.dll+0x3018d6]
V  [jvm.dll+0x308e76]
V  [jvm.dll+0x3596ee]
V  [jvm.dll+0x35991f]
V  [jvm.dll+0x2d89a8]
V  [jvm.dll+0x2d9914]
V  [jvm.dll+0x7ac6b1]
V  [jvm.dll+0x366f61]
V  [jvm.dll+0x78b609]
V  [jvm.dll+0x3ec22f]
V  [jvm.dll+0x3ede61]
C  [jli.dll+0x5297]
C  [ucrtbase.dll+0x37b0]
C  [KERNEL32.DLL+0x2e8d7]
C  [ntdll.dll+0x8c40c]


---------------  P R O C E S S  ---------------

Threads class SMR info:
_java_thread_list=0x00007ffde04d7a18, length=0, elements={
}

Java Threads: ( => current thread )

Other Threads:
  0x0000018cde0fff50 GCTaskThread "GC Thread#0" [stack: 0x0000006c67d00000,0x0000006c67e00000] [id=31476]
  0x0000018cde06dec0 ConcurrentGCThread "G1 Main Marker" [stack: 0x0000006c67e00000,0x0000006c67f00000] [id=42452]
  0x0000018cde111430 ConcurrentGCThread "G1 Conc#0" [stack: 0x0000006c67f00000,0x0000006c68000000] [id=37920]

[error occurred during error reporting (printing all threads), id 0xc0000005, EXCEPTION_ACCESS_VIOLATION (0xc0000005) at pc=0x00007ffddfd09497]

VM state: not at safepoint (not fully initialized)

VM Mutex/Monitor currently owned by a thread:  ([mutex/lock_event])
[0x0000018cde04be20] Heap_lock - owner thread: 0x0000018cde050280

Heap address: 0x0000000604c00000, size: 8116 MB, Compressed Oops mode: Zero based, Oop shift amount: 3

CDS archive(s) mapped at: [0x0000000000000000-0x0000000000000000-0x0000000000000000), size 0, SharedBaseAddress: 0x0000000800000000, ArchiveRelocationMode: 1.
Narrow klass base: 0x0000000000000000, Narrow klass shift: 0, Narrow klass range: 0x0

GC Precious Log:
<Empty>

Heap:
 garbage-first heap   total 0K, used 0K [0x0000000604c00000, 0x0000000800000000)
  region size 4096K, 0 young (0K), 0 survivors (0K)

[error occurred during error reporting (printing heap information), id 0xc0000005, EXCEPTION_ACCESS_VIOLATION (0xc0000005) at pc=0x00007ffde00f3559]

GC Heap History (0 events):
No events

Deoptimization events (0 events):
No events

Classes unloaded (0 events):
No events

Classes redefined (0 events):
No events

Internal exceptions (0 events):
No events

VM Operations (0 events):
No events

Events (1 events):
Event: 0.005 Loaded shared library C:\Program Files\Java\jdk-17\bin\java.dll


Dynamic libraries:
0x00007ff7ac8c0000 - 0x00007ff7ac8d0000 	C:\Program Files\Java\jdk-17\bin\java.exe
0x00007ffeeb860000 - 0x00007ffeebac8000 	C:\Windows\SYSTEM32\ntdll.dll
0x00007ffeeaba0000 - 0x00007ffeeac69000 	C:\Windows\System32\KERNEL32.DLL
0x00007ffee8f60000 - 0x00007ffee9351000 	C:\Windows\System32\KERNELBASE.dll
0x00007ffee8a70000 - 0x00007ffee8bbb000 	C:\Windows\System32\ucrtbase.dll
0x00007ffed7590000 - 0x00007ffed75ab000 	C:\Program Files\Java\jdk-17\bin\VCRUNTIME140.dll
0x00007ffed7510000 - 0x00007ffed7529000 	C:\Program Files\Java\jdk-17\bin\jli.dll
0x00007ffeea530000 - 0x00007ffeea5e4000 	C:\Windows\System32\ADVAPI32.dll
0x00007ffeea5f0000 - 0x00007ffeea699000 	C:\Windows\System32\msvcrt.dll
0x00007ffeeadc0000 - 0x00007ffeeae66000 	C:\Windows\System32\sechost.dll
0x00007ffeeb4c0000 - 0x00007ffeeb5d8000 	C:\Windows\System32\RPCRT4.dll
0x00007ffeea6f0000 - 0x00007ffeea8b6000 	C:\Windows\System32\USER32.dll
0x00007ffee9520000 - 0x00007ffee9547000 	C:\Windows\System32\win32u.dll
0x00007ffeeac70000 - 0x00007ffeeac9b000 	C:\Windows\System32\GDI32.dll
0x00007ffee9360000 - 0x00007ffee948b000 	C:\Windows\System32\gdi32full.dll
0x00007ffebd200000 - 0x00007ffebd493000 	C:\Windows\WinSxS\amd64_microsoft.windows.common-controls_6595b64144ccf1df_6.0.26100.7824_none_3e0870b2e3345462\COMCTL32.dll
0x00007ffee9550000 - 0x00007ffee95f3000 	C:\Windows\System32\msvcp_win.dll
0x00007ffedd5b0000 - 0x00007ffedd5bb000 	C:\Windows\SYSTEM32\VERSION.dll
0x00007ffeea4f0000 - 0x00007ffeea521000 	C:\Windows\System32\IMM32.DLL
0x00007ffee0ed0000 - 0x00007ffee0edc000 	C:\Program Files\Java\jdk-17\bin\vcruntime140_1.dll
0x00007ffe88e80000 - 0x00007ffe88f0e000 	C:\Program Files\Java\jdk-17\bin\msvcp140.dll
0x00007ffddfa20000 - 0x00007ffde0600000 	C:\Program Files\Java\jdk-17\bin\server\jvm.dll
0x00007ffeeb800000 - 0x00007ffeeb808000 	C:\Windows\System32\PSAPI.DLL
0x00007ffec59b0000 - 0x00007ffec59ba000 	C:\Windows\SYSTEM32\WSOCK32.dll
0x00007ffed9f90000 - 0x00007ffed9fc5000 	C:\Windows\SYSTEM32\WINMM.dll
0x00007ffeeb3c0000 - 0x00007ffeeb434000 	C:\Windows\System32\WS2_32.dll
0x00007ffee6fc0000 - 0x00007ffee6fdb000 	C:\Windows\SYSTEM32\kernel.appcore.dll
0x00007ffed7350000 - 0x00007ffed735a000 	C:\Program Files\Java\jdk-17\bin\jimage.dll
0x00007ffee6080000 - 0x00007ffee62c2000 	C:\Windows\SYSTEM32\DBGHELP.DLL
0x00007ffeea140000 - 0x00007ffeea4c6000 	C:\Windows\System32\combase.dll
0x00007ffeea060000 - 0x00007ffeea137000 	C:\Windows\System32\OLEAUT32.dll
0x00007ffed1000000 - 0x00007ffed103b000 	C:\Windows\SYSTEM32\dbgcore.DLL
0x00007ffee8d40000 - 0x00007ffee8de5000 	C:\Windows\System32\bcryptPrimitives.dll
0x00007ffed01b0000 - 0x00007ffed01d5000 	C:\Program Files\Java\jdk-17\bin\java.dll

dbghelp: loaded successfully - version: 4.0.5 - missing functions: none
symbol engine: initialized successfully - sym options: 0x614 - pdb path: .;C:\Program Files\Java\jdk-17\bin;C:\Windows\SYSTEM32;C:\Windows\WinSxS\amd64_microsoft.windows.common-controls_6595b64144ccf1df_6.0.26100.7824_none_3e0870b2e3345462;C:\Program Files\Java\jdk-17\bin\server

VM Arguments:
jvm_args: --enable-native-access=ALL-UNNAMED 
java_command: <unknown>
java_class_path (initial): <not set>
Launcher Type: SUN_STANDARD

[Global flags]
     intx CICompilerCount                          = 15                                        {product} {ergonomic}
     uint ConcGCThreads                            = 6                                         {product} {ergonomic}
     uint G1ConcRefinementThreads                  = 23                                        {product} {ergonomic}
   size_t G1HeapRegionSize                         = 4194304                                   {product} {ergonomic}
    uintx GCDrainStackTargetSize                   = 64                                        {product} {ergonomic}
   size_t InitialHeapSize                          = 532676608                                 {product} {ergonomic}
   size_t MarkStackSize                            = 4194304                                   {product} {ergonomic}
   size_t MaxHeapSize                              = 8510242816                                {product} {ergonomic}
   size_t MinHeapDeltaBytes                        = 4194304                                   {product} {ergonomic}
   size_t MinHeapSize                              = 8388608                                   {product} {ergonomic}
    uintx NonNMethodCodeHeapSize                   = 8192380                                {pd product} {ergonomic}
    uintx NonProfiledCodeHeapSize                  = 121732930                              {pd product} {ergonomic}
    uintx ProfiledCodeHeapSize                     = 121732930                              {pd product} {ergonomic}
    uintx ReservedCodeCacheSize                    = 251658240                              {pd product} {ergonomic}
     bool SegmentedCodeCache                       = true                                      {product} {ergonomic}
   size_t SoftMaxHeapSize                          = 8510242816                             {manageable} {ergonomic}
     bool UseCompressedClassPointers               = true                           {product lp64_product} {ergonomic}
     bool UseCompressedOops                        = true                           {product lp64_product} {ergonomic}
     bool UseG1GC                                  = true                                      {product} {ergonomic}
     bool UseLargePagesIndividualAllocation        = false                                  {pd product} {ergonomic}

Logging:
Log output configuration:
 #0: stdout all=warning uptime,level,tags
 #1: stderr all=off uptime,level,tags

Environment Variables:
JAVA_HOME=C:\Program Files\Java\jdk-17
PATH=C:\Python314\Scripts\;C:\Python314\;C:\Program Files\Common Files\Oracle\Java\javapath;C:\Windows\system32;C:\Windows;C:\Windows\System32\Wbem;C:\Windows\System32\WindowsPowerShell\v1.0\;C:\Windows\System32\OpenSSH\;C:\Program Files\dotnet\;C:\Program Files (x86)\NVIDIA Corporation\PhysX\Common;C:\Program Files\Docker\Docker\resources\bin;C:\Program Files\cursor\resources\app\bin;C:\Program Files\Java\jdk-17\bin;C:\Program Files\Apache\maven\apache-maven-3.9.11\bin;C:\Program Files\nodejs\;C:\ProgramData\chocolatey\bin;C:\Program Files\Git\cmd;C:\src\flutter\bin;C:\Program Files\OpenSSL-Win64\bin;C:\Users\MOUSTAPHA\AppData\Local\Microsoft\WindowsApps;C:\Users\MOUSTAPHA\AppData\Local\Programs\Microsoft VS Code\bin;C:\Users\MOUSTAPHA\AppData\Roaming\npm;C:\Users\MOUSTAPHA\AppData\Local\Programs\Antigravity\bin;C:\Users\MOUSTAPHA\AppData\Roaming\Python\Python314\Scripts;C:\Users\MOUSTAPHA\.local\bin;
USERNAME=MOUSTAPHA
OS=Windows_NT
PROCESSOR_IDENTIFIER=Intel64 Family 6 Model 183 Stepping 1, GenuineIntel



---------------  S Y S T E M  ---------------

OS:
 Windows 11 , 64 bit Build 26100 (10.0.26100.7705)
OS uptime: 4 days 20:59 hours
Hyper-V role detected

CPU: total 32 (initial active 32) (16 cores per cpu, 2 threads per core) family 6 model 183 stepping 1 microcode 0x12f, cx8, cmov, fxsr, ht, mmx, 3dnowpref, sse, sse2, sse3, ssse3, sse4.1, sse4.2, popcnt, lzcnt, tsc, tscinvbit, avx, avx2, aes, erms, clmul, bmi1, bmi2, adx, sha, fma, vzeroupper, clflush, clflushopt, clwb, hv

Memory: 4k page, system-wide physical 32452M (2213M free)
TotalPageFile size 104190M (AvailPageFile size 197M)
current process WorkingSet (physical memory assigned to process): 12M, peak: 12M
current process commit charge ("private bytes"): 92M, peak: 600M

vm_info: Java HotSpot(TM) 64-Bit Server VM (17.0.11+7-LTS-207) for windows-amd64 JRE (17.0.11+7-LTS-207), built on Mar 11 2024 19:01:50 by "mach5one" with MS VC++ 17.6 (VS2022)

END.
