#
# There is insufficient memory for the Java Runtime Environment to continue.
# Native memory allocation (mmap) failed to map 264241152 bytes for G1 virtual space
# Possible reasons:
#   The system is out of physical RAM or swap space
#   The process is running with CompressedOops enabled, and the Java Heap may be blocking the growth of the native heap
# Possible solutions:
#   Reduce memory load on the system
#   Increase physical memory or swap space
#   Check if swap backing store is full
#   Decrease Java heap size (-Xmx/-Xms)
#   Decrease number of Java threads
#   Decrease Java thread stack sizes (-Xss)
#   Set larger code cache with -XX:ReservedCodeCacheSize=
#   JVM is running with Zero Based Compressed Oops mode in which the Java heap is
#     placed in the first 32GB address space. The Java Heap base address is the
#     maximum limit for the native heap growth. Please use -XX:HeapBaseMinAddress
#     to set the Java Heap base and to place the Java Heap above 32GB virtual address.
# This output file may be truncated or incomplete.
#
#  Out of Memory Error (os_windows.cpp:3550), pid=21320, tid=18720
#
# JRE version:  (17.0.6+9) (build )
# Java VM: Java HotSpot(TM) 64-Bit Server VM (17.0.6+9-LTS-190, mixed mode, emulated-client, sharing, tiered, compressed oops, compressed class ptrs, g1 gc, windows-amd64)
# No core dump will be written. Minidumps are not enabled by default on client versions of Windows
#

---------------  S U M M A R Y ------------

Command Line: -Dquarkus-internal.serialized-app-model.path=D:\soum21Juin2022\MyProject\EcoleVie\mic-gestion-ecole-api\target\quarkus\bootstrap\dev-app-model.dat -javaagent:C:\Users\HP\.m2\repository\io\quarkus\quarkus-class-change-agent\3.17.6\quarkus-class-change-agent-3.17.6.jar -XX:TieredStopAtLevel=1 -agentlib:jdwp=transport=dt_socket,address=localhost:5005,server=y,suspend=n -Djava.util.logging.manager=org.jboss.logmanager.LogManager D:\soum21Juin2022\MyProject\EcoleVie\mic-gestion-ecole-api\target\mic-gestion-ecole-api-dev.jar

Host: 11th Gen Intel(R) Core(TM) i7-1165G7 @ 2.80GHz, 8 cores, 15G,  Windows 11 , 64 bit Build 22621 (10.0.22621.5415)
Time: Thu Sep 25 09:55:16 2025 Greenwich elapsed time: 0.071411 seconds (0d 0h 0m 0s)

---------------  T H R E A D  ---------------

Current thread (0x0000022b50ec8f50):  JavaThread "Unknown thread" [_thread_in_vm, id=18720, stack(0x000000d957a00000,0x000000d957b00000)]

Stack: [0x000000d957a00000,0x000000d957b00000]
Native frames: (J=compiled Java code, j=interpreted, Vv=VM code, C=native code)
V  [jvm.dll+0x6734ea]
V  [jvm.dll+0x7d18f4]
V  [jvm.dll+0x7d309e]
V  [jvm.dll+0x7d3703]
V  [jvm.dll+0x2433c5]
V  [jvm.dll+0x6703f9]
V  [jvm.dll+0x664d32]
V  [jvm.dll+0x300086]
V  [jvm.dll+0x307606]
V  [jvm.dll+0x356c1e]
V  [jvm.dll+0x356e4f]
V  [jvm.dll+0x2d72e8]
V  [jvm.dll+0x2d8254]
V  [jvm.dll+0x7a33b1]
V  [jvm.dll+0x3647f1]
V  [jvm.dll+0x782839]
V  [jvm.dll+0x3e757f]
V  [jvm.dll+0x3e9001]
C  [jli.dll+0x5297]
C  [ucrtbase.dll+0x29333]
C  [KERNEL32.DLL+0x1259d]
C  [ntdll.dll+0x5af78]


---------------  P R O C E S S  ---------------

Threads class SMR info:
_java_thread_list=0x00007ffbeb48e958, length=0, elements={
}

Java Threads: ( => current thread )

Other Threads:
  0x0000022b50f33da0 GCTaskThread "GC Thread#0" [stack: 0x000000d957b00000,0x000000d957c00000] [id=15864]
  0x0000022b50f44700 ConcurrentGCThread "G1 Main Marker" [stack: 0x000000d957c00000,0x000000d957d00000] [id=6864]
  0x0000022b50f467d0 ConcurrentGCThread "G1 Conc#0" [stack: 0x000000d957d00000,0x000000d957e00000] [id=23228]

[error occurred during error reporting (printing all threads), id 0xc0000005, EXCEPTION_ACCESS_VIOLATION (0xc0000005) at pc=0x00007ffbeacc7f07]

VM state: not at safepoint (not fully initialized)

VM Mutex/Monitor currently owned by a thread:  ([mutex/lock_event])
[0x0000022b50ec1d90] Heap_lock - owner thread: 0x0000022b50ec8f50

Heap address: 0x0000000704e00000, size: 4018 MB, Compressed Oops mode: Zero based, Oop shift amount: 3

CDS archive(s) mapped at: [0x0000000000000000-0x0000000000000000-0x0000000000000000), size 0, SharedBaseAddress: 0x0000000800000000, ArchiveRelocationMode: 0.
Narrow klass base: 0x0000000000000000, Narrow klass shift: 0, Narrow klass range: 0x0

GC Precious Log:
<Empty>

Heap:
 garbage-first heap   total 0K, used 0K [0x0000000704e00000, 0x0000000800000000)
  region size 2048K, 0 young (0K), 0 survivors (0K)

[error occurred during error reporting (printing heap information), id 0xc0000005, EXCEPTION_ACCESS_VIOLATION (0xc0000005) at pc=0x00007ffbeb0ac759]

GC Heap History (0 events):
No events

Deoptimization events (0 events):
No events

Classes unloaded (0 events):
No events

Classes redefined (0 events):
No events

Internal exceptions (0 events):
No events

VM Operations (0 events):
No events

Events (1 events):
Event: 0.049 Loaded shared library C:\Program Files\Java\jdk-17\bin\java.dll


Dynamic libraries:
0x00007ff779bd0000 - 0x00007ff779be0000 	C:\Program Files\Java\jdk-17\bin\java.EXE
0x00007ffca9710000 - 0x00007ffca9927000 	C:\WINDOWS\SYSTEM32\ntdll.dll
0x00007ffca8c10000 - 0x00007ffca8cd4000 	C:\WINDOWS\System32\KERNEL32.DLL
0x00007ffca6a90000 - 0x00007ffca6e60000 	C:\WINDOWS\System32\KERNELBASE.dll
0x00007ffca7150000 - 0x00007ffca7261000 	C:\WINDOWS\System32\ucrtbase.dll
0x00007ffc6dd40000 - 0x00007ffc6dd5b000 	C:\Program Files\Java\jdk-17\bin\VCRUNTIME140.dll
0x00007ffc65f90000 - 0x00007ffc65fa8000 	C:\Program Files\Java\jdk-17\bin\jli.dll
0x00007ffca8820000 - 0x00007ffca88d1000 	C:\WINDOWS\System32\ADVAPI32.dll
0x00007ffca9580000 - 0x00007ffca9627000 	C:\WINDOWS\System32\msvcrt.dll
0x00007ffca7370000 - 0x00007ffca7418000 	C:\WINDOWS\System32\sechost.dll
0x00007ffca72a0000 - 0x00007ffca72c8000 	C:\WINDOWS\System32\bcrypt.dll
0x00007ffca8ce0000 - 0x00007ffca8df8000 	C:\WINDOWS\System32\RPCRT4.dll
0x00007ffca7420000 - 0x00007ffca75d1000 	C:\WINDOWS\System32\USER32.dll
0x00007ffca7270000 - 0x00007ffca7296000 	C:\WINDOWS\System32\win32u.dll
0x00007ffca81a0000 - 0x00007ffca81c9000 	C:\WINDOWS\System32\GDI32.dll
0x00007ffc854e0000 - 0x00007ffc8577c000 	C:\WINDOWS\WinSxS\amd64_microsoft.windows.common-controls_6595b64144ccf1df_6.0.22621.5840_none_2710ea077384a4fe\COMCTL32.dll
0x00007ffca6f20000 - 0x00007ffca7043000 	C:\WINDOWS\System32\gdi32full.dll
0x00007ffca72d0000 - 0x00007ffca736a000 	C:\WINDOWS\System32\msvcp_win.dll
0x00007ffc9cc10000 - 0x00007ffc9cc1a000 	C:\WINDOWS\SYSTEM32\VERSION.dll
0x00007ffca9650000 - 0x00007ffca9681000 	C:\WINDOWS\System32\IMM32.DLL
0x00007ffc7e2e0000 - 0x00007ffc7e2ec000 	C:\Program Files\Java\jdk-17\bin\vcruntime140_1.dll
0x00007ffc4fe20000 - 0x00007ffc4feae000 	C:\Program Files\Java\jdk-17\bin\msvcp140.dll
0x00007ffbea9e0000 - 0x00007ffbeb5b7000 	C:\Program Files\Java\jdk-17\bin\server\jvm.dll
0x00007ffca8f60000 - 0x00007ffca8f68000 	C:\WINDOWS\System32\PSAPI.DLL
0x00007ffc85940000 - 0x00007ffc85949000 	C:\WINDOWS\SYSTEM32\WSOCK32.dll
0x00007ffc9e740000 - 0x00007ffc9e774000 	C:\WINDOWS\SYSTEM32\WINMM.dll
0x00007ffca75e0000 - 0x00007ffca7651000 	C:\WINDOWS\System32\WS2_32.dll
0x00007ffca5860000 - 0x00007ffca5878000 	C:\WINDOWS\SYSTEM32\kernel.appcore.dll
0x00007ffc73c90000 - 0x00007ffc73c9a000 	C:\Program Files\Java\jdk-17\bin\jimage.dll
0x00007ffca41c0000 - 0x00007ffca43f3000 	C:\WINDOWS\SYSTEM32\DBGHELP.DLL
0x00007ffca9010000 - 0x00007ffca93a1000 	C:\WINDOWS\System32\combase.dll
0x00007ffca7670000 - 0x00007ffca7748000 	C:\WINDOWS\System32\OLEAUT32.dll
0x00007ffc8aaf0000 - 0x00007ffc8ab22000 	C:\WINDOWS\SYSTEM32\dbgcore.DLL
0x00007ffca70d0000 - 0x00007ffca714b000 	C:\WINDOWS\System32\bcryptPrimitives.dll
0x00007ffc6da40000 - 0x00007ffc6da4e000 	C:\Program Files\Java\jdk-17\bin\instrument.dll
0x00007ffc65d20000 - 0x00007ffc65d45000 	C:\Program Files\Java\jdk-17\bin\java.dll
0x00007ffc65d60000 - 0x00007ffc65d9b000 	C:\Program Files\Java\jdk-17\bin\jdwp.dll

dbghelp: loaded successfully - version: 4.0.5 - missing functions: none
symbol engine: initialized successfully - sym options: 0x614 - pdb path: .;C:\Program Files\Java\jdk-17\bin;C:\WINDOWS\SYSTEM32;C:\WINDOWS\WinSxS\amd64_microsoft.windows.common-controls_6595b64144ccf1df_6.0.22621.5840_none_2710ea077384a4fe;C:\Program Files\Java\jdk-17\bin\server

VM Arguments:
jvm_args: -Dquarkus-internal.serialized-app-model.path=D:\soum21Juin2022\MyProject\EcoleVie\mic-gestion-ecole-api\target\quarkus\bootstrap\dev-app-model.dat -javaagent:C:\Users\HP\.m2\repository\io\quarkus\quarkus-class-change-agent\3.17.6\quarkus-class-change-agent-3.17.6.jar -XX:TieredStopAtLevel=1 -agentlib:jdwp=transport=dt_socket,address=localhost:5005,server=y,suspend=n -Djava.util.logging.manager=org.jboss.logmanager.LogManager 
java_command: D:\soum21Juin2022\MyProject\EcoleVie\mic-gestion-ecole-api\target\mic-gestion-ecole-api-dev.jar
java_class_path (initial): D:\soum21Juin2022\MyProject\EcoleVie\mic-gestion-ecole-api\target\mic-gestion-ecole-api-dev.jar
Launcher Type: SUN_STANDARD

[Global flags]
     intx CICompilerCount                          = 4                                         {product} {ergonomic}
     uint ConcGCThreads                            = 2                                         {product} {ergonomic}
     uint G1ConcRefinementThreads                  = 8                                         {product} {ergonomic}
   size_t G1HeapRegionSize                         = 2097152                                   {product} {ergonomic}
    uintx GCDrainStackTargetSize                   = 64                                        {product} {ergonomic}
   size_t InitialHeapSize                          = 264241152                                 {product} {ergonomic}
   size_t MarkStackSize                            = 4194304                                   {product} {ergonomic}
   size_t MaxHeapSize                              = 4213178368                                {product} {ergonomic}
   size_t MinHeapDeltaBytes                        = 2097152                                   {product} {ergonomic}
   size_t MinHeapSize                              = 8388608                                   {product} {ergonomic}
    uintx NonProfiledCodeHeapSize                  = 0                                      {pd product} {ergonomic}
     bool ProfileInterpreter                       = false                                  {pd product} {command line}
    uintx ProfiledCodeHeapSize                     = 0                                      {pd product} {ergonomic}
   size_t SoftMaxHeapSize                          = 4213178368                             {manageable} {ergonomic}
     intx TieredStopAtLevel                        = 1                                         {product} {command line}
     bool UseCompressedClassPointers               = true                           {product lp64_product} {ergonomic}
     bool UseCompressedOops                        = true                           {product lp64_product} {ergonomic}
     bool UseG1GC                                  = true                                      {product} {ergonomic}
     bool UseLargePagesIndividualAllocation        = false                                  {pd product} {ergonomic}

Logging:
Log output configuration:
 #0: stdout all=warning uptime,level,tags
 #1: stderr all=off uptime,level,tags

Environment Variables:
JAVA_HOME=C:\Program Files\Java\jdk-17
PATH=C:\Program Files\Java\jdk-17\bin;C:\oraclexe\app\oracle\product\11.2.0\server\bin;C:\Program Files\Common Files\Oracle\Java\javapath;C:\Program Files (x86)\Common Files\Oracle\Java\javapath;C:\WINDOWS\system32;C:\WINDOWS;C:\WINDOWS\System32\Wbem;C:\WINDOWS\System32\WindowsPowerShell\v1.0\;C:\WINDOWS\System32\OpenSSH\;D:\apache-maven-3.8.6;D:\apache-maven-3.8.6\bin;D:\apache-maven-3.8.6\bin;C:\Program Files\Git\cmd;C:\Users\HP\AppData\Roaming\npm;D:\wildfly-26.1.2.Final;C:\Program Files (x86)\Google\Cloud SDK\google-cloud-sdk\bin;C:\Users\HP\AppData\Roaming\nvm;C:\Program Files\nodejs;D:\XAMP\php;D:\ComposerSetup;C:\Program Files\nodejs;C:\Program Files\OpenSSL-Win64\bin;C:\Program Files\Git LFS;C:\Program Files\nodejs\;C:\Users\HP\AppData\Local\Programs\Python\Python312\;C:\Users\HP\AppData\Local\Programs\Python\Python312\Scripts\;C:\Program Files\Docker\Docker\resources\bin;C:\sigctlCoul;c:\Users\HP\AppData\Local\Programs\cursor\resources\app\bin;c:\Users\HP\AppData\Local\Programs\cursor\resources\app\bin;c:\Users\HP\AppData\Local\Programs\cursor\resources\app\bin;C:\Android\platform-tools;C:\Program Files\PuTTY\;D:\LOGICIEL\SDK\platform-tools;D:\LOGICIEL\SDK\emulator;D:\LOGICIEL\SDK\build-tools\34.0.0;C:\Users\HP\AppData\Local\Programs\Python\Python313\Scripts\;C:\Users\HP\AppData\Local\Programs\Python\Python313\;C:\Users\HP\AppData\Local\Programs\Python\Python312\Scripts\;C:\Users\HP\AppData\Local\Programs\Python\Python312\;C:\Users\HP\AppData\Local\Microsoft\WindowsApps;"C:\Program Files\Git\bin\git.exe;C:\Program Files\Git\cmd";C:\Program Files\Java\jre1.8.0_341\bin;C:\Users\HP\AppData\Local\Android\Sdk\platform-tools;C:\Users\HP\AppData\Roaming\nvm;C:\Program Files\nodejs;C:\Users\HP\AppData\Roaming\Composer\vendor\bin;C:\Program Files\JetBrains\PyCharm Community Edition 2022.3.1\bin;;C:\Program Files\JetBrains\IntelliJ IDEA 2025.2\bin;C:\Users\HP\AppData\Roaming\npm;C:\sigctlCoul;C:\Users\HP\AppData\Local\Programs\cursor\resources\app\bin
USERNAME=HP
OS=Windows_NT
PROCESSOR_IDENTIFIER=Intel64 Family 6 Model 140 Stepping 1, GenuineIntel



---------------  S Y S T E M  ---------------

OS:
 Windows 11 , 64 bit Build 22621 (10.0.22621.5415)
OS uptime: 0 days 2:04 hours
Hyper-V role detected

CPU: total 8 (initial active 8) (4 cores per cpu, 2 threads per core) family 6 model 140 stepping 1 microcode 0xbc, cx8, cmov, fxsr, ht, mmx, 3dnowpref, sse, sse2, sse3, ssse3, sse4.1, sse4.2, popcnt, lzcnt, tsc, tscinvbit, avx, avx2, aes, erms, clmul, bmi1, bmi2, adx, avx512f, avx512dq, avx512cd, avx512bw, avx512vl, sha, fma, vzeroupper, avx512_vpopcntdq, avx512_vpclmulqdq, avx512_vaes, avx512_vnni, clflush, clflushopt, clwb, avx512_vbmi2, avx512_vbmi, hv

Memory: 4k page, system-wide physical 16064M (540M free)
TotalPageFile size 30763M (AvailPageFile size 175M)
current process WorkingSet (physical memory assigned to process): 11M, peak: 11M
current process commit charge ("private bytes"): 55M, peak: 307M

vm_info: Java HotSpot(TM) 64-Bit Server VM (17.0.6+9-LTS-190) for windows-amd64 JRE (17.0.6+9-LTS-190), built on Dec  6 2022 15:53:54 by "mach5one" with MS VC++ 17.1 (VS2022)

END.
