#
# There is insufficient memory for the Java Runtime Environment to continue.
# Native memory allocation (malloc) failed to allocate 1156976 bytes for Chunk::new
# Possible reasons:
#   The system is out of physical RAM or swap space
#   The process is running with CompressedOops enabled, and the Java Heap may be blocking the growth of the native heap
# Possible solutions:
#   Reduce memory load on the system
#   Increase physical memory or swap space
#   Check if swap backing store is full
#   Decrease Java heap size (-Xmx/-Xms)
#   Decrease number of Java threads
#   Decrease Java thread stack sizes (-Xss)
#   Set larger code cache with -XX:ReservedCodeCacheSize=
#   JVM is running with Unscaled Compressed Oops mode in which the Java heap is
#     placed in the first 4GB address space. The Java Heap base address is the
#     maximum limit for the native heap growth. Please use -XX:HeapBaseMinAddress
#     to set the Java Heap base and to place the Java Heap above 4GB virtual address.
# This output file may be truncated or incomplete.
#
#  Out of Memory Error (arena.cpp:191), pid=26024, tid=5932
#
# JRE version: OpenJDK Runtime Environment Temurin-17.0.10+7 (17.0.10+7) (build 17.0.10+7)
# Java VM: OpenJDK 64-Bit Server VM Temurin-17.0.10+7 (17.0.10+7, mixed mode, tiered, compressed oops, compressed class ptrs, parallel gc, windows-amd64)
# No core dump will be written. Minidumps are not enabled by default on client versions of Windows
#

---------------  S U M M A R Y ------------

Command Line: --add-modules=ALL-SYSTEM --add-opens=java.base/java.util=ALL-UNNAMED --add-opens=java.base/java.lang=ALL-UNNAMED --add-opens=java.base/sun.nio.fs=ALL-UNNAMED -Declipse.application=org.eclipse.jdt.ls.core.id1 -Dosgi.bundles.defaultStartLevel=4 -Declipse.product=org.eclipse.jdt.ls.core.product -Djava.import.generatesMetadataFilesAtProjectRoot=false -DDetectVMInstallationsJob.disabled=true -Dfile.encoding=utf8 -XX:+UseParallelGC -XX:GCTimeRatio=4 -XX:AdaptiveSizePolicyWeight=90 -Dsun.zip.disableMemoryMapping=true -Xmx1G -Xms100m -Xlog:disable -javaagent:c:\Users\HP\.vscode\extensions\redhat.java-1.29.0-win32-x64\lombok\lombok-1.18.32.jar -XX:+HeapDumpOnOutOfMemoryError -XX:HeapDumpPath=c:\Users\HP\AppData\Roaming\Code\User\workspaceStorage\2c9d807fe59ace233e231eee71cfd0f8\redhat.java -Daether.dependencyCollector.impl=bf c:\Users\HP\.vscode\extensions\redhat.java-1.29.0-win32-x64\server\plugins\org.eclipse.equinox.launcher_1.6.800.v20240304-1850.jar -configuration c:\Users\HP\AppData\Roaming\Code\User\globalStorage\redhat.java\1.29.0\config_win -data c:\Users\HP\AppData\Roaming\Code\User\workspaceStorage\2c9d807fe59ace233e231eee71cfd0f8\redhat.java\jdt_ws --stdio

Host: 11th Gen Intel(R) Core(TM) i7-1165G7 @ 2.80GHz, 8 cores, 15G,  Windows 11 , 64 bit Build 22621 (10.0.22621.3235)
Time: Sun Apr  7 13:34:34 2024 Greenwich elapsed time: 7.073065 seconds (0d 0h 0m 7s)

---------------  T H R E A D  ---------------

Current thread (0x0000023d424c6800):  JavaThread "C2 CompilerThread2" daemon [_thread_in_native, id=5932, stack(0x000000586b600000,0x000000586b700000)]


Current CompileTask:
C2:   7073 5259   !   4       org.eclipse.osgi.internal.loader.classpath.ClasspathManager::defineClass (636 bytes)

Stack: [0x000000586b600000,0x000000586b700000]
Native frames: (J=compiled Java code, j=interpreted, Vv=VM code, C=native code)
V  [jvm.dll+0x67d2c9]
V  [jvm.dll+0x834afa]
V  [jvm.dll+0x8365be]
V  [jvm.dll+0x836c23]
V  [jvm.dll+0x2477ff]
V  [jvm.dll+0xac514]
V  [jvm.dll+0xacb5c]
V  [jvm.dll+0x2aed1f]
V  [jvm.dll+0x584b67]
V  [jvm.dll+0x2228a2]
V  [jvm.dll+0x222c8f]
V  [jvm.dll+0x21bdb6]
V  [jvm.dll+0x219201]
V  [jvm.dll+0x1a502d]
V  [jvm.dll+0x2290de]
V  [jvm.dll+0x2272ac]
V  [jvm.dll+0x7e9bb7]
V  [jvm.dll+0x7e3fba]
V  [jvm.dll+0x67c1b5]
C  [ucrtbase.dll+0x29363]
C  [KERNEL32.DLL+0x1257d]
C  [ntdll.dll+0x5aa58]


---------------  P R O C E S S  ---------------

Threads class SMR info:
_java_thread_list=0x0000023d425a5250, length=31, elements={
0x0000023d27372290, 0x0000023d3b1f2030, 0x0000023d3b1f4330, 0x0000023d3b1fde00,
0x0000023d3b1fe7d0, 0x0000023d40299260, 0x0000023d4029d030, 0x0000023d402a03e0,
0x0000023d40307f00, 0x0000023d4030cbe0, 0x0000023d4037efb0, 0x0000023d4060f9d0,
0x0000023d41c6d470, 0x0000023d41e11a50, 0x0000023d4205c810, 0x0000023d418499a0,
0x0000023d42575e30, 0x0000023d425735b0, 0x0000023d4228a6f0, 0x0000023d42576340,
0x0000023d424c6800, 0x0000023d42574f00, 0x0000023d42575410, 0x0000023d425730a0,
0x0000023d42573ac0, 0x0000023d425749f0, 0x0000023d427bf480, 0x0000023d427be040,
0x0000023d427c12e0, 0x0000023d427bea60, 0x0000023d427c0dd0
}

Java Threads: ( => current thread )
  0x0000023d27372290 JavaThread "main" [_thread_blocked, id=28408, stack(0x0000005869800000,0x0000005869900000)]
  0x0000023d3b1f2030 JavaThread "Reference Handler" daemon [_thread_blocked, id=24612, stack(0x0000005869b00000,0x0000005869c00000)]
  0x0000023d3b1f4330 JavaThread "Finalizer" daemon [_thread_blocked, id=3532, stack(0x0000005869c00000,0x0000005869d00000)]
  0x0000023d3b1fde00 JavaThread "Signal Dispatcher" daemon [_thread_blocked, id=32624, stack(0x0000005869d00000,0x0000005869e00000)]
  0x0000023d3b1fe7d0 JavaThread "Attach Listener" daemon [_thread_blocked, id=25944, stack(0x0000005869e00000,0x0000005869f00000)]
  0x0000023d40299260 JavaThread "Service Thread" daemon [_thread_blocked, id=11460, stack(0x0000005869f00000,0x000000586a000000)]
  0x0000023d4029d030 JavaThread "Monitor Deflation Thread" daemon [_thread_blocked, id=28588, stack(0x000000586a000000,0x000000586a100000)]
  0x0000023d402a03e0 JavaThread "C2 CompilerThread0" daemon [_thread_in_native, id=30680, stack(0x000000586a100000,0x000000586a200000)]
  0x0000023d40307f00 JavaThread "C1 CompilerThread0" daemon [_thread_in_native, id=26184, stack(0x000000586a200000,0x000000586a300000)]
  0x0000023d4030cbe0 JavaThread "Sweeper thread" daemon [_thread_blocked, id=20124, stack(0x000000586a300000,0x000000586a400000)]
  0x0000023d4037efb0 JavaThread "Common-Cleaner" daemon [_thread_blocked, id=28976, stack(0x000000586a400000,0x000000586a500000)]
  0x0000023d4060f9d0 JavaThread "Notification Thread" daemon [_thread_blocked, id=11940, stack(0x000000586a600000,0x000000586a700000)]
  0x0000023d41c6d470 JavaThread "Active Thread: Equinox Container: 580104c7-9d6f-448a-8095-32f4106b1924" [_thread_blocked, id=18148, stack(0x000000586ae00000,0x000000586af00000)]
  0x0000023d41e11a50 JavaThread "Framework Event Dispatcher: Equinox Container: 580104c7-9d6f-448a-8095-32f4106b1924" daemon [_thread_blocked, id=25004, stack(0x000000586af00000,0x000000586b000000)]
  0x0000023d4205c810 JavaThread "Start Level: Equinox Container: 580104c7-9d6f-448a-8095-32f4106b1924" daemon [_thread_blocked, id=6644, stack(0x000000586b000000,0x000000586b100000)]
  0x0000023d418499a0 JavaThread "Bundle File Closer" daemon [_thread_blocked, id=23884, stack(0x000000586b300000,0x000000586b400000)]
  0x0000023d42575e30 JavaThread "SCR Component Actor" daemon [_thread_blocked, id=22984, stack(0x000000586b400000,0x000000586b500000)]
  0x0000023d425735b0 JavaThread "SCR Component Registry" daemon [_thread_blocked, id=24604, stack(0x000000586b500000,0x000000586b600000)]
  0x0000023d4228a6f0 JavaThread "C2 CompilerThread1" daemon [_thread_in_native, id=18780, stack(0x000000586ad00000,0x000000586ae00000)]
  0x0000023d42576340 JavaThread "Worker-JM" [_thread_blocked, id=13868, stack(0x000000586b200000,0x000000586b300000)]
=>0x0000023d424c6800 JavaThread "C2 CompilerThread2" daemon [_thread_in_native, id=5932, stack(0x000000586b600000,0x000000586b700000)]
  0x0000023d42574f00 JavaThread "Worker-0: Repository registry initialization" [_thread_blocked, id=25796, stack(0x000000586b700000,0x000000586b800000)]
  0x0000023d42575410 JavaThread "Worker-1: Refreshing workspace" [_thread_in_vm, id=16164, stack(0x000000586b800000,0x000000586b900000)]
  0x0000023d425730a0 JavaThread "Worker-2: Updating Maven Dependencies" [_thread_in_vm, id=3604, stack(0x000000586b900000,0x000000586ba00000)]
  0x0000023d42573ac0 JavaThread "Java indexing" daemon [_thread_blocked, id=6244, stack(0x000000586ba00000,0x000000586bb00000)]
  0x0000023d425749f0 JavaThread "Worker-3: Updating workspace" [_thread_blocked, id=32684, stack(0x000000586bb00000,0x000000586bc00000)]
  0x0000023d427bf480 JavaThread "JNA Cleaner" daemon [_thread_blocked, id=26796, stack(0x000000586bc00000,0x000000586bd00000)]
  0x0000023d427be040 JavaThread "Worker-4" [_thread_blocked, id=29612, stack(0x000000586bf00000,0x000000586c000000)]
  0x0000023d427c12e0 JavaThread "pool-2-thread-1" [_thread_blocked, id=3484, stack(0x000000586c000000,0x000000586c100000)]
  0x0000023d427bea60 JavaThread "WorkspaceEventsHandler" [_thread_blocked, id=14680, stack(0x000000586c100000,0x000000586c200000)]
  0x0000023d427c0dd0 JavaThread "pool-1-thread-1" [_thread_in_vm, id=31560, stack(0x000000586c200000,0x000000586c300000)]

Other Threads:
  0x0000023d2741eb00 VMThread "VM Thread" [stack: 0x0000005869a00000,0x0000005869b00000] [id=8316]
  0x0000023d405c7df0 WatcherThread [stack: 0x000000586a700000,0x000000586a800000] [id=9112]
  0x0000023d27386170 GCTaskThread "GC Thread#0" [stack: 0x0000005869900000,0x0000005869a00000] [id=31096]
  0x0000023d419c83e0 GCTaskThread "GC Thread#1" [stack: 0x000000586a500000,0x000000586a600000] [id=28540]
  0x0000023d419c86a0 GCTaskThread "GC Thread#2" [stack: 0x000000586a800000,0x000000586a900000] [id=5444]
  0x0000023d419c8960 GCTaskThread "GC Thread#3" [stack: 0x000000586a900000,0x000000586aa00000] [id=27976]
  0x0000023d417a6210 GCTaskThread "GC Thread#4" [stack: 0x000000586aa00000,0x000000586ab00000] [id=3740]
  0x0000023d417a64d0 GCTaskThread "GC Thread#5" [stack: 0x000000586ab00000,0x000000586ac00000] [id=18020]
  0x0000023d417a6790 GCTaskThread "GC Thread#6" [stack: 0x000000586ac00000,0x000000586ad00000] [id=8680]
  0x0000023d420f0d80 GCTaskThread "GC Thread#7" [stack: 0x000000586b100000,0x000000586b200000] [id=20512]

Threads with active compile tasks:
C2 CompilerThread0     7098 5410       4       jdk.internal.jimage.ImageReader$SharedImageReader::makeDirectories (54 bytes)
C1 CompilerThread0     7098 5453       3       com.google.gson.internal.bind.TypeAdapters$28::tryBeginNesting (62 bytes)
C2 CompilerThread1     7099 5319   !   4       org.eclipse.osgi.internal.loader.BundleLoader::findClass0 (470 bytes)
C2 CompilerThread2     7099 5259   !   4       org.eclipse.osgi.internal.loader.classpath.ClasspathManager::defineClass (636 bytes)

VM state: not at safepoint (normal execution)

VM Mutex/Monitor currently owned by a thread: None

Heap address: 0x00000000c0000000, size: 1024 MB, Compressed Oops mode: 32-bit

CDS archive(s) not mapped
Compressed class space mapped at: 0x0000000100000000-0x0000000140000000, reserved size: 1073741824
Narrow klass base: 0x0000000000000000, Narrow klass shift: 3, Narrow klass range: 0x140000000

GC Precious Log:
 CPUs: 8 total, 8 available
 Memory: 16064M
 Large Page Support: Disabled
 NUMA Support: Disabled
 Compressed Oops: Enabled (32-bit)
 Alignments: Space 512K, Generation 512K, Heap 2M
 Heap Min Capacity: 100M
 Heap Initial Capacity: 100M
 Heap Max Capacity: 1G
 Pre-touch: Disabled
 Parallel Workers: 8

Heap:
 PSYoungGen      total 23040K, used 12660K [0x00000000eab00000, 0x00000000ec680000, 0x0000000100000000)
  eden space 22016K, 52% used [0x00000000eab00000,0x00000000eb65fee8,0x00000000ec080000)
  from space 1024K, 98% used [0x00000000ec380000,0x00000000ec47d350,0x00000000ec480000)
  to   space 3072K, 0% used [0x00000000ec080000,0x00000000ec080000,0x00000000ec380000)
 ParOldGen       total 68608K, used 20151K [0x00000000c0000000, 0x00000000c4300000, 0x00000000eab00000)
  object space 68608K, 29% used [0x00000000c0000000,0x00000000c13add48,0x00000000c4300000)
 Metaspace       used 46159K, committed 47104K, reserved 1114112K
  class space    used 4822K, committed 5248K, reserved 1048576K

Card table byte_map: [0x0000023d26d00000,0x0000023d26f10000] _byte_map_base: 0x0000023d26700000

Marking Bits: (ParMarkBitMap*) 0x00007ff87bfbd7d0
 Begin Bits: [0x0000023d39000000, 0x0000023d3a000000)
 End Bits:   [0x0000023d3a000000, 0x0000023d3b000000)

Polling page: 0x0000023d252c0000

Metaspace:

Usage:
  Non-class:     40.37 MB used.
      Class:      4.71 MB used.
       Both:     45.08 MB used.

Virtual space:
  Non-class space:       64.00 MB reserved,      40.88 MB ( 64%) committed,  1 nodes.
      Class space:        1.00 GB reserved,       5.12 MB ( <1%) committed,  1 nodes.
             Both:        1.06 GB reserved,      46.00 MB (  4%) committed. 

Chunk freelists:
   Non-Class:  6.95 MB
       Class:  10.85 MB
        Both:  17.80 MB

MaxMetaspaceSize: unlimited
CompressedClassSpaceSize: 1.00 GB
Initial GC threshold: 21.00 MB
Current GC threshold: 58.38 MB
CDS: off
MetaspaceReclaimPolicy: balanced
 - commit_granule_bytes: 65536.
 - commit_granule_words: 8192.
 - virtual_space_node_default_size: 8388608.
 - enlarge_chunks_in_place: 1.
 - new_chunks_are_fully_committed: 0.
 - uncommit_free_chunks: 1.
 - use_allocation_guard: 0.
 - handle_deallocations: 1.


Internal statistics:

num_allocs_failed_limit: 10.
num_arena_births: 592.
num_arena_deaths: 14.
num_vsnodes_births: 2.
num_vsnodes_deaths: 0.
num_space_committed: 736.
num_space_uncommitted: 0.
num_chunks_returned_to_freelist: 24.
num_chunks_taken_from_freelist: 2355.
num_chunk_merges: 15.
num_chunk_splits: 1414.
num_chunks_enlarged: 757.
num_inconsistent_stats: 0.

CodeHeap 'non-profiled nmethods': size=120000Kb used=2449Kb max_used=2539Kb free=117550Kb
 bounds [0x0000023d31ad0000, 0x0000023d31d60000, 0x0000023d39000000]
CodeHeap 'profiled nmethods': size=120000Kb used=9316Kb max_used=10230Kb free=110683Kb
 bounds [0x0000023d2a000000, 0x0000023d2aa00000, 0x0000023d31530000]
CodeHeap 'non-nmethods': size=5760Kb used=1302Kb max_used=1337Kb free=4458Kb
 bounds [0x0000023d31530000, 0x0000023d317a0000, 0x0000023d31ad0000]
 total_blobs=5253 nmethods=4631 adapters=536
 compilation: enabled
              stopped_count=0, restarted_count=0
 full_count=0

Compilation events (20 events):
Event: 7.049 Thread 0x0000023d40307f00 nmethod 5426 0x0000023d2a255990 code [0x0000023d2a255c00, 0x0000023d2a2566e8]
Event: 7.049 Thread 0x0000023d40307f00 5427       1       org.eclipse.jdt.internal.core.JavaElement::getJavaProject (5 bytes)
Event: 7.049 Thread 0x0000023d40307f00 nmethod 5427 0x0000023d31bf5090 code [0x0000023d31bf5220, 0x0000023d31bf52f8]
Event: 7.049 Thread 0x0000023d40307f00 5425       3       org.eclipse.jdt.internal.core.JrtPackageFragmentRoot$1::visitModule (22 bytes)
Event: 7.049 Thread 0x0000023d40307f00 nmethod 5425 0x0000023d2a255510 code [0x0000023d2a2556c0, 0x0000023d2a255888]
Event: 7.049 Thread 0x0000023d40307f00 5428       1       org.eclipse.jdt.internal.core.JarPackageFragment::internalIsValidPackageName (2 bytes)
Event: 7.049 Thread 0x0000023d40307f00 nmethod 5428 0x0000023d31cc8810 code [0x0000023d31cc89a0, 0x0000023d31cc8a78]
Event: 7.051 Thread 0x0000023d40307f00 5429   !   3       java.lang.reflect.Proxy::newProxyInstance (75 bytes)
Event: 7.053 Thread 0x0000023d40307f00 nmethod 5429 0x0000023d2a651410 code [0x0000023d2a651660, 0x0000023d2a652108]
Event: 7.053 Thread 0x0000023d40307f00 5430       3       java.lang.reflect.Proxy::<init> (15 bytes)
Event: 7.053 Thread 0x0000023d40307f00 nmethod 5430 0x0000023d2a650e10 code [0x0000023d2a650fc0, 0x0000023d2a6512a8]
Event: 7.055 Thread 0x0000023d40307f00 5431       3       java.lang.reflect.Field::isSynthetic (8 bytes)
Event: 7.055 Thread 0x0000023d40307f00 nmethod 5431 0x0000023d2a5f9810 code [0x0000023d2a5f99a0, 0x0000023d2a5f9b78]
Event: 7.056 Thread 0x0000023d40307f00 5432       3       com.google.gson.internal.Excluder::excludeField (226 bytes)
Event: 7.059 Thread 0x0000023d40307f00 nmethod 5432 0x0000023d2a447290 code [0x0000023d2a447800, 0x0000023d2a44a368]
Event: 7.059 Thread 0x0000023d40307f00 5433       3       java.lang.reflect.Field::setAccessible (21 bytes)
Event: 7.060 Thread 0x0000023d40307f00 nmethod 5433 0x0000023d2a650390 code [0x0000023d2a6505a0, 0x0000023d2a650bc8]
Event: 7.060 Thread 0x0000023d40307f00 5434       3       java.lang.reflect.Field::checkCanSetAccessible (10 bytes)
Event: 7.060 Thread 0x0000023d40307f00 nmethod 5434 0x0000023d2a64ff10 code [0x0000023d2a6500c0, 0x0000023d2a650268]
Event: 7.069 Thread 0x0000023d40307f00 5435       3       com.google.gson.stream.JsonReader::nextNonWhitespace (354 bytes)

GC Heap History (20 events):
Event: 4.985 GC heap before
{Heap before GC invocations=9 (full 1):
 PSYoungGen      total 28160K, used 28128K [0x00000000eab00000, 0x00000000ecc00000, 0x0000000100000000)
  eden space 24576K, 100% used [0x00000000eab00000,0x00000000ec300000,0x00000000ec300000)
  from space 3584K, 99% used [0x00000000ec500000,0x00000000ec878258,0x00000000ec880000)
  to   space 3584K, 0% used [0x00000000ec880000,0x00000000ec880000,0x00000000ecc00000)
 ParOldGen       total 68608K, used 11242K [0x00000000c0000000, 0x00000000c4300000, 0x00000000eab00000)
  object space 68608K, 16% used [0x00000000c0000000,0x00000000c0afa9c8,0x00000000c4300000)
 Metaspace       used 28391K, committed 29184K, reserved 1114112K
  class space    used 2887K, committed 3200K, reserved 1048576K
}
Event: 4.989 GC heap after
{Heap after GC invocations=9 (full 1):
 PSYoungGen      total 26624K, used 3567K [0x00000000eab00000, 0x00000000ed080000, 0x0000000100000000)
  eden space 23040K, 0% used [0x00000000eab00000,0x00000000eab00000,0x00000000ec180000)
  from space 3584K, 99% used [0x00000000ec880000,0x00000000ecbfbc38,0x00000000ecc00000)
  to   space 7168K, 0% used [0x00000000ec180000,0x00000000ec180000,0x00000000ec880000)
 ParOldGen       total 68608K, used 14170K [0x00000000c0000000, 0x00000000c4300000, 0x00000000eab00000)
  object space 68608K, 20% used [0x00000000c0000000,0x00000000c0dd6b90,0x00000000c4300000)
 Metaspace       used 28391K, committed 29184K, reserved 1114112K
  class space    used 2887K, committed 3200K, reserved 1048576K
}
Event: 5.322 GC heap before
{Heap before GC invocations=10 (full 1):
 PSYoungGen      total 26624K, used 26508K [0x00000000eab00000, 0x00000000ed080000, 0x0000000100000000)
  eden space 23040K, 99% used [0x00000000eab00000,0x00000000ec1674b0,0x00000000ec180000)
  from space 3584K, 99% used [0x00000000ec880000,0x00000000ecbfbc38,0x00000000ecc00000)
  to   space 7168K, 0% used [0x00000000ec180000,0x00000000ec180000,0x00000000ec880000)
 ParOldGen       total 68608K, used 14170K [0x00000000c0000000, 0x00000000c4300000, 0x00000000eab00000)
  object space 68608K, 20% used [0x00000000c0000000,0x00000000c0dd6b90,0x00000000c4300000)
 Metaspace       used 31714K, committed 32448K, reserved 1114112K
  class space    used 3135K, committed 3456K, reserved 1048576K
}
Event: 5.325 GC heap after
{Heap after GC invocations=10 (full 1):
 PSYoungGen      total 26112K, used 3344K [0x00000000eab00000, 0x00000000eca00000, 0x0000000100000000)
  eden space 22528K, 0% used [0x00000000eab00000,0x00000000eab00000,0x00000000ec100000)
  from space 3584K, 93% used [0x00000000ec180000,0x00000000ec4c4190,0x00000000ec500000)
  to   space 4608K, 0% used [0x00000000ec580000,0x00000000ec580000,0x00000000eca00000)
 ParOldGen       total 68608K, used 15700K [0x00000000c0000000, 0x00000000c4300000, 0x00000000eab00000)
  object space 68608K, 22% used [0x00000000c0000000,0x00000000c0f55008,0x00000000c4300000)
 Metaspace       used 31714K, committed 32448K, reserved 1114112K
  class space    used 3135K, committed 3456K, reserved 1048576K
}
Event: 5.488 GC heap before
{Heap before GC invocations=11 (full 1):
 PSYoungGen      total 26112K, used 25872K [0x00000000eab00000, 0x00000000eca00000, 0x0000000100000000)
  eden space 22528K, 100% used [0x00000000eab00000,0x00000000ec100000,0x00000000ec100000)
  from space 3584K, 93% used [0x00000000ec180000,0x00000000ec4c4190,0x00000000ec500000)
  to   space 4608K, 0% used [0x00000000ec580000,0x00000000ec580000,0x00000000eca00000)
 ParOldGen       total 68608K, used 15700K [0x00000000c0000000, 0x00000000c4300000, 0x00000000eab00000)
  object space 68608K, 22% used [0x00000000c0000000,0x00000000c0f55008,0x00000000c4300000)
 Metaspace       used 33073K, committed 33792K, reserved 1114112K
  class space    used 3208K, committed 3520K, reserved 1048576K
}
Event: 5.491 GC heap after
{Heap after GC invocations=11 (full 1):
 PSYoungGen      total 25088K, used 2731K [0x00000000eab00000, 0x00000000ec880000, 0x0000000100000000)
  eden space 22016K, 0% used [0x00000000eab00000,0x00000000eab00000,0x00000000ec080000)
  from space 3072K, 88% used [0x00000000ec580000,0x00000000ec82acb0,0x00000000ec880000)
  to   space 3584K, 0% used [0x00000000ec180000,0x00000000ec180000,0x00000000ec500000)
 ParOldGen       total 68608K, used 17731K [0x00000000c0000000, 0x00000000c4300000, 0x00000000eab00000)
  object space 68608K, 25% used [0x00000000c0000000,0x00000000c1150e78,0x00000000c4300000)
 Metaspace       used 33073K, committed 33792K, reserved 1114112K
  class space    used 3208K, committed 3520K, reserved 1048576K
}
Event: 5.811 GC heap before
{Heap before GC invocations=12 (full 1):
 PSYoungGen      total 25088K, used 24747K [0x00000000eab00000, 0x00000000ec880000, 0x0000000100000000)
  eden space 22016K, 100% used [0x00000000eab00000,0x00000000ec080000,0x00000000ec080000)
  from space 3072K, 88% used [0x00000000ec580000,0x00000000ec82acb0,0x00000000ec880000)
  to   space 3584K, 0% used [0x00000000ec180000,0x00000000ec180000,0x00000000ec500000)
 ParOldGen       total 68608K, used 17731K [0x00000000c0000000, 0x00000000c4300000, 0x00000000eab00000)
  object space 68608K, 25% used [0x00000000c0000000,0x00000000c1150e78,0x00000000c4300000)
 Metaspace       used 35168K, committed 35840K, reserved 1114112K
  class space    used 3401K, committed 3712K, reserved 1048576K
}
Event: 5.814 GC heap after
{Heap after GC invocations=12 (full 1):
 PSYoungGen      total 23552K, used 1186K [0x00000000eab00000, 0x00000000ec600000, 0x0000000100000000)
  eden space 22016K, 0% used [0x00000000eab00000,0x00000000eab00000,0x00000000ec080000)
  from space 1536K, 77% used [0x00000000ec180000,0x00000000ec2a8bb8,0x00000000ec300000)
  to   space 2048K, 0% used [0x00000000ec400000,0x00000000ec400000,0x00000000ec600000)
 ParOldGen       total 68608K, used 20194K [0x00000000c0000000, 0x00000000c4300000, 0x00000000eab00000)
  object space 68608K, 29% used [0x00000000c0000000,0x00000000c13b8970,0x00000000c4300000)
 Metaspace       used 35168K, committed 35840K, reserved 1114112K
  class space    used 3401K, committed 3712K, reserved 1048576K
}
Event: 5.814 GC heap before
{Heap before GC invocations=13 (full 2):
 PSYoungGen      total 23552K, used 1186K [0x00000000eab00000, 0x00000000ec600000, 0x0000000100000000)
  eden space 22016K, 0% used [0x00000000eab00000,0x00000000eab00000,0x00000000ec080000)
  from space 1536K, 77% used [0x00000000ec180000,0x00000000ec2a8bb8,0x00000000ec300000)
  to   space 2048K, 0% used [0x00000000ec400000,0x00000000ec400000,0x00000000ec600000)
 ParOldGen       total 68608K, used 20194K [0x00000000c0000000, 0x00000000c4300000, 0x00000000eab00000)
  object space 68608K, 29% used [0x00000000c0000000,0x00000000c13b8970,0x00000000c4300000)
 Metaspace       used 35168K, committed 35840K, reserved 1114112K
  class space    used 3401K, committed 3712K, reserved 1048576K
}
Event: 5.853 GC heap after
{Heap after GC invocations=13 (full 2):
 PSYoungGen      total 23552K, used 0K [0x00000000eab00000, 0x00000000ec600000, 0x0000000100000000)
  eden space 22016K, 0% used [0x00000000eab00000,0x00000000eab00000,0x00000000ec080000)
  from space 1536K, 0% used [0x00000000ec180000,0x00000000ec180000,0x00000000ec300000)
  to   space 2048K, 0% used [0x00000000ec400000,0x00000000ec400000,0x00000000ec600000)
 ParOldGen       total 68608K, used 16700K [0x00000000c0000000, 0x00000000c4300000, 0x00000000eab00000)
  object space 68608K, 24% used [0x00000000c0000000,0x00000000c104f220,0x00000000c4300000)
 Metaspace       used 35155K, committed 35840K, reserved 1114112K
  class space    used 3397K, committed 3712K, reserved 1048576K
}
Event: 6.093 GC heap before
{Heap before GC invocations=14 (full 2):
 PSYoungGen      total 23552K, used 22016K [0x00000000eab00000, 0x00000000ec600000, 0x0000000100000000)
  eden space 22016K, 100% used [0x00000000eab00000,0x00000000ec080000,0x00000000ec080000)
  from space 1536K, 0% used [0x00000000ec180000,0x00000000ec180000,0x00000000ec300000)
  to   space 2048K, 0% used [0x00000000ec400000,0x00000000ec400000,0x00000000ec600000)
 ParOldGen       total 68608K, used 16700K [0x00000000c0000000, 0x00000000c4300000, 0x00000000eab00000)
  object space 68608K, 24% used [0x00000000c0000000,0x00000000c104f220,0x00000000c4300000)
 Metaspace       used 37920K, committed 38784K, reserved 1114112K
  class space    used 3786K, committed 4160K, reserved 1048576K
}
Event: 6.095 GC heap after
{Heap after GC invocations=14 (full 2):
 PSYoungGen      total 23040K, used 768K [0x00000000eab00000, 0x00000000ec500000, 0x0000000100000000)
  eden space 22016K, 0% used [0x00000000eab00000,0x00000000eab00000,0x00000000ec080000)
  from space 1024K, 75% used [0x00000000ec400000,0x00000000ec4c0000,0x00000000ec500000)
  to   space 1536K, 0% used [0x00000000ec200000,0x00000000ec200000,0x00000000ec380000)
 ParOldGen       total 68608K, used 16708K [0x00000000c0000000, 0x00000000c4300000, 0x00000000eab00000)
  object space 68608K, 24% used [0x00000000c0000000,0x00000000c1051220,0x00000000c4300000)
 Metaspace       used 37920K, committed 38784K, reserved 1114112K
  class space    used 3786K, committed 4160K, reserved 1048576K
}
Event: 6.397 GC heap before
{Heap before GC invocations=15 (full 2):
 PSYoungGen      total 23040K, used 22736K [0x00000000eab00000, 0x00000000ec500000, 0x0000000100000000)
  eden space 22016K, 99% used [0x00000000eab00000,0x00000000ec074118,0x00000000ec080000)
  from space 1024K, 75% used [0x00000000ec400000,0x00000000ec4c0000,0x00000000ec500000)
  to   space 1536K, 0% used [0x00000000ec200000,0x00000000ec200000,0x00000000ec380000)
 ParOldGen       total 68608K, used 16708K [0x00000000c0000000, 0x00000000c4300000, 0x00000000eab00000)
  object space 68608K, 24% used [0x00000000c0000000,0x00000000c1051220,0x00000000c4300000)
 Metaspace       used 39777K, committed 40640K, reserved 1114112K
  class space    used 4020K, committed 4416K, reserved 1048576K
}
Event: 6.400 GC heap after
{Heap after GC invocations=15 (full 2):
 PSYoungGen      total 23552K, used 1090K [0x00000000eab00000, 0x00000000ec480000, 0x0000000100000000)
  eden space 22016K, 0% used [0x00000000eab00000,0x00000000eab00000,0x00000000ec080000)
  from space 1536K, 71% used [0x00000000ec200000,0x00000000ec310b78,0x00000000ec380000)
  to   space 1024K, 0% used [0x00000000ec380000,0x00000000ec380000,0x00000000ec480000)
 ParOldGen       total 68608K, used 17309K [0x00000000c0000000, 0x00000000c4300000, 0x00000000eab00000)
  object space 68608K, 25% used [0x00000000c0000000,0x00000000c10e7470,0x00000000c4300000)
 Metaspace       used 39777K, committed 40640K, reserved 1114112K
  class space    used 4020K, committed 4416K, reserved 1048576K
}
Event: 6.614 GC heap before
{Heap before GC invocations=16 (full 2):
 PSYoungGen      total 23552K, used 23106K [0x00000000eab00000, 0x00000000ec480000, 0x0000000100000000)
  eden space 22016K, 100% used [0x00000000eab00000,0x00000000ec080000,0x00000000ec080000)
  from space 1536K, 71% used [0x00000000ec200000,0x00000000ec310b78,0x00000000ec380000)
  to   space 1024K, 0% used [0x00000000ec380000,0x00000000ec380000,0x00000000ec480000)
 ParOldGen       total 68608K, used 17309K [0x00000000c0000000, 0x00000000c4300000, 0x00000000eab00000)
  object space 68608K, 25% used [0x00000000c0000000,0x00000000c10e7470,0x00000000c4300000)
 Metaspace       used 41749K, committed 42688K, reserved 1114112K
  class space    used 4267K, committed 4672K, reserved 1048576K
}
Event: 6.618 GC heap after
{Heap after GC invocations=16 (full 2):
 PSYoungGen      total 23040K, used 800K [0x00000000eab00000, 0x00000000ec480000, 0x0000000100000000)
  eden space 22016K, 0% used [0x00000000eab00000,0x00000000eab00000,0x00000000ec080000)
  from space 1024K, 78% used [0x00000000ec380000,0x00000000ec448000,0x00000000ec480000)
  to   space 1024K, 0% used [0x00000000ec280000,0x00000000ec280000,0x00000000ec380000)
 ParOldGen       total 68608K, used 18038K [0x00000000c0000000, 0x00000000c4300000, 0x00000000eab00000)
  object space 68608K, 26% used [0x00000000c0000000,0x00000000c119d958,0x00000000c4300000)
 Metaspace       used 41749K, committed 42688K, reserved 1114112K
  class space    used 4267K, committed 4672K, reserved 1048576K
}
Event: 6.805 GC heap before
{Heap before GC invocations=17 (full 2):
 PSYoungGen      total 23040K, used 22815K [0x00000000eab00000, 0x00000000ec480000, 0x0000000100000000)
  eden space 22016K, 99% used [0x00000000eab00000,0x00000000ec07fff8,0x00000000ec080000)
  from space 1024K, 78% used [0x00000000ec380000,0x00000000ec448000,0x00000000ec480000)
  to   space 1024K, 0% used [0x00000000ec280000,0x00000000ec280000,0x00000000ec380000)
 ParOldGen       total 68608K, used 18038K [0x00000000c0000000, 0x00000000c4300000, 0x00000000eab00000)
  object space 68608K, 26% used [0x00000000c0000000,0x00000000c119d958,0x00000000c4300000)
 Metaspace       used 43760K, committed 44672K, reserved 1114112K
  class space    used 4523K, committed 4928K, reserved 1048576K
}
Event: 6.807 GC heap after
{Heap after GC invocations=17 (full 2):
 PSYoungGen      total 23040K, used 1024K [0x00000000eab00000, 0x00000000ec480000, 0x0000000100000000)
  eden space 22016K, 0% used [0x00000000eab00000,0x00000000eab00000,0x00000000ec080000)
  from space 1024K, 100% used [0x00000000ec280000,0x00000000ec380000,0x00000000ec380000)
  to   space 1024K, 0% used [0x00000000ec380000,0x00000000ec380000,0x00000000ec480000)
 ParOldGen       total 68608K, used 18646K [0x00000000c0000000, 0x00000000c4300000, 0x00000000eab00000)
  object space 68608K, 27% used [0x00000000c0000000,0x00000000c1235810,0x00000000c4300000)
 Metaspace       used 43760K, committed 44672K, reserved 1114112K
  class space    used 4523K, committed 4928K, reserved 1048576K
}
Event: 7.007 GC heap before
{Heap before GC invocations=18 (full 2):
 PSYoungGen      total 23040K, used 23040K [0x00000000eab00000, 0x00000000ec480000, 0x0000000100000000)
  eden space 22016K, 100% used [0x00000000eab00000,0x00000000ec080000,0x00000000ec080000)
  from space 1024K, 100% used [0x00000000ec280000,0x00000000ec380000,0x00000000ec380000)
  to   space 1024K, 0% used [0x00000000ec380000,0x00000000ec380000,0x00000000ec480000)
 ParOldGen       total 68608K, used 18646K [0x00000000c0000000, 0x00000000c4300000, 0x00000000eab00000)
  object space 68608K, 27% used [0x00000000c0000000,0x00000000c1235810,0x00000000c4300000)
 Metaspace       used 45645K, committed 46592K, reserved 1114112K
  class space    used 4757K, committed 5184K, reserved 1048576K
}
Event: 7.010 GC heap after
{Heap after GC invocations=18 (full 2):
 PSYoungGen      total 23040K, used 1012K [0x00000000eab00000, 0x00000000ec680000, 0x0000000100000000)
  eden space 22016K, 0% used [0x00000000eab00000,0x00000000eab00000,0x00000000ec080000)
  from space 1024K, 98% used [0x00000000ec380000,0x00000000ec47d350,0x00000000ec480000)
  to   space 3072K, 0% used [0x00000000ec080000,0x00000000ec080000,0x00000000ec380000)
 ParOldGen       total 68608K, used 20151K [0x00000000c0000000, 0x00000000c4300000, 0x00000000eab00000)
  object space 68608K, 29% used [0x00000000c0000000,0x00000000c13add48,0x00000000c4300000)
 Metaspace       used 45645K, committed 46592K, reserved 1114112K
  class space    used 4757K, committed 5184K, reserved 1048576K
}

Dll operation events (10 events):
Event: 0.023 Loaded shared library c:\Users\HP\.vscode\extensions\redhat.java-1.29.0-win32-x64\jre\17.0.10-win32-x86_64\bin\java.dll
Event: 0.430 Loaded shared library c:\Users\HP\.vscode\extensions\redhat.java-1.29.0-win32-x64\jre\17.0.10-win32-x86_64\bin\zip.dll
Event: 0.435 Loaded shared library C:\Users\HP\.vscode\extensions\redhat.java-1.29.0-win32-x64\jre\17.0.10-win32-x86_64\bin\instrument.dll
Event: 0.455 Loaded shared library C:\Users\HP\.vscode\extensions\redhat.java-1.29.0-win32-x64\jre\17.0.10-win32-x86_64\bin\net.dll
Event: 0.459 Loaded shared library C:\Users\HP\.vscode\extensions\redhat.java-1.29.0-win32-x64\jre\17.0.10-win32-x86_64\bin\nio.dll
Event: 0.473 Loaded shared library C:\Users\HP\.vscode\extensions\redhat.java-1.29.0-win32-x64\jre\17.0.10-win32-x86_64\bin\zip.dll
Event: 0.503 Loaded shared library C:\Users\HP\.vscode\extensions\redhat.java-1.29.0-win32-x64\jre\17.0.10-win32-x86_64\bin\jimage.dll
Event: 0.608 Loaded shared library c:\Users\HP\.vscode\extensions\redhat.java-1.29.0-win32-x64\jre\17.0.10-win32-x86_64\bin\verify.dll
Event: 2.341 Loaded shared library C:\Users\HP\AppData\Roaming\Code\User\globalStorage\redhat.java\1.29.0\config_win\org.eclipse.equinox.launcher\org.eclipse.equinox.launcher.win32.win32.x86_64_1.2.900.v20240213-1244\eclipse_11900.dll
Event: 6.124 Loaded shared library C:\Users\HP\AppData\Local\Temp\jna-2312\jna17191344378679214878.dll

Deoptimization events (20 events):
Event: 6.940 Thread 0x0000023d425730a0 Uncommon trap: trap_request=0xffffffde fr.pc=0x0000023d31c27294 relative=0x0000000000000494
Event: 6.940 Thread 0x0000023d425730a0 Uncommon trap: reason=class_check action=maybe_recompile pc=0x0000023d31c27294 method=java.lang.reflect.Executable.declaredAnnotations()Ljava/util/Map; @ 23 c2
Event: 6.940 Thread 0x0000023d425730a0 DEOPT PACKING pc=0x0000023d31c27294 sp=0x000000586b9fdf20
Event: 6.940 Thread 0x0000023d425730a0 DEOPT UNPACKING pc=0x0000023d31589ea3 sp=0x000000586b9fdee8 mode 2
Event: 6.940 Thread 0x0000023d425730a0 Uncommon trap: trap_request=0xffffffde fr.pc=0x0000023d31c27294 relative=0x0000000000000494
Event: 6.940 Thread 0x0000023d425730a0 Uncommon trap: reason=class_check action=maybe_recompile pc=0x0000023d31c27294 method=java.lang.reflect.Executable.declaredAnnotations()Ljava/util/Map; @ 23 c2
Event: 6.940 Thread 0x0000023d425730a0 DEOPT PACKING pc=0x0000023d31c27294 sp=0x000000586b9fde80
Event: 6.940 Thread 0x0000023d425730a0 DEOPT UNPACKING pc=0x0000023d31589ea3 sp=0x000000586b9fde50 mode 2
Event: 6.941 Thread 0x0000023d425730a0 Uncommon trap: trap_request=0xffffffde fr.pc=0x0000023d31c27294 relative=0x0000000000000494
Event: 6.942 Thread 0x0000023d425730a0 Uncommon trap: reason=class_check action=maybe_recompile pc=0x0000023d31c27294 method=java.lang.reflect.Executable.declaredAnnotations()Ljava/util/Map; @ 23 c2
Event: 6.942 Thread 0x0000023d425730a0 DEOPT PACKING pc=0x0000023d31c27294 sp=0x000000586b9fdf20
Event: 6.942 Thread 0x0000023d425730a0 DEOPT UNPACKING pc=0x0000023d31589ea3 sp=0x000000586b9fdee8 mode 2
Event: 6.942 Thread 0x0000023d425730a0 Uncommon trap: trap_request=0xffffffde fr.pc=0x0000023d31c27294 relative=0x0000000000000494
Event: 6.942 Thread 0x0000023d425730a0 Uncommon trap: reason=class_check action=maybe_recompile pc=0x0000023d31c27294 method=java.lang.reflect.Executable.declaredAnnotations()Ljava/util/Map; @ 23 c2
Event: 6.942 Thread 0x0000023d425730a0 DEOPT PACKING pc=0x0000023d31c27294 sp=0x000000586b9fde80
Event: 6.942 Thread 0x0000023d425730a0 DEOPT UNPACKING pc=0x0000023d31589ea3 sp=0x000000586b9fde50 mode 2
Event: 7.047 Thread 0x0000023d42575410 Uncommon trap: trap_request=0xffffff6e fr.pc=0x0000023d31bb8494 relative=0x00000000000001f4
Event: 7.047 Thread 0x0000023d42575410 Uncommon trap: reason=loop_limit_check action=maybe_recompile pc=0x0000023d31bb8494 method=org.eclipse.jdt.internal.core.util.HashtableOfArrayToObject.hashCode([Ljava/lang/Object;I)I @ 27 c2
Event: 7.047 Thread 0x0000023d42575410 DEOPT PACKING pc=0x0000023d31bb8494 sp=0x000000586b8fcdd0
Event: 7.047 Thread 0x0000023d42575410 DEOPT UNPACKING pc=0x0000023d31589ea3 sp=0x000000586b8fcd58 mode 2

Classes unloaded (7 events):
Event: 5.822 Thread 0x0000023d2741eb00 Unloading class 0x0000000100250400 'java/lang/invoke/LambdaForm$MH+0x0000000100250400'
Event: 5.822 Thread 0x0000023d2741eb00 Unloading class 0x0000000100250000 'java/lang/invoke/LambdaForm$MH+0x0000000100250000'
Event: 5.822 Thread 0x0000023d2741eb00 Unloading class 0x000000010024fc00 'java/lang/invoke/LambdaForm$MH+0x000000010024fc00'
Event: 5.822 Thread 0x0000023d2741eb00 Unloading class 0x000000010024f800 'java/lang/invoke/LambdaForm$MH+0x000000010024f800'
Event: 5.822 Thread 0x0000023d2741eb00 Unloading class 0x000000010024f400 'java/lang/invoke/LambdaForm$BMH+0x000000010024f400'
Event: 5.822 Thread 0x0000023d2741eb00 Unloading class 0x000000010024f000 'java/lang/invoke/LambdaForm$DMH+0x000000010024f000'
Event: 5.822 Thread 0x0000023d2741eb00 Unloading class 0x000000010024c400 'java/lang/invoke/LambdaForm$DMH+0x000000010024c400'

Classes redefined (0 events):
No events

Internal exceptions (20 events):
Event: 5.753 Thread 0x0000023d4205c810 Exception <a 'java/lang/NoSuchMethodError'{0x00000000ebb0a820}: 'java.lang.Object java.lang.invoke.DirectMethodHandle$Holder.invokeStaticInit(java.lang.Object, java.lang.Object, int, int, int, int)'> (0x00000000ebb0a820) 
thrown [s\src\hotspot\share\interpreter\linkResolver.cpp, line 759]
Event: 5.759 Thread 0x0000023d425730a0 Exception <a 'java/lang/NoSuchMethodError'{0x00000000ebc14538}: 'java.lang.Object java.lang.invoke.DirectMethodHandle$Holder.newInvokeSpecial(java.lang.Object, java.lang.Object, java.lang.Object, java.lang.Object, java.lang.Object)'> (0x00000000ebc14538) 
thrown [s\src\hotspot\share\interpreter\linkResolver.cpp, line 759]
Event: 5.773 Thread 0x0000023d42574f00 Exception <a 'java/lang/NoSuchMethodError'{0x00000000eb6053a8}: 'int java.lang.invoke.DirectMethodHandle$Holder.invokeSpecial(java.lang.Object, java.lang.Object, java.lang.Object, java.lang.Object)'> (0x00000000eb6053a8) 
thrown [s\src\hotspot\share\interpreter\linkResolver.cpp, line 759]
Event: 5.777 Thread 0x0000023d42574f00 Exception <a 'java/lang/NoSuchMethodError'{0x00000000ebdf07c8}: 'java.lang.Object java.lang.invoke.DirectMethodHandle$Holder.invokeStatic(java.lang.Object, int, java.lang.Object, java.lang.Object)'> (0x00000000ebdf07c8) 
thrown [s\src\hotspot\share\interpreter\linkResolver.cpp, line 759]
Event: 5.778 Thread 0x0000023d42574f00 Exception <a 'java/lang/NoSuchMethodError'{0x00000000ebe1c298}: 'java.lang.Object java.lang.invoke.DelegatingMethodHandle$Holder.delegate(java.lang.Object, int, java.lang.Object, java.lang.Object)'> (0x00000000ebe1c298) 
thrown [s\src\hotspot\share\interpreter\linkResolver.cpp, line 759]
Event: 5.781 Thread 0x0000023d42574f00 Exception <a 'java/lang/NoSuchMethodError'{0x00000000ebe4bfe8}: 'int java.lang.invoke.Invokers$Holder.linkToTargetMethod(java.lang.Object, java.lang.Object, java.lang.Object)'> (0x00000000ebe4bfe8) 
thrown [s\src\hotspot\share\interpreter\linkResolver.cpp, line 759]
Event: 5.874 Thread 0x0000023d425730a0 Exception <a 'java/lang/NoSuchMethodError'{0x00000000eac2d010}: 'java.lang.Object java.lang.invoke.DirectMethodHandle$Holder.invokeSpecialIFC(java.lang.Object, java.lang.Object, java.lang.Object, java.lang.Object)'> (0x00000000eac2d010) 
thrown [s\src\hotspot\share\interpreter\linkResolver.cpp, line 759]
Event: 5.922 Thread 0x0000023d4205c810 Exception <a 'java/lang/ClassNotFoundException'{0x00000000eb0059f8}: com/sun/org/apache/xml/internal/serializer/spi/XMLEntitiesProvider> (0x00000000eb0059f8) 
thrown [s\src\hotspot\share\classfile\systemDictionary.cpp, line 256]
Event: 6.045 Thread 0x0000023d4205c810 Exception <a 'java/io/FileNotFoundException'{0x00000000ebc0e308}> (0x00000000ebc0e308) 
thrown [s\src\hotspot\share\prims\jni.cpp, line 516]
Event: 6.071 Thread 0x0000023d425730a0 Exception <a 'java/lang/NoSuchMethodError'{0x00000000ebee0668}: 'int java.lang.invoke.DirectMethodHandle$Holder.invokeSpecialIFC(java.lang.Object, java.lang.Object, java.lang.Object, java.lang.Object, java.lang.Object)'> (0x00000000ebee0668) 
thrown [s\src\hotspot\share\interpreter\linkResolver.cpp, line 759]
Event: 6.182 Thread 0x0000023d4205c810 Exception <a 'java/lang/UnsatisfiedLinkError'{0x00000000eb100ba0}: La procédure spécifiée est introuvable.
> (0x00000000eb100ba0) 
thrown [s\src\hotspot\share\prims\jni.cpp, line 535]
Event: 6.190 Thread 0x0000023d4205c810 Exception <a 'java/io/FileNotFoundException'{0x00000000eb153c48}> (0x00000000eb153c48) 
thrown [s\src\hotspot\share\prims\jni.cpp, line 516]
Event: 6.237 Thread 0x0000023d4205c810 Exception <a 'java/lang/UnsatisfiedLinkError'{0x00000000eb4cc870}: La procédure spécifiée est introuvable.
> (0x00000000eb4cc870) 
thrown [s\src\hotspot\share\prims\jni.cpp, line 535]
Event: 6.256 Thread 0x0000023d425730a0 Exception <a 'java/lang/NoClassDefFoundError'{0x00000000eb6539d0}: javax/enterprise/inject/Typed> (0x00000000eb6539d0) 
thrown [s\src\hotspot\share\classfile\systemDictionary.cpp, line 245]
Event: 6.481 Thread 0x0000023d27372290 Exception <a 'java/lang/NoSuchMethodError'{0x00000000eb3aa770}: 'java.lang.Object java.lang.invoke.DirectMethodHandle$Holder.invokeStatic(java.lang.Object, java.lang.Object, long, java.lang.Object)'> (0x00000000eb3aa770) 
thrown [s\src\hotspot\share\interpreter\linkResolver.cpp, line 759]
Event: 6.481 Thread 0x0000023d27372290 Exception <a 'java/lang/NoSuchMethodError'{0x00000000eb3ae468}: 'java.lang.Object java.lang.invoke.DirectMethodHandle$Holder.invokeStaticInit(java.lang.Object, java.lang.Object, long, java.lang.Object)'> (0x00000000eb3ae468) 
thrown [s\src\hotspot\share\interpreter\linkResolver.cpp, line 759]
Event: 6.482 Thread 0x0000023d27372290 Exception <a 'java/lang/NoSuchMethodError'{0x00000000eb3b4e38}: 'java.lang.Object java.lang.invoke.DirectMethodHandle$Holder.newInvokeSpecial(java.lang.Object, java.lang.Object, long)'> (0x00000000eb3b4e38) 
thrown [s\src\hotspot\share\interpreter\linkResolver.cpp, line 759]
Event: 6.653 Thread 0x0000023d42575410 Exception <a 'java/lang/NoSuchMethodError'{0x00000000eadaf2e8}: 'java.lang.Object java.lang.invoke.Invokers$Holder.invoke_MT(java.lang.Object, java.lang.Object, java.lang.Object)'> (0x00000000eadaf2e8) 
thrown [s\src\hotspot\share\interpreter\linkResolver.cpp, line 759]
Event: 6.817 Thread 0x0000023d27372290 Exception <a 'java/lang/NoSuchMethodError'{0x00000000eac5e6a8}: 'void java.lang.invoke.DirectMethodHandle$Holder.invokeSpecial(java.lang.Object, java.lang.Object, java.lang.Object, java.lang.Object, java.lang.Object, java.lang.Object)'> (0x00000000eac5e6a8) 
thrown [s\src\hotspot\share\interpreter\linkResolver.cpp, line 759]
Event: 6.821 Thread 0x0000023d27372290 Exception <a 'java/lang/IncompatibleClassChangeError'{0x00000000eac67d78}: Found class java.lang.Object, but interface was expected> (0x00000000eac67d78) 
thrown [s\src\hotspot\share\interpreter\linkResolver.cpp, line 826]

VM Operations (20 events):
Event: 6.439 Executing VM operation: HandshakeAllThreads
Event: 6.439 Executing VM operation: HandshakeAllThreads done
Event: 6.455 Executing VM operation: HandshakeAllThreads
Event: 6.456 Executing VM operation: HandshakeAllThreads done
Event: 6.469 Executing VM operation: HandshakeAllThreads
Event: 6.470 Executing VM operation: HandshakeAllThreads done
Event: 6.612 Executing VM operation: HandshakeAllThreads
Event: 6.612 Executing VM operation: HandshakeAllThreads done
Event: 6.614 Executing VM operation: ParallelGCFailedAllocation
Event: 6.618 Executing VM operation: ParallelGCFailedAllocation done
Event: 6.689 Executing VM operation: HandshakeAllThreads
Event: 6.690 Executing VM operation: HandshakeAllThreads done
Event: 6.690 Executing VM operation: HandshakeAllThreads
Event: 6.690 Executing VM operation: HandshakeAllThreads done
Event: 6.757 Executing VM operation: HandshakeAllThreads
Event: 6.757 Executing VM operation: HandshakeAllThreads done
Event: 6.805 Executing VM operation: ParallelGCFailedAllocation
Event: 6.807 Executing VM operation: ParallelGCFailedAllocation done
Event: 7.007 Executing VM operation: ParallelGCFailedAllocation
Event: 7.011 Executing VM operation: ParallelGCFailedAllocation done

Events (20 events):
Event: 6.919 loading class java/lang/reflect/AnnotatedParameterizedType done
Event: 6.919 loading class sun/reflect/annotation/AnnotatedTypeFactory$AnnotatedParameterizedTypeImpl done
Event: 6.926 loading class java/nio/channels/Channels
Event: 6.926 loading class java/nio/channels/Channels done
Event: 6.926 loading class jdk/internal/reflect/UnsafeQualifiedIntegerFieldAccessorImpl
Event: 6.926 loading class java/nio/channels/Channels$ReadableByteChannelImpl
Event: 6.927 loading class jdk/internal/reflect/UnsafeQualifiedIntegerFieldAccessorImpl done
Event: 6.927 loading class java/nio/channels/Channels$ReadableByteChannelImpl done
Event: 6.932 loading class java/nio/channels/NonWritableChannelException
Event: 6.932 loading class java/nio/channels/NonWritableChannelException done
Event: 6.932 loading class sun/nio/ch/ChannelInputStream
Event: 6.933 loading class sun/nio/ch/ChannelInputStream done
Event: 6.933 loading class java/nio/channels/SelectableChannel
Event: 6.933 loading class java/nio/channels/SelectableChannel done
Event: 6.961 loading class sun/reflect/generics/repository/FieldRepository
Event: 6.961 loading class sun/reflect/generics/repository/FieldRepository done
Event: 6.994 loading class sun/reflect/generics/scope/ConstructorScope
Event: 6.994 loading class sun/reflect/generics/scope/ConstructorScope done
Event: 6.994 loading class sun/reflect/generics/tree/VoidDescriptor
Event: 6.994 loading class sun/reflect/generics/tree/VoidDescriptor done


Dynamic libraries:
0x00007ff7f1540000 - 0x00007ff7f154e000 	c:\Users\HP\.vscode\extensions\redhat.java-1.29.0-win32-x64\jre\17.0.10-win32-x86_64\bin\java.exe
0x00007ff946090000 - 0x00007ff9462a6000 	C:\WINDOWS\SYSTEM32\ntdll.dll
0x00007ff9448c0000 - 0x00007ff944984000 	C:\WINDOWS\System32\KERNEL32.DLL
0x00007ff9435b0000 - 0x00007ff943956000 	C:\WINDOWS\System32\KERNELBASE.dll
0x00007ff943990000 - 0x00007ff943aa1000 	C:\WINDOWS\System32\ucrtbase.dll
0x00007ff933fc0000 - 0x00007ff933fd7000 	c:\Users\HP\.vscode\extensions\redhat.java-1.29.0-win32-x64\jre\17.0.10-win32-x86_64\bin\jli.dll
0x00007ff934020000 - 0x00007ff93403b000 	c:\Users\HP\.vscode\extensions\redhat.java-1.29.0-win32-x64\jre\17.0.10-win32-x86_64\bin\VCRUNTIME140.dll
0x00007ff945d20000 - 0x00007ff945ecd000 	C:\WINDOWS\System32\USER32.dll
0x00007ff943db0000 - 0x00007ff943dd6000 	C:\WINDOWS\System32\win32u.dll
0x00007ff945590000 - 0x00007ff9455b9000 	C:\WINDOWS\System32\GDI32.dll
0x00007ff943c90000 - 0x00007ff943da8000 	C:\WINDOWS\System32\gdi32full.dll
0x00007ff9433d0000 - 0x00007ff94346a000 	C:\WINDOWS\System32\msvcp_win.dll
0x00007ff91a800000 - 0x00007ff91aa93000 	C:\WINDOWS\WinSxS\amd64_microsoft.windows.common-controls_6595b64144ccf1df_6.0.22621.3235_none_270f74e173860f98\COMCTL32.dll
0x00007ff943f80000 - 0x00007ff944027000 	C:\WINDOWS\System32\msvcrt.dll
0x00007ff945700000 - 0x00007ff945731000 	C:\WINDOWS\System32\IMM32.DLL
0x00007ff934010000 - 0x00007ff93401c000 	c:\Users\HP\.vscode\extensions\redhat.java-1.29.0-win32-x64\jre\17.0.10-win32-x86_64\bin\vcruntime140_1.dll
0x00007ff8e88a0000 - 0x00007ff8e892d000 	c:\Users\HP\.vscode\extensions\redhat.java-1.29.0-win32-x64\jre\17.0.10-win32-x86_64\bin\msvcp140.dll
0x00007ff87b420000 - 0x00007ff87c082000 	c:\Users\HP\.vscode\extensions\redhat.java-1.29.0-win32-x64\jre\17.0.10-win32-x86_64\bin\server\jvm.dll
0x00007ff945f30000 - 0x00007ff945fe2000 	C:\WINDOWS\System32\ADVAPI32.dll
0x00007ff9455c0000 - 0x00007ff945668000 	C:\WINDOWS\System32\sechost.dll
0x00007ff943960000 - 0x00007ff943988000 	C:\WINDOWS\System32\bcrypt.dll
0x00007ff945be0000 - 0x00007ff945cf5000 	C:\WINDOWS\System32\RPCRT4.dll
0x00007ff942220000 - 0x00007ff94226d000 	C:\WINDOWS\SYSTEM32\POWRPROF.dll
0x00007ff91fdd0000 - 0x00007ff91fdd9000 	C:\WINDOWS\SYSTEM32\WSOCK32.dll
0x00007ff9453b0000 - 0x00007ff945421000 	C:\WINDOWS\System32\WS2_32.dll
0x00007ff937580000 - 0x00007ff9375b4000 	C:\WINDOWS\SYSTEM32\WINMM.dll
0x00007ff939130000 - 0x00007ff93913a000 	C:\WINDOWS\SYSTEM32\VERSION.dll
0x00007ff942200000 - 0x00007ff942213000 	C:\WINDOWS\SYSTEM32\UMPDC.dll
0x00007ff9424c0000 - 0x00007ff9424d8000 	C:\WINDOWS\SYSTEM32\kernel.appcore.dll
0x00007ff933fb0000 - 0x00007ff933fba000 	c:\Users\HP\.vscode\extensions\redhat.java-1.29.0-win32-x64\jre\17.0.10-win32-x86_64\bin\jimage.dll
0x00007ff940830000 - 0x00007ff940a63000 	C:\WINDOWS\SYSTEM32\DBGHELP.DLL
0x00007ff945750000 - 0x00007ff945ad8000 	C:\WINDOWS\System32\combase.dll
0x00007ff9447e0000 - 0x00007ff9448b7000 	C:\WINDOWS\System32\OLEAUT32.dll
0x00007ff921b20000 - 0x00007ff921b52000 	C:\WINDOWS\SYSTEM32\dbgcore.DLL
0x00007ff943530000 - 0x00007ff9435aa000 	C:\WINDOWS\System32\bcryptPrimitives.dll
0x00007ff933f90000 - 0x00007ff933f9e000 	c:\Users\HP\.vscode\extensions\redhat.java-1.29.0-win32-x64\jre\17.0.10-win32-x86_64\bin\instrument.dll
0x00007ff927050000 - 0x00007ff927075000 	c:\Users\HP\.vscode\extensions\redhat.java-1.29.0-win32-x64\jre\17.0.10-win32-x86_64\bin\java.dll
0x00007ff933f70000 - 0x00007ff933f88000 	c:\Users\HP\.vscode\extensions\redhat.java-1.29.0-win32-x64\jre\17.0.10-win32-x86_64\bin\zip.dll
0x00007ff944990000 - 0x00007ff9451ed000 	C:\WINDOWS\System32\SHELL32.dll
0x00007ff9412f0000 - 0x00007ff941be8000 	C:\WINDOWS\SYSTEM32\windows.storage.dll
0x00007ff9411b0000 - 0x00007ff9412ee000 	C:\WINDOWS\SYSTEM32\wintypes.dll
0x00007ff943e70000 - 0x00007ff943f63000 	C:\WINDOWS\System32\SHCORE.dll
0x00007ff945ed0000 - 0x00007ff945f2e000 	C:\WINDOWS\System32\shlwapi.dll
0x00007ff943300000 - 0x00007ff943326000 	C:\WINDOWS\SYSTEM32\profapi.dll
0x00007ff922fb0000 - 0x00007ff922fc9000 	C:\Users\HP\.vscode\extensions\redhat.java-1.29.0-win32-x64\jre\17.0.10-win32-x86_64\bin\net.dll
0x00007ff939d40000 - 0x00007ff939e77000 	C:\WINDOWS\SYSTEM32\WINHTTP.dll
0x00007ff942930000 - 0x00007ff942999000 	C:\WINDOWS\system32\mswsock.dll
0x00007ff921c00000 - 0x00007ff921c16000 	C:\Users\HP\.vscode\extensions\redhat.java-1.29.0-win32-x64\jre\17.0.10-win32-x86_64\bin\nio.dll
0x00007ff933a40000 - 0x00007ff933a50000 	c:\Users\HP\.vscode\extensions\redhat.java-1.29.0-win32-x64\jre\17.0.10-win32-x86_64\bin\verify.dll
0x00007ff934070000 - 0x00007ff9340ae000 	C:\Users\HP\AppData\Roaming\Code\User\globalStorage\redhat.java\1.29.0\config_win\org.eclipse.equinox.launcher\org.eclipse.equinox.launcher.win32.win32.x86_64_1.2.900.v20240213-1244\eclipse_11900.dll
0x00007ff944160000 - 0x00007ff9442ff000 	C:\WINDOWS\System32\ole32.dll
0x00007ff942c80000 - 0x00007ff942c9b000 	C:\WINDOWS\SYSTEM32\CRYPTSP.dll
0x00007ff942420000 - 0x00007ff942455000 	C:\WINDOWS\system32\rsaenh.dll
0x00007ff9429d0000 - 0x00007ff9429fc000 	C:\WINDOWS\SYSTEM32\USERENV.dll
0x00007ff942c60000 - 0x00007ff942c6c000 	C:\WINDOWS\SYSTEM32\CRYPTBASE.dll
0x00007ff941ec0000 - 0x00007ff941eed000 	C:\WINDOWS\SYSTEM32\IPHLPAPI.DLL
0x00007ff9456f0000 - 0x00007ff9456f9000 	C:\WINDOWS\System32\NSI.dll
0x00007ff939cb0000 - 0x00007ff939cc9000 	C:\WINDOWS\SYSTEM32\dhcpcsvc6.DLL
0x00007ff939c90000 - 0x00007ff939caf000 	C:\WINDOWS\SYSTEM32\dhcpcsvc.DLL
0x00007ff941f30000 - 0x00007ff942029000 	C:\WINDOWS\SYSTEM32\DNSAPI.dll
0x00007ff8e8270000 - 0x00007ff8e82b5000 	C:\Users\HP\AppData\Local\Temp\jna-2312\jna17191344378679214878.dll
0x00007ff943f70000 - 0x00007ff943f78000 	C:\WINDOWS\System32\PSAPI.DLL

dbghelp: loaded successfully - version: 4.0.5 - missing functions: none
symbol engine: initialized successfully - sym options: 0x614 - pdb path: .;c:\Users\HP\.vscode\extensions\redhat.java-1.29.0-win32-x64\jre\17.0.10-win32-x86_64\bin;C:\WINDOWS\SYSTEM32;C:\WINDOWS\WinSxS\amd64_microsoft.windows.common-controls_6595b64144ccf1df_6.0.22621.3235_none_270f74e173860f98;c:\Users\HP\.vscode\extensions\redhat.java-1.29.0-win32-x64\jre\17.0.10-win32-x86_64\bin\server;C:\Users\HP\AppData\Roaming\Code\User\globalStorage\redhat.java\1.29.0\config_win\org.eclipse.equinox.launcher\org.eclipse.equinox.launcher.win32.win32.x86_64_1.2.900.v20240213-1244;C:\Users\HP\AppData\Local\Temp\jna-2312

VM Arguments:
jvm_args: --add-modules=ALL-SYSTEM --add-opens=java.base/java.util=ALL-UNNAMED --add-opens=java.base/java.lang=ALL-UNNAMED --add-opens=java.base/sun.nio.fs=ALL-UNNAMED -Declipse.application=org.eclipse.jdt.ls.core.id1 -Dosgi.bundles.defaultStartLevel=4 -Declipse.product=org.eclipse.jdt.ls.core.product -Djava.import.generatesMetadataFilesAtProjectRoot=false -DDetectVMInstallationsJob.disabled=true -Dfile.encoding=utf8 -XX:+UseParallelGC -XX:GCTimeRatio=4 -XX:AdaptiveSizePolicyWeight=90 -Dsun.zip.disableMemoryMapping=true -Xmx1G -Xms100m -Xlog:disable -javaagent:c:\Users\HP\.vscode\extensions\redhat.java-1.29.0-win32-x64\lombok\lombok-1.18.32.jar -XX:+HeapDumpOnOutOfMemoryError -XX:HeapDumpPath=c:\Users\HP\AppData\Roaming\Code\User\workspaceStorage\2c9d807fe59ace233e231eee71cfd0f8\redhat.java -Daether.dependencyCollector.impl=bf 
java_command: c:\Users\HP\.vscode\extensions\redhat.java-1.29.0-win32-x64\server\plugins\org.eclipse.equinox.launcher_1.6.800.v20240304-1850.jar -configuration c:\Users\HP\AppData\Roaming\Code\User\globalStorage\redhat.java\1.29.0\config_win -data c:\Users\HP\AppData\Roaming\Code\User\workspaceStorage\2c9d807fe59ace233e231eee71cfd0f8\redhat.java\jdt_ws --stdio
java_class_path (initial): c:\Users\HP\.vscode\extensions\redhat.java-1.29.0-win32-x64\server\plugins\org.eclipse.equinox.launcher_1.6.800.v20240304-1850.jar
Launcher Type: SUN_STANDARD

[Global flags]
    uintx AdaptiveSizePolicyWeight                 = 90                                        {product} {command line}
     intx CICompilerCount                          = 4                                         {product} {ergonomic}
    uintx GCTimeRatio                              = 4                                         {product} {command line}
     bool HeapDumpOnOutOfMemoryError               = true                                   {manageable} {command line}
    ccstr HeapDumpPath                             = c:\Users\HP\AppData\Roaming\Code\User\workspaceStorage\2c9d807fe59ace233e231eee71cfd0f8\redhat.java         {manageable} {command line}
   size_t InitialHeapSize                          = 104857600                                 {product} {command line}
   size_t MaxHeapSize                              = 1073741824                                {product} {command line}
   size_t MaxNewSize                               = 357564416                                 {product} {ergonomic}
   size_t MinHeapDeltaBytes                        = 524288                                    {product} {ergonomic}
   size_t MinHeapSize                              = 104857600                                 {product} {command line}
   size_t NewSize                                  = 34603008                                  {product} {ergonomic}
    uintx NonNMethodCodeHeapSize                   = 5839372                                {pd product} {ergonomic}
    uintx NonProfiledCodeHeapSize                  = 122909434                              {pd product} {ergonomic}
   size_t OldSize                                  = 70254592                                  {product} {ergonomic}
    uintx ProfiledCodeHeapSize                     = 122909434                              {pd product} {ergonomic}
    uintx ReservedCodeCacheSize                    = 251658240                              {pd product} {ergonomic}
     bool SegmentedCodeCache                       = true                                      {product} {ergonomic}
   size_t SoftMaxHeapSize                          = 1073741824                             {manageable} {ergonomic}
     bool UseCompressedClassPointers               = true                           {product lp64_product} {ergonomic}
     bool UseCompressedOops                        = true                           {product lp64_product} {ergonomic}
     bool UseLargePagesIndividualAllocation        = false                                  {pd product} {ergonomic}
     bool UseParallelGC                            = true                                      {product} {command line}

Logging:
Log output configuration:
 #0: stdout all=off uptime,level,tags
 #1: stderr all=off uptime,level,tags

Environment Variables:
JAVA_HOME=C:\Program Files\Java\jdk-17
PATH=C:\Program Files\Java\jdk-17\bin;C:\oraclexe\app\oracle\product\11.2.0\server\bin;C:\Program Files\Common Files\Oracle\Java\javapath;C:\Program Files (x86)\Common Files\Oracle\Java\javapath;C:\WINDOWS\system32;C:\WINDOWS;C:\WINDOWS\System32\Wbem;C:\WINDOWS\System32\WindowsPowerShell\v1.0\;C:\WINDOWS\System32\OpenSSH\;C:\Program Files\Docker\Docker\resources\bin;%M2_HOME%;%M2%;D:\apache-maven-3.8.6\bin;C:\Program Files\Git\cmd;C:\Users\HP\AppData\Roaming\npm;D:\wildfly-26.1.2.Final;C:\Program Files (x86)\Google\Cloud SDK\google-cloud-sdk\bin;C:\sigctl;C:\Users\HP\AppData\Roaming\nvm;C:\Program Files\nodejs;D:\XAMP\php;D:\ComposerSetup;C:\Users\HP\AppData\Local\Programs\Python\Python312\Scripts\;C:\Users\HP\AppData\Local\Programs\Python\Python312\;C:\Program Files\MySQL\MySQL Shell 8.0\bin\;C:\Users\HP\AppData\Local\Microsoft\WindowsApps;C:\Users\HP\AppData\Local\Programs\Microsoft VS Code\bin;"C:\Program Files\Git\bin\git.exe;C:\Program Files\Git\cmd";C:\Program Files\Java\jre1.8.0_341\bin;C:\Users\HP\AppData\Local\Android\Sdk\platform-tools;C:\Users\HP\AppData\Roaming\nvm;C:\Program Files\nodejs;C:\Users\HP\AppData\Roaming\Composer\vendor\bin;C:\Program Files\JetBrains\PyCharm Community Edition 2022.3.1\bin;
USERNAME=HP
OS=Windows_NT
PROCESSOR_IDENTIFIER=Intel64 Family 6 Model 140 Stepping 1, GenuineIntel
TMP=C:\Users\HP\AppData\Local\Temp
TEMP=C:\Users\HP\AppData\Local\Temp



Periodic native trim disabled


---------------  S Y S T E M  ---------------

OS:
 Windows 11 , 64 bit Build 22621 (10.0.22621.3235)
OS uptime: 0 days 20:49 hours
Hyper-V role detected

CPU: total 8 (initial active 8) (4 cores per cpu, 2 threads per core) family 6 model 140 stepping 1 microcode 0xb6, cx8, cmov, fxsr, ht, mmx, 3dnowpref, sse, sse2, sse3, ssse3, sse4.1, sse4.2, popcnt, lzcnt, tsc, tscinvbit, avx, avx2, aes, erms, clmul, bmi1, bmi2, adx, avx512f, avx512dq, avx512cd, avx512bw, avx512vl, sha, fma, vzeroupper, avx512_vpopcntdq, avx512_vpclmulqdq, avx512_vaes, avx512_vnni, clflush, clflushopt, clwb, avx512_vbmi2, avx512_vbmi, hv
Processor Information for all 8 processors :
  Max Mhz: 2803, Current Mhz: 2803, Mhz Limit: 2803

Memory: 4k page, system-wide physical 16064M (775M free)
TotalPageFile size 30031M (AvailPageFile size 5M)
current process WorkingSet (physical memory assigned to process): 194M, peak: 195M
current process commit charge ("private bytes"): 285M, peak: 286M

vm_info: OpenJDK 64-Bit Server VM (17.0.10+7) for windows-amd64 JRE (17.0.10+7), built on Jan 16 2024 23:25:11 by "admin" with MS VC++ 16.10 / 16.11 (VS2019)

END.
