#
# There is insufficient memory for the Java Runtime Environment to continue.
# Native memory allocation (malloc) failed to allocate 927216 bytes for Chunk::new
# Possible reasons:
#   The system is out of physical RAM or swap space
#   The process is running with CompressedOops enabled, and the Java Heap may be blocking the growth of the native heap
# Possible solutions:
#   Reduce memory load on the system
#   Increase physical memory or swap space
#   Check if swap backing store is full
#   Decrease Java heap size (-Xmx/-Xms)
#   Decrease number of Java threads
#   Decrease Java thread stack sizes (-Xss)
#   Set larger code cache with -XX:ReservedCodeCacheSize=
#   JVM is running with Zero Based Compressed Oops mode in which the Java heap is
#     placed in the first 32GB address space. The Java Heap base address is the
#     maximum limit for the native heap growth. Please use -XX:HeapBaseMinAddress
#     to set the Java Heap base and to place the Java Heap above 32GB virtual address.
# This output file may be truncated or incomplete.
#
#  Out of Memory Error (arena.cpp:189), pid=2184, tid=11972
#
# JRE version: Java(TM) SE Runtime Environment (17.0.6+9) (build 17.0.6+9-LTS-190)
# Java VM: Java HotSpot(TM) 64-Bit Server VM (17.0.6+9-LTS-190, mixed mode, sharing, tiered, compressed oops, compressed class ptrs, g1 gc, windows-amd64)
# No core dump will be written. Minidumps are not enabled by default on client versions of Windows
#

---------------  S U M M A R Y ------------

Command Line: -Dclassworlds.conf=D:\apache-maven-3.8.6\bin\m2.conf -Dmaven.home=D:\apache-maven-3.8.6 -Dlibrary.jansi.path=D:\apache-maven-3.8.6\lib\jansi-native -Dmaven.multiModuleProjectDirectory=D:\soum21Juin2022\MyProject\EcoleVie\mic-gestion-ecole-api org.codehaus.plexus.classworlds.launcher.Launcher clean quarkus:dev

Host: 11th Gen Intel(R) Core(TM) i7-1165G7 @ 2.80GHz, 8 cores, 15G,  Windows 11 , 64 bit Build 22621 (10.0.22621.3235)
Time: Fri Apr  5 16:05:34 2024 Greenwich elapsed time: 11.280150 seconds (0d 0h 0m 11s)

---------------  T H R E A D  ---------------

Current thread (0x0000019576d33200):  JavaThread "C2 CompilerThread1" daemon [_thread_in_native, id=11972, stack(0x000000953f800000,0x000000953f900000)]


Current CompileTask:
C2:  11280 9116   !   4       lombok.javac.JavacAST::drill (146 bytes)

Stack: [0x000000953f800000,0x000000953f900000]
Native frames: (J=compiled Java code, j=interpreted, Vv=VM code, C=native code)
V  [jvm.dll+0x6734ea]
V  [jvm.dll+0x7d18f4]
V  [jvm.dll+0x7d309e]
V  [jvm.dll+0x7d3703]
V  [jvm.dll+0x2433c5]
V  [jvm.dll+0xaa46b]
V  [jvm.dll+0xaaa0c]
V  [jvm.dll+0x2a8b1f]
V  [jvm.dll+0x57bf85]
V  [jvm.dll+0x21e142]
V  [jvm.dll+0x21e51f]
V  [jvm.dll+0x217c36]
V  [jvm.dll+0x215109]
V  [jvm.dll+0x1a1730]
V  [jvm.dll+0x224b6e]
V  [jvm.dll+0x222f15]
V  [jvm.dll+0x78753c]
V  [jvm.dll+0x781a7a]
V  [jvm.dll+0x672375]
C  [ucrtbase.dll+0x29363]
C  [KERNEL32.DLL+0x1257d]
C  [ntdll.dll+0x5aa58]


---------------  P R O C E S S  ---------------

Threads class SMR info:
_java_thread_list=0x0000019500251060, length=14, elements={
0x0000019552dd1b50, 0x0000019575948120, 0x0000019575948cd0, 0x000001957595dff0,
0x000001957595eba0, 0x0000019575963570, 0x0000019575963f20, 0x00000195759670c0,
0x0000019575968370, 0x0000019575968d60, 0x0000019575aab420, 0x0000019575ab0520,
0x0000019576d33200, 0x000001957b2d5be0
}

Java Threads: ( => current thread )
  0x0000019552dd1b50 JavaThread "main" [_thread_in_Java, id=27380, stack(0x000000953e500000,0x000000953e600000)]
  0x0000019575948120 JavaThread "Reference Handler" daemon [_thread_blocked, id=28420, stack(0x000000953ec00000,0x000000953ed00000)]
  0x0000019575948cd0 JavaThread "Finalizer" daemon [_thread_blocked, id=11648, stack(0x000000953ed00000,0x000000953ee00000)]
  0x000001957595dff0 JavaThread "Signal Dispatcher" daemon [_thread_blocked, id=8760, stack(0x000000953ee00000,0x000000953ef00000)]
  0x000001957595eba0 JavaThread "Attach Listener" daemon [_thread_blocked, id=7256, stack(0x000000953ef00000,0x000000953f000000)]
  0x0000019575963570 JavaThread "Service Thread" daemon [_thread_blocked, id=23596, stack(0x000000953f000000,0x000000953f100000)]
  0x0000019575963f20 JavaThread "Monitor Deflation Thread" daemon [_thread_blocked, id=5028, stack(0x000000953f100000,0x000000953f200000)]
  0x00000195759670c0 JavaThread "C2 CompilerThread0" daemon [_thread_in_native, id=30704, stack(0x000000953f200000,0x000000953f300000)]
  0x0000019575968370 JavaThread "C1 CompilerThread0" daemon [_thread_in_vm, id=17340, stack(0x000000953f300000,0x000000953f400000)]
  0x0000019575968d60 JavaThread "Sweeper thread" daemon [_thread_blocked, id=24868, stack(0x000000953f400000,0x000000953f500000)]
  0x0000019575aab420 JavaThread "Notification Thread" daemon [_thread_blocked, id=15128, stack(0x000000953f500000,0x000000953f600000)]
  0x0000019575ab0520 JavaThread "Common-Cleaner" daemon [_thread_blocked, id=28504, stack(0x000000953f700000,0x000000953f800000)]
=>0x0000019576d33200 JavaThread "C2 CompilerThread1" daemon [_thread_in_native, id=11972, stack(0x000000953f800000,0x000000953f900000)]
  0x000001957b2d5be0 JavaThread "C2 CompilerThread2" daemon [_thread_in_native, id=2376, stack(0x000000953f900000,0x000000953fa00000)]

Other Threads:
  0x0000019575943680 VMThread "VM Thread" [stack: 0x000000953eb00000,0x000000953ec00000] [id=20636]
  0x0000019552e64b00 WatcherThread [stack: 0x000000953f600000,0x000000953f700000] [id=2528]
  0x0000019552e3e590 GCTaskThread "GC Thread#0" [stack: 0x000000953e600000,0x000000953e700000] [id=26564]
  0x0000019576d4ed80 GCTaskThread "GC Thread#1" [stack: 0x000000953fa00000,0x000000953fb00000] [id=19076]
  0x0000019576d0bb50 GCTaskThread "GC Thread#2" [stack: 0x000000953fb00000,0x000000953fc00000] [id=21592]
  0x0000019576ddfc80 GCTaskThread "GC Thread#3" [stack: 0x000000953fc00000,0x000000953fd00000] [id=10956]
  0x0000019576ff8800 GCTaskThread "GC Thread#4" [stack: 0x000000953fd00000,0x000000953fe00000] [id=20488]
  0x0000019576ff7a90 GCTaskThread "GC Thread#5" [stack: 0x000000953fe00000,0x000000953ff00000] [id=18884]
  0x0000019576ff6fd0 GCTaskThread "GC Thread#6" [stack: 0x000000953ff00000,0x0000009540000000] [id=28092]
  0x0000019576ff8ab0 GCTaskThread "GC Thread#7" [stack: 0x0000009540000000,0x0000009540100000] [id=22700]
  0x0000019552e4fff0 ConcurrentGCThread "G1 Main Marker" [stack: 0x000000953e700000,0x000000953e800000] [id=29860]
  0x0000019552e50a00 ConcurrentGCThread "G1 Conc#0" [stack: 0x000000953e800000,0x000000953e900000] [id=27912]
  0x0000019576ff7530 ConcurrentGCThread "G1 Conc#1" [stack: 0x0000009540300000,0x0000009540400000] [id=27732]
  0x0000019552e98130 ConcurrentGCThread "G1 Refine#0" [stack: 0x000000953e900000,0x000000953ea00000] [id=23308]
  0x0000019579156e20 ConcurrentGCThread "G1 Refine#1" [stack: 0x0000009540100000,0x0000009540200000] [id=27320]
  0x0000019579157100 ConcurrentGCThread "G1 Refine#2" [stack: 0x0000009540200000,0x0000009540300000] [id=13840]
  0x0000019579158240 ConcurrentGCThread "G1 Refine#3" [stack: 0x0000009540400000,0x0000009540500000] [id=23616]
  0x00000195791579a0 ConcurrentGCThread "G1 Refine#4" [stack: 0x0000009540500000,0x0000009540600000] [id=16372]
  0x000001950088e190 ConcurrentGCThread "G1 Refine#5" [stack: 0x0000009540600000,0x0000009540700000] [id=26260]
  0x0000019552e98b50 ConcurrentGCThread "G1 Service" [stack: 0x000000953ea00000,0x000000953eb00000] [id=7828]

Threads with active compile tasks:
C2 CompilerThread0    11300 9003   !   4       java.lang.ClassLoader::loadClass (121 bytes)
C1 CompilerThread0    11300 9225       2       com.sun.tools.javac.code.Symtab::instance (26 bytes)
C2 CompilerThread1    11300 9116   !   4       lombok.javac.JavacAST::drill (146 bytes)
C2 CompilerThread2    11300 9211       4       lombok.core.AST::buildWithCollection (128 bytes)

VM state: not at safepoint (normal execution)

VM Mutex/Monitor currently owned by a thread: None

Heap address: 0x0000000704e00000, size: 4018 MB, Compressed Oops mode: Zero based, Oop shift amount: 3

CDS archive(s) mapped at: [0x0000000800000000-0x0000000800bd0000-0x0000000800bd0000), size 12386304, SharedBaseAddress: 0x0000000800000000, ArchiveRelocationMode: 0.
Compressed class space mapped at: 0x0000000800c00000-0x0000000840c00000, reserved size: 1073741824
Narrow klass base: 0x0000000800000000, Narrow klass shift: 0, Narrow klass range: 0x100000000

GC Precious Log:
 CPUs: 8 total, 8 available
 Memory: 16064M
 Large Page Support: Disabled
 NUMA Support: Disabled
 Compressed Oops: Enabled (Zero based)
 Heap Region Size: 2M
 Heap Min Capacity: 8M
 Heap Initial Capacity: 252M
 Heap Max Capacity: 4018M
 Pre-touch: Disabled
 Parallel Workers: 8
 Concurrent Workers: 2
 Concurrent Refinement Workers: 8
 Periodic GC: Disabled

Heap:
 garbage-first heap   total 743424K, used 304253K [0x0000000704e00000, 0x0000000800000000)
  region size 2048K, 29 young (59392K), 1 survivors (2048K)
 Metaspace       used 30671K, committed 30976K, reserved 1081344K
  class space    used 3255K, committed 3392K, reserved 1048576K

Heap Regions: E=young(eden), S=young(survivor), O=old, HS=humongous(starts), HC=humongous(continues), CS=collection set, F=free, OA=open archive, CA=closed archive, TAMS=top-at-mark-start (previous, next)
|   0|0x0000000704e00000, 0x0000000705000000, 0x0000000705000000|100%| O|  |TAMS 0x0000000705000000, 0x0000000704e00000| Untracked 
|   1|0x0000000705000000, 0x0000000705200000, 0x0000000705200000|100%| O|  |TAMS 0x0000000705200000, 0x0000000705000000| Untracked 
|   2|0x0000000705200000, 0x0000000705400000, 0x0000000705400000|100%| O|  |TAMS 0x0000000705400000, 0x0000000705200000| Untracked 
|   3|0x0000000705400000, 0x0000000705600000, 0x0000000705600000|100%| O|  |TAMS 0x0000000705600000, 0x0000000705400000| Untracked 
|   4|0x0000000705600000, 0x0000000705800000, 0x0000000705800000|100%| O|  |TAMS 0x0000000705800000, 0x0000000705600000| Untracked 
|   5|0x0000000705800000, 0x0000000705a00000, 0x0000000705a00000|100%| O|  |TAMS 0x0000000705a00000, 0x0000000705800000| Untracked 
|   6|0x0000000705a00000, 0x0000000705c00000, 0x0000000705c00000|100%| O|  |TAMS 0x0000000705c00000, 0x0000000705a00000| Untracked 
|   7|0x0000000705c00000, 0x0000000705e00000, 0x0000000705e00000|100%| O|  |TAMS 0x0000000705e00000, 0x0000000705c00000| Untracked 
|   8|0x0000000705e00000, 0x0000000706000000, 0x0000000706000000|100%| O|  |TAMS 0x0000000706000000, 0x0000000705e00000| Untracked 
|   9|0x0000000706000000, 0x0000000706200000, 0x0000000706200000|100%| O|  |TAMS 0x0000000706200000, 0x0000000706000000| Untracked 
|  10|0x0000000706200000, 0x0000000706400000, 0x0000000706400000|100%| O|  |TAMS 0x0000000706400000, 0x0000000706200000| Untracked 
|  11|0x0000000706400000, 0x0000000706600000, 0x0000000706600000|100%| O|  |TAMS 0x0000000706600000, 0x0000000706400000| Untracked 
|  12|0x0000000706600000, 0x0000000706800000, 0x0000000706800000|100%| O|  |TAMS 0x0000000706800000, 0x0000000706600000| Untracked 
|  13|0x0000000706800000, 0x0000000706a00000, 0x0000000706a00000|100%| O|  |TAMS 0x0000000706a00000, 0x0000000706800000| Untracked 
|  14|0x0000000706a00000, 0x0000000706c00000, 0x0000000706c00000|100%| O|  |TAMS 0x0000000706c00000, 0x0000000706a00000| Untracked 
|  15|0x0000000706c00000, 0x0000000706e00000, 0x0000000706e00000|100%| O|  |TAMS 0x0000000706e00000, 0x0000000706c00000| Untracked 
|  16|0x0000000706e00000, 0x0000000707000000, 0x0000000707000000|100%| O|  |TAMS 0x0000000707000000, 0x0000000706e00000| Untracked 
|  17|0x0000000707000000, 0x0000000707200000, 0x0000000707200000|100%| O|  |TAMS 0x0000000707200000, 0x0000000707000000| Untracked 
|  18|0x0000000707200000, 0x0000000707400000, 0x0000000707400000|100%| O|  |TAMS 0x0000000707400000, 0x0000000707200000| Untracked 
|  19|0x0000000707400000, 0x0000000707600000, 0x0000000707600000|100%| O|  |TAMS 0x0000000707600000, 0x0000000707400000| Untracked 
|  20|0x0000000707600000, 0x0000000707800000, 0x0000000707800000|100%| O|  |TAMS 0x0000000707800000, 0x0000000707600000| Untracked 
|  21|0x0000000707800000, 0x0000000707a00000, 0x0000000707a00000|100%| O|  |TAMS 0x0000000707a00000, 0x0000000707800000| Untracked 
|  22|0x0000000707a00000, 0x0000000707c00000, 0x0000000707c00000|100%| O|  |TAMS 0x0000000707c00000, 0x0000000707a00000| Complete 
|  23|0x0000000707c00000, 0x0000000707e00000, 0x0000000707e00000|100%| O|  |TAMS 0x0000000707e00000, 0x0000000707c00000| Untracked 
|  24|0x0000000707e00000, 0x0000000708000000, 0x0000000708000000|100%| O|  |TAMS 0x0000000708000000, 0x0000000707e00000| Untracked 
|  25|0x0000000708000000, 0x0000000708200000, 0x0000000708200000|100%| O|  |TAMS 0x0000000708200000, 0x0000000708000000| Untracked 
|  26|0x0000000708200000, 0x0000000708400000, 0x0000000708400000|100%| O|  |TAMS 0x0000000708400000, 0x0000000708200000| Untracked 
|  27|0x0000000708400000, 0x0000000708600000, 0x0000000708600000|100%| O|  |TAMS 0x0000000708600000, 0x0000000708400000| Untracked 
|  28|0x0000000708600000, 0x0000000708800000, 0x0000000708800000|100%| O|  |TAMS 0x0000000708800000, 0x0000000708600000| Untracked 
|  29|0x0000000708800000, 0x0000000708a00000, 0x0000000708a00000|100%| O|  |TAMS 0x0000000708a00000, 0x0000000708800000| Untracked 
|  30|0x0000000708a00000, 0x0000000708c00000, 0x0000000708c00000|100%| O|  |TAMS 0x0000000708c00000, 0x0000000708a00000| Untracked 
|  31|0x0000000708c00000, 0x0000000708e00000, 0x0000000708e00000|100%| O|  |TAMS 0x0000000708e00000, 0x0000000708c00000| Untracked 
|  32|0x0000000708e00000, 0x0000000709000000, 0x0000000709000000|100%| O|  |TAMS 0x0000000709000000, 0x0000000708e00000| Untracked 
|  33|0x0000000709000000, 0x0000000709200000, 0x0000000709200000|100%| O|  |TAMS 0x0000000709200000, 0x0000000709000000| Complete 
|  34|0x0000000709200000, 0x0000000709400000, 0x0000000709400000|100%| O|  |TAMS 0x0000000709400000, 0x0000000709200000| Untracked 
|  35|0x0000000709400000, 0x0000000709600000, 0x0000000709600000|100%|HS|  |TAMS 0x0000000709600000, 0x0000000709400000| Complete 
|  36|0x0000000709600000, 0x0000000709800000, 0x0000000709800000|100%| O|  |TAMS 0x0000000709800000, 0x0000000709600000| Untracked 
|  37|0x0000000709800000, 0x0000000709a00000, 0x0000000709a00000|100%| O|  |TAMS 0x0000000709a00000, 0x0000000709800000| Untracked 
|  38|0x0000000709a00000, 0x0000000709a00000, 0x0000000709c00000|  0%| F|  |TAMS 0x0000000709a00000, 0x0000000709a00000| Untracked 
|  39|0x0000000709c00000, 0x0000000709e00000, 0x0000000709e00000|100%| O|  |TAMS 0x0000000709e00000, 0x0000000709c00000| Untracked 
|  40|0x0000000709e00000, 0x000000070a000000, 0x000000070a000000|100%| O|  |TAMS 0x000000070a000000, 0x0000000709e00000| Untracked 
|  41|0x000000070a000000, 0x000000070a200000, 0x000000070a200000|100%| O|  |TAMS 0x000000070a200000, 0x000000070a000000| Untracked 
|  42|0x000000070a200000, 0x000000070a400000, 0x000000070a400000|100%| O|  |TAMS 0x000000070a400000, 0x000000070a200000| Untracked 
|  43|0x000000070a400000, 0x000000070a600000, 0x000000070a600000|100%| O|  |TAMS 0x000000070a600000, 0x000000070a400000| Untracked 
|  44|0x000000070a600000, 0x000000070a800000, 0x000000070a800000|100%| O|  |TAMS 0x000000070a800000, 0x000000070a600000| Untracked 
|  45|0x000000070a800000, 0x000000070aa00000, 0x000000070aa00000|100%| O|  |TAMS 0x000000070aa00000, 0x000000070a800000| Untracked 
|  46|0x000000070aa00000, 0x000000070ac00000, 0x000000070ac00000|100%| O|  |TAMS 0x000000070ac00000, 0x000000070aa00000| Untracked 
|  47|0x000000070ac00000, 0x000000070ae00000, 0x000000070ae00000|100%| O|  |TAMS 0x000000070ae00000, 0x000000070ac00000| Untracked 
|  48|0x000000070ae00000, 0x000000070b000000, 0x000000070b000000|100%| O|  |TAMS 0x000000070b000000, 0x000000070ae00000| Untracked 
|  49|0x000000070b000000, 0x000000070b200000, 0x000000070b200000|100%|HS|  |TAMS 0x000000070b200000, 0x000000070b000000| Complete 
|  50|0x000000070b200000, 0x000000070b400000, 0x000000070b400000|100%| O|  |TAMS 0x000000070b400000, 0x000000070b200000| Untracked 
|  51|0x000000070b400000, 0x000000070b600000, 0x000000070b600000|100%| O|  |TAMS 0x000000070b600000, 0x000000070b400000| Untracked 
|  52|0x000000070b600000, 0x000000070b800000, 0x000000070b800000|100%| O|  |TAMS 0x000000070b800000, 0x000000070b600000| Untracked 
|  53|0x000000070b800000, 0x000000070ba00000, 0x000000070ba00000|100%| O|  |TAMS 0x000000070ba00000, 0x000000070b800000| Untracked 
|  54|0x000000070ba00000, 0x000000070bc00000, 0x000000070bc00000|100%| O|  |TAMS 0x000000070bc00000, 0x000000070ba00000| Untracked 
|  55|0x000000070bc00000, 0x000000070be00000, 0x000000070be00000|100%| O|  |TAMS 0x000000070be00000, 0x000000070bc00000| Untracked 
|  56|0x000000070be00000, 0x000000070c000000, 0x000000070c000000|100%| O|  |TAMS 0x000000070c000000, 0x000000070be00000| Untracked 
|  57|0x000000070c000000, 0x000000070c200000, 0x000000070c200000|100%| O|  |TAMS 0x000000070c200000, 0x000000070c000000| Untracked 
|  58|0x000000070c200000, 0x000000070c400000, 0x000000070c400000|100%| O|  |TAMS 0x000000070c400000, 0x000000070c200000| Untracked 
|  59|0x000000070c400000, 0x000000070c600000, 0x000000070c600000|100%| O|  |TAMS 0x000000070c600000, 0x000000070c400000| Untracked 
|  60|0x000000070c600000, 0x000000070c800000, 0x000000070c800000|100%| O|  |TAMS 0x000000070c800000, 0x000000070c600000| Untracked 
|  61|0x000000070c800000, 0x000000070ca00000, 0x000000070ca00000|100%| O|  |TAMS 0x000000070ca00000, 0x000000070c800000| Untracked 
|  62|0x000000070ca00000, 0x000000070cc00000, 0x000000070cc00000|100%| O|  |TAMS 0x000000070cc00000, 0x000000070ca00000| Untracked 
|  63|0x000000070cc00000, 0x000000070ce00000, 0x000000070ce00000|100%| O|  |TAMS 0x000000070ce00000, 0x000000070cc00000| Untracked 
|  64|0x000000070ce00000, 0x000000070d000000, 0x000000070d000000|100%| O|  |TAMS 0x000000070d000000, 0x000000070ce00000| Untracked 
|  65|0x000000070d000000, 0x000000070d200000, 0x000000070d200000|100%| O|  |TAMS 0x000000070d200000, 0x000000070d000000| Untracked 
|  66|0x000000070d200000, 0x000000070d400000, 0x000000070d400000|100%| O|  |TAMS 0x000000070d400000, 0x000000070d200000| Untracked 
|  67|0x000000070d400000, 0x000000070d400000, 0x000000070d600000|  0%| F|  |TAMS 0x000000070d400000, 0x000000070d400000| Untracked 
|  68|0x000000070d600000, 0x000000070d800000, 0x000000070d800000|100%| O|  |TAMS 0x000000070d800000, 0x000000070d600000| Untracked 
|  69|0x000000070d800000, 0x000000070da00000, 0x000000070da00000|100%|HS|  |TAMS 0x000000070da00000, 0x000000070d800000| Complete 
|  70|0x000000070da00000, 0x000000070dc00000, 0x000000070dc00000|100%| O|  |TAMS 0x000000070dc00000, 0x000000070da00000| Untracked 
|  71|0x000000070dc00000, 0x000000070de00000, 0x000000070de00000|100%| O|  |TAMS 0x000000070de00000, 0x000000070dc00000| Untracked 
|  72|0x000000070de00000, 0x000000070e000000, 0x000000070e000000|100%| O|  |TAMS 0x000000070e000000, 0x000000070de00000| Untracked 
|  73|0x000000070e000000, 0x000000070e200000, 0x000000070e200000|100%| O|  |TAMS 0x000000070e200000, 0x000000070e000000| Untracked 
|  74|0x000000070e200000, 0x000000070e400000, 0x000000070e400000|100%| O|  |TAMS 0x000000070e400000, 0x000000070e200000| Untracked 
|  75|0x000000070e400000, 0x000000070e600000, 0x000000070e600000|100%| O|  |TAMS 0x000000070e600000, 0x000000070e400000| Untracked 
|  76|0x000000070e600000, 0x000000070e800000, 0x000000070e800000|100%| O|  |TAMS 0x000000070e800000, 0x000000070e600000| Untracked 
|  77|0x000000070e800000, 0x000000070ea00000, 0x000000070ea00000|100%| O|  |TAMS 0x000000070ea00000, 0x000000070e800000| Untracked 
|  78|0x000000070ea00000, 0x000000070ec00000, 0x000000070ec00000|100%| O|  |TAMS 0x000000070ec00000, 0x000000070ea00000| Untracked 
|  79|0x000000070ec00000, 0x000000070ee00000, 0x000000070ee00000|100%| O|  |TAMS 0x000000070ee00000, 0x000000070ec00000| Untracked 
|  80|0x000000070ee00000, 0x000000070f000000, 0x000000070f000000|100%| O|  |TAMS 0x000000070f000000, 0x000000070ee00000| Untracked 
|  81|0x000000070f000000, 0x000000070f200000, 0x000000070f200000|100%| O|  |TAMS 0x000000070f200000, 0x000000070f000000| Complete 
|  82|0x000000070f200000, 0x000000070f400000, 0x000000070f400000|100%| O|  |TAMS 0x000000070f400000, 0x000000070f200000| Untracked 
|  83|0x000000070f400000, 0x000000070f600000, 0x000000070f600000|100%| O|  |TAMS 0x000000070f600000, 0x000000070f400000| Untracked 
|  84|0x000000070f600000, 0x000000070f800000, 0x000000070f800000|100%| O|  |TAMS 0x000000070f800000, 0x000000070f600000| Untracked 
|  85|0x000000070f800000, 0x000000070fa00000, 0x000000070fa00000|100%| O|  |TAMS 0x000000070fa00000, 0x000000070f800000| Untracked 
|  86|0x000000070fa00000, 0x000000070fc00000, 0x000000070fc00000|100%| O|  |TAMS 0x000000070fc00000, 0x000000070fa00000| Untracked 
|  87|0x000000070fc00000, 0x000000070fe00000, 0x000000070fe00000|100%| O|  |TAMS 0x000000070fe00000, 0x000000070fc00000| Untracked 
|  88|0x000000070fe00000, 0x0000000710000000, 0x0000000710000000|100%| O|  |TAMS 0x0000000710000000, 0x000000070fe00000| Untracked 
|  89|0x0000000710000000, 0x0000000710200000, 0x0000000710200000|100%| O|  |TAMS 0x0000000710200000, 0x0000000710000000| Untracked 
|  90|0x0000000710200000, 0x0000000710400000, 0x0000000710400000|100%| O|  |TAMS 0x0000000710400000, 0x0000000710200000| Untracked 
|  91|0x0000000710400000, 0x0000000710600000, 0x0000000710600000|100%| O|  |TAMS 0x0000000710600000, 0x0000000710400000| Untracked 
|  92|0x0000000710600000, 0x0000000710800000, 0x0000000710800000|100%| O|  |TAMS 0x0000000710800000, 0x0000000710600000| Untracked 
|  93|0x0000000710800000, 0x0000000710a00000, 0x0000000710a00000|100%| O|  |TAMS 0x0000000710a00000, 0x0000000710800000| Untracked 
|  94|0x0000000710a00000, 0x0000000710c00000, 0x0000000710c00000|100%| O|  |TAMS 0x0000000710c00000, 0x0000000710a00000| Untracked 
|  95|0x0000000710c00000, 0x0000000710e00000, 0x0000000710e00000|100%| O|  |TAMS 0x0000000710e00000, 0x0000000710c00000| Untracked 
|  96|0x0000000710e00000, 0x0000000711000000, 0x0000000711000000|100%| O|  |TAMS 0x0000000711000000, 0x0000000710e00000| Untracked 
|  97|0x0000000711000000, 0x0000000711200000, 0x0000000711200000|100%| O|  |TAMS 0x0000000711200000, 0x0000000711000000| Untracked 
|  98|0x0000000711200000, 0x0000000711400000, 0x0000000711400000|100%| O|  |TAMS 0x0000000711400000, 0x0000000711200000| Untracked 
|  99|0x0000000711400000, 0x0000000711600000, 0x0000000711600000|100%| O|  |TAMS 0x0000000711600000, 0x0000000711400000| Untracked 
| 100|0x0000000711600000, 0x0000000711800000, 0x0000000711800000|100%| O|  |TAMS 0x0000000711800000, 0x0000000711600000| Untracked 
| 101|0x0000000711800000, 0x0000000711a00000, 0x0000000711a00000|100%| O|  |TAMS 0x0000000711a00000, 0x0000000711800000| Untracked 
| 102|0x0000000711a00000, 0x0000000711c00000, 0x0000000711c00000|100%| O|  |TAMS 0x0000000711c00000, 0x0000000711a00000| Untracked 
| 103|0x0000000711c00000, 0x0000000711e00000, 0x0000000711e00000|100%| O|  |TAMS 0x0000000711e00000, 0x0000000711c00000| Untracked 
| 104|0x0000000711e00000, 0x0000000712000000, 0x0000000712000000|100%| O|  |TAMS 0x0000000712000000, 0x0000000711e00000| Untracked 
| 105|0x0000000712000000, 0x0000000712200000, 0x0000000712200000|100%| O|  |TAMS 0x0000000712200000, 0x0000000712000000| Untracked 
| 106|0x0000000712200000, 0x0000000712400000, 0x0000000712400000|100%| O|  |TAMS 0x0000000712400000, 0x0000000712200000| Untracked 
| 107|0x0000000712400000, 0x0000000712600000, 0x0000000712600000|100%| O|  |TAMS 0x0000000712600000, 0x0000000712400000| Untracked 
| 108|0x0000000712600000, 0x0000000712800000, 0x0000000712800000|100%| O|  |TAMS 0x0000000712800000, 0x0000000712600000| Untracked 
| 109|0x0000000712800000, 0x0000000712a00000, 0x0000000712a00000|100%|HS|  |TAMS 0x0000000712a00000, 0x0000000712800000| Complete 
| 110|0x0000000712a00000, 0x0000000712c00000, 0x0000000712c00000|100%| O|  |TAMS 0x0000000712c00000, 0x0000000712a00000| Untracked 
| 111|0x0000000712c00000, 0x0000000712e00000, 0x0000000712e00000|100%| O|  |TAMS 0x0000000712e00000, 0x0000000712c00000| Untracked 
| 112|0x0000000712e00000, 0x0000000713000000, 0x0000000713000000|100%| O|  |TAMS 0x0000000713000000, 0x0000000712e00000| Untracked 
| 113|0x0000000713000000, 0x0000000713200000, 0x0000000713200000|100%| O|  |TAMS 0x0000000713200000, 0x0000000713000000| Untracked 
| 114|0x0000000713200000, 0x0000000713400000, 0x0000000713400000|100%| O|  |TAMS 0x0000000713400000, 0x0000000713200000| Untracked 
| 115|0x0000000713400000, 0x0000000713600000, 0x0000000713600000|100%| O|  |TAMS 0x0000000713600000, 0x0000000713400000| Untracked 
| 116|0x0000000713600000, 0x0000000713800000, 0x0000000713800000|100%| O|  |TAMS 0x0000000713800000, 0x0000000713600000| Untracked 
| 117|0x0000000713800000, 0x0000000713a00000, 0x0000000713a00000|100%| O|  |TAMS 0x0000000713a00000, 0x0000000713800000| Untracked 
| 118|0x0000000713a00000, 0x0000000713c00000, 0x0000000713c00000|100%| O|  |TAMS 0x0000000713c00000, 0x0000000713a00000| Untracked 
| 119|0x0000000713c00000, 0x0000000713e00000, 0x0000000713e00000|100%| O|  |TAMS 0x0000000713e00000, 0x0000000713c00000| Untracked 
| 120|0x0000000713e00000, 0x0000000714000000, 0x0000000714000000|100%| O|  |TAMS 0x0000000714000000, 0x0000000713e00000| Untracked 
| 121|0x0000000714000000, 0x0000000714200000, 0x0000000714200000|100%| O|  |TAMS 0x0000000714200000, 0x0000000714000000| Untracked 
| 122|0x0000000714200000, 0x0000000714400000, 0x0000000714400000|100%| O|  |TAMS 0x0000000714400000, 0x0000000714200000| Untracked 
| 123|0x0000000714400000, 0x0000000714400000, 0x0000000714600000|  0%| F|  |TAMS 0x0000000714400000, 0x0000000714400000| Untracked 
| 124|0x0000000714600000, 0x0000000714600000, 0x0000000714800000|  0%| F|  |TAMS 0x0000000714600000, 0x0000000714600000| Untracked 
| 125|0x0000000714800000, 0x0000000714800000, 0x0000000714a00000|  0%| F|  |TAMS 0x0000000714800000, 0x0000000714800000| Untracked 
| 126|0x0000000714a00000, 0x0000000714a00000, 0x0000000714c00000|  0%| F|  |TAMS 0x0000000714a00000, 0x0000000714a00000| Untracked 
| 127|0x0000000714c00000, 0x0000000714c00000, 0x0000000714e00000|  0%| F|  |TAMS 0x0000000714c00000, 0x0000000714c00000| Untracked 
| 128|0x0000000714e00000, 0x0000000714e00000, 0x0000000715000000|  0%| F|  |TAMS 0x0000000714e00000, 0x0000000714e00000| Untracked 
| 129|0x0000000715000000, 0x0000000715000000, 0x0000000715200000|  0%| F|  |TAMS 0x0000000715000000, 0x0000000715000000| Untracked 
| 130|0x0000000715200000, 0x0000000715200000, 0x0000000715400000|  0%| F|  |TAMS 0x0000000715200000, 0x0000000715200000| Untracked 
| 131|0x0000000715400000, 0x0000000715400000, 0x0000000715600000|  0%| F|  |TAMS 0x0000000715400000, 0x0000000715400000| Untracked 
| 132|0x0000000715600000, 0x0000000715600000, 0x0000000715800000|  0%| F|  |TAMS 0x0000000715600000, 0x0000000715600000| Untracked 
| 133|0x0000000715800000, 0x0000000715800000, 0x0000000715a00000|  0%| F|  |TAMS 0x0000000715800000, 0x0000000715800000| Untracked 
| 134|0x0000000715a00000, 0x0000000715a00000, 0x0000000715c00000|  0%| F|  |TAMS 0x0000000715a00000, 0x0000000715a00000| Untracked 
| 135|0x0000000715c00000, 0x0000000715c00000, 0x0000000715e00000|  0%| F|  |TAMS 0x0000000715c00000, 0x0000000715c00000| Untracked 
| 136|0x0000000715e00000, 0x0000000715e00000, 0x0000000716000000|  0%| F|  |TAMS 0x0000000715e00000, 0x0000000715e00000| Untracked 
| 137|0x0000000716000000, 0x0000000716000000, 0x0000000716200000|  0%| F|  |TAMS 0x0000000716000000, 0x0000000716000000| Untracked 
| 138|0x0000000716200000, 0x0000000716200000, 0x0000000716400000|  0%| F|  |TAMS 0x0000000716200000, 0x0000000716200000| Untracked 
| 139|0x0000000716400000, 0x0000000716400000, 0x0000000716600000|  0%| F|  |TAMS 0x0000000716400000, 0x0000000716400000| Untracked 
| 140|0x0000000716600000, 0x0000000716600000, 0x0000000716800000|  0%| F|  |TAMS 0x0000000716600000, 0x0000000716600000| Untracked 
| 141|0x0000000716800000, 0x0000000716800000, 0x0000000716a00000|  0%| F|  |TAMS 0x0000000716800000, 0x0000000716800000| Untracked 
| 142|0x0000000716a00000, 0x0000000716a00000, 0x0000000716c00000|  0%| F|  |TAMS 0x0000000716a00000, 0x0000000716a00000| Untracked 
| 143|0x0000000716c00000, 0x0000000716c00000, 0x0000000716e00000|  0%| F|  |TAMS 0x0000000716c00000, 0x0000000716c00000| Untracked 
| 144|0x0000000716e00000, 0x0000000716e00000, 0x0000000717000000|  0%| F|  |TAMS 0x0000000716e00000, 0x0000000716e00000| Untracked 
| 145|0x0000000717000000, 0x0000000717000000, 0x0000000717200000|  0%| F|  |TAMS 0x0000000717000000, 0x0000000717000000| Untracked 
| 146|0x0000000717200000, 0x0000000717200000, 0x0000000717400000|  0%| F|  |TAMS 0x0000000717200000, 0x0000000717200000| Untracked 
| 147|0x0000000717400000, 0x0000000717400000, 0x0000000717600000|  0%| F|  |TAMS 0x0000000717400000, 0x0000000717400000| Untracked 
| 148|0x0000000717600000, 0x0000000717600000, 0x0000000717800000|  0%| F|  |TAMS 0x0000000717600000, 0x0000000717600000| Untracked 
| 149|0x0000000717800000, 0x0000000717800000, 0x0000000717a00000|  0%| F|  |TAMS 0x0000000717800000, 0x0000000717800000| Untracked 
| 150|0x0000000717a00000, 0x0000000717a00000, 0x0000000717c00000|  0%| F|  |TAMS 0x0000000717a00000, 0x0000000717a00000| Untracked 
| 151|0x0000000717c00000, 0x0000000717c00000, 0x0000000717e00000|  0%| F|  |TAMS 0x0000000717c00000, 0x0000000717c00000| Untracked 
| 152|0x0000000717e00000, 0x0000000717e00000, 0x0000000718000000|  0%| F|  |TAMS 0x0000000717e00000, 0x0000000717e00000| Untracked 
| 153|0x0000000718000000, 0x0000000718000000, 0x0000000718200000|  0%| F|  |TAMS 0x0000000718000000, 0x0000000718000000| Untracked 
| 154|0x0000000718200000, 0x0000000718200000, 0x0000000718400000|  0%| F|  |TAMS 0x0000000718200000, 0x0000000718200000| Untracked 
| 155|0x0000000718400000, 0x0000000718400000, 0x0000000718600000|  0%| F|  |TAMS 0x0000000718400000, 0x0000000718400000| Untracked 
| 156|0x0000000718600000, 0x0000000718600000, 0x0000000718800000|  0%| F|  |TAMS 0x0000000718600000, 0x0000000718600000| Untracked 
| 157|0x0000000718800000, 0x0000000718800000, 0x0000000718a00000|  0%| F|  |TAMS 0x0000000718800000, 0x0000000718800000| Untracked 
| 158|0x0000000718a00000, 0x0000000718a00000, 0x0000000718c00000|  0%| F|  |TAMS 0x0000000718a00000, 0x0000000718a00000| Untracked 
| 159|0x0000000718c00000, 0x0000000718c00000, 0x0000000718e00000|  0%| F|  |TAMS 0x0000000718c00000, 0x0000000718c00000| Untracked 
| 160|0x0000000718e00000, 0x0000000718e00000, 0x0000000719000000|  0%| F|  |TAMS 0x0000000718e00000, 0x0000000718e00000| Untracked 
| 161|0x0000000719000000, 0x0000000719000000, 0x0000000719200000|  0%| F|  |TAMS 0x0000000719000000, 0x0000000719000000| Untracked 
| 162|0x0000000719200000, 0x0000000719200000, 0x0000000719400000|  0%| F|  |TAMS 0x0000000719200000, 0x0000000719200000| Untracked 
| 163|0x0000000719400000, 0x0000000719400000, 0x0000000719600000|  0%| F|  |TAMS 0x0000000719400000, 0x0000000719400000| Untracked 
| 164|0x0000000719600000, 0x0000000719600000, 0x0000000719800000|  0%| F|  |TAMS 0x0000000719600000, 0x0000000719600000| Untracked 
| 165|0x0000000719800000, 0x0000000719800000, 0x0000000719a00000|  0%| F|  |TAMS 0x0000000719800000, 0x0000000719800000| Untracked 
| 166|0x0000000719a00000, 0x0000000719a00000, 0x0000000719c00000|  0%| F|  |TAMS 0x0000000719a00000, 0x0000000719a00000| Untracked 
| 167|0x0000000719c00000, 0x0000000719c00000, 0x0000000719e00000|  0%| F|  |TAMS 0x0000000719c00000, 0x0000000719c00000| Untracked 
| 168|0x0000000719e00000, 0x0000000719e00000, 0x000000071a000000|  0%| F|  |TAMS 0x0000000719e00000, 0x0000000719e00000| Untracked 
| 169|0x000000071a000000, 0x000000071a11f730, 0x000000071a200000| 56%| S|CS|TAMS 0x000000071a000000, 0x000000071a000000| Complete 
| 170|0x000000071a200000, 0x000000071a200000, 0x000000071a400000|  0%| F|  |TAMS 0x000000071a200000, 0x000000071a200000| Untracked 
| 171|0x000000071a400000, 0x000000071a400000, 0x000000071a600000|  0%| F|  |TAMS 0x000000071a400000, 0x000000071a400000| Untracked 
| 172|0x000000071a600000, 0x000000071a600000, 0x000000071a800000|  0%| F|  |TAMS 0x000000071a600000, 0x000000071a600000| Untracked 
| 173|0x000000071a800000, 0x000000071a800000, 0x000000071aa00000|  0%| F|  |TAMS 0x000000071a800000, 0x000000071a800000| Untracked 
| 174|0x000000071aa00000, 0x000000071aa00000, 0x000000071ac00000|  0%| F|  |TAMS 0x000000071aa00000, 0x000000071aa00000| Untracked 
| 175|0x000000071ac00000, 0x000000071ac00000, 0x000000071ae00000|  0%| F|  |TAMS 0x000000071ac00000, 0x000000071ac00000| Untracked 
| 176|0x000000071ae00000, 0x000000071ae00000, 0x000000071b000000|  0%| F|  |TAMS 0x000000071ae00000, 0x000000071ae00000| Untracked 
| 177|0x000000071b000000, 0x000000071b000000, 0x000000071b200000|  0%| F|  |TAMS 0x000000071b000000, 0x000000071b000000| Untracked 
| 178|0x000000071b200000, 0x000000071b200000, 0x000000071b400000|  0%| F|  |TAMS 0x000000071b200000, 0x000000071b200000| Untracked 
| 179|0x000000071b400000, 0x000000071b400000, 0x000000071b600000|  0%| F|  |TAMS 0x000000071b400000, 0x000000071b400000| Untracked 
| 180|0x000000071b600000, 0x000000071b600000, 0x000000071b800000|  0%| F|  |TAMS 0x000000071b600000, 0x000000071b600000| Untracked 
| 181|0x000000071b800000, 0x000000071b800000, 0x000000071ba00000|  0%| F|  |TAMS 0x000000071b800000, 0x000000071b800000| Untracked 
| 182|0x000000071ba00000, 0x000000071ba00000, 0x000000071bc00000|  0%| F|  |TAMS 0x000000071ba00000, 0x000000071ba00000| Untracked 
| 183|0x000000071bc00000, 0x000000071bc00000, 0x000000071be00000|  0%| F|  |TAMS 0x000000071bc00000, 0x000000071bc00000| Untracked 
| 184|0x000000071be00000, 0x000000071be00000, 0x000000071c000000|  0%| F|  |TAMS 0x000000071be00000, 0x000000071be00000| Untracked 
| 185|0x000000071c000000, 0x000000071c000000, 0x000000071c200000|  0%| F|  |TAMS 0x000000071c000000, 0x000000071c000000| Untracked 
| 186|0x000000071c200000, 0x000000071c200000, 0x000000071c400000|  0%| F|  |TAMS 0x000000071c200000, 0x000000071c200000| Untracked 
| 187|0x000000071c400000, 0x000000071c400000, 0x000000071c600000|  0%| F|  |TAMS 0x000000071c400000, 0x000000071c400000| Untracked 
| 188|0x000000071c600000, 0x000000071c600000, 0x000000071c800000|  0%| F|  |TAMS 0x000000071c600000, 0x000000071c600000| Untracked 
| 189|0x000000071c800000, 0x000000071c800000, 0x000000071ca00000|  0%| F|  |TAMS 0x000000071c800000, 0x000000071c800000| Untracked 
| 190|0x000000071ca00000, 0x000000071ca00000, 0x000000071cc00000|  0%| F|  |TAMS 0x000000071ca00000, 0x000000071ca00000| Untracked 
| 191|0x000000071cc00000, 0x000000071cc00000, 0x000000071ce00000|  0%| F|  |TAMS 0x000000071cc00000, 0x000000071cc00000| Untracked 
| 192|0x000000071ce00000, 0x000000071ce00000, 0x000000071d000000|  0%| F|  |TAMS 0x000000071ce00000, 0x000000071ce00000| Untracked 
| 193|0x000000071d000000, 0x000000071d000000, 0x000000071d200000|  0%| F|  |TAMS 0x000000071d000000, 0x000000071d000000| Untracked 
| 194|0x000000071d200000, 0x000000071d200000, 0x000000071d400000|  0%| F|  |TAMS 0x000000071d200000, 0x000000071d200000| Untracked 
| 195|0x000000071d400000, 0x000000071d400000, 0x000000071d600000|  0%| F|  |TAMS 0x000000071d400000, 0x000000071d400000| Untracked 
| 196|0x000000071d600000, 0x000000071d600000, 0x000000071d800000|  0%| F|  |TAMS 0x000000071d600000, 0x000000071d600000| Untracked 
| 197|0x000000071d800000, 0x000000071d800000, 0x000000071da00000|  0%| F|  |TAMS 0x000000071d800000, 0x000000071d800000| Untracked 
| 198|0x000000071da00000, 0x000000071da00000, 0x000000071dc00000|  0%| F|  |TAMS 0x000000071da00000, 0x000000071da00000| Untracked 
| 199|0x000000071dc00000, 0x000000071dc00000, 0x000000071de00000|  0%| F|  |TAMS 0x000000071dc00000, 0x000000071dc00000| Untracked 
| 200|0x000000071de00000, 0x000000071de00000, 0x000000071e000000|  0%| F|  |TAMS 0x000000071de00000, 0x000000071de00000| Untracked 
| 201|0x000000071e000000, 0x000000071e000000, 0x000000071e200000|  0%| F|  |TAMS 0x000000071e000000, 0x000000071e000000| Untracked 
| 202|0x000000071e200000, 0x000000071e200000, 0x000000071e400000|  0%| F|  |TAMS 0x000000071e200000, 0x000000071e200000| Untracked 
| 203|0x000000071e400000, 0x000000071e400000, 0x000000071e600000|  0%| F|  |TAMS 0x000000071e400000, 0x000000071e400000| Untracked 
| 204|0x000000071e600000, 0x000000071e600000, 0x000000071e800000|  0%| F|  |TAMS 0x000000071e600000, 0x000000071e600000| Untracked 
| 205|0x000000071e800000, 0x000000071e800000, 0x000000071ea00000|  0%| F|  |TAMS 0x000000071e800000, 0x000000071e800000| Untracked 
| 206|0x000000071ea00000, 0x000000071ea00000, 0x000000071ec00000|  0%| F|  |TAMS 0x000000071ea00000, 0x000000071ea00000| Untracked 
| 207|0x000000071ec00000, 0x000000071ec00000, 0x000000071ee00000|  0%| F|  |TAMS 0x000000071ec00000, 0x000000071ec00000| Untracked 
| 208|0x000000071ee00000, 0x000000071ee00000, 0x000000071f000000|  0%| F|  |TAMS 0x000000071ee00000, 0x000000071ee00000| Untracked 
| 209|0x000000071f000000, 0x000000071f000000, 0x000000071f200000|  0%| F|  |TAMS 0x000000071f000000, 0x000000071f000000| Untracked 
| 210|0x000000071f200000, 0x000000071f200000, 0x000000071f400000|  0%| F|  |TAMS 0x000000071f200000, 0x000000071f200000| Untracked 
| 211|0x000000071f400000, 0x000000071f400000, 0x000000071f600000|  0%| F|  |TAMS 0x000000071f400000, 0x000000071f400000| Untracked 
| 212|0x000000071f600000, 0x000000071f600000, 0x000000071f800000|  0%| F|  |TAMS 0x000000071f600000, 0x000000071f600000| Untracked 
| 213|0x000000071f800000, 0x000000071f800000, 0x000000071fa00000|  0%| F|  |TAMS 0x000000071f800000, 0x000000071f800000| Untracked 
| 214|0x000000071fa00000, 0x000000071fa00000, 0x000000071fc00000|  0%| F|  |TAMS 0x000000071fa00000, 0x000000071fa00000| Untracked 
| 215|0x000000071fc00000, 0x000000071fc00000, 0x000000071fe00000|  0%| F|  |TAMS 0x000000071fc00000, 0x000000071fc00000| Untracked 
| 216|0x000000071fe00000, 0x000000071fe00000, 0x0000000720000000|  0%| F|  |TAMS 0x000000071fe00000, 0x000000071fe00000| Untracked 
| 217|0x0000000720000000, 0x0000000720000000, 0x0000000720200000|  0%| F|  |TAMS 0x0000000720000000, 0x0000000720000000| Untracked 
| 218|0x0000000720200000, 0x0000000720200000, 0x0000000720400000|  0%| F|  |TAMS 0x0000000720200000, 0x0000000720200000| Untracked 
| 219|0x0000000720400000, 0x0000000720400000, 0x0000000720600000|  0%| F|  |TAMS 0x0000000720400000, 0x0000000720400000| Untracked 
| 220|0x0000000720600000, 0x0000000720600000, 0x0000000720800000|  0%| F|  |TAMS 0x0000000720600000, 0x0000000720600000| Untracked 
| 221|0x0000000720800000, 0x0000000720800000, 0x0000000720a00000|  0%| F|  |TAMS 0x0000000720800000, 0x0000000720800000| Untracked 
| 222|0x0000000720a00000, 0x0000000720a00000, 0x0000000720c00000|  0%| F|  |TAMS 0x0000000720a00000, 0x0000000720a00000| Untracked 
| 223|0x0000000720c00000, 0x0000000720c00000, 0x0000000720e00000|  0%| F|  |TAMS 0x0000000720c00000, 0x0000000720c00000| Untracked 
| 224|0x0000000720e00000, 0x0000000720e00000, 0x0000000721000000|  0%| F|  |TAMS 0x0000000720e00000, 0x0000000720e00000| Untracked 
| 225|0x0000000721000000, 0x0000000721000000, 0x0000000721200000|  0%| F|  |TAMS 0x0000000721000000, 0x0000000721000000| Untracked 
| 226|0x0000000721200000, 0x0000000721200000, 0x0000000721400000|  0%| F|  |TAMS 0x0000000721200000, 0x0000000721200000| Untracked 
| 227|0x0000000721400000, 0x0000000721400000, 0x0000000721600000|  0%| F|  |TAMS 0x0000000721400000, 0x0000000721400000| Untracked 
| 228|0x0000000721600000, 0x0000000721600000, 0x0000000721800000|  0%| F|  |TAMS 0x0000000721600000, 0x0000000721600000| Untracked 
| 229|0x0000000721800000, 0x0000000721800000, 0x0000000721a00000|  0%| F|  |TAMS 0x0000000721800000, 0x0000000721800000| Untracked 
| 230|0x0000000721a00000, 0x0000000721a00000, 0x0000000721c00000|  0%| F|  |TAMS 0x0000000721a00000, 0x0000000721a00000| Untracked 
| 231|0x0000000721c00000, 0x0000000721c00000, 0x0000000721e00000|  0%| F|  |TAMS 0x0000000721c00000, 0x0000000721c00000| Untracked 
| 232|0x0000000721e00000, 0x0000000721e00000, 0x0000000722000000|  0%| F|  |TAMS 0x0000000721e00000, 0x0000000721e00000| Untracked 
| 233|0x0000000722000000, 0x0000000722000000, 0x0000000722200000|  0%| F|  |TAMS 0x0000000722000000, 0x0000000722000000| Untracked 
| 234|0x0000000722200000, 0x0000000722200000, 0x0000000722400000|  0%| F|  |TAMS 0x0000000722200000, 0x0000000722200000| Untracked 
| 235|0x0000000722400000, 0x0000000722400000, 0x0000000722600000|  0%| F|  |TAMS 0x0000000722400000, 0x0000000722400000| Untracked 
| 236|0x0000000722600000, 0x0000000722600000, 0x0000000722800000|  0%| F|  |TAMS 0x0000000722600000, 0x0000000722600000| Untracked 
| 237|0x0000000722800000, 0x0000000722800000, 0x0000000722a00000|  0%| F|  |TAMS 0x0000000722800000, 0x0000000722800000| Untracked 
| 238|0x0000000722a00000, 0x0000000722a00000, 0x0000000722c00000|  0%| F|  |TAMS 0x0000000722a00000, 0x0000000722a00000| Untracked 
| 239|0x0000000722c00000, 0x0000000722c00000, 0x0000000722e00000|  0%| F|  |TAMS 0x0000000722c00000, 0x0000000722c00000| Untracked 
| 240|0x0000000722e00000, 0x0000000722e00000, 0x0000000723000000|  0%| F|  |TAMS 0x0000000722e00000, 0x0000000722e00000| Untracked 
| 241|0x0000000723000000, 0x0000000723000000, 0x0000000723200000|  0%| F|  |TAMS 0x0000000723000000, 0x0000000723000000| Untracked 
| 242|0x0000000723200000, 0x0000000723200000, 0x0000000723400000|  0%| F|  |TAMS 0x0000000723200000, 0x0000000723200000| Untracked 
| 243|0x0000000723400000, 0x0000000723400000, 0x0000000723600000|  0%| F|  |TAMS 0x0000000723400000, 0x0000000723400000| Untracked 
| 244|0x0000000723600000, 0x0000000723600000, 0x0000000723800000|  0%| F|  |TAMS 0x0000000723600000, 0x0000000723600000| Untracked 
| 245|0x0000000723800000, 0x0000000723800000, 0x0000000723a00000|  0%| F|  |TAMS 0x0000000723800000, 0x0000000723800000| Untracked 
| 246|0x0000000723a00000, 0x0000000723a00000, 0x0000000723c00000|  0%| F|  |TAMS 0x0000000723a00000, 0x0000000723a00000| Untracked 
| 247|0x0000000723c00000, 0x0000000723c00000, 0x0000000723e00000|  0%| F|  |TAMS 0x0000000723c00000, 0x0000000723c00000| Untracked 
| 248|0x0000000723e00000, 0x0000000723e00000, 0x0000000724000000|  0%| F|  |TAMS 0x0000000723e00000, 0x0000000723e00000| Untracked 
| 249|0x0000000724000000, 0x0000000724000000, 0x0000000724200000|  0%| F|  |TAMS 0x0000000724000000, 0x0000000724000000| Untracked 
| 250|0x0000000724200000, 0x0000000724200000, 0x0000000724400000|  0%| F|  |TAMS 0x0000000724200000, 0x0000000724200000| Untracked 
| 251|0x0000000724400000, 0x0000000724400000, 0x0000000724600000|  0%| F|  |TAMS 0x0000000724400000, 0x0000000724400000| Untracked 
| 252|0x0000000724600000, 0x0000000724600000, 0x0000000724800000|  0%| F|  |TAMS 0x0000000724600000, 0x0000000724600000| Untracked 
| 253|0x0000000724800000, 0x0000000724800000, 0x0000000724a00000|  0%| F|  |TAMS 0x0000000724800000, 0x0000000724800000| Untracked 
| 254|0x0000000724a00000, 0x0000000724a00000, 0x0000000724c00000|  0%| F|  |TAMS 0x0000000724a00000, 0x0000000724a00000| Untracked 
| 255|0x0000000724c00000, 0x0000000724c00000, 0x0000000724e00000|  0%| F|  |TAMS 0x0000000724c00000, 0x0000000724c00000| Untracked 
| 256|0x0000000724e00000, 0x0000000724e00000, 0x0000000725000000|  0%| F|  |TAMS 0x0000000724e00000, 0x0000000724e00000| Untracked 
| 257|0x0000000725000000, 0x0000000725000000, 0x0000000725200000|  0%| F|  |TAMS 0x0000000725000000, 0x0000000725000000| Untracked 
| 258|0x0000000725200000, 0x0000000725200000, 0x0000000725400000|  0%| F|  |TAMS 0x0000000725200000, 0x0000000725200000| Untracked 
| 259|0x0000000725400000, 0x0000000725400000, 0x0000000725600000|  0%| F|  |TAMS 0x0000000725400000, 0x0000000725400000| Untracked 
| 260|0x0000000725600000, 0x0000000725600000, 0x0000000725800000|  0%| F|  |TAMS 0x0000000725600000, 0x0000000725600000| Untracked 
| 261|0x0000000725800000, 0x0000000725800000, 0x0000000725a00000|  0%| F|  |TAMS 0x0000000725800000, 0x0000000725800000| Untracked 
| 262|0x0000000725a00000, 0x0000000725a00000, 0x0000000725c00000|  0%| F|  |TAMS 0x0000000725a00000, 0x0000000725a00000| Untracked 
| 263|0x0000000725c00000, 0x0000000725c00000, 0x0000000725e00000|  0%| F|  |TAMS 0x0000000725c00000, 0x0000000725c00000| Untracked 
| 264|0x0000000725e00000, 0x0000000725e00000, 0x0000000726000000|  0%| F|  |TAMS 0x0000000725e00000, 0x0000000725e00000| Untracked 
| 265|0x0000000726000000, 0x0000000726000000, 0x0000000726200000|  0%| F|  |TAMS 0x0000000726000000, 0x0000000726000000| Untracked 
| 266|0x0000000726200000, 0x0000000726200000, 0x0000000726400000|  0%| F|  |TAMS 0x0000000726200000, 0x0000000726200000| Untracked 
| 267|0x0000000726400000, 0x0000000726400000, 0x0000000726600000|  0%| F|  |TAMS 0x0000000726400000, 0x0000000726400000| Untracked 
| 268|0x0000000726600000, 0x0000000726600000, 0x0000000726800000|  0%| F|  |TAMS 0x0000000726600000, 0x0000000726600000| Untracked 
| 269|0x0000000726800000, 0x0000000726800000, 0x0000000726a00000|  0%| F|  |TAMS 0x0000000726800000, 0x0000000726800000| Untracked 
| 270|0x0000000726a00000, 0x0000000726a00000, 0x0000000726c00000|  0%| F|  |TAMS 0x0000000726a00000, 0x0000000726a00000| Untracked 
| 271|0x0000000726c00000, 0x0000000726c00000, 0x0000000726e00000|  0%| F|  |TAMS 0x0000000726c00000, 0x0000000726c00000| Untracked 
| 272|0x0000000726e00000, 0x0000000726e00000, 0x0000000727000000|  0%| F|  |TAMS 0x0000000726e00000, 0x0000000726e00000| Untracked 
| 273|0x0000000727000000, 0x0000000727000000, 0x0000000727200000|  0%| F|  |TAMS 0x0000000727000000, 0x0000000727000000| Untracked 
| 274|0x0000000727200000, 0x0000000727200000, 0x0000000727400000|  0%| F|  |TAMS 0x0000000727200000, 0x0000000727200000| Untracked 
| 275|0x0000000727400000, 0x0000000727400000, 0x0000000727600000|  0%| F|  |TAMS 0x0000000727400000, 0x0000000727400000| Untracked 
| 276|0x0000000727600000, 0x0000000727600000, 0x0000000727800000|  0%| F|  |TAMS 0x0000000727600000, 0x0000000727600000| Untracked 
| 277|0x0000000727800000, 0x0000000727800000, 0x0000000727a00000|  0%| F|  |TAMS 0x0000000727800000, 0x0000000727800000| Untracked 
| 278|0x0000000727a00000, 0x0000000727a00000, 0x0000000727c00000|  0%| F|  |TAMS 0x0000000727a00000, 0x0000000727a00000| Untracked 
| 279|0x0000000727c00000, 0x0000000727c00000, 0x0000000727e00000|  0%| F|  |TAMS 0x0000000727c00000, 0x0000000727c00000| Untracked 
| 280|0x0000000727e00000, 0x0000000727e00000, 0x0000000728000000|  0%| F|  |TAMS 0x0000000727e00000, 0x0000000727e00000| Untracked 
| 281|0x0000000728000000, 0x0000000728000000, 0x0000000728200000|  0%| F|  |TAMS 0x0000000728000000, 0x0000000728000000| Untracked 
| 282|0x0000000728200000, 0x0000000728200000, 0x0000000728400000|  0%| F|  |TAMS 0x0000000728200000, 0x0000000728200000| Untracked 
| 283|0x0000000728400000, 0x0000000728400000, 0x0000000728600000|  0%| F|  |TAMS 0x0000000728400000, 0x0000000728400000| Untracked 
| 284|0x0000000728600000, 0x0000000728600000, 0x0000000728800000|  0%| F|  |TAMS 0x0000000728600000, 0x0000000728600000| Untracked 
| 285|0x0000000728800000, 0x0000000728800000, 0x0000000728a00000|  0%| F|  |TAMS 0x0000000728800000, 0x0000000728800000| Untracked 
| 286|0x0000000728a00000, 0x0000000728a00000, 0x0000000728c00000|  0%| F|  |TAMS 0x0000000728a00000, 0x0000000728a00000| Untracked 
| 287|0x0000000728c00000, 0x0000000728c00000, 0x0000000728e00000|  0%| F|  |TAMS 0x0000000728c00000, 0x0000000728c00000| Untracked 
| 288|0x0000000728e00000, 0x0000000728e00000, 0x0000000729000000|  0%| F|  |TAMS 0x0000000728e00000, 0x0000000728e00000| Untracked 
| 289|0x0000000729000000, 0x0000000729000000, 0x0000000729200000|  0%| F|  |TAMS 0x0000000729000000, 0x0000000729000000| Untracked 
| 290|0x0000000729200000, 0x0000000729200000, 0x0000000729400000|  0%| F|  |TAMS 0x0000000729200000, 0x0000000729200000| Untracked 
| 291|0x0000000729400000, 0x0000000729400000, 0x0000000729600000|  0%| F|  |TAMS 0x0000000729400000, 0x0000000729400000| Untracked 
| 292|0x0000000729600000, 0x0000000729600000, 0x0000000729800000|  0%| F|  |TAMS 0x0000000729600000, 0x0000000729600000| Untracked 
| 293|0x0000000729800000, 0x0000000729800000, 0x0000000729a00000|  0%| F|  |TAMS 0x0000000729800000, 0x0000000729800000| Untracked 
| 294|0x0000000729a00000, 0x0000000729a00000, 0x0000000729c00000|  0%| F|  |TAMS 0x0000000729a00000, 0x0000000729a00000| Untracked 
| 295|0x0000000729c00000, 0x0000000729c00000, 0x0000000729e00000|  0%| F|  |TAMS 0x0000000729c00000, 0x0000000729c00000| Untracked 
| 296|0x0000000729e00000, 0x0000000729e00000, 0x000000072a000000|  0%| F|  |TAMS 0x0000000729e00000, 0x0000000729e00000| Untracked 
| 297|0x000000072a000000, 0x000000072a000000, 0x000000072a200000|  0%| F|  |TAMS 0x000000072a000000, 0x000000072a000000| Untracked 
| 298|0x000000072a200000, 0x000000072a200000, 0x000000072a400000|  0%| F|  |TAMS 0x000000072a200000, 0x000000072a200000| Untracked 
| 299|0x000000072a400000, 0x000000072a400000, 0x000000072a600000|  0%| F|  |TAMS 0x000000072a400000, 0x000000072a400000| Untracked 
| 300|0x000000072a600000, 0x000000072a600000, 0x000000072a800000|  0%| F|  |TAMS 0x000000072a600000, 0x000000072a600000| Untracked 
| 301|0x000000072a800000, 0x000000072a800000, 0x000000072aa00000|  0%| F|  |TAMS 0x000000072a800000, 0x000000072a800000| Untracked 
| 302|0x000000072aa00000, 0x000000072aa00000, 0x000000072ac00000|  0%| F|  |TAMS 0x000000072aa00000, 0x000000072aa00000| Untracked 
| 303|0x000000072ac00000, 0x000000072ac00000, 0x000000072ae00000|  0%| F|  |TAMS 0x000000072ac00000, 0x000000072ac00000| Untracked 
| 304|0x000000072ae00000, 0x000000072ae00000, 0x000000072b000000|  0%| F|  |TAMS 0x000000072ae00000, 0x000000072ae00000| Untracked 
| 305|0x000000072b000000, 0x000000072b000000, 0x000000072b200000|  0%| F|  |TAMS 0x000000072b000000, 0x000000072b000000| Untracked 
| 306|0x000000072b200000, 0x000000072b200000, 0x000000072b400000|  0%| F|  |TAMS 0x000000072b200000, 0x000000072b200000| Untracked 
| 307|0x000000072b400000, 0x000000072b400000, 0x000000072b600000|  0%| F|  |TAMS 0x000000072b400000, 0x000000072b400000| Untracked 
| 308|0x000000072b600000, 0x000000072b600000, 0x000000072b800000|  0%| F|  |TAMS 0x000000072b600000, 0x000000072b600000| Untracked 
| 309|0x000000072b800000, 0x000000072b800000, 0x000000072ba00000|  0%| F|  |TAMS 0x000000072b800000, 0x000000072b800000| Untracked 
| 310|0x000000072ba00000, 0x000000072ba00000, 0x000000072bc00000|  0%| F|  |TAMS 0x000000072ba00000, 0x000000072ba00000| Untracked 
| 311|0x000000072bc00000, 0x000000072bc00000, 0x000000072be00000|  0%| F|  |TAMS 0x000000072bc00000, 0x000000072bc00000| Untracked 
| 312|0x000000072be00000, 0x000000072be00000, 0x000000072c000000|  0%| F|  |TAMS 0x000000072be00000, 0x000000072be00000| Untracked 
| 313|0x000000072c000000, 0x000000072c000000, 0x000000072c200000|  0%| F|  |TAMS 0x000000072c000000, 0x000000072c000000| Untracked 
| 314|0x000000072c200000, 0x000000072c200000, 0x000000072c400000|  0%| F|  |TAMS 0x000000072c200000, 0x000000072c200000| Untracked 
| 315|0x000000072c400000, 0x000000072c400000, 0x000000072c600000|  0%| F|  |TAMS 0x000000072c400000, 0x000000072c400000| Untracked 
| 316|0x000000072c600000, 0x000000072c600000, 0x000000072c800000|  0%| F|  |TAMS 0x000000072c600000, 0x000000072c600000| Untracked 
| 317|0x000000072c800000, 0x000000072c800000, 0x000000072ca00000|  0%| F|  |TAMS 0x000000072c800000, 0x000000072c800000| Untracked 
| 318|0x000000072ca00000, 0x000000072ca00000, 0x000000072cc00000|  0%| F|  |TAMS 0x000000072ca00000, 0x000000072ca00000| Untracked 
| 319|0x000000072cc00000, 0x000000072cc00000, 0x000000072ce00000|  0%| F|  |TAMS 0x000000072cc00000, 0x000000072cc00000| Untracked 
| 320|0x000000072ce00000, 0x000000072ce00000, 0x000000072d000000|  0%| F|  |TAMS 0x000000072ce00000, 0x000000072ce00000| Untracked 
| 321|0x000000072d000000, 0x000000072d000000, 0x000000072d200000|  0%| F|  |TAMS 0x000000072d000000, 0x000000072d000000| Untracked 
| 322|0x000000072d200000, 0x000000072d200000, 0x000000072d400000|  0%| F|  |TAMS 0x000000072d200000, 0x000000072d200000| Untracked 
| 323|0x000000072d400000, 0x000000072d400000, 0x000000072d600000|  0%| F|  |TAMS 0x000000072d400000, 0x000000072d400000| Untracked 
| 324|0x000000072d600000, 0x000000072d600000, 0x000000072d800000|  0%| F|  |TAMS 0x000000072d600000, 0x000000072d600000| Untracked 
| 325|0x000000072d800000, 0x000000072d800000, 0x000000072da00000|  0%| F|  |TAMS 0x000000072d800000, 0x000000072d800000| Untracked 
| 326|0x000000072da00000, 0x000000072da00000, 0x000000072dc00000|  0%| F|  |TAMS 0x000000072da00000, 0x000000072da00000| Untracked 
| 327|0x000000072dc00000, 0x000000072dc00000, 0x000000072de00000|  0%| F|  |TAMS 0x000000072dc00000, 0x000000072dc00000| Untracked 
| 328|0x000000072de00000, 0x000000072de00000, 0x000000072e000000|  0%| F|  |TAMS 0x000000072de00000, 0x000000072de00000| Untracked 
| 329|0x000000072e000000, 0x000000072e000000, 0x000000072e200000|  0%| F|  |TAMS 0x000000072e000000, 0x000000072e000000| Untracked 
| 330|0x000000072e200000, 0x000000072e200000, 0x000000072e400000|  0%| F|  |TAMS 0x000000072e200000, 0x000000072e200000| Untracked 
| 331|0x000000072e400000, 0x000000072e400000, 0x000000072e600000|  0%| F|  |TAMS 0x000000072e400000, 0x000000072e400000| Untracked 
| 332|0x000000072e600000, 0x000000072e600000, 0x000000072e800000|  0%| F|  |TAMS 0x000000072e600000, 0x000000072e600000| Untracked 
| 333|0x000000072e800000, 0x000000072e800000, 0x000000072ea00000|  0%| F|  |TAMS 0x000000072e800000, 0x000000072e800000| Untracked 
| 334|0x000000072ea00000, 0x000000072ec00000, 0x000000072ec00000|100%| E|  |TAMS 0x000000072ea00000, 0x000000072ea00000| Complete 
| 335|0x000000072ec00000, 0x000000072ee00000, 0x000000072ee00000|100%| E|CS|TAMS 0x000000072ec00000, 0x000000072ec00000| Complete 
| 336|0x000000072ee00000, 0x000000072f000000, 0x000000072f000000|100%| E|CS|TAMS 0x000000072ee00000, 0x000000072ee00000| Complete 
| 337|0x000000072f000000, 0x000000072f200000, 0x000000072f200000|100%| E|CS|TAMS 0x000000072f000000, 0x000000072f000000| Complete 
| 338|0x000000072f200000, 0x000000072f400000, 0x000000072f400000|100%| E|CS|TAMS 0x000000072f200000, 0x000000072f200000| Complete 
| 339|0x000000072f400000, 0x000000072f600000, 0x000000072f600000|100%| E|CS|TAMS 0x000000072f400000, 0x000000072f400000| Complete 
| 340|0x000000072f600000, 0x000000072f800000, 0x000000072f800000|100%| E|CS|TAMS 0x000000072f600000, 0x000000072f600000| Complete 
| 341|0x000000072f800000, 0x000000072fa00000, 0x000000072fa00000|100%| E|CS|TAMS 0x000000072f800000, 0x000000072f800000| Complete 
| 342|0x000000072fa00000, 0x000000072fc00000, 0x000000072fc00000|100%| E|CS|TAMS 0x000000072fa00000, 0x000000072fa00000| Complete 
| 343|0x000000072fc00000, 0x000000072fe00000, 0x000000072fe00000|100%| E|CS|TAMS 0x000000072fc00000, 0x000000072fc00000| Complete 
| 344|0x000000072fe00000, 0x0000000730000000, 0x0000000730000000|100%| E|CS|TAMS 0x000000072fe00000, 0x000000072fe00000| Complete 
| 345|0x0000000730000000, 0x0000000730200000, 0x0000000730200000|100%| E|CS|TAMS 0x0000000730000000, 0x0000000730000000| Complete 
| 346|0x0000000730200000, 0x0000000730400000, 0x0000000730400000|100%| E|CS|TAMS 0x0000000730200000, 0x0000000730200000| Complete 
| 347|0x0000000730400000, 0x0000000730600000, 0x0000000730600000|100%| E|CS|TAMS 0x0000000730400000, 0x0000000730400000| Complete 
| 348|0x0000000730600000, 0x0000000730800000, 0x0000000730800000|100%| E|CS|TAMS 0x0000000730600000, 0x0000000730600000| Complete 
| 349|0x0000000730800000, 0x0000000730a00000, 0x0000000730a00000|100%| E|CS|TAMS 0x0000000730800000, 0x0000000730800000| Complete 
| 350|0x0000000730a00000, 0x0000000730c00000, 0x0000000730c00000|100%| E|CS|TAMS 0x0000000730a00000, 0x0000000730a00000| Complete 
| 351|0x0000000730c00000, 0x0000000730e00000, 0x0000000730e00000|100%| E|CS|TAMS 0x0000000730c00000, 0x0000000730c00000| Complete 
| 352|0x0000000730e00000, 0x0000000731000000, 0x0000000731000000|100%| E|CS|TAMS 0x0000000730e00000, 0x0000000730e00000| Complete 
| 353|0x0000000731000000, 0x0000000731200000, 0x0000000731200000|100%| E|CS|TAMS 0x0000000731000000, 0x0000000731000000| Complete 
| 354|0x0000000731200000, 0x0000000731400000, 0x0000000731400000|100%| E|CS|TAMS 0x0000000731200000, 0x0000000731200000| Complete 
| 355|0x0000000731400000, 0x0000000731600000, 0x0000000731600000|100%| E|CS|TAMS 0x0000000731400000, 0x0000000731400000| Complete 
| 356|0x0000000731600000, 0x0000000731800000, 0x0000000731800000|100%| E|CS|TAMS 0x0000000731600000, 0x0000000731600000| Complete 
| 357|0x0000000731800000, 0x0000000731a00000, 0x0000000731a00000|100%| E|CS|TAMS 0x0000000731800000, 0x0000000731800000| Complete 
| 358|0x0000000731a00000, 0x0000000731c00000, 0x0000000731c00000|100%| E|CS|TAMS 0x0000000731a00000, 0x0000000731a00000| Complete 
| 359|0x0000000731c00000, 0x0000000731e00000, 0x0000000731e00000|100%| E|CS|TAMS 0x0000000731c00000, 0x0000000731c00000| Complete 
| 360|0x0000000731e00000, 0x0000000732000000, 0x0000000732000000|100%| E|CS|TAMS 0x0000000731e00000, 0x0000000731e00000| Complete 
| 361|0x0000000732000000, 0x0000000732200000, 0x0000000732200000|100%| E|CS|TAMS 0x0000000732000000, 0x0000000732000000| Complete 
| 362|0x0000000732200000, 0x0000000732400000, 0x0000000732400000|100%| E|CS|TAMS 0x0000000732200000, 0x0000000732200000| Complete 

Card table byte_map: [0x000001956a160000,0x000001956a940000] _byte_map_base: 0x0000019566939000

Marking Bits (Prev, Next): (CMBitMap*) 0x0000019552e3fbf0, (CMBitMap*) 0x0000019552e3fbb0
 Prev Bits: [0x000001956eff0000, 0x0000019572eb8000)
 Next Bits: [0x000001956b120000, 0x000001956efe8000)

Polling page: 0x00000195525a0000

Metaspace:

Usage:
  Non-class:     26.77 MB used.
      Class:      3.18 MB used.
       Both:     29.95 MB used.

Virtual space:
  Non-class space:       32.00 MB reserved,      26.94 MB ( 84%) committed,  4 nodes.
      Class space:        1.00 GB reserved,       3.31 MB ( <1%) committed,  1 nodes.
             Both:        1.03 GB reserved,      30.25 MB (  3%) committed. 

Chunk freelists:
   Non-Class:  336.00 KB
       Class:  582.00 KB
        Both:  918.00 KB

MaxMetaspaceSize: unlimited
CompressedClassSpaceSize: 1.00 GB
Initial GC threshold: 21.00 MB
Current GC threshold: 49.94 MB
CDS: on
MetaspaceReclaimPolicy: balanced
 - commit_granule_bytes: 65536.
 - commit_granule_words: 8192.
 - virtual_space_node_default_size: 1048576.
 - enlarge_chunks_in_place: 1.
 - new_chunks_are_fully_committed: 0.
 - uncommit_free_chunks: 1.
 - use_allocation_guard: 0.
 - handle_deallocations: 1.


Internal statistics:

num_allocs_failed_limit: 0.
num_arena_births: 234.
num_arena_deaths: 0.
num_vsnodes_births: 5.
num_vsnodes_deaths: 0.
num_space_committed: 484.
num_space_uncommitted: 0.
num_chunks_returned_to_freelist: 0.
num_chunks_taken_from_freelist: 1334.
num_chunk_merges: 0.
num_chunk_splits: 963.
num_chunks_enlarged: 760.
num_purges: 0.
num_inconsistent_stats: 0.

CodeHeap 'non-profiled nmethods': size=120000Kb used=6265Kb max_used=6859Kb free=113734Kb
 bounds [0x0000019562120000, 0x00000195627e0000, 0x0000019569650000]
CodeHeap 'profiled nmethods': size=120000Kb used=15043Kb max_used=16680Kb free=104956Kb
 bounds [0x000001955a650000, 0x000001955b6a0000, 0x0000019561b80000]
CodeHeap 'non-nmethods': size=5760Kb used=1230Kb max_used=1292Kb free=4529Kb
 bounds [0x0000019561b80000, 0x0000019561df0000, 0x0000019562120000]
 total_blobs=7719 nmethods=7198 adapters=433
 compilation: enabled
              stopped_count=0, restarted_count=0
 full_count=0

Compilation events (20 events):
Event: 11.257 Thread 0x0000019575968370 9214       2       java.net.URI::normalize (5 bytes)
Event: 11.257 Thread 0x0000019575968370 nmethod 9214 0x000001955a831b10 code [0x000001955a831ca0, 0x000001955a831dc8]
Event: 11.257 Thread 0x0000019575968370 9215       2       java.net.URI::normalize (115 bytes)
Event: 11.258 Thread 0x0000019575968370 nmethod 9215 0x000001955aa65b10 code [0x000001955aa65ce0, 0x000001955aa66228]
Event: 11.258 Thread 0x0000019575968370 9216       2       java.net.URI::normalize (65 bytes)
Event: 11.258 Thread 0x0000019575968370 nmethod 9216 0x000001955ad5c010 code [0x000001955ad5c220, 0x000001955ad5c608]
Event: 11.258 Thread 0x0000019575968370 9217       2       lombok.javac.PackageName::getPackageName (18 bytes)
Event: 11.259 Thread 0x0000019575968370 nmethod 9217 0x000001955a6cca90 code [0x000001955a6ccc40, 0x000001955a6ccd98]
Event: 11.259 Thread 0x0000019575968370 9218   !   2       lombok.javac.PackageName::getPackageNode (71 bytes)
Event: 11.259 Thread 0x000001957b2d5be0 nmethod 9169 0x00000195626e1a90 code [0x00000195626e1c60, 0x00000195626e2348]
Event: 11.259 Thread 0x000001957b2d5be0 9211       4       lombok.core.AST::buildWithCollection (128 bytes)
Event: 11.259 Thread 0x0000019575968370 nmethod 9218 0x000001955a887490 code [0x000001955a8876a0, 0x000001955a887bf8]
Event: 11.270 Thread 0x0000019575968370 9219       2       lombok.javac.JavacAST::buildCompilationUnit (74 bytes)
Event: 11.271 Thread 0x0000019575968370 nmethod 9219 0x000001955aa4c190 code [0x000001955aa4c3a0, 0x000001955aa4cb88]
Event: 11.272 Thread 0x0000019575968370 9222       2       java.util.Collections$SingletonList::contains (9 bytes)
Event: 11.272 Thread 0x0000019575968370 nmethod 9222 0x000001955ab83590 code [0x000001955ab83720, 0x000001955ab83888]
Event: 11.274 Thread 0x0000019575968370 9223       2       lombok.javac.JavacTransformer$AnnotationVisitor::visitAnnotationOnType (34 bytes)
Event: 11.275 Thread 0x0000019575968370 nmethod 9223 0x000001955a679b10 code [0x000001955a679cc0, 0x000001955a679ea8]
Event: 11.276 Thread 0x0000019575968370 9224       2       com.sun.tools.javac.util.Log::instance (26 bytes)
Event: 11.276 Thread 0x0000019575968370 nmethod 9224 0x000001955a752290 code [0x000001955a752440, 0x000001955a752668]

GC Heap History (20 events):
Event: 5.151 GC heap before
{Heap before GC invocations=7 (full 0):
 garbage-first heap   total 311296K, used 221693K [0x0000000704e00000, 0x0000000800000000)
  region size 2048K, 70 young (143360K), 10 survivors (20480K)
 Metaspace       used 19074K, committed 19328K, reserved 1073152K
  class space    used 2025K, committed 2176K, reserved 1048576K
}
Event: 5.163 GC heap after
{Heap after GC invocations=8 (full 0):
 garbage-first heap   total 311296K, used 117247K [0x0000000704e00000, 0x0000000800000000)
  region size 2048K, 9 young (18432K), 9 survivors (18432K)
 Metaspace       used 19074K, committed 19328K, reserved 1073152K
  class space    used 2025K, committed 2176K, reserved 1048576K
}
Event: 5.644 GC heap before
{Heap before GC invocations=8 (full 0):
 garbage-first heap   total 311296K, used 227839K [0x0000000704e00000, 0x0000000800000000)
  region size 2048K, 62 young (126976K), 9 survivors (18432K)
 Metaspace       used 19473K, committed 19776K, reserved 1073152K
  class space    used 2064K, committed 2240K, reserved 1048576K
}
Event: 5.668 GC heap after
{Heap after GC invocations=9 (full 0):
 garbage-first heap   total 311296K, used 159538K [0x0000000704e00000, 0x0000000800000000)
  region size 2048K, 8 young (16384K), 8 survivors (16384K)
 Metaspace       used 19473K, committed 19776K, reserved 1073152K
  class space    used 2064K, committed 2240K, reserved 1048576K
}
Event: 5.979 GC heap before
{Heap before GC invocations=9 (full 0):
 garbage-first heap   total 311296K, used 231218K [0x0000000704e00000, 0x0000000800000000)
  region size 2048K, 43 young (88064K), 8 survivors (16384K)
 Metaspace       used 19964K, committed 20288K, reserved 1073152K
  class space    used 2107K, committed 2240K, reserved 1048576K
}
Event: 5.993 GC heap after
{Heap after GC invocations=10 (full 0):
 garbage-first heap   total 311296K, used 175001K [0x0000000704e00000, 0x0000000800000000)
  region size 2048K, 6 young (12288K), 6 survivors (12288K)
 Metaspace       used 19964K, committed 20288K, reserved 1073152K
  class space    used 2107K, committed 2240K, reserved 1048576K
}
Event: 6.699 GC heap before
{Heap before GC invocations=11 (full 0):
 garbage-first heap   total 335872K, used 232345K [0x0000000704e00000, 0x0000000800000000)
  region size 2048K, 37 young (75776K), 6 survivors (12288K)
 Metaspace       used 26158K, committed 26496K, reserved 1073152K
  class space    used 2880K, committed 3072K, reserved 1048576K
}
Event: 6.707 GC heap after
{Heap after GC invocations=12 (full 0):
 garbage-first heap   total 335872K, used 175797K [0x0000000704e00000, 0x0000000800000000)
  region size 2048K, 4 young (8192K), 4 survivors (8192K)
 Metaspace       used 26158K, committed 26496K, reserved 1073152K
  class space    used 2880K, committed 3072K, reserved 1048576K
}
Event: 6.729 GC heap before
{Heap before GC invocations=12 (full 0):
 garbage-first heap   total 335872K, used 181941K [0x0000000704e00000, 0x0000000800000000)
  region size 2048K, 8 young (16384K), 4 survivors (8192K)
 Metaspace       used 26159K, committed 26496K, reserved 1073152K
  class space    used 2880K, committed 3072K, reserved 1048576K
}
Event: 6.732 GC heap after
{Heap after GC invocations=13 (full 0):
 garbage-first heap   total 428032K, used 177917K [0x0000000704e00000, 0x0000000800000000)
  region size 2048K, 1 young (2048K), 1 survivors (2048K)
 Metaspace       used 26159K, committed 26496K, reserved 1073152K
  class space    used 2880K, committed 3072K, reserved 1048576K
}
Event: 7.599 GC heap before
{Heap before GC invocations=13 (full 0):
 garbage-first heap   total 428032K, used 313085K [0x0000000704e00000, 0x0000000800000000)
  region size 2048K, 66 young (135168K), 1 survivors (2048K)
 Metaspace       used 27484K, committed 27840K, reserved 1081344K
  class space    used 2975K, committed 3136K, reserved 1048576K
}
Event: 7.614 GC heap after
{Heap after GC invocations=14 (full 0):
 garbage-first heap   total 428032K, used 218628K [0x0000000704e00000, 0x0000000800000000)
  region size 2048K, 9 young (18432K), 9 survivors (18432K)
 Metaspace       used 27484K, committed 27840K, reserved 1081344K
  class space    used 2975K, committed 3136K, reserved 1048576K
}
Event: 8.155 GC heap before
{Heap before GC invocations=14 (full 0):
 garbage-first heap   total 428032K, used 302596K [0x0000000704e00000, 0x0000000800000000)
  region size 2048K, 51 young (104448K), 9 survivors (18432K)
 Metaspace       used 28368K, committed 28736K, reserved 1081344K
  class space    used 3038K, committed 3200K, reserved 1048576K
}
Event: 8.172 GC heap after
{Heap after GC invocations=15 (full 0):
 garbage-first heap   total 428032K, used 239532K [0x0000000704e00000, 0x0000000800000000)
  region size 2048K, 8 young (16384K), 8 survivors (16384K)
 Metaspace       used 28368K, committed 28736K, reserved 1081344K
  class space    used 3038K, committed 3200K, reserved 1048576K
}
Event: 8.732 GC heap before
{Heap before GC invocations=16 (full 0):
 garbage-first heap   total 440320K, used 325548K [0x0000000704e00000, 0x0000000800000000)
  region size 2048K, 49 young (100352K), 8 survivors (16384K)
 Metaspace       used 28729K, committed 29056K, reserved 1081344K
  class space    used 3052K, committed 3200K, reserved 1048576K
}
Event: 8.749 GC heap after
{Heap after GC invocations=17 (full 0):
 garbage-first heap   total 440320K, used 251996K [0x0000000704e00000, 0x0000000800000000)
  region size 2048K, 5 young (10240K), 5 survivors (10240K)
 Metaspace       used 28729K, committed 29056K, reserved 1081344K
  class space    used 3052K, committed 3200K, reserved 1048576K
}
Event: 8.836 GC heap before
{Heap before GC invocations=17 (full 0):
 garbage-first heap   total 440320K, used 262236K [0x0000000704e00000, 0x0000000800000000)
  region size 2048K, 10 young (20480K), 5 survivors (10240K)
 Metaspace       used 28906K, committed 29248K, reserved 1081344K
  class space    used 3061K, committed 3264K, reserved 1048576K
}
Event: 8.845 GC heap after
{Heap after GC invocations=18 (full 0):
 garbage-first heap   total 440320K, used 249947K [0x0000000704e00000, 0x0000000800000000)
  region size 2048K, 1 young (2048K), 1 survivors (2048K)
 Metaspace       used 28906K, committed 29248K, reserved 1081344K
  class space    used 3061K, committed 3264K, reserved 1048576K
}
Event: 10.664 GC heap before
{Heap before GC invocations=18 (full 0):
 garbage-first heap   total 440320K, used 340059K [0x0000000704e00000, 0x0000000800000000)
  region size 2048K, 45 young (92160K), 1 survivors (2048K)
 Metaspace       used 30341K, committed 30656K, reserved 1081344K
  class space    used 3231K, committed 3392K, reserved 1048576K
}
Event: 10.669 GC heap after
{Heap after GC invocations=19 (full 0):
 garbage-first heap   total 743424K, used 249304K [0x0000000704e00000, 0x0000000800000000)
  region size 2048K, 1 young (2048K), 1 survivors (2048K)
 Metaspace       used 30341K, committed 30656K, reserved 1081344K
  class space    used 3231K, committed 3392K, reserved 1048576K
}

Deoptimization events (20 events):
Event: 11.023 Thread 0x0000019552dd1b50 DEOPT PACKING pc=0x000001956222a3f0 sp=0x000000953e5fbf70
Event: 11.023 Thread 0x0000019552dd1b50 DEOPT UNPACKING pc=0x0000019561bd5ba3 sp=0x000000953e5fbef8 mode 2
Event: 11.032 Thread 0x0000019552dd1b50 Uncommon trap: trap_request=0xffffff45 fr.pc=0x0000019562161880 relative=0x0000000000001460
Event: 11.032 Thread 0x0000019552dd1b50 Uncommon trap: reason=unstable_if action=reinterpret pc=0x0000019562161880 method=java.io.WinNTFileSystem.resolve(Ljava/lang/String;Ljava/lang/String;)Ljava/lang/String; @ 156 c2
Event: 11.032 Thread 0x0000019552dd1b50 DEOPT PACKING pc=0x0000019562161880 sp=0x000000953e5fca30
Event: 11.032 Thread 0x0000019552dd1b50 DEOPT UNPACKING pc=0x0000019561bd5ba3 sp=0x000000953e5fc970 mode 2
Event: 11.078 Thread 0x0000019552dd1b50 Uncommon trap: trap_request=0xffffff45 fr.pc=0x00000195625e0f34 relative=0x0000000000000d14
Event: 11.078 Thread 0x0000019552dd1b50 Uncommon trap: reason=unstable_if action=reinterpret pc=0x00000195625e0f34 method=java.io.WinNTFileSystem.resolve(Ljava/lang/String;Ljava/lang/String;)Ljava/lang/String; @ 156 c2
Event: 11.078 Thread 0x0000019552dd1b50 DEOPT PACKING pc=0x00000195625e0f34 sp=0x000000953e5fc9b0
Event: 11.078 Thread 0x0000019552dd1b50 DEOPT UNPACKING pc=0x0000019561bd5ba3 sp=0x000000953e5fc968 mode 2
Event: 11.164 Thread 0x0000019552dd1b50 DEOPT PACKING pc=0x000001955b29480d sp=0x000000953e5f88e0
Event: 11.164 Thread 0x0000019552dd1b50 DEOPT UNPACKING pc=0x0000019561bd66e3 sp=0x000000953e5f7d98 mode 0
Event: 11.171 Thread 0x0000019552dd1b50 DEOPT PACKING pc=0x000001955b29480d sp=0x000000953e5fb690
Event: 11.171 Thread 0x0000019552dd1b50 DEOPT UNPACKING pc=0x0000019561bd66e3 sp=0x000000953e5fab48 mode 0
Event: 11.176 Thread 0x0000019552dd1b50 DEOPT PACKING pc=0x000001955b29480d sp=0x000000953e5fabe0
Event: 11.176 Thread 0x0000019552dd1b50 DEOPT UNPACKING pc=0x0000019561bd66e3 sp=0x000000953e5fa098 mode 0
Event: 11.181 Thread 0x0000019552dd1b50 DEOPT PACKING pc=0x000001955b29480d sp=0x000000953e5fbc20
Event: 11.181 Thread 0x0000019552dd1b50 DEOPT UNPACKING pc=0x0000019561bd66e3 sp=0x000000953e5fb0d8 mode 0
Event: 11.186 Thread 0x0000019552dd1b50 DEOPT PACKING pc=0x000001955b29480d sp=0x000000953e5e0d70
Event: 11.186 Thread 0x0000019552dd1b50 DEOPT UNPACKING pc=0x0000019561bd66e3 sp=0x000000953e5e0228 mode 0

Classes unloaded (0 events):
No events

Classes redefined (0 events):
No events

Internal exceptions (20 events):
Event: 8.664 Thread 0x0000019552dd1b50 Exception <a 'sun/nio/fs/WindowsException'{0x000000071b335a18}> (0x000000071b335a18) 
thrown [s\open\src\hotspot\share\prims\jni.cpp, line 516]
Event: 8.664 Thread 0x0000019552dd1b50 Exception <a 'sun/nio/fs/WindowsException'{0x000000071b336f50}> (0x000000071b336f50) 
thrown [s\open\src\hotspot\share\prims\jni.cpp, line 516]
Event: 8.664 Thread 0x0000019552dd1b50 Exception <a 'sun/nio/fs/WindowsException'{0x000000071b337360}> (0x000000071b337360) 
thrown [s\open\src\hotspot\share\prims\jni.cpp, line 516]
Event: 8.701 Thread 0x0000019552dd1b50 Exception <a 'sun/nio/fs/WindowsException'{0x000000071ac0e1f8}> (0x000000071ac0e1f8) 
thrown [s\open\src\hotspot\share\prims\jni.cpp, line 516]
Event: 8.701 Thread 0x0000019552dd1b50 Exception <a 'sun/nio/fs/WindowsException'{0x000000071ac0e588}> (0x000000071ac0e588) 
thrown [s\open\src\hotspot\share\prims\jni.cpp, line 516]
Event: 8.701 Thread 0x0000019552dd1b50 Exception <a 'sun/nio/fs/WindowsException'{0x000000071ac10758}> (0x000000071ac10758) 
thrown [s\open\src\hotspot\share\prims\jni.cpp, line 516]
Event: 8.701 Thread 0x0000019552dd1b50 Exception <a 'sun/nio/fs/WindowsException'{0x000000071ac10a98}> (0x000000071ac10a98) 
thrown [s\open\src\hotspot\share\prims\jni.cpp, line 516]
Event: 8.701 Thread 0x0000019552dd1b50 Exception <a 'sun/nio/fs/WindowsException'{0x000000071ac13dc8}> (0x000000071ac13dc8) 
thrown [s\open\src\hotspot\share\prims\jni.cpp, line 516]
Event: 8.701 Thread 0x0000019552dd1b50 Exception <a 'sun/nio/fs/WindowsException'{0x000000071ac14150}> (0x000000071ac14150) 
thrown [s\open\src\hotspot\share\prims\jni.cpp, line 516]
Event: 8.701 Thread 0x0000019552dd1b50 Exception <a 'sun/nio/fs/WindowsException'{0x000000071ac15688}> (0x000000071ac15688) 
thrown [s\open\src\hotspot\share\prims\jni.cpp, line 516]
Event: 8.701 Thread 0x0000019552dd1b50 Exception <a 'sun/nio/fs/WindowsException'{0x000000071ac15a98}> (0x000000071ac15a98) 
thrown [s\open\src\hotspot\share\prims\jni.cpp, line 516]
Event: 8.702 Thread 0x0000019552dd1b50 Exception <a 'sun/nio/fs/WindowsException'{0x000000071ac1a450}> (0x000000071ac1a450) 
thrown [s\open\src\hotspot\share\prims\jni.cpp, line 516]
Event: 8.702 Thread 0x0000019552dd1b50 Exception <a 'sun/nio/fs/WindowsException'{0x000000071ac1a810}> (0x000000071ac1a810) 
thrown [s\open\src\hotspot\share\prims\jni.cpp, line 516]
Event: 8.702 Thread 0x0000019552dd1b50 Exception <a 'sun/nio/fs/WindowsException'{0x000000071ac1d4f8}> (0x000000071ac1d4f8) 
thrown [s\open\src\hotspot\share\prims\jni.cpp, line 516]
Event: 8.702 Thread 0x0000019552dd1b50 Exception <a 'sun/nio/fs/WindowsException'{0x000000071ac1d870}> (0x000000071ac1d870) 
thrown [s\open\src\hotspot\share\prims\jni.cpp, line 516]
Event: 8.703 Thread 0x0000019552dd1b50 Exception <a 'sun/nio/fs/WindowsException'{0x000000071ac23a90}> (0x000000071ac23a90) 
thrown [s\open\src\hotspot\share\prims\jni.cpp, line 516]
Event: 8.703 Thread 0x0000019552dd1b50 Exception <a 'sun/nio/fs/WindowsException'{0x000000071ac23e50}> (0x000000071ac23e50) 
thrown [s\open\src\hotspot\share\prims\jni.cpp, line 516]
Event: 8.703 Thread 0x0000019552dd1b50 Exception <a 'sun/nio/fs/WindowsException'{0x000000071ac253b8}> (0x000000071ac253b8) 
thrown [s\open\src\hotspot\share\prims\jni.cpp, line 516]
Event: 8.703 Thread 0x0000019552dd1b50 Exception <a 'sun/nio/fs/WindowsException'{0x000000071ac25800}> (0x000000071ac25800) 
thrown [s\open\src\hotspot\share\prims\jni.cpp, line 516]
Event: 8.949 Thread 0x0000019552dd1b50 Exception <a 'sun/nio/fs/WindowsException'{0x000000071ec57370}> (0x000000071ec57370) 
thrown [s\open\src\hotspot\share\prims\jni.cpp, line 516]

VM Operations (20 events):
Event: 8.836 Executing VM operation: G1CollectForAllocation
Event: 8.845 Executing VM operation: G1CollectForAllocation done
Event: 9.242 Executing VM operation: ICBufferFull
Event: 9.243 Executing VM operation: ICBufferFull done
Event: 10.058 Executing VM operation: HandshakeAllThreads
Event: 10.058 Executing VM operation: HandshakeAllThreads done
Event: 10.079 Executing VM operation: ICBufferFull
Event: 10.080 Executing VM operation: ICBufferFull done
Event: 10.358 Executing VM operation: HandshakeAllThreads
Event: 10.358 Executing VM operation: HandshakeAllThreads done
Event: 10.664 Executing VM operation: G1CollectForAllocation
Event: 10.669 Executing VM operation: G1CollectForAllocation done
Event: 10.845 Executing VM operation: G1Concurrent
Event: 10.851 Executing VM operation: G1Concurrent done
Event: 10.935 Executing VM operation: G1Concurrent
Event: 10.935 Executing VM operation: G1Concurrent done
Event: 10.979 Executing VM operation: HandshakeAllThreads
Event: 10.979 Executing VM operation: HandshakeAllThreads done
Event: 11.246 Executing VM operation: HandshakeAllThreads
Event: 11.246 Executing VM operation: HandshakeAllThreads done

Events (20 events):
Event: 11.259 Thread 0x0000019575968d60 flushing nmethod 0x000001955b660610
Event: 11.259 Thread 0x0000019575968d60 flushing nmethod 0x000001955b660b10
Event: 11.259 Thread 0x0000019575968d60 flushing nmethod 0x000001955b668e10
Event: 11.259 Thread 0x0000019575968d60 flushing nmethod 0x000001955b669310
Event: 11.259 Thread 0x0000019575968d60 flushing nmethod 0x000001955b66a690
Event: 11.259 Thread 0x0000019575968d60 flushing nmethod 0x000001955b66aa10
Event: 11.259 Thread 0x0000019575968d60 flushing nmethod 0x000001955b66ad90
Event: 11.259 Thread 0x0000019575968d60 flushing nmethod 0x000001955b66b110
Event: 11.259 Thread 0x0000019575968d60 flushing nmethod 0x000001955b66bc90
Event: 11.259 Thread 0x0000019575968d60 flushing nmethod 0x000001955b66c590
Event: 11.259 Thread 0x0000019575968d60 flushing nmethod 0x000001955b678810
Event: 11.259 Thread 0x0000019575968d60 flushing nmethod 0x000001955b679710
Event: 11.259 Thread 0x0000019575968d60 flushing nmethod 0x000001955b67ba90
Event: 11.259 Thread 0x0000019575968d60 flushing nmethod 0x000001955b691f10
Event: 11.259 Thread 0x0000019575968d60 flushing nmethod 0x000001955b692590
Event: 11.259 Thread 0x0000019575968d60 flushing nmethod 0x000001955b692990
Event: 11.259 Thread 0x0000019575968d60 flushing nmethod 0x000001955b693010
Event: 11.259 Thread 0x0000019575968d60 flushing nmethod 0x000001955b693590
Event: 11.259 Thread 0x0000019575968d60 flushing nmethod 0x000001955b693910
Event: 11.259 Thread 0x0000019575968d60 flushing nmethod 0x000001955b693c90


Dynamic libraries:
0x00007ff701ff0000 - 0x00007ff702000000 	C:\Program Files\Java\jdk-17\bin\java.exe
0x00007ff983cb0000 - 0x00007ff983ec6000 	C:\WINDOWS\SYSTEM32\ntdll.dll
0x00007ff982e20000 - 0x00007ff982ee4000 	C:\WINDOWS\System32\KERNEL32.DLL
0x00007ff981240000 - 0x00007ff9815e6000 	C:\WINDOWS\System32\KERNELBASE.dll
0x00007ff981120000 - 0x00007ff981231000 	C:\WINDOWS\System32\ucrtbase.dll
0x00007ff964a30000 - 0x00007ff964a4b000 	C:\Program Files\Java\jdk-17\bin\VCRUNTIME140.dll
0x00007ff962fc0000 - 0x00007ff962fd8000 	C:\Program Files\Java\jdk-17\bin\jli.dll
0x00007ff9831c0000 - 0x00007ff983272000 	C:\WINDOWS\System32\ADVAPI32.dll
0x00007ff983110000 - 0x00007ff9831b7000 	C:\WINDOWS\System32\msvcrt.dll
0x00007ff982270000 - 0x00007ff982318000 	C:\WINDOWS\System32\sechost.dll
0x00007ff981670000 - 0x00007ff981698000 	C:\WINDOWS\System32\bcrypt.dll
0x00007ff983280000 - 0x00007ff983395000 	C:\WINDOWS\System32\RPCRT4.dll
0x00007ff982320000 - 0x00007ff9824cd000 	C:\WINDOWS\System32\USER32.dll
0x00007ff959c30000 - 0x00007ff959ec3000 	C:\WINDOWS\WinSxS\amd64_microsoft.windows.common-controls_6595b64144ccf1df_6.0.22621.3235_none_270f74e173860f98\COMCTL32.dll
0x00007ff9818b0000 - 0x00007ff9818d6000 	C:\WINDOWS\System32\win32u.dll
0x00007ff982d00000 - 0x00007ff982d29000 	C:\WINDOWS\System32\GDI32.dll
0x00007ff9818e0000 - 0x00007ff9819f8000 	C:\WINDOWS\System32\gdi32full.dll
0x00007ff975ac0000 - 0x00007ff975aca000 	C:\WINDOWS\SYSTEM32\VERSION.dll
0x00007ff981810000 - 0x00007ff9818aa000 	C:\WINDOWS\System32\msvcp_win.dll
0x00007ff983b50000 - 0x00007ff983b81000 	C:\WINDOWS\System32\IMM32.DLL
0x00007ff964b40000 - 0x00007ff964b4c000 	C:\Program Files\Java\jdk-17\bin\vcruntime140_1.dll
0x00007ff93ef20000 - 0x00007ff93efae000 	C:\Program Files\Java\jdk-17\bin\msvcp140.dll
0x00007ff8f6360000 - 0x00007ff8f6f37000 	C:\Program Files\Java\jdk-17\bin\server\jvm.dll
0x00007ff983100000 - 0x00007ff983108000 	C:\WINDOWS\System32\PSAPI.DLL
0x00007ff974f10000 - 0x00007ff974f44000 	C:\WINDOWS\SYSTEM32\WINMM.dll
0x00007ff95d500000 - 0x00007ff95d509000 	C:\WINDOWS\SYSTEM32\WSOCK32.dll
0x00007ff983b90000 - 0x00007ff983c01000 	C:\WINDOWS\System32\WS2_32.dll
0x00007ff9800e0000 - 0x00007ff9800f8000 	C:\WINDOWS\SYSTEM32\kernel.appcore.dll
0x00007ff962fb0000 - 0x00007ff962fba000 	C:\Program Files\Java\jdk-17\bin\jimage.dll
0x00007ff97e930000 - 0x00007ff97eb63000 	C:\WINDOWS\SYSTEM32\DBGHELP.DLL
0x00007ff9837c0000 - 0x00007ff983b48000 	C:\WINDOWS\System32\combase.dll
0x00007ff982d30000 - 0x00007ff982e07000 	C:\WINDOWS\System32\OLEAUT32.dll
0x00007ff959320000 - 0x00007ff959352000 	C:\WINDOWS\SYSTEM32\dbgcore.DLL
0x00007ff9815f0000 - 0x00007ff98166a000 	C:\WINDOWS\System32\bcryptPrimitives.dll
0x00007ff962f80000 - 0x00007ff962fa5000 	C:\Program Files\Java\jdk-17\bin\java.dll
0x00007ff90dd40000 - 0x00007ff90de17000 	C:\Program Files\Java\jdk-17\bin\jsvml.dll
0x00007ff981a00000 - 0x00007ff98225d000 	C:\WINDOWS\System32\SHELL32.dll
0x00007ff97ef10000 - 0x00007ff97f808000 	C:\WINDOWS\SYSTEM32\windows.storage.dll
0x00007ff97edd0000 - 0x00007ff97ef0e000 	C:\WINDOWS\SYSTEM32\wintypes.dll
0x00007ff982670000 - 0x00007ff982763000 	C:\WINDOWS\System32\SHCORE.dll
0x00007ff982770000 - 0x00007ff9827ce000 	C:\WINDOWS\System32\shlwapi.dll
0x00007ff980f20000 - 0x00007ff980f46000 	C:\WINDOWS\SYSTEM32\profapi.dll
0x00007ff962e90000 - 0x00007ff962ea9000 	C:\Program Files\Java\jdk-17\bin\net.dll
0x00007ff977a40000 - 0x00007ff977b77000 	C:\WINDOWS\SYSTEM32\WINHTTP.dll
0x00007ff980550000 - 0x00007ff9805b9000 	C:\WINDOWS\system32\mswsock.dll
0x00007ff962e70000 - 0x00007ff962e86000 	C:\Program Files\Java\jdk-17\bin\nio.dll
0x00007ff962e30000 - 0x00007ff962e48000 	C:\Program Files\Java\jdk-17\bin\zip.dll
0x0000000069ac0000 - 0x0000000069ae4000 	D:\apache-maven-3.8.6\lib\jansi-native\Windows\x86_64\jansi.dll
0x00007ff962e60000 - 0x00007ff962e70000 	C:\Program Files\Java\jdk-17\bin\verify.dll
0x00007ff9808a0000 - 0x00007ff9808bb000 	C:\WINDOWS\SYSTEM32\CRYPTSP.dll
0x00007ff980040000 - 0x00007ff980075000 	C:\WINDOWS\system32\rsaenh.dll
0x00007ff9805f0000 - 0x00007ff98061c000 	C:\WINDOWS\SYSTEM32\USERENV.dll
0x00007ff980880000 - 0x00007ff98088c000 	C:\WINDOWS\SYSTEM32\CRYPTBASE.dll
0x00007ff97fae0000 - 0x00007ff97fb0d000 	C:\WINDOWS\SYSTEM32\IPHLPAPI.DLL
0x00007ff982e10000 - 0x00007ff982e19000 	C:\WINDOWS\System32\NSI.dll
0x00007ff977840000 - 0x00007ff977859000 	C:\WINDOWS\SYSTEM32\dhcpcsvc6.DLL
0x00007ff9777d0000 - 0x00007ff9777ef000 	C:\WINDOWS\SYSTEM32\dhcpcsvc.DLL
0x00007ff97fb50000 - 0x00007ff97fc49000 	C:\WINDOWS\SYSTEM32\DNSAPI.dll

dbghelp: loaded successfully - version: 4.0.5 - missing functions: none
symbol engine: initialized successfully - sym options: 0x614 - pdb path: .;C:\Program Files\Java\jdk-17\bin;C:\WINDOWS\SYSTEM32;C:\WINDOWS\WinSxS\amd64_microsoft.windows.common-controls_6595b64144ccf1df_6.0.22621.3235_none_270f74e173860f98;C:\Program Files\Java\jdk-17\bin\server;D:\apache-maven-3.8.6\lib\jansi-native\Windows\x86_64

VM Arguments:
jvm_args: -Dclassworlds.conf=D:\apache-maven-3.8.6\bin\m2.conf -Dmaven.home=D:\apache-maven-3.8.6 -Dlibrary.jansi.path=D:\apache-maven-3.8.6\lib\jansi-native -Dmaven.multiModuleProjectDirectory=D:\soum21Juin2022\MyProject\EcoleVie\mic-gestion-ecole-api 
java_command: org.codehaus.plexus.classworlds.launcher.Launcher clean quarkus:dev
java_class_path (initial): D:\apache-maven-3.8.6\boot\plexus-classworlds-2.6.0.jar
Launcher Type: SUN_STANDARD

[Global flags]
     intx CICompilerCount                          = 4                                         {product} {ergonomic}
     uint ConcGCThreads                            = 2                                         {product} {ergonomic}
     uint G1ConcRefinementThreads                  = 8                                         {product} {ergonomic}
   size_t G1HeapRegionSize                         = 2097152                                   {product} {ergonomic}
    uintx GCDrainStackTargetSize                   = 64                                        {product} {ergonomic}
   size_t InitialHeapSize                          = 264241152                                 {product} {ergonomic}
   size_t MarkStackSize                            = 4194304                                   {product} {ergonomic}
   size_t MaxHeapSize                              = 4213178368                                {product} {ergonomic}
   size_t MaxNewSize                               = 2527068160                                {product} {ergonomic}
   size_t MinHeapDeltaBytes                        = 2097152                                   {product} {ergonomic}
   size_t MinHeapSize                              = 8388608                                   {product} {ergonomic}
    uintx NonNMethodCodeHeapSize                   = 5839372                                {pd product} {ergonomic}
    uintx NonProfiledCodeHeapSize                  = 122909434                              {pd product} {ergonomic}
    uintx ProfiledCodeHeapSize                     = 122909434                              {pd product} {ergonomic}
    uintx ReservedCodeCacheSize                    = 251658240                              {pd product} {ergonomic}
     bool SegmentedCodeCache                       = true                                      {product} {ergonomic}
   size_t SoftMaxHeapSize                          = 4213178368                             {manageable} {ergonomic}
     bool UseCompressedClassPointers               = true                           {product lp64_product} {ergonomic}
     bool UseCompressedOops                        = true                           {product lp64_product} {ergonomic}
     bool UseG1GC                                  = true                                      {product} {ergonomic}
     bool UseLargePagesIndividualAllocation        = false                                  {pd product} {ergonomic}

Logging:
Log output configuration:
 #0: stdout all=warning uptime,level,tags
 #1: stderr all=off uptime,level,tags

Environment Variables:
JAVA_HOME=C:\Program Files\Java\jdk-17
PATH=C:\Program Files\Java\jdk-17\bin;C:\oraclexe\app\oracle\product\11.2.0\server\bin;C:\Program Files\Common Files\Oracle\Java\javapath;C:\Program Files (x86)\Common Files\Oracle\Java\javapath;C:\WINDOWS\system32;C:\WINDOWS;C:\WINDOWS\System32\Wbem;C:\WINDOWS\System32\WindowsPowerShell\v1.0\;C:\WINDOWS\System32\OpenSSH\;C:\Program Files\Docker\Docker\resources\bin;%M2_HOME%;%M2%;D:\apache-maven-3.8.6\bin;C:\Program Files\Git\cmd;C:\Users\HP\AppData\Roaming\npm;D:\wildfly-26.1.2.Final;C:\Program Files (x86)\Google\Cloud SDK\google-cloud-sdk\bin;C:\sigctl;C:\Users\HP\AppData\Roaming\nvm;C:\Program Files\nodejs;D:\XAMP\php;D:\ComposerSetup;C:\Users\HP\AppData\Local\Programs\Python\Python312\Scripts\;C:\Users\HP\AppData\Local\Programs\Python\Python312\;C:\Program Files\MySQL\MySQL Shell 8.0\bin\;C:\Users\HP\AppData\Local\Microsoft\WindowsApps;C:\Users\HP\AppData\Local\Programs\Microsoft VS Code\bin;"C:\Program Files\Git\bin\git.exe;C:\Program Files\Git\cmd";C:\Program Files\Java\jre1.8.0_341\bin;C:\Users\HP\AppData\Local\Android\Sdk\platform-tools;C:\Users\HP\AppData\Roaming\nvm;C:\Program Files\nodejs;C:\Users\HP\AppData\Roaming\Composer\vendor\bin;C:\Program Files\JetBrains\PyCharm Community Edition 2022.3.1\bin;
USERNAME=HP
OS=Windows_NT
PROCESSOR_IDENTIFIER=Intel64 Family 6 Model 140 Stepping 1, GenuineIntel



---------------  S Y S T E M  ---------------

OS:
 Windows 11 , 64 bit Build 22621 (10.0.22621.3235)
OS uptime: 2 days 1:09 hours
Hyper-V role detected

CPU: total 8 (initial active 8) (4 cores per cpu, 2 threads per core) family 6 model 140 stepping 1 microcode 0xb6, cx8, cmov, fxsr, ht, mmx, 3dnowpref, sse, sse2, sse3, ssse3, sse4.1, sse4.2, popcnt, lzcnt, tsc, tscinvbit, avx, avx2, aes, erms, clmul, bmi1, bmi2, adx, avx512f, avx512dq, avx512cd, avx512bw, avx512vl, sha, fma, vzeroupper, avx512_vpopcntdq, avx512_vpclmulqdq, avx512_vaes, avx512_vnni, clflush, clflushopt, clwb, avx512_vbmi2, avx512_vbmi, hv

Memory: 4k page, system-wide physical 16064M (1308M free)
TotalPageFile size 29182M (AvailPageFile size 2M)
current process WorkingSet (physical memory assigned to process): 737M, peak: 737M
current process commit charge ("private bytes"): 1020M, peak: 1020M

vm_info: Java HotSpot(TM) 64-Bit Server VM (17.0.6+9-LTS-190) for windows-amd64 JRE (17.0.6+9-LTS-190), built on Dec  6 2022 15:53:54 by "mach5one" with MS VC++ 17.1 (VS2022)

END.
