#
# There is insufficient memory for the Java Runtime Environment to continue.
# Native memory allocation (mmap) failed to map 264241152 bytes for G1 virtual space
# Possible reasons:
#   The system is out of physical RAM or swap space
#   The process is running with CompressedOops enabled, and the Java Heap may be blocking the growth of the native heap
# Possible solutions:
#   Reduce memory load on the system
#   Increase physical memory or swap space
#   Check if swap backing store is full
#   Decrease Java heap size (-Xmx/-Xms)
#   Decrease number of Java threads
#   Decrease Java thread stack sizes (-Xss)
#   Set larger code cache with -XX:ReservedCodeCacheSize=
#   JVM is running with Zero Based Compressed Oops mode in which the Java heap is
#     placed in the first 32GB address space. The Java Heap base address is the
#     maximum limit for the native heap growth. Please use -XX:HeapBaseMinAddress
#     to set the Java Heap base and to place the Java Heap above 32GB virtual address.
# This output file may be truncated or incomplete.
#
#  Out of Memory Error (os_windows.cpp:3550), pid=16012, tid=27564
#
# JRE version:  (17.0.6+9) (build )
# Java VM: Java HotSpot(TM) 64-Bit Server VM (17.0.6+9-LTS-190, mixed mode, emulated-client, sharing, tiered, compressed oops, compressed class ptrs, g1 gc, windows-amd64)
# No core dump will be written. Minidumps are not enabled by default on client versions of Windows
#

---------------  S U M M A R Y ------------

Command Line: -Dio.quarkus.force-color-support=true -Dquarkus-internal.serialized-app-model.path=D:\soum21Juin2022\MyProject\EcoleVie\mic-gestion-ecole-api\target\quarkus\bootstrap\dev-app-model.dat -javaagent:C:\Users\HP\.m2\repository\io\quarkus\quarkus-class-change-agent\2.15.0.Final\quarkus-class-change-agent-2.15.0.Final.jar -XX:TieredStopAtLevel=1 -agentlib:jdwp=transport=dt_socket,address=localhost:5005,server=y,suspend=n -Djava.util.logging.manager=org.jboss.logmanager.LogManager D:\soum21Juin2022\MyProject\EcoleVie\mic-gestion-ecole-api\target\mic-gestion-ecole-api-dev.jar

Host: 11th Gen Intel(R) Core(TM) i7-1165G7 @ 2.80GHz, 8 cores, 15G,  Windows 11 , 64 bit Build 22621 (10.0.22621.3235)
Time: Fri Apr  5 16:01:24 2024 Greenwich elapsed time: 0.024815 seconds (0d 0h 0m 0s)

---------------  T H R E A D  ---------------

Current thread (0x000002aab10338e0):  JavaThread "Unknown thread" [_thread_in_vm, id=27564, stack(0x000000b226000000,0x000000b226100000)]

Stack: [0x000000b226000000,0x000000b226100000]
Native frames: (J=compiled Java code, j=interpreted, Vv=VM code, C=native code)
V  [jvm.dll+0x6734ea]
V  [jvm.dll+0x7d18f4]
V  [jvm.dll+0x7d309e]
V  [jvm.dll+0x7d3703]
V  [jvm.dll+0x2433c5]
V  [jvm.dll+0x6703f9]
V  [jvm.dll+0x664d32]
V  [jvm.dll+0x300086]
V  [jvm.dll+0x307606]
V  [jvm.dll+0x356c1e]
V  [jvm.dll+0x356e4f]
V  [jvm.dll+0x2d72e8]
V  [jvm.dll+0x2d8254]
V  [jvm.dll+0x7a33b1]
V  [jvm.dll+0x3647f1]
V  [jvm.dll+0x782839]
V  [jvm.dll+0x3e757f]
V  [jvm.dll+0x3e9001]
C  [jli.dll+0x5297]
C  [ucrtbase.dll+0x29363]
C  [KERNEL32.DLL+0x1257d]
C  [ntdll.dll+0x5aa58]


---------------  P R O C E S S  ---------------

Threads class SMR info:
_java_thread_list=0x00007ff8f6e0e958, length=0, elements={
}

Java Threads: ( => current thread )

Other Threads:
  0x000002aab109fb10 GCTaskThread "GC Thread#0" [stack: 0x000000b226100000,0x000000b226200000] [id=28460]
  0x000002aab10b1570 ConcurrentGCThread "G1 Main Marker" [stack: 0x000000b226200000,0x000000b226300000] [id=5884]
  0x000002aab10b2720 ConcurrentGCThread "G1 Conc#0" [stack: 0x000000b226300000,0x000000b226400000] [id=9720]

[error occurred during error reporting (printing all threads), id 0xc0000005, EXCEPTION_ACCESS_VIOLATION (0xc0000005) at pc=0x00007ff8f6647f07]

VM state: not at safepoint (not fully initialized)

VM Mutex/Monitor currently owned by a thread:  ([mutex/lock_event])
[0x000002aab1031320] Heap_lock - owner thread: 0x000002aab10338e0

Heap address: 0x0000000704e00000, size: 4018 MB, Compressed Oops mode: Zero based, Oop shift amount: 3

CDS archive(s) mapped at: [0x0000000000000000-0x0000000000000000-0x0000000000000000), size 0, SharedBaseAddress: 0x0000000800000000, ArchiveRelocationMode: 0.
Narrow klass base: 0x0000000000000000, Narrow klass shift: 0, Narrow klass range: 0x0

GC Precious Log:
<Empty>

Heap:
 garbage-first heap   total 0K, used 0K [0x0000000704e00000, 0x0000000800000000)
  region size 2048K, 0 young (0K), 0 survivors (0K)

[error occurred during error reporting (printing heap information), id 0xc0000005, EXCEPTION_ACCESS_VIOLATION (0xc0000005) at pc=0x00007ff8f6a2c759]

GC Heap History (0 events):
No events

Deoptimization events (0 events):
No events

Classes unloaded (0 events):
No events

Classes redefined (0 events):
No events

Internal exceptions (0 events):
No events

VM Operations (0 events):
No events

Events (1 events):
Event: 0.014 Loaded shared library C:\Program Files\Java\jdk-17\bin\java.dll


Dynamic libraries:
0x00007ff701ff0000 - 0x00007ff702000000 	C:\Program Files\Java\jdk-17\bin\java.EXE
0x00007ff983cb0000 - 0x00007ff983ec6000 	C:\WINDOWS\SYSTEM32\ntdll.dll
0x00007ff982e20000 - 0x00007ff982ee4000 	C:\WINDOWS\System32\KERNEL32.DLL
0x00007ff981240000 - 0x00007ff9815e6000 	C:\WINDOWS\System32\KERNELBASE.dll
0x00007ff981120000 - 0x00007ff981231000 	C:\WINDOWS\System32\ucrtbase.dll
0x00007ff964a30000 - 0x00007ff964a48000 	C:\Program Files\Java\jdk-17\bin\jli.dll
0x00007ff962e90000 - 0x00007ff962eab000 	C:\Program Files\Java\jdk-17\bin\VCRUNTIME140.dll
0x00007ff9831c0000 - 0x00007ff983272000 	C:\WINDOWS\System32\ADVAPI32.dll
0x00007ff983110000 - 0x00007ff9831b7000 	C:\WINDOWS\System32\msvcrt.dll
0x00007ff982270000 - 0x00007ff982318000 	C:\WINDOWS\System32\sechost.dll
0x00007ff981670000 - 0x00007ff981698000 	C:\WINDOWS\System32\bcrypt.dll
0x00007ff983280000 - 0x00007ff983395000 	C:\WINDOWS\System32\RPCRT4.dll
0x00007ff982320000 - 0x00007ff9824cd000 	C:\WINDOWS\System32\USER32.dll
0x00007ff9818b0000 - 0x00007ff9818d6000 	C:\WINDOWS\System32\win32u.dll
0x00007ff959c30000 - 0x00007ff959ec3000 	C:\WINDOWS\WinSxS\amd64_microsoft.windows.common-controls_6595b64144ccf1df_6.0.22621.3235_none_270f74e173860f98\COMCTL32.dll
0x00007ff982d00000 - 0x00007ff982d29000 	C:\WINDOWS\System32\GDI32.dll
0x00007ff9818e0000 - 0x00007ff9819f8000 	C:\WINDOWS\System32\gdi32full.dll
0x00007ff981810000 - 0x00007ff9818aa000 	C:\WINDOWS\System32\msvcp_win.dll
0x00007ff975ac0000 - 0x00007ff975aca000 	C:\WINDOWS\SYSTEM32\VERSION.dll
0x00007ff983b50000 - 0x00007ff983b81000 	C:\WINDOWS\System32\IMM32.DLL
0x00007ff962f80000 - 0x00007ff962f8c000 	C:\Program Files\Java\jdk-17\bin\vcruntime140_1.dll
0x00007ff913950000 - 0x00007ff9139de000 	C:\Program Files\Java\jdk-17\bin\msvcp140.dll
0x00007ff8f6360000 - 0x00007ff8f6f37000 	C:\Program Files\Java\jdk-17\bin\server\jvm.dll
0x00007ff983100000 - 0x00007ff983108000 	C:\WINDOWS\System32\PSAPI.DLL
0x00007ff974f10000 - 0x00007ff974f44000 	C:\WINDOWS\SYSTEM32\WINMM.dll
0x00007ff95d500000 - 0x00007ff95d509000 	C:\WINDOWS\SYSTEM32\WSOCK32.dll
0x00007ff983b90000 - 0x00007ff983c01000 	C:\WINDOWS\System32\WS2_32.dll
0x00007ff9800e0000 - 0x00007ff9800f8000 	C:\WINDOWS\SYSTEM32\kernel.appcore.dll
0x00007ff962e80000 - 0x00007ff962e8a000 	C:\Program Files\Java\jdk-17\bin\jimage.dll
0x00007ff97e930000 - 0x00007ff97eb63000 	C:\WINDOWS\SYSTEM32\DBGHELP.DLL
0x00007ff9837c0000 - 0x00007ff983b48000 	C:\WINDOWS\System32\combase.dll
0x00007ff982d30000 - 0x00007ff982e07000 	C:\WINDOWS\System32\OLEAUT32.dll
0x00007ff959320000 - 0x00007ff959352000 	C:\WINDOWS\SYSTEM32\dbgcore.DLL
0x00007ff9815f0000 - 0x00007ff98166a000 	C:\WINDOWS\System32\bcryptPrimitives.dll
0x00007ff95d510000 - 0x00007ff95d51e000 	C:\Program Files\Java\jdk-17\bin\instrument.dll
0x00007ff962e20000 - 0x00007ff962e45000 	C:\Program Files\Java\jdk-17\bin\java.dll
0x00007ff95ac50000 - 0x00007ff95ac8b000 	C:\Program Files\Java\jdk-17\bin\jdwp.dll

dbghelp: loaded successfully - version: 4.0.5 - missing functions: none
symbol engine: initialized successfully - sym options: 0x614 - pdb path: .;C:\Program Files\Java\jdk-17\bin;C:\WINDOWS\SYSTEM32;C:\WINDOWS\WinSxS\amd64_microsoft.windows.common-controls_6595b64144ccf1df_6.0.22621.3235_none_270f74e173860f98;C:\Program Files\Java\jdk-17\bin\server

VM Arguments:
jvm_args: -Dio.quarkus.force-color-support=true -Dquarkus-internal.serialized-app-model.path=D:\soum21Juin2022\MyProject\EcoleVie\mic-gestion-ecole-api\target\quarkus\bootstrap\dev-app-model.dat -javaagent:C:\Users\HP\.m2\repository\io\quarkus\quarkus-class-change-agent\2.15.0.Final\quarkus-class-change-agent-2.15.0.Final.jar -XX:TieredStopAtLevel=1 -agentlib:jdwp=transport=dt_socket,address=localhost:5005,server=y,suspend=n -Djava.util.logging.manager=org.jboss.logmanager.LogManager 
java_command: D:\soum21Juin2022\MyProject\EcoleVie\mic-gestion-ecole-api\target\mic-gestion-ecole-api-dev.jar
java_class_path (initial): D:\soum21Juin2022\MyProject\EcoleVie\mic-gestion-ecole-api\target\mic-gestion-ecole-api-dev.jar
Launcher Type: SUN_STANDARD

[Global flags]
     intx CICompilerCount                          = 4                                         {product} {ergonomic}
     uint ConcGCThreads                            = 2                                         {product} {ergonomic}
     uint G1ConcRefinementThreads                  = 8                                         {product} {ergonomic}
   size_t G1HeapRegionSize                         = 2097152                                   {product} {ergonomic}
    uintx GCDrainStackTargetSize                   = 64                                        {product} {ergonomic}
   size_t InitialHeapSize                          = 264241152                                 {product} {ergonomic}
   size_t MarkStackSize                            = 4194304                                   {product} {ergonomic}
   size_t MaxHeapSize                              = 4213178368                                {product} {ergonomic}
   size_t MinHeapDeltaBytes                        = 2097152                                   {product} {ergonomic}
   size_t MinHeapSize                              = 8388608                                   {product} {ergonomic}
    uintx NonProfiledCodeHeapSize                  = 0                                      {pd product} {ergonomic}
     bool ProfileInterpreter                       = false                                  {pd product} {command line}
    uintx ProfiledCodeHeapSize                     = 0                                      {pd product} {ergonomic}
   size_t SoftMaxHeapSize                          = 4213178368                             {manageable} {ergonomic}
     intx TieredStopAtLevel                        = 1                                         {product} {command line}
     bool UseCompressedClassPointers               = true                           {product lp64_product} {ergonomic}
     bool UseCompressedOops                        = true                           {product lp64_product} {ergonomic}
     bool UseG1GC                                  = true                                      {product} {ergonomic}
     bool UseLargePagesIndividualAllocation        = false                                  {pd product} {ergonomic}

Logging:
Log output configuration:
 #0: stdout all=warning uptime,level,tags
 #1: stderr all=off uptime,level,tags

Environment Variables:
JAVA_HOME=C:\Program Files\Java\jdk-17
PATH=C:\Program Files\Java\jdk-17\bin;C:\oraclexe\app\oracle\product\11.2.0\server\bin;C:\Program Files\Common Files\Oracle\Java\javapath;C:\Program Files (x86)\Common Files\Oracle\Java\javapath;C:\WINDOWS\system32;C:\WINDOWS;C:\WINDOWS\System32\Wbem;C:\WINDOWS\System32\WindowsPowerShell\v1.0\;C:\WINDOWS\System32\OpenSSH\;C:\Program Files\Docker\Docker\resources\bin;%M2_HOME%;%M2%;D:\apache-maven-3.8.6\bin;C:\Program Files\Git\cmd;C:\Users\HP\AppData\Roaming\npm;D:\wildfly-26.1.2.Final;C:\Program Files (x86)\Google\Cloud SDK\google-cloud-sdk\bin;C:\sigctl;C:\Users\HP\AppData\Roaming\nvm;C:\Program Files\nodejs;D:\XAMP\php;D:\ComposerSetup;C:\Users\HP\AppData\Local\Programs\Python\Python312\Scripts\;C:\Users\HP\AppData\Local\Programs\Python\Python312\;C:\Program Files\MySQL\MySQL Shell 8.0\bin\;C:\Users\HP\AppData\Local\Microsoft\WindowsApps;C:\Users\HP\AppData\Local\Programs\Microsoft VS Code\bin;"C:\Program Files\Git\bin\git.exe;C:\Program Files\Git\cmd";C:\Program Files\Java\jre1.8.0_341\bin;C:\Users\HP\AppData\Local\Android\Sdk\platform-tools;C:\Users\HP\AppData\Roaming\nvm;C:\Program Files\nodejs;C:\Users\HP\AppData\Roaming\Composer\vendor\bin;C:\Program Files\JetBrains\PyCharm Community Edition 2022.3.1\bin;
USERNAME=HP
OS=Windows_NT
PROCESSOR_IDENTIFIER=Intel64 Family 6 Model 140 Stepping 1, GenuineIntel



---------------  S Y S T E M  ---------------

OS:
 Windows 11 , 64 bit Build 22621 (10.0.22621.3235)
OS uptime: 2 days 1:05 hours
Hyper-V role detected

CPU: total 8 (initial active 8) (4 cores per cpu, 2 threads per core) family 6 model 140 stepping 1 microcode 0xb6, cx8, cmov, fxsr, ht, mmx, 3dnowpref, sse, sse2, sse3, ssse3, sse4.1, sse4.2, popcnt, lzcnt, tsc, tscinvbit, avx, avx2, aes, erms, clmul, bmi1, bmi2, adx, avx512f, avx512dq, avx512cd, avx512bw, avx512vl, sha, fma, vzeroupper, avx512_vpopcntdq, avx512_vpclmulqdq, avx512_vaes, avx512_vnni, clflush, clflushopt, clwb, avx512_vbmi2, avx512_vbmi, hv

Memory: 4k page, system-wide physical 16064M (811M free)
TotalPageFile size 29182M (AvailPageFile size 115M)
current process WorkingSet (physical memory assigned to process): 12M, peak: 12M
current process commit charge ("private bytes"): 55M, peak: 307M

vm_info: Java HotSpot(TM) 64-Bit Server VM (17.0.6+9-LTS-190) for windows-amd64 JRE (17.0.6+9-LTS-190), built on Dec  6 2022 15:53:54 by "mach5one" with MS VC++ 17.1 (VS2022)

END.
