#
# There is insufficient memory for the Java Runtime Environment to continue.
# Native memory allocation (mmap) failed to map 362807296 bytes for G1 virtual space
# Possible reasons:
#   The system is out of physical RAM or swap space
#   The process is running with CompressedOops enabled, and the Java Heap may be blocking the growth of the native heap
# Possible solutions:
#   Reduce memory load on the system
#   Increase physical memory or swap space
#   Check if swap backing store is full
#   Decrease Java heap size (-Xmx/-Xms)
#   Decrease number of Java threads
#   Decrease Java thread stack sizes (-Xss)
#   Set larger code cache with -XX:ReservedCodeCacheSize=
#   JVM is running with Zero Based Compressed Oops mode in which the Java heap is
#     placed in the first 32GB address space. The Java Heap base address is the
#     maximum limit for the native heap growth. Please use -XX:HeapBaseMinAddress
#     to set the Java Heap base and to place the Java Heap above 32GB virtual address.
# This output file may be truncated or incomplete.
#
#  Out of Memory Error (os_windows.cpp:3550), pid=11940, tid=22364
#
# JRE version: Java(TM) SE Runtime Environment (17.0.6+9) (build 17.0.6+9-LTS-190)
# Java VM: Java HotSpot(TM) 64-Bit Server VM (17.0.6+9-LTS-190, mixed mode, sharing, tiered, compressed oops, compressed class ptrs, g1 gc, windows-amd64)
# No core dump will be written. Minidumps are not enabled by default on client versions of Windows
#

---------------  S U M M A R Y ------------

Command Line: -Dclassworlds.conf=D:\apache-maven-3.8.6\bin\m2.conf -Dmaven.home=D:\apache-maven-3.8.6 -Dlibrary.jansi.path=D:\apache-maven-3.8.6\lib\jansi-native -Dmaven.multiModuleProjectDirectory=D:\soum21Juin2022\MyProject\EcoleVie\mic-gestion-ecole-api org.codehaus.plexus.classworlds.launcher.Launcher clean package

Host: 11th Gen Intel(R) Core(TM) i7-1165G7 @ 2.80GHz, 8 cores, 15G,  Windows 11 , 64 bit Build 22621 (10.0.22621.4974)
Time: Wed Mar 26 18:22:38 2025 Greenwich elapsed time: 28.515608 seconds (0d 0h 0m 28s)

---------------  T H R E A D  ---------------

Current thread (0x0000023dd69a3a40):  VMThread "VM Thread" [stack: 0x0000004456f00000,0x0000004457000000] [id=22364]

Stack: [0x0000004456f00000,0x0000004457000000]
Native frames: (J=compiled Java code, j=interpreted, Vv=VM code, C=native code)
V  [jvm.dll+0x6734ea]
V  [jvm.dll+0x7d18f4]
V  [jvm.dll+0x7d309e]
V  [jvm.dll+0x7d3703]
V  [jvm.dll+0x2433c5]
V  [jvm.dll+0x6703f9]
V  [jvm.dll+0x664d32]
V  [jvm.dll+0x300086]
V  [jvm.dll+0x307606]
V  [jvm.dll+0x356c1e]
V  [jvm.dll+0x356e4f]
V  [jvm.dll+0x2d72e8]
V  [jvm.dll+0x2d57e5]
V  [jvm.dll+0x2d4dec]
V  [jvm.dll+0x31837b]
V  [jvm.dll+0x7d7f0b]
V  [jvm.dll+0x7d8c44]
V  [jvm.dll+0x7d915d]
V  [jvm.dll+0x7d9534]
V  [jvm.dll+0x7d9600]
V  [jvm.dll+0x781a7a]
V  [jvm.dll+0x672375]
C  [ucrtbase.dll+0x29333]
C  [KERNEL32.DLL+0x1259d]
C  [ntdll.dll+0x5af38]

VM_Operation (0x00000044569fb490): G1CollectForAllocation, mode: safepoint, requested by thread 0x0000023db3e53af0


---------------  P R O C E S S  ---------------

Threads class SMR info:
_java_thread_list=0x0000023dd8f33270, length=12, elements={
0x0000023db3e53af0, 0x0000023dd69a84e0, 0x0000023dd69a8ca0, 0x0000023dd69c29a0,
0x0000023dd69c5070, 0x0000023dd69c7640, 0x0000023dd69c7c00, 0x0000023dd7409100,
0x0000023dd74096c0, 0x0000023dd740a4d0, 0x0000023dd7579440, 0x0000023dd75823e0
}

Java Threads: ( => current thread )
  0x0000023db3e53af0 JavaThread "main" [_thread_blocked, id=17156, stack(0x0000004456900000,0x0000004456a00000)]
  0x0000023dd69a84e0 JavaThread "Reference Handler" daemon [_thread_blocked, id=21848, stack(0x0000004457000000,0x0000004457100000)]
  0x0000023dd69a8ca0 JavaThread "Finalizer" daemon [_thread_blocked, id=22464, stack(0x0000004457100000,0x0000004457200000)]
  0x0000023dd69c29a0 JavaThread "Signal Dispatcher" daemon [_thread_blocked, id=17240, stack(0x0000004457200000,0x0000004457300000)]
  0x0000023dd69c5070 JavaThread "Attach Listener" daemon [_thread_blocked, id=4952, stack(0x0000004457300000,0x0000004457400000)]
  0x0000023dd69c7640 JavaThread "Service Thread" daemon [_thread_blocked, id=25124, stack(0x0000004457400000,0x0000004457500000)]
  0x0000023dd69c7c00 JavaThread "Monitor Deflation Thread" daemon [_thread_blocked, id=24684, stack(0x0000004457500000,0x0000004457600000)]
  0x0000023dd7409100 JavaThread "C2 CompilerThread0" daemon [_thread_blocked, id=24884, stack(0x0000004457600000,0x0000004457700000)]
  0x0000023dd74096c0 JavaThread "C1 CompilerThread0" daemon [_thread_blocked, id=15008, stack(0x0000004457700000,0x0000004457800000)]
  0x0000023dd740a4d0 JavaThread "Sweeper thread" daemon [_thread_blocked, id=24152, stack(0x0000004457800000,0x0000004457900000)]
  0x0000023dd7579440 JavaThread "Notification Thread" daemon [_thread_blocked, id=24596, stack(0x0000004457900000,0x0000004457a00000)]
  0x0000023dd75823e0 JavaThread "Common-Cleaner" daemon [_thread_blocked, id=25152, stack(0x0000004457b00000,0x0000004457c00000)]

Other Threads:
=>0x0000023dd69a3a40 VMThread "VM Thread" [stack: 0x0000004456f00000,0x0000004457000000] [id=22364]
  0x0000023dd7581d40 WatcherThread [stack: 0x0000004457a00000,0x0000004457b00000] [id=8244]
  0x0000023db3ec0190 GCTaskThread "GC Thread#0" [stack: 0x0000004456a00000,0x0000004456b00000] [id=25192]
  0x0000023dd7e9a810 GCTaskThread "GC Thread#1" [stack: 0x0000004457e00000,0x0000004457f00000] [id=10176]
  0x0000023dd81e2560 GCTaskThread "GC Thread#2" [stack: 0x0000004457f00000,0x0000004458000000] [id=25444]
  0x0000023dd7e3a3f0 GCTaskThread "GC Thread#3" [stack: 0x0000004458000000,0x0000004458100000] [id=20048]
  0x0000023dd8235e90 GCTaskThread "GC Thread#4" [stack: 0x0000004458100000,0x0000004458200000] [id=19228]
  0x0000023dd8237970 GCTaskThread "GC Thread#5" [stack: 0x0000004458200000,0x0000004458300000] [id=24344]
  0x0000023dd8237410 GCTaskThread "GC Thread#6" [stack: 0x0000004458300000,0x0000004458400000] [id=24004]
  0x0000023dd8236eb0 GCTaskThread "GC Thread#7" [stack: 0x0000004458400000,0x0000004458500000] [id=6372]
  0x0000023db3ed1bf0 ConcurrentGCThread "G1 Main Marker" [stack: 0x0000004456b00000,0x0000004456c00000] [id=25100]
  0x0000023db3ed2600 ConcurrentGCThread "G1 Conc#0" [stack: 0x0000004456c00000,0x0000004456d00000] [id=4540]
  0x0000023dd8236c00 ConcurrentGCThread "G1 Conc#1" [stack: 0x0000004458800000,0x0000004458900000] [id=7332]
  0x0000023dd685b520 ConcurrentGCThread "G1 Refine#0" [stack: 0x0000004456d00000,0x0000004456e00000] [id=1264]
  0x0000023dd9c1ce50 ConcurrentGCThread "G1 Refine#1" [stack: 0x0000004457d00000,0x0000004457e00000] [id=24760]
  0x0000023dd9c1d130 ConcurrentGCThread "G1 Refine#2" [stack: 0x0000004458500000,0x0000004458600000] [id=14716]
  0x0000023dd9c1d410 ConcurrentGCThread "G1 Refine#3" [stack: 0x0000004458600000,0x0000004458700000] [id=14468]
  0x0000023dd9c1d6f0 ConcurrentGCThread "G1 Refine#4" [stack: 0x0000004458700000,0x0000004458800000] [id=8556]
  0x0000023dd9c1d9d0 ConcurrentGCThread "G1 Refine#5" [stack: 0x0000004458900000,0x0000004458a00000] [id=24928]
  0x0000023dd9c1e550 ConcurrentGCThread "G1 Refine#6" [stack: 0x0000004457c00000,0x0000004457d00000] [id=6916]
  0x0000023dd685d970 ConcurrentGCThread "G1 Service" [stack: 0x0000004456e00000,0x0000004456f00000] [id=19116]

Threads with active compile tasks:
C2 CompilerThread0    28539 7133   !   4       com.sun.tools.javac.parser.JavaTokenizer::readToken (1731 bytes)

VM state: at safepoint (normal execution)

VM Mutex/Monitor currently owned by a thread:  ([mutex/lock_event])
[0x0000023db3e4fcd0] Threads_lock - owner thread: 0x0000023dd69a3a40
[0x0000023db3e4fbb0] Heap_lock - owner thread: 0x0000023db3e53af0

Heap address: 0x0000000704e00000, size: 4018 MB, Compressed Oops mode: Zero based, Oop shift amount: 3

CDS archive(s) mapped at: [0x0000000800000000-0x0000000800bd0000-0x0000000800bd0000), size 12386304, SharedBaseAddress: 0x0000000800000000, ArchiveRelocationMode: 0.
Compressed class space mapped at: 0x0000000800c00000-0x0000000840c00000, reserved size: 1073741824
Narrow klass base: 0x0000000800000000, Narrow klass shift: 0, Narrow klass range: 0x100000000

GC Precious Log:
 CPUs: 8 total, 8 available
 Memory: 16064M
 Large Page Support: Disabled
 NUMA Support: Disabled
 Compressed Oops: Enabled (Zero based)
 Heap Region Size: 2M
 Heap Min Capacity: 8M
 Heap Initial Capacity: 252M
 Heap Max Capacity: 4018M
 Pre-touch: Disabled
 Parallel Workers: 8
 Concurrent Workers: 2
 Concurrent Refinement Workers: 8
 Periodic GC: Disabled

Heap:
 garbage-first heap   total 339968K, used 219136K [0x0000000704e00000, 0x0000000800000000)
  region size 2048K, 4 young (8192K), 4 survivors (8192K)
 Metaspace       used 25883K, committed 26304K, reserved 1073152K
  class space    used 2798K, committed 3008K, reserved 1048576K

Heap Regions: E=young(eden), S=young(survivor), O=old, HS=humongous(starts), HC=humongous(continues), CS=collection set, F=free, OA=open archive, CA=closed archive, TAMS=top-at-mark-start (previous, next)
|   0|0x0000000704e00000, 0x0000000705000000, 0x0000000705000000|100%| O|  |TAMS 0x0000000705000000, 0x0000000705000000| Untracked 
|   1|0x0000000705000000, 0x0000000705200000, 0x0000000705200000|100%| O|  |TAMS 0x0000000705200000, 0x0000000705200000| Untracked 
|   2|0x0000000705200000, 0x0000000705400000, 0x0000000705400000|100%| O|  |TAMS 0x0000000705400000, 0x0000000705400000| Untracked 
|   3|0x0000000705400000, 0x0000000705600000, 0x0000000705600000|100%| O|  |TAMS 0x0000000705600000, 0x0000000705600000| Untracked 
|   4|0x0000000705600000, 0x0000000705800000, 0x0000000705800000|100%| O|  |TAMS 0x0000000705800000, 0x0000000705800000| Untracked 
|   5|0x0000000705800000, 0x0000000705a00000, 0x0000000705a00000|100%| O|  |TAMS 0x0000000705a00000, 0x0000000705a00000| Untracked 
|   6|0x0000000705a00000, 0x0000000705c00000, 0x0000000705c00000|100%| O|  |TAMS 0x0000000705c00000, 0x0000000705c00000| Untracked 
|   7|0x0000000705c00000, 0x0000000705e00000, 0x0000000705e00000|100%| O|  |TAMS 0x0000000705e00000, 0x0000000705e00000| Untracked 
|   8|0x0000000705e00000, 0x0000000706000000, 0x0000000706000000|100%| O|  |TAMS 0x0000000706000000, 0x0000000706000000| Untracked 
|   9|0x0000000706000000, 0x0000000706200000, 0x0000000706200000|100%| O|  |TAMS 0x0000000706200000, 0x0000000706200000| Untracked 
|  10|0x0000000706200000, 0x0000000706400000, 0x0000000706400000|100%| O|  |TAMS 0x0000000706400000, 0x0000000706400000| Untracked 
|  11|0x0000000706400000, 0x0000000706600000, 0x0000000706600000|100%| O|  |TAMS 0x0000000706600000, 0x0000000706600000| Untracked 
|  12|0x0000000706600000, 0x0000000706800000, 0x0000000706800000|100%| O|  |TAMS 0x0000000706800000, 0x0000000706800000| Untracked 
|  13|0x0000000706800000, 0x0000000706a00000, 0x0000000706a00000|100%| O|  |TAMS 0x0000000706a00000, 0x0000000706a00000| Untracked 
|  14|0x0000000706a00000, 0x0000000706c00000, 0x0000000706c00000|100%| O|  |TAMS 0x0000000706c00000, 0x0000000706c00000| Untracked 
|  15|0x0000000706c00000, 0x0000000706e00000, 0x0000000706e00000|100%| O|  |TAMS 0x0000000706e00000, 0x0000000706e00000| Untracked 
|  16|0x0000000706e00000, 0x0000000707000000, 0x0000000707000000|100%| O|  |TAMS 0x0000000707000000, 0x0000000707000000| Untracked 
|  17|0x0000000707000000, 0x0000000707200000, 0x0000000707200000|100%| O|  |TAMS 0x0000000707200000, 0x0000000707200000| Untracked 
|  18|0x0000000707200000, 0x0000000707400000, 0x0000000707400000|100%| O|  |TAMS 0x0000000707400000, 0x0000000707400000| Untracked 
|  19|0x0000000707400000, 0x0000000707600000, 0x0000000707600000|100%| O|  |TAMS 0x0000000707600000, 0x0000000707600000| Untracked 
|  20|0x0000000707600000, 0x0000000707800000, 0x0000000707800000|100%| O|  |TAMS 0x0000000707800000, 0x0000000707800000| Untracked 
|  21|0x0000000707800000, 0x0000000707a00000, 0x0000000707a00000|100%| O|  |TAMS 0x0000000707800000, 0x0000000707800000| Untracked 
|  22|0x0000000707a00000, 0x0000000707c00000, 0x0000000707c00000|100%| O|  |TAMS 0x0000000707c00000, 0x0000000707c00000| Untracked 
|  23|0x0000000707c00000, 0x0000000707e00000, 0x0000000707e00000|100%| O|  |TAMS 0x0000000707e00000, 0x0000000707e00000| Untracked 
|  24|0x0000000707e00000, 0x0000000708000000, 0x0000000708000000|100%| O|  |TAMS 0x0000000708000000, 0x0000000708000000| Untracked 
|  25|0x0000000708000000, 0x0000000708200000, 0x0000000708200000|100%| O|  |TAMS 0x0000000708200000, 0x0000000708200000| Untracked 
|  26|0x0000000708200000, 0x0000000708400000, 0x0000000708400000|100%| O|  |TAMS 0x0000000708400000, 0x0000000708400000| Untracked 
|  27|0x0000000708400000, 0x0000000708600000, 0x0000000708600000|100%| O|  |TAMS 0x0000000708600000, 0x0000000708600000| Untracked 
|  28|0x0000000708600000, 0x0000000708800000, 0x0000000708800000|100%| O|  |TAMS 0x0000000708800000, 0x0000000708800000| Untracked 
|  29|0x0000000708800000, 0x0000000708a00000, 0x0000000708a00000|100%| O|  |TAMS 0x0000000708a00000, 0x0000000708a00000| Untracked 
|  30|0x0000000708a00000, 0x0000000708c00000, 0x0000000708c00000|100%| O|  |TAMS 0x0000000708c00000, 0x0000000708c00000| Untracked 
|  31|0x0000000708c00000, 0x0000000708e00000, 0x0000000708e00000|100%| O|  |TAMS 0x0000000708e00000, 0x0000000708e00000| Untracked 
|  32|0x0000000708e00000, 0x0000000709000000, 0x0000000709000000|100%| O|  |TAMS 0x0000000709000000, 0x0000000709000000| Untracked 
|  33|0x0000000709000000, 0x0000000709200000, 0x0000000709200000|100%| O|  |TAMS 0x0000000709200000, 0x0000000709200000| Untracked 
|  34|0x0000000709200000, 0x0000000709400000, 0x0000000709400000|100%| O|  |TAMS 0x0000000709400000, 0x0000000709400000| Untracked 
|  35|0x0000000709400000, 0x0000000709600000, 0x0000000709600000|100%| O|  |TAMS 0x0000000709600000, 0x0000000709600000| Untracked 
|  36|0x0000000709600000, 0x0000000709800000, 0x0000000709800000|100%| O|  |TAMS 0x0000000709800000, 0x0000000709800000| Untracked 
|  37|0x0000000709800000, 0x0000000709a00000, 0x0000000709a00000|100%|HS|  |TAMS 0x0000000709800000, 0x0000000709a00000| Complete 
|  38|0x0000000709a00000, 0x0000000709c00000, 0x0000000709c00000|100%| O|  |TAMS 0x0000000709c00000, 0x0000000709c00000| Untracked 
|  39|0x0000000709c00000, 0x0000000709e00000, 0x0000000709e00000|100%| O|  |TAMS 0x0000000709e00000, 0x0000000709e00000| Untracked 
|  40|0x0000000709e00000, 0x000000070a000000, 0x000000070a000000|100%| O|  |TAMS 0x000000070a000000, 0x000000070a000000| Untracked 
|  41|0x000000070a000000, 0x000000070a200000, 0x000000070a200000|100%| O|  |TAMS 0x000000070a200000, 0x000000070a200000| Untracked 
|  42|0x000000070a200000, 0x000000070a400000, 0x000000070a400000|100%| O|  |TAMS 0x000000070a400000, 0x000000070a400000| Untracked 
|  43|0x000000070a400000, 0x000000070a600000, 0x000000070a600000|100%| O|  |TAMS 0x000000070a600000, 0x000000070a600000| Untracked 
|  44|0x000000070a600000, 0x000000070a800000, 0x000000070a800000|100%| O|  |TAMS 0x000000070a800000, 0x000000070a800000| Untracked 
|  45|0x000000070a800000, 0x000000070aa00000, 0x000000070aa00000|100%| O|  |TAMS 0x000000070aa00000, 0x000000070aa00000| Untracked 
|  46|0x000000070aa00000, 0x000000070ac00000, 0x000000070ac00000|100%| O|  |TAMS 0x000000070ac00000, 0x000000070ac00000| Untracked 
|  47|0x000000070ac00000, 0x000000070ae00000, 0x000000070ae00000|100%| O|  |TAMS 0x000000070ae00000, 0x000000070ae00000| Untracked 
|  48|0x000000070ae00000, 0x000000070b000000, 0x000000070b000000|100%| O|  |TAMS 0x000000070b000000, 0x000000070b000000| Untracked 
|  49|0x000000070b000000, 0x000000070b200000, 0x000000070b200000|100%| O|  |TAMS 0x000000070b200000, 0x000000070b200000| Untracked 
|  50|0x000000070b200000, 0x000000070b400000, 0x000000070b400000|100%| O|  |TAMS 0x000000070b400000, 0x000000070b400000| Untracked 
|  51|0x000000070b400000, 0x000000070b600000, 0x000000070b600000|100%|HS|  |TAMS 0x000000070b600000, 0x000000070b600000| Complete 
|  52|0x000000070b600000, 0x000000070b800000, 0x000000070b800000|100%| O|  |TAMS 0x000000070b800000, 0x000000070b800000| Untracked 
|  53|0x000000070b800000, 0x000000070ba00000, 0x000000070ba00000|100%| O|  |TAMS 0x000000070ba00000, 0x000000070ba00000| Untracked 
|  54|0x000000070ba00000, 0x000000070bc00000, 0x000000070bc00000|100%| O|  |TAMS 0x000000070bc00000, 0x000000070bc00000| Untracked 
|  55|0x000000070bc00000, 0x000000070be00000, 0x000000070be00000|100%| O|  |TAMS 0x000000070be00000, 0x000000070be00000| Untracked 
|  56|0x000000070be00000, 0x000000070c000000, 0x000000070c000000|100%| O|  |TAMS 0x000000070c000000, 0x000000070c000000| Untracked 
|  57|0x000000070c000000, 0x000000070c200000, 0x000000070c200000|100%| O|  |TAMS 0x000000070c200000, 0x000000070c200000| Untracked 
|  58|0x000000070c200000, 0x000000070c400000, 0x000000070c400000|100%| O|  |TAMS 0x000000070c400000, 0x000000070c400000| Untracked 
|  59|0x000000070c400000, 0x000000070c600000, 0x000000070c600000|100%| O|  |TAMS 0x000000070c600000, 0x000000070c600000| Untracked 
|  60|0x000000070c600000, 0x000000070c800000, 0x000000070c800000|100%| O|  |TAMS 0x000000070c800000, 0x000000070c800000| Untracked 
|  61|0x000000070c800000, 0x000000070ca00000, 0x000000070ca00000|100%| O|  |TAMS 0x000000070ca00000, 0x000000070ca00000| Untracked 
|  62|0x000000070ca00000, 0x000000070cc00000, 0x000000070cc00000|100%| O|  |TAMS 0x000000070cc00000, 0x000000070cc00000| Untracked 
|  63|0x000000070cc00000, 0x000000070ce00000, 0x000000070ce00000|100%| O|  |TAMS 0x000000070ce00000, 0x000000070ce00000| Untracked 
|  64|0x000000070ce00000, 0x000000070d000000, 0x000000070d000000|100%| O|  |TAMS 0x000000070d000000, 0x000000070d000000| Untracked 
|  65|0x000000070d000000, 0x000000070d200000, 0x000000070d200000|100%| O|  |TAMS 0x000000070d200000, 0x000000070d200000| Untracked 
|  66|0x000000070d200000, 0x000000070d400000, 0x000000070d400000|100%| O|  |TAMS 0x000000070d400000, 0x000000070d400000| Untracked 
|  67|0x000000070d400000, 0x000000070d600000, 0x000000070d600000|100%| O|  |TAMS 0x000000070d400000, 0x000000070d400000| Untracked 
|  68|0x000000070d600000, 0x000000070d800000, 0x000000070d800000|100%| O|  |TAMS 0x000000070d800000, 0x000000070d800000| Untracked 
|  69|0x000000070d800000, 0x000000070da00000, 0x000000070da00000|100%| O|  |TAMS 0x000000070da00000, 0x000000070da00000| Untracked 
|  70|0x000000070da00000, 0x000000070dc00000, 0x000000070dc00000|100%| O|  |TAMS 0x000000070dc00000, 0x000000070dc00000| Untracked 
|  71|0x000000070dc00000, 0x000000070de00000, 0x000000070de00000|100%| O|  |TAMS 0x000000070de00000, 0x000000070de00000| Untracked 
|  72|0x000000070de00000, 0x000000070e000000, 0x000000070e000000|100%| O|  |TAMS 0x000000070e000000, 0x000000070e000000| Untracked 
|  73|0x000000070e000000, 0x000000070e200000, 0x000000070e200000|100%| O|  |TAMS 0x000000070e200000, 0x000000070e200000| Untracked 
|  74|0x000000070e200000, 0x000000070e400000, 0x000000070e400000|100%| O|  |TAMS 0x000000070e400000, 0x000000070e400000| Untracked 
|  75|0x000000070e400000, 0x000000070e600000, 0x000000070e600000|100%| O|  |TAMS 0x000000070e600000, 0x000000070e600000| Untracked 
|  76|0x000000070e600000, 0x000000070e800000, 0x000000070e800000|100%| O|  |TAMS 0x000000070e600000, 0x000000070e600000| Untracked 
|  77|0x000000070e800000, 0x000000070ea00000, 0x000000070ea00000|100%| O|  |TAMS 0x000000070ea00000, 0x000000070ea00000| Untracked 
|  78|0x000000070ea00000, 0x000000070ec00000, 0x000000070ec00000|100%| O|  |TAMS 0x000000070ec00000, 0x000000070ec00000| Untracked 
|  79|0x000000070ec00000, 0x000000070ee00000, 0x000000070ee00000|100%| O|  |TAMS 0x000000070ee00000, 0x000000070ee00000| Untracked 
|  80|0x000000070ee00000, 0x000000070f000000, 0x000000070f000000|100%| O|  |TAMS 0x000000070f000000, 0x000000070f000000| Untracked 
|  81|0x000000070f000000, 0x000000070f200000, 0x000000070f200000|100%| O|  |TAMS 0x000000070f200000, 0x000000070f200000| Untracked 
|  82|0x000000070f200000, 0x000000070f400000, 0x000000070f400000|100%| O|  |TAMS 0x000000070f400000, 0x000000070f400000| Untracked 
|  83|0x000000070f400000, 0x000000070f600000, 0x000000070f600000|100%| O|  |TAMS 0x000000070f600000, 0x000000070f600000| Untracked 
|  84|0x000000070f600000, 0x000000070f800000, 0x000000070f800000|100%| O|  |TAMS 0x000000070f800000, 0x000000070f800000| Untracked 
|  85|0x000000070f800000, 0x000000070fa00000, 0x000000070fa00000|100%| O|  |TAMS 0x000000070fa00000, 0x000000070fa00000| Untracked 
|  86|0x000000070fa00000, 0x000000070fc00000, 0x000000070fc00000|100%| O|  |TAMS 0x000000070fae6000, 0x000000070fc00000| Untracked 
|  87|0x000000070fc00000, 0x000000070fe00000, 0x000000070fe00000|100%| O|  |TAMS 0x000000070fc00000, 0x000000070fe00000| Untracked 
|  88|0x000000070fe00000, 0x0000000710000000, 0x0000000710000000|100%| O|  |TAMS 0x000000070fe00000, 0x0000000710000000| Untracked 
|  89|0x0000000710000000, 0x0000000710200000, 0x0000000710200000|100%| O|  |TAMS 0x0000000710000000, 0x0000000710200000| Untracked 
|  90|0x0000000710200000, 0x0000000710400000, 0x0000000710400000|100%| O|  |TAMS 0x0000000710200000, 0x0000000710400000| Untracked 
|  91|0x0000000710400000, 0x0000000710600000, 0x0000000710600000|100%| O|  |TAMS 0x0000000710400000, 0x0000000710600000| Untracked 
|  92|0x0000000710600000, 0x0000000710800000, 0x0000000710800000|100%| O|  |TAMS 0x0000000710600000, 0x0000000710800000| Untracked 
|  93|0x0000000710800000, 0x0000000710a00000, 0x0000000710a00000|100%| O|  |TAMS 0x0000000710800000, 0x0000000710a00000| Untracked 
|  94|0x0000000710a00000, 0x0000000710c00000, 0x0000000710c00000|100%| O|  |TAMS 0x0000000710a00000, 0x0000000710c00000| Untracked 
|  95|0x0000000710c00000, 0x0000000710e00000, 0x0000000710e00000|100%| O|  |TAMS 0x0000000710c00000, 0x0000000710e00000| Untracked 
|  96|0x0000000710e00000, 0x0000000711000000, 0x0000000711000000|100%| O|  |TAMS 0x0000000710e00000, 0x0000000711000000| Untracked 
|  97|0x0000000711000000, 0x0000000711200000, 0x0000000711200000|100%| O|  |TAMS 0x0000000711000000, 0x0000000711200000| Untracked 
|  98|0x0000000711200000, 0x0000000711400000, 0x0000000711400000|100%| O|  |TAMS 0x0000000711200000, 0x0000000711400000| Untracked 
|  99|0x0000000711400000, 0x0000000711600000, 0x0000000711600000|100%| O|  |TAMS 0x0000000711400000, 0x0000000711600000| Untracked 
| 100|0x0000000711600000, 0x0000000711800000, 0x0000000711800000|100%| O|  |TAMS 0x0000000711600000, 0x0000000711800000| Untracked 
| 101|0x0000000711800000, 0x0000000711a00000, 0x0000000711a00000|100%| O|  |TAMS 0x0000000711800000, 0x0000000711800000| Untracked 
| 102|0x0000000711a00000, 0x0000000711c00000, 0x0000000711c00000|100%| O|  |TAMS 0x0000000711a00000, 0x0000000711a00000| Untracked 
| 103|0x0000000711c00000, 0x0000000711c00000, 0x0000000711e00000|  0%| F|  |TAMS 0x0000000711c00000, 0x0000000711c00000| Untracked 
| 104|0x0000000711e00000, 0x0000000711e00000, 0x0000000712000000|  0%| F|  |TAMS 0x0000000711e00000, 0x0000000711e00000| Untracked 
| 105|0x0000000712000000, 0x0000000712000000, 0x0000000712200000|  0%| F|  |TAMS 0x0000000712000000, 0x0000000712000000| Untracked 
| 106|0x0000000712200000, 0x0000000712200000, 0x0000000712400000|  0%| F|  |TAMS 0x0000000712200000, 0x0000000712200000| Untracked 
| 107|0x0000000712400000, 0x0000000712400000, 0x0000000712600000|  0%| F|  |TAMS 0x0000000712400000, 0x0000000712400000| Untracked 
| 108|0x0000000712600000, 0x0000000712600000, 0x0000000712800000|  0%| F|  |TAMS 0x0000000712600000, 0x0000000712600000| Untracked 
| 109|0x0000000712800000, 0x0000000712800000, 0x0000000712a00000|  0%| F|  |TAMS 0x0000000712800000, 0x0000000712800000| Untracked 
| 110|0x0000000712a00000, 0x0000000712a00000, 0x0000000712c00000|  0%| F|  |TAMS 0x0000000712a00000, 0x0000000712a00000| Untracked 
| 111|0x0000000712c00000, 0x0000000712c00000, 0x0000000712e00000|  0%| F|  |TAMS 0x0000000712c00000, 0x0000000712c00000| Untracked 
| 112|0x0000000712e00000, 0x0000000712e00000, 0x0000000713000000|  0%| F|  |TAMS 0x0000000712e00000, 0x0000000712e00000| Untracked 
| 113|0x0000000713000000, 0x0000000713000000, 0x0000000713200000|  0%| F|  |TAMS 0x0000000713000000, 0x0000000713000000| Untracked 
| 114|0x0000000713200000, 0x0000000713200000, 0x0000000713400000|  0%| F|  |TAMS 0x0000000713200000, 0x0000000713200000| Untracked 
| 115|0x0000000713400000, 0x0000000713400000, 0x0000000713600000|  0%| F|  |TAMS 0x0000000713400000, 0x0000000713400000| Untracked 
| 116|0x0000000713600000, 0x0000000713600000, 0x0000000713800000|  0%| F|  |TAMS 0x0000000713600000, 0x0000000713600000| Untracked 
| 117|0x0000000713800000, 0x0000000713800000, 0x0000000713a00000|  0%| F|  |TAMS 0x0000000713800000, 0x0000000713800000| Untracked 
| 118|0x0000000713a00000, 0x0000000713a00000, 0x0000000713c00000|  0%| F|  |TAMS 0x0000000713a00000, 0x0000000713a00000| Untracked 
| 119|0x0000000713c00000, 0x0000000713c00000, 0x0000000713e00000|  0%| F|  |TAMS 0x0000000713c00000, 0x0000000713c00000| Untracked 
| 120|0x0000000713e00000, 0x0000000713e00000, 0x0000000714000000|  0%| F|  |TAMS 0x0000000713e00000, 0x0000000713e00000| Untracked 
| 121|0x0000000714000000, 0x0000000714000000, 0x0000000714200000|  0%| F|  |TAMS 0x0000000714000000, 0x0000000714000000| Untracked 
| 122|0x0000000714200000, 0x0000000714200000, 0x0000000714400000|  0%| F|  |TAMS 0x0000000714200000, 0x0000000714200000| Untracked 
| 123|0x0000000714400000, 0x0000000714400000, 0x0000000714600000|  0%| F|  |TAMS 0x0000000714400000, 0x0000000714400000| Untracked 
| 124|0x0000000714600000, 0x0000000714600000, 0x0000000714800000|  0%| F|  |TAMS 0x0000000714600000, 0x0000000714600000| Untracked 
| 125|0x0000000714800000, 0x0000000714800000, 0x0000000714a00000|  0%| F|  |TAMS 0x0000000714800000, 0x0000000714800000| Untracked 
| 126|0x0000000714a00000, 0x0000000714a00000, 0x0000000714c00000|  0%| F|  |TAMS 0x0000000714a00000, 0x0000000714a00000| Untracked 
| 127|0x0000000714c00000, 0x0000000714c00000, 0x0000000714e00000|  0%| F|  |TAMS 0x0000000714c00000, 0x0000000714c00000| Untracked 
| 128|0x0000000714e00000, 0x0000000714e00000, 0x0000000715000000|  0%| F|  |TAMS 0x0000000714e00000, 0x0000000714e00000| Untracked 
| 129|0x0000000715000000, 0x0000000715000000, 0x0000000715200000|  0%| F|  |TAMS 0x0000000715000000, 0x0000000715000000| Untracked 
| 130|0x0000000715200000, 0x0000000715400000, 0x0000000715400000|100%| S|CS|TAMS 0x0000000715200000, 0x0000000715200000| Complete 
| 131|0x0000000715400000, 0x0000000715600000, 0x0000000715600000|100%| S|CS|TAMS 0x0000000715400000, 0x0000000715400000| Complete 
| 132|0x0000000715600000, 0x0000000715800000, 0x0000000715800000|100%| S|CS|TAMS 0x0000000715600000, 0x0000000715600000| Complete 
| 133|0x0000000715800000, 0x0000000715a00000, 0x0000000715a00000|100%| S|CS|TAMS 0x0000000715800000, 0x0000000715800000| Complete 
| 134|0x0000000715a00000, 0x0000000715a00000, 0x0000000715c00000|  0%| F|  |TAMS 0x0000000715a00000, 0x0000000715a00000| Untracked 
| 135|0x0000000715c00000, 0x0000000715c00000, 0x0000000715e00000|  0%| F|  |TAMS 0x0000000715c00000, 0x0000000715c00000| Untracked 
| 136|0x0000000715e00000, 0x0000000715e00000, 0x0000000716000000|  0%| F|  |TAMS 0x0000000715e00000, 0x0000000715e00000| Untracked 
| 137|0x0000000716000000, 0x0000000716000000, 0x0000000716200000|  0%| F|  |TAMS 0x0000000716000000, 0x0000000716000000| Untracked 
| 138|0x0000000716200000, 0x0000000716200000, 0x0000000716400000|  0%| F|  |TAMS 0x0000000716200000, 0x0000000716200000| Untracked 
| 139|0x0000000716400000, 0x0000000716400000, 0x0000000716600000|  0%| F|  |TAMS 0x0000000716400000, 0x0000000716400000| Untracked 
| 140|0x0000000716600000, 0x0000000716600000, 0x0000000716800000|  0%| F|  |TAMS 0x0000000716600000, 0x0000000716600000| Untracked 
| 141|0x0000000716800000, 0x0000000716800000, 0x0000000716a00000|  0%| F|  |TAMS 0x0000000716800000, 0x0000000716800000| Untracked 
| 142|0x0000000716a00000, 0x0000000716a00000, 0x0000000716c00000|  0%| F|  |TAMS 0x0000000716a00000, 0x0000000716a00000| Untracked 
| 143|0x0000000716c00000, 0x0000000716c00000, 0x0000000716e00000|  0%| F|  |TAMS 0x0000000716c00000, 0x0000000716c00000| Untracked 
| 144|0x0000000716e00000, 0x0000000716e00000, 0x0000000717000000|  0%| F|  |TAMS 0x0000000716e00000, 0x0000000716e00000| Untracked 
| 145|0x0000000717000000, 0x0000000717000000, 0x0000000717200000|  0%| F|  |TAMS 0x0000000717000000, 0x0000000717000000| Untracked 
| 146|0x0000000717200000, 0x0000000717200000, 0x0000000717400000|  0%| F|  |TAMS 0x0000000717200000, 0x0000000717200000| Untracked 
| 147|0x0000000717400000, 0x0000000717400000, 0x0000000717600000|  0%| F|  |TAMS 0x0000000717400000, 0x0000000717400000| Untracked 
| 148|0x0000000717600000, 0x0000000717600000, 0x0000000717800000|  0%| F|  |TAMS 0x0000000717600000, 0x0000000717600000| Untracked 
| 149|0x0000000717800000, 0x0000000717800000, 0x0000000717a00000|  0%| F|  |TAMS 0x0000000717800000, 0x0000000717800000| Untracked 
| 150|0x0000000717a00000, 0x0000000717a00000, 0x0000000717c00000|  0%| F|  |TAMS 0x0000000717a00000, 0x0000000717a00000| Untracked 
| 151|0x0000000717c00000, 0x0000000717c00000, 0x0000000717e00000|  0%| F|  |TAMS 0x0000000717c00000, 0x0000000717c00000| Untracked 
| 152|0x0000000717e00000, 0x0000000717e00000, 0x0000000718000000|  0%| F|  |TAMS 0x0000000717e00000, 0x0000000717e00000| Untracked 
| 153|0x0000000718000000, 0x0000000718000000, 0x0000000718200000|  0%| F|  |TAMS 0x0000000718000000, 0x0000000718000000| Untracked 
| 154|0x0000000718200000, 0x0000000718200000, 0x0000000718400000|  0%| F|  |TAMS 0x0000000718200000, 0x0000000718200000| Untracked 
| 155|0x0000000718400000, 0x0000000718400000, 0x0000000718600000|  0%| F|  |TAMS 0x0000000718400000, 0x0000000718400000| Untracked 
| 156|0x0000000718600000, 0x0000000718600000, 0x0000000718800000|  0%| F|  |TAMS 0x0000000718600000, 0x0000000718600000| Untracked 
| 157|0x0000000718800000, 0x0000000718800000, 0x0000000718a00000|  0%| F|  |TAMS 0x0000000718800000, 0x0000000718800000| Untracked 
| 158|0x0000000718a00000, 0x0000000718a00000, 0x0000000718c00000|  0%| F|  |TAMS 0x0000000718a00000, 0x0000000718a00000| Untracked 
| 159|0x0000000718c00000, 0x0000000718c00000, 0x0000000718e00000|  0%| F|  |TAMS 0x0000000718c00000, 0x0000000718c00000| Untracked 
| 160|0x0000000718e00000, 0x0000000718e00000, 0x0000000719000000|  0%| F|  |TAMS 0x0000000718e00000, 0x0000000718e00000| Untracked 
| 161|0x0000000719000000, 0x0000000719000000, 0x0000000719200000|  0%| F|  |TAMS 0x0000000719000000, 0x0000000719000000| Untracked 
| 162|0x0000000719200000, 0x0000000719200000, 0x0000000719400000|  0%| F|  |TAMS 0x0000000719200000, 0x0000000719200000| Untracked 
| 163|0x0000000719400000, 0x0000000719400000, 0x0000000719600000|  0%| F|  |TAMS 0x0000000719400000, 0x0000000719400000| Untracked 
| 164|0x0000000719600000, 0x0000000719600000, 0x0000000719800000|  0%| F|  |TAMS 0x0000000719600000, 0x0000000719600000| Untracked 
| 165|0x0000000719800000, 0x0000000719800000, 0x0000000719a00000|  0%| F|  |TAMS 0x0000000719800000, 0x0000000719800000| Untracked 

Card table byte_map: [0x0000023dcb1e0000,0x0000023dcb9c0000] _byte_map_base: 0x0000023dc79b9000

Marking Bits (Prev, Next): (CMBitMap*) 0x0000023db3ec17b0, (CMBitMap*) 0x0000023db3ec17f0
 Prev Bits: [0x0000023dcc1a0000, 0x0000023dd0068000)
 Next Bits: [0x0000023dd0070000, 0x0000023dd3f38000)

Polling page: 0x0000023db1e30000

Metaspace:

Usage:
  Non-class:     22.54 MB used.
      Class:      2.73 MB used.
       Both:     25.28 MB used.

Virtual space:
  Non-class space:       24.00 MB reserved,      22.75 MB ( 95%) committed,  3 nodes.
      Class space:        1.00 GB reserved,       2.94 MB ( <1%) committed,  1 nodes.
             Both:        1.02 GB reserved,      25.69 MB (  2%) committed. 

Chunk freelists:
   Non-Class:  1.23 MB
       Class:  1.05 MB
        Both:  2.28 MB

MaxMetaspaceSize: unlimited
CompressedClassSpaceSize: 1.00 GB
Initial GC threshold: 21.00 MB
Current GC threshold: 41.19 MB
CDS: on
MetaspaceReclaimPolicy: balanced
 - commit_granule_bytes: 65536.
 - commit_granule_words: 8192.
 - virtual_space_node_default_size: 1048576.
 - enlarge_chunks_in_place: 1.
 - new_chunks_are_fully_committed: 0.
 - uncommit_free_chunks: 1.
 - use_allocation_guard: 0.
 - handle_deallocations: 1.


Internal statistics:

num_allocs_failed_limit: 0.
num_arena_births: 178.
num_arena_deaths: 0.
num_vsnodes_births: 4.
num_vsnodes_deaths: 0.
num_space_committed: 411.
num_space_uncommitted: 0.
num_chunks_returned_to_freelist: 0.
num_chunks_taken_from_freelist: 1074.
num_chunk_merges: 0.
num_chunk_splits: 779.
num_chunks_enlarged: 623.
num_purges: 0.
num_inconsistent_stats: 0.

CodeHeap 'non-profiled nmethods': size=120000Kb used=5088Kb max_used=5236Kb free=114911Kb
 bounds [0x0000023dc31a0000, 0x0000023dc36c0000, 0x0000023dca6d0000]
CodeHeap 'profiled nmethods': size=120000Kb used=12945Kb max_used=12945Kb free=107054Kb
 bounds [0x0000023dbb6d0000, 0x0000023dbc380000, 0x0000023dc2c00000]
CodeHeap 'non-nmethods': size=5760Kb used=1216Kb max_used=1281Kb free=4543Kb
 bounds [0x0000023dc2c00000, 0x0000023dc2e70000, 0x0000023dc31a0000]
 total_blobs=6338 nmethods=5834 adapters=416
 compilation: enabled
              stopped_count=0, restarted_count=0
 full_count=0

Compilation events (20 events):
Event: 28.436 Thread 0x0000023dd74096c0 7158   !   3       com.sun.tools.javac.parser.JavadocTokenizer$JavadocComment::scanDocComment (377 bytes)
Event: 28.438 Thread 0x0000023dd74096c0 nmethod 7158 0x0000023dbc361910 code [0x0000023dbc361f80, 0x0000023dbc367258]
Event: 28.438 Thread 0x0000023dd74096c0 7157       2       com.sun.tools.javac.parser.ParserFactory::newParser (28 bytes)
Event: 28.439 Thread 0x0000023dd74096c0 nmethod 7157 0x0000023dbc368690 code [0x0000023dbc368840, 0x0000023dbc368a38]
Event: 28.439 Thread 0x0000023dd74096c0 7160   !   2       com.sun.tools.javac.file.BaseFileManager::decode (348 bytes)
Event: 28.440 Thread 0x0000023dd74096c0 nmethod 7160 0x0000023dbc368b90 code [0x0000023dbc368f60, 0x0000023dbc36a0a8]
Event: 28.440 Thread 0x0000023dd74096c0 7161       2       com.sun.tools.javac.file.BaseFileManager::getEncodingName (19 bytes)
Event: 28.440 Thread 0x0000023dd74096c0 nmethod 7161 0x0000023dbc36ac10 code [0x0000023dbc36adc0, 0x0000023dbc36afa8]
Event: 28.440 Thread 0x0000023dd74096c0 7162       2       com.sun.tools.javac.file.BaseFileManager::getDecoder (55 bytes)
Event: 28.441 Thread 0x0000023dd74096c0 nmethod 7162 0x0000023dbc36b090 code [0x0000023dbc36b280, 0x0000023dbc36b748]
Event: 28.441 Thread 0x0000023dd74096c0 7163       2       java.nio.CharBuffer::allocate (20 bytes)
Event: 28.441 Thread 0x0000023dd74096c0 nmethod 7163 0x0000023dbc36b990 code [0x0000023dbc36bb40, 0x0000023dbc36bcf8]
Event: 28.441 Thread 0x0000023dd74096c0 7164       2       java.nio.HeapCharBuffer::<init> (21 bytes)
Event: 28.441 Thread 0x0000023dd74096c0 nmethod 7164 0x0000023dbc36be10 code [0x0000023dbc36bfa0, 0x0000023dbc36c1a8]
Event: 28.441 Thread 0x0000023dd74096c0 7165       2       com.sun.tools.javac.file.BaseFileManager::cache (21 bytes)
Event: 28.441 Thread 0x0000023dd74096c0 nmethod 7165 0x0000023dbc36c290 code [0x0000023dbc36c4a0, 0x0000023dbc36c9a8]
Event: 28.441 Thread 0x0000023dd74096c0 7159       2       com.sun.tools.javac.tree.JCTree$JCArrayTypeTree::getTag (4 bytes)
Event: 28.441 Thread 0x0000023dd74096c0 nmethod 7159 0x0000023dbc36cd90 code [0x0000023dbc36cf20, 0x0000023dbc36d038]
Event: 28.470 Thread 0x0000023dd74096c0 7167       3       com.sun.tools.javac.parser.JavacParser::analyzeParens (1137 bytes)
Event: 28.472 Thread 0x0000023dd74096c0 nmethod 7167 0x0000023dbc36d110 code [0x0000023dbc36d8a0, 0x0000023dbc373188]

GC Heap History (20 events):
Event: 24.446 GC heap after
{Heap after GC invocations=7 (full 0):
 garbage-first heap   total 258048K, used 93427K [0x0000000704e00000, 0x0000000800000000)
  region size 2048K, 8 young (16384K), 8 survivors (16384K)
 Metaspace       used 17754K, committed 18048K, reserved 1064960K
  class space    used 1890K, committed 2048K, reserved 1048576K
}
Event: 24.688 GC heap before
{Heap before GC invocations=7 (full 0):
 garbage-first heap   total 258048K, used 185587K [0x0000000704e00000, 0x0000000800000000)
  region size 2048K, 53 young (108544K), 8 survivors (16384K)
 Metaspace       used 17785K, committed 18112K, reserved 1064960K
  class space    used 1890K, committed 2048K, reserved 1048576K
}
Event: 24.701 GC heap after
{Heap after GC invocations=8 (full 0):
 garbage-first heap   total 258048K, used 102911K [0x0000000704e00000, 0x0000000800000000)
  region size 2048K, 7 young (14336K), 7 survivors (14336K)
 Metaspace       used 17785K, committed 18112K, reserved 1064960K
  class space    used 1890K, committed 2048K, reserved 1048576K
}
Event: 24.959 GC heap before
{Heap before GC invocations=8 (full 0):
 garbage-first heap   total 258048K, used 188927K [0x0000000704e00000, 0x0000000800000000)
  region size 2048K, 49 young (100352K), 7 survivors (14336K)
 Metaspace       used 17850K, committed 18112K, reserved 1064960K
  class space    used 1894K, committed 2048K, reserved 1048576K
}
Event: 24.969 GC heap after
{Heap after GC invocations=9 (full 0):
 garbage-first heap   total 258048K, used 112854K [0x0000000704e00000, 0x0000000800000000)
  region size 2048K, 5 young (10240K), 5 survivors (10240K)
 Metaspace       used 17850K, committed 18112K, reserved 1064960K
  class space    used 1894K, committed 2048K, reserved 1048576K
}
Event: 25.685 GC heap before
{Heap before GC invocations=9 (full 0):
 garbage-first heap   total 258048K, used 194774K [0x0000000704e00000, 0x0000000800000000)
  region size 2048K, 44 young (90112K), 5 survivors (10240K)
 Metaspace       used 18179K, committed 18432K, reserved 1073152K
  class space    used 1927K, committed 2048K, reserved 1048576K
}
Event: 25.703 GC heap after
{Heap after GC invocations=10 (full 0):
 garbage-first heap   total 258048K, used 152442K [0x0000000704e00000, 0x0000000800000000)
  region size 2048K, 6 young (12288K), 6 survivors (12288K)
 Metaspace       used 18179K, committed 18432K, reserved 1073152K
  class space    used 1927K, committed 2048K, reserved 1048576K
}
Event: 25.928 GC heap before
{Heap before GC invocations=10 (full 0):
 garbage-first heap   total 258048K, used 199546K [0x0000000704e00000, 0x0000000800000000)
  region size 2048K, 29 young (59392K), 6 survivors (12288K)
 Metaspace       used 18205K, committed 18496K, reserved 1073152K
  class space    used 1927K, committed 2048K, reserved 1048576K
}
Event: 25.943 GC heap after
{Heap after GC invocations=11 (full 0):
 garbage-first heap   total 339968K, used 167619K [0x0000000704e00000, 0x0000000800000000)
  region size 2048K, 4 young (8192K), 4 survivors (8192K)
 Metaspace       used 18205K, committed 18496K, reserved 1073152K
  class space    used 1927K, committed 2048K, reserved 1048576K
}
Event: 26.508 GC heap before
{Heap before GC invocations=12 (full 0):
 garbage-first heap   total 339968K, used 241347K [0x0000000704e00000, 0x0000000800000000)
  region size 2048K, 41 young (83968K), 4 survivors (8192K)
 Metaspace       used 18723K, committed 19008K, reserved 1073152K
  class space    used 1974K, committed 2112K, reserved 1048576K
}
Event: 26.520 GC heap after
{Heap after GC invocations=13 (full 0):
 garbage-first heap   total 339968K, used 176637K [0x0000000704e00000, 0x0000000800000000)
  region size 2048K, 5 young (10240K), 5 survivors (10240K)
 Metaspace       used 18723K, committed 19008K, reserved 1073152K
  class space    used 1974K, committed 2112K, reserved 1048576K
}
Event: 26.528 GC heap before
{Heap before GC invocations=13 (full 0):
 garbage-first heap   total 339968K, used 182781K [0x0000000704e00000, 0x0000000800000000)
  region size 2048K, 8 young (16384K), 5 survivors (10240K)
 Metaspace       used 18723K, committed 19008K, reserved 1073152K
  class space    used 1974K, committed 2112K, reserved 1048576K
}
Event: 26.533 GC heap after
{Heap after GC invocations=14 (full 0):
 garbage-first heap   total 339968K, used 175635K [0x0000000704e00000, 0x0000000800000000)
  region size 2048K, 1 young (2048K), 1 survivors (2048K)
 Metaspace       used 18723K, committed 19008K, reserved 1073152K
  class space    used 1974K, committed 2112K, reserved 1048576K
}
Event: 27.267 GC heap before
{Heap before GC invocations=14 (full 0):
 garbage-first heap   total 339968K, used 226835K [0x0000000704e00000, 0x0000000800000000)
  region size 2048K, 27 young (55296K), 1 survivors (2048K)
 Metaspace       used 24914K, committed 25216K, reserved 1073152K
  class space    used 2745K, committed 2880K, reserved 1048576K
}
Event: 27.269 GC heap after
{Heap after GC invocations=15 (full 0):
 garbage-first heap   total 339968K, used 177830K [0x0000000704e00000, 0x0000000800000000)
  region size 2048K, 2 young (4096K), 2 survivors (4096K)
 Metaspace       used 24914K, committed 25216K, reserved 1073152K
  class space    used 2745K, committed 2880K, reserved 1048576K
}
Event: 27.958 GC heap before
{Heap before GC invocations=16 (full 0):
 garbage-first heap   total 339968K, used 255654K [0x0000000704e00000, 0x0000000800000000)
  region size 2048K, 40 young (81920K), 2 survivors (4096K)
 Metaspace       used 25842K, committed 26240K, reserved 1073152K
  class space    used 2797K, committed 3008K, reserved 1048576K
}
Event: 27.969 GC heap after
{Heap after GC invocations=17 (full 0):
 garbage-first heap   total 339968K, used 203995K [0x0000000704e00000, 0x0000000800000000)
  region size 2048K, 5 young (10240K), 5 survivors (10240K)
 Metaspace       used 25842K, committed 26240K, reserved 1073152K
  class space    used 2797K, committed 3008K, reserved 1048576K
}
Event: 28.024 GC heap before
{Heap before GC invocations=17 (full 0):
 garbage-first heap   total 339968K, used 208091K [0x0000000704e00000, 0x0000000800000000)
  region size 2048K, 8 young (16384K), 5 survivors (10240K)
 Metaspace       used 25845K, committed 26240K, reserved 1073152K
  class space    used 2797K, committed 3008K, reserved 1048576K
}
Event: 28.030 GC heap after
{Heap after GC invocations=18 (full 0):
 garbage-first heap   total 339968K, used 202463K [0x0000000704e00000, 0x0000000800000000)
  region size 2048K, 1 young (2048K), 1 survivors (2048K)
 Metaspace       used 25845K, committed 26240K, reserved 1073152K
  class space    used 2797K, committed 3008K, reserved 1048576K
}
Event: 28.505 GC heap before
{Heap before GC invocations=18 (full 0):
 garbage-first heap   total 339968K, used 265951K [0x0000000704e00000, 0x0000000800000000)
  region size 2048K, 32 young (65536K), 1 survivors (2048K)
 Metaspace       used 25883K, committed 26304K, reserved 1073152K
  class space    used 2798K, committed 3008K, reserved 1048576K
}

Deoptimization events (20 events):
Event: 28.467 Thread 0x0000023db3e53af0 DEOPT PACKING pc=0x0000023dbc069f45 sp=0x00000044569fd2d0
Event: 28.467 Thread 0x0000023db3e53af0 DEOPT UNPACKING pc=0x0000023dc2c566e3 sp=0x00000044569fc760 mode 0
Event: 28.473 Thread 0x0000023db3e53af0 DEOPT PACKING pc=0x0000023dbc069f45 sp=0x00000044569fd2d0
Event: 28.473 Thread 0x0000023db3e53af0 DEOPT UNPACKING pc=0x0000023dc2c566e3 sp=0x00000044569fc760 mode 0
Event: 28.476 Thread 0x0000023db3e53af0 DEOPT PACKING pc=0x0000023dbc069f45 sp=0x00000044569fd2d0
Event: 28.476 Thread 0x0000023db3e53af0 DEOPT UNPACKING pc=0x0000023dc2c566e3 sp=0x00000044569fc760 mode 0
Event: 28.480 Thread 0x0000023db3e53af0 DEOPT PACKING pc=0x0000023dbc069f45 sp=0x00000044569fd2d0
Event: 28.480 Thread 0x0000023db3e53af0 DEOPT UNPACKING pc=0x0000023dc2c566e3 sp=0x00000044569fc760 mode 0
Event: 28.485 Thread 0x0000023db3e53af0 DEOPT PACKING pc=0x0000023dbc069f45 sp=0x00000044569fd2d0
Event: 28.485 Thread 0x0000023db3e53af0 DEOPT UNPACKING pc=0x0000023dc2c566e3 sp=0x00000044569fc760 mode 0
Event: 28.490 Thread 0x0000023db3e53af0 DEOPT PACKING pc=0x0000023dbc069f45 sp=0x00000044569fd2d0
Event: 28.490 Thread 0x0000023db3e53af0 DEOPT UNPACKING pc=0x0000023dc2c566e3 sp=0x00000044569fc760 mode 0
Event: 28.495 Thread 0x0000023db3e53af0 DEOPT PACKING pc=0x0000023dbc069f45 sp=0x00000044569fd2d0
Event: 28.495 Thread 0x0000023db3e53af0 DEOPT UNPACKING pc=0x0000023dc2c566e3 sp=0x00000044569fc760 mode 0
Event: 28.497 Thread 0x0000023db3e53af0 DEOPT PACKING pc=0x0000023dbc069f45 sp=0x00000044569fd2d0
Event: 28.497 Thread 0x0000023db3e53af0 DEOPT UNPACKING pc=0x0000023dc2c566e3 sp=0x00000044569fc760 mode 0
Event: 28.500 Thread 0x0000023db3e53af0 DEOPT PACKING pc=0x0000023dbc069f45 sp=0x00000044569fd2d0
Event: 28.500 Thread 0x0000023db3e53af0 DEOPT UNPACKING pc=0x0000023dc2c566e3 sp=0x00000044569fc760 mode 0
Event: 28.502 Thread 0x0000023db3e53af0 DEOPT PACKING pc=0x0000023dbc069f45 sp=0x00000044569fd2d0
Event: 28.502 Thread 0x0000023db3e53af0 DEOPT UNPACKING pc=0x0000023dc2c566e3 sp=0x00000044569fc760 mode 0

Classes unloaded (0 events):
No events

Classes redefined (0 events):
No events

Internal exceptions (20 events):
Event: 22.164 Thread 0x0000023db3e53af0 Exception <a 'java/lang/NoSuchMethodError'{0x0000000710e907f8}: 'void java.lang.invoke.DirectMethodHandle$Holder.invokeSpecial(java.lang.Object, java.lang.Object, java.lang.Object, java.lang.Object, java.lang.Object)'> (0x0000000710e907f8) 
thrown [s\open\src\hotspot\share\interpreter\linkResolver.cpp, line 759]
Event: 22.166 Thread 0x0000023db3e53af0 Exception <a 'java/lang/NoSuchMethodError'{0x0000000710e9eef8}: 'void java.lang.invoke.DirectMethodHandle$Holder.invokeVirtual(java.lang.Object, java.lang.Object)'> (0x0000000710e9eef8) 
thrown [s\open\src\hotspot\share\interpreter\linkResolver.cpp, line 759]
Event: 25.034 Thread 0x0000023db3e53af0 Exception <a 'java/lang/NoSuchMethodError'{0x0000000714697f08}: 'java.lang.Object java.lang.invoke.DirectMethodHandle$Holder.newInvokeSpecial(java.lang.Object, java.lang.Object, java.lang.Object, java.lang.Object, java.lang.Object, java.lang.Object)'> (0x0000000714697f08) 
thrown [s\open\src\hotspot\share\interpreter\linkResolver.cpp, line 759]
Event: 26.001 Thread 0x0000023db3e53af0 Exception <a 'java/lang/NoSuchMethodError'{0x00000007190a9130}: 'java.lang.Object java.lang.invoke.DirectMethodHandle$Holder.invokeInterface(java.lang.Object, java.lang.Object)'> (0x00000007190a9130) 
thrown [s\open\src\hotspot\share\interpreter\linkResolver.cpp, line 759]
Event: 26.865 Thread 0x0000023db3e53af0 Exception <a 'java/lang/NoSuchMethodError'{0x000000071799be58}: 'java.lang.Object java.lang.invoke.DirectMethodHandle$Holder.invokeVirtual(java.lang.Object, java.lang.Object, java.lang.Object)'> (0x000000071799be58) 
thrown [s\open\src\hotspot\share\interpreter\linkResolver.cpp, line 759]
Event: 26.869 Thread 0x0000023db3e53af0 Exception <a 'java/lang/NoSuchMethodError'{0x00000007179a3db0}: 'int java.lang.invoke.DirectMethodHandle$Holder.invokeInterface(java.lang.Object, java.lang.Object)'> (0x00000007179a3db0) 
thrown [s\open\src\hotspot\share\interpreter\linkResolver.cpp, line 759]
Event: 26.913 Thread 0x0000023db3e53af0 Exception <a 'sun/nio/fs/WindowsException'{0x0000000717784b58}> (0x0000000717784b58) 
thrown [s\open\src\hotspot\share\prims\jni.cpp, line 516]
Event: 26.913 Thread 0x0000023db3e53af0 Exception <a 'sun/nio/fs/WindowsException'{0x0000000717785238}> (0x0000000717785238) 
thrown [s\open\src\hotspot\share\prims\jni.cpp, line 516]
Event: 27.059 Thread 0x0000023db3e53af0 Exception <a 'sun/nio/fs/WindowsException'{0x0000000716918558}> (0x0000000716918558) 
thrown [s\open\src\hotspot\share\prims\jni.cpp, line 516]
Event: 27.059 Thread 0x0000023db3e53af0 Exception <a 'sun/nio/fs/WindowsException'{0x0000000716918c30}> (0x0000000716918c30) 
thrown [s\open\src\hotspot\share\prims\jni.cpp, line 516]
Event: 27.059 Thread 0x0000023db3e53af0 Exception <a 'sun/nio/fs/WindowsException'{0x0000000716919308}> (0x0000000716919308) 
thrown [s\open\src\hotspot\share\prims\jni.cpp, line 516]
Event: 27.059 Thread 0x0000023db3e53af0 Exception <a 'sun/nio/fs/WindowsException'{0x00000007169227c8}> (0x00000007169227c8) 
thrown [s\open\src\hotspot\share\prims\jni.cpp, line 516]
Event: 27.079 Thread 0x0000023db3e53af0 Exception <a 'sun/nio/fs/WindowsException'{0x00000007169bc730}> (0x00000007169bc730) 
thrown [s\open\src\hotspot\share\prims\jni.cpp, line 516]
Event: 27.079 Thread 0x0000023db3e53af0 Exception <a 'sun/nio/fs/WindowsException'{0x00000007169bca58}> (0x00000007169bca58) 
thrown [s\open\src\hotspot\share\prims\jni.cpp, line 516]
Event: 27.084 Thread 0x0000023db3e53af0 Exception <a 'java/lang/NoSuchMethodError'{0x00000007169caaa0}: 'int java.lang.invoke.DirectMethodHandle$Holder.invokeVirtual(java.lang.Object, java.lang.Object, java.lang.Object)'> (0x00000007169caaa0) 
thrown [s\open\src\hotspot\share\interpreter\linkResolver.cpp, line 759]
Event: 27.085 Thread 0x0000023db3e53af0 Exception <a 'java/lang/NoSuchMethodError'{0x00000007169d1300}: 'void java.lang.invoke.DirectMethodHandle$Holder.invokeInterface(java.lang.Object, java.lang.Object, java.lang.Object)'> (0x00000007169d1300) 
thrown [s\open\src\hotspot\share\interpreter\linkResolver.cpp, line 759]
Event: 27.158 Thread 0x0000023db3e53af0 Exception <a 'java/lang/NoSuchMethodError'{0x00000007166d53a0}: 'int java.lang.invoke.DirectMethodHandle$Holder.invokeStaticInit(java.lang.Object, java.lang.Object)'> (0x00000007166d53a0) 
thrown [s\open\src\hotspot\share\interpreter\linkResolver.cpp, line 759]
Event: 27.221 Thread 0x0000023db3e53af0 Exception <a 'java/lang/NoSuchMethodError'{0x000000071677eed8}: 'int java.lang.invoke.DirectMethodHandle$Holder.invokeVirtual(java.lang.Object, java.lang.Object)'> (0x000000071677eed8) 
thrown [s\open\src\hotspot\share\interpreter\linkResolver.cpp, line 759]
Event: 27.237 Thread 0x0000023db3e53af0 Exception <a 'sun/nio/fs/WindowsException'{0x00000007167f2d20}> (0x00000007167f2d20) 
thrown [s\open\src\hotspot\share\prims\jni.cpp, line 516]
Event: 27.237 Thread 0x0000023db3e53af0 Exception <a 'sun/nio/fs/WindowsException'{0x00000007167f2f50}> (0x00000007167f2f50) 
thrown [s\open\src\hotspot\share\prims\jni.cpp, line 516]

VM Operations (20 events):
Event: 26.533 Executing VM operation: G1CollectForAllocation done
Event: 26.601 Executing VM operation: HandshakeAllThreads
Event: 26.601 Executing VM operation: HandshakeAllThreads done
Event: 26.864 Executing VM operation: HandshakeAllThreads
Event: 26.864 Executing VM operation: HandshakeAllThreads done
Event: 27.267 Executing VM operation: G1TryInitiateConcMark
Event: 27.269 Executing VM operation: G1TryInitiateConcMark done
Event: 27.295 Executing VM operation: HandshakeAllThreads
Event: 27.295 Executing VM operation: HandshakeAllThreads done
Event: 27.381 Executing VM operation: G1Concurrent
Event: 27.386 Executing VM operation: G1Concurrent done
Event: 27.438 Executing VM operation: G1Concurrent
Event: 27.439 Executing VM operation: G1Concurrent done
Event: 27.958 Executing VM operation: G1CollectForAllocation
Event: 27.969 Executing VM operation: G1CollectForAllocation done
Event: 28.024 Executing VM operation: G1CollectForAllocation
Event: 28.030 Executing VM operation: G1CollectForAllocation done
Event: 28.138 Executing VM operation: HandshakeAllThreads
Event: 28.138 Executing VM operation: HandshakeAllThreads done
Event: 28.505 Executing VM operation: G1CollectForAllocation

Events (20 events):
Event: 27.240 loading class jdk/internal/jimage/ImageReader$Node
Event: 27.240 loading class jdk/internal/jimage/ImageReader$Node done
Event: 27.240 loading class jdk/internal/jimage/ImageReader$Directory done
Event: 27.240 loading class jdk/internal/jrtfs/SystemImage$1
Event: 27.240 loading class jdk/internal/jrtfs/SystemImage$1 done
Event: 27.413 loading class java/lang/UnsupportedClassVersionError
Event: 27.413 loading class java/lang/UnsupportedClassVersionError done
Event: 27.438 loading class java/util/regex/Pattern$Caret
Event: 27.438 loading class java/util/regex/Pattern$Caret done
Event: 27.446 loading class java/util/BitSet
Event: 27.446 loading class java/util/BitSet done
Event: 28.139 Thread 0x0000023dd740a4d0 flushing nmethod 0x0000023dc3686090
Event: 28.139 Thread 0x0000023dd740a4d0 flushing nmethod 0x0000023dc3686a10
Event: 28.139 Thread 0x0000023dd740a4d0 flushing nmethod 0x0000023dc368ff10
Event: 28.139 Thread 0x0000023dd740a4d0 flushing nmethod 0x0000023dc3691510
Event: 28.140 Thread 0x0000023dd740a4d0 flushing nmethod 0x0000023dbb711c90
Event: 28.140 Thread 0x0000023dd740a4d0 flushing nmethod 0x0000023dbb712410
Event: 28.141 Thread 0x0000023dd740a4d0 flushing nmethod 0x0000023dbba7cf90
Event: 28.141 Thread 0x0000023dd740a4d0 flushing nmethod 0x0000023dbbaffa10
Event: 28.141 Thread 0x0000023dd740a4d0 flushing nmethod 0x0000023dbbb5c090


Dynamic libraries:
0x00007ff7288a0000 - 0x00007ff7288b0000 	C:\Program Files\Java\jdk-17\bin\java.exe
0x00007fffb53f0000 - 0x00007fffb5607000 	C:\WINDOWS\SYSTEM32\ntdll.dll
0x00007fffb4810000 - 0x00007fffb48d4000 	C:\WINDOWS\System32\KERNEL32.DLL
0x00007fffb2900000 - 0x00007fffb2cd1000 	C:\WINDOWS\System32\KERNELBASE.dll
0x00007fffb2d10000 - 0x00007fffb2e21000 	C:\WINDOWS\System32\ucrtbase.dll
0x00007fff8cbe0000 - 0x00007fff8cbfb000 	C:\Program Files\Java\jdk-17\bin\VCRUNTIME140.dll
0x00007fff8ca00000 - 0x00007fff8ca18000 	C:\Program Files\Java\jdk-17\bin\jli.dll
0x00007fffb4640000 - 0x00007fffb46f1000 	C:\WINDOWS\System32\ADVAPI32.dll
0x00007fffb3260000 - 0x00007fffb3307000 	C:\WINDOWS\System32\msvcrt.dll
0x00007fffb3320000 - 0x00007fffb33c7000 	C:\WINDOWS\System32\sechost.dll
0x00007fffb2ce0000 - 0x00007fffb2d08000 	C:\WINDOWS\System32\bcrypt.dll
0x00007fffb5000000 - 0x00007fffb5114000 	C:\WINDOWS\System32\RPCRT4.dll
0x00007fffb51f0000 - 0x00007fffb53a1000 	C:\WINDOWS\System32\USER32.dll
0x00007fff90720000 - 0x00007fff909b2000 	C:\WINDOWS\WinSxS\amd64_microsoft.windows.common-controls_6595b64144ccf1df_6.0.22621.4830_none_270fe7d773858e80\COMCTL32.dll
0x00007fffb28d0000 - 0x00007fffb28f6000 	C:\WINDOWS\System32\win32u.dll
0x00007fffb5120000 - 0x00007fffb5149000 	C:\WINDOWS\System32\GDI32.dll
0x00007fffb2e30000 - 0x00007fffb2f4b000 	C:\WINDOWS\System32\gdi32full.dll
0x00007fffb2830000 - 0x00007fffb28ca000 	C:\WINDOWS\System32\msvcp_win.dll
0x00007fffa7380000 - 0x00007fffa738a000 	C:\WINDOWS\SYSTEM32\VERSION.dll
0x00007fffb30c0000 - 0x00007fffb30f1000 	C:\WINDOWS\System32\IMM32.DLL
0x00007fff8d7d0000 - 0x00007fff8d7dc000 	C:\Program Files\Java\jdk-17\bin\vcruntime140_1.dll
0x00007fff896f0000 - 0x00007fff8977e000 	C:\Program Files\Java\jdk-17\bin\msvcp140.dll
0x00007fff00110000 - 0x00007fff00ce7000 	C:\Program Files\Java\jdk-17\bin\server\jvm.dll
0x00007fffb4a40000 - 0x00007fffb4a48000 	C:\WINDOWS\System32\PSAPI.DLL
0x00007fff8e1a0000 - 0x00007fff8e1a9000 	C:\WINDOWS\SYSTEM32\WSOCK32.dll
0x00007fffa7f10000 - 0x00007fffa7f44000 	C:\WINDOWS\SYSTEM32\WINMM.dll
0x00007fffb49c0000 - 0x00007fffb4a31000 	C:\WINDOWS\System32\WS2_32.dll
0x00007fffb1540000 - 0x00007fffb1558000 	C:\WINDOWS\SYSTEM32\kernel.appcore.dll
0x00007fff8cdf0000 - 0x00007fff8cdfa000 	C:\Program Files\Java\jdk-17\bin\jimage.dll
0x00007fffafac0000 - 0x00007fffafcf2000 	C:\WINDOWS\SYSTEM32\DBGHELP.DLL
0x00007fffb4a50000 - 0x00007fffb4de0000 	C:\WINDOWS\System32\combase.dll
0x00007fffb48e0000 - 0x00007fffb49b7000 	C:\WINDOWS\System32\OLEAUT32.dll
0x00007fff952c0000 - 0x00007fff952f2000 	C:\WINDOWS\SYSTEM32\dbgcore.DLL
0x00007fffb2530000 - 0x00007fffb25ab000 	C:\WINDOWS\System32\bcryptPrimitives.dll
0x00007fff8c9d0000 - 0x00007fff8c9f5000 	C:\Program Files\Java\jdk-17\bin\java.dll
0x00007fff88d70000 - 0x00007fff88e47000 	C:\Program Files\Java\jdk-17\bin\jsvml.dll
0x00007fffb3db0000 - 0x00007fffb4638000 	C:\WINDOWS\System32\SHELL32.dll
0x00007fffb2630000 - 0x00007fffb276f000 	C:\WINDOWS\System32\wintypes.dll
0x00007fffb0440000 - 0x00007fffb0d4d000 	C:\WINDOWS\SYSTEM32\windows.storage.dll
0x00007fffb4700000 - 0x00007fffb480a000 	C:\WINDOWS\System32\SHCORE.dll
0x00007fffb4e90000 - 0x00007fffb4eee000 	C:\WINDOWS\System32\shlwapi.dll
0x00007fffb2460000 - 0x00007fffb248b000 	C:\WINDOWS\SYSTEM32\profapi.dll
0x00007fff8c9b0000 - 0x00007fff8c9c9000 	C:\Program Files\Java\jdk-17\bin\net.dll
0x00007fffad810000 - 0x00007fffad93c000 	C:\WINDOWS\SYSTEM32\WINHTTP.dll
0x00007fffb19a0000 - 0x00007fffb1a0a000 	C:\WINDOWS\system32\mswsock.dll
0x00007fff8af60000 - 0x00007fff8af76000 	C:\Program Files\Java\jdk-17\bin\nio.dll
0x00007fff8af40000 - 0x00007fff8af58000 	C:\Program Files\Java\jdk-17\bin\zip.dll
0x0000000069ac0000 - 0x0000000069ae4000 	D:\apache-maven-3.8.6\lib\jansi-native\Windows\x86_64\jansi.dll
0x00007fff8af30000 - 0x00007fff8af40000 	C:\Program Files\Java\jdk-17\bin\verify.dll
0x00007fffb1cf0000 - 0x00007fffb1d0b000 	C:\WINDOWS\SYSTEM32\CRYPTSP.dll
0x00007fffb14a0000 - 0x00007fffb14d7000 	C:\WINDOWS\system32\rsaenh.dll
0x00007fffb1a40000 - 0x00007fffb1a68000 	C:\WINDOWS\SYSTEM32\USERENV.dll
0x00007fffb1cd0000 - 0x00007fffb1cdc000 	C:\WINDOWS\SYSTEM32\CRYPTBASE.dll
0x00007fffb0ff0000 - 0x00007fffb101d000 	C:\WINDOWS\SYSTEM32\IPHLPAPI.DLL
0x00007fffb3920000 - 0x00007fffb3929000 	C:\WINDOWS\System32\NSI.dll
0x00007fffad6d0000 - 0x00007fffad6e9000 	C:\WINDOWS\SYSTEM32\dhcpcsvc6.DLL
0x00007fffad5b0000 - 0x00007fffad5cf000 	C:\WINDOWS\SYSTEM32\dhcpcsvc.DLL
0x00007fffb1020000 - 0x00007fffb1122000 	C:\WINDOWS\SYSTEM32\DNSAPI.dll

dbghelp: loaded successfully - version: 4.0.5 - missing functions: none
symbol engine: initialized successfully - sym options: 0x614 - pdb path: .;C:\Program Files\Java\jdk-17\bin;C:\WINDOWS\SYSTEM32;C:\WINDOWS\WinSxS\amd64_microsoft.windows.common-controls_6595b64144ccf1df_6.0.22621.4830_none_270fe7d773858e80;C:\Program Files\Java\jdk-17\bin\server;D:\apache-maven-3.8.6\lib\jansi-native\Windows\x86_64

VM Arguments:
jvm_args: -Dclassworlds.conf=D:\apache-maven-3.8.6\bin\m2.conf -Dmaven.home=D:\apache-maven-3.8.6 -Dlibrary.jansi.path=D:\apache-maven-3.8.6\lib\jansi-native -Dmaven.multiModuleProjectDirectory=D:\soum21Juin2022\MyProject\EcoleVie\mic-gestion-ecole-api 
java_command: org.codehaus.plexus.classworlds.launcher.Launcher clean package
java_class_path (initial): D:\apache-maven-3.8.6\boot\plexus-classworlds-2.6.0.jar
Launcher Type: SUN_STANDARD

[Global flags]
     intx CICompilerCount                          = 4                                         {product} {ergonomic}
     uint ConcGCThreads                            = 2                                         {product} {ergonomic}
     uint G1ConcRefinementThreads                  = 8                                         {product} {ergonomic}
   size_t G1HeapRegionSize                         = 2097152                                   {product} {ergonomic}
    uintx GCDrainStackTargetSize                   = 64                                        {product} {ergonomic}
   size_t InitialHeapSize                          = 264241152                                 {product} {ergonomic}
   size_t MarkStackSize                            = 4194304                                   {product} {ergonomic}
   size_t MaxHeapSize                              = 4213178368                                {product} {ergonomic}
   size_t MaxNewSize                               = 2527068160                                {product} {ergonomic}
   size_t MinHeapDeltaBytes                        = 2097152                                   {product} {ergonomic}
   size_t MinHeapSize                              = 8388608                                   {product} {ergonomic}
    uintx NonNMethodCodeHeapSize                   = 5839372                                {pd product} {ergonomic}
    uintx NonProfiledCodeHeapSize                  = 122909434                              {pd product} {ergonomic}
    uintx ProfiledCodeHeapSize                     = 122909434                              {pd product} {ergonomic}
    uintx ReservedCodeCacheSize                    = 251658240                              {pd product} {ergonomic}
     bool SegmentedCodeCache                       = true                                      {product} {ergonomic}
   size_t SoftMaxHeapSize                          = 4213178368                             {manageable} {ergonomic}
     bool UseCompressedClassPointers               = true                           {product lp64_product} {ergonomic}
     bool UseCompressedOops                        = true                           {product lp64_product} {ergonomic}
     bool UseG1GC                                  = true                                      {product} {ergonomic}
     bool UseLargePagesIndividualAllocation        = false                                  {pd product} {ergonomic}

Logging:
Log output configuration:
 #0: stdout all=warning uptime,level,tags
 #1: stderr all=off uptime,level,tags

Environment Variables:
JAVA_HOME=C:\Program Files\Java\jdk-17
PATH=C:\Program Files\Java\jdk-17\bin;C:\oraclexe\app\oracle\product\11.2.0\server\bin;C:\Program Files\Common Files\Oracle\Java\javapath;C:\Program Files (x86)\Common Files\Oracle\Java\javapath;C:\WINDOWS\system32;C:\WINDOWS;C:\WINDOWS\System32\Wbem;C:\WINDOWS\System32\WindowsPowerShell\v1.0\;C:\WINDOWS\System32\OpenSSH\;%M2_HOME%;%M2%;D:\apache-maven-3.8.6\bin;C:\Program Files\Git\cmd;C:\Users\HP\AppData\Roaming\npm;D:\wildfly-26.1.2.Final;C:\Program Files (x86)\Google\Cloud SDK\google-cloud-sdk\bin;C:\Users\HP\AppData\Roaming\nvm;C:\Program Files\nodejs;D:\XAMP\php;D:\ComposerSetup;C:\Program Files\nodejs;C:\Program Files\OpenSSL-Win64\bin;C:\Program Files\Git LFS;C:\Program Files\nodejs\;C:\Users\HP\AppData\Local\Programs\Python\Python312\;C:\Users\HP\AppData\Local\Programs\Python\Python312\Scripts\;C:\Program Files\Docker\Docker\resources\bin;C:\Users\HP\AppData\Local\Programs\Python\Python312\Scripts\;C:\Users\HP\AppData\Local\Programs\Python\Python312\;C:\Users\HP\AppData\Local\Microsoft\WindowsApps;C:\Users\HP\AppData\Local\Programs\Microsoft VS Code\bin;"C:\Program Files\Git\bin\git.exe;C:\Program Files\Git\cmd";C:\Program Files\Java\jre1.8.0_341\bin;C:\Users\HP\AppData\Local\Android\Sdk\platform-tools;C:\Users\HP\AppData\Roaming\nvm;C:\Program Files\nodejs;C:\Users\HP\AppData\Roaming\Composer\vendor\bin;C:\Program Files\JetBrains\PyCharm Community Edition 2022.3.1\bin;;C:\Program Files\JetBrains\IntelliJ IDEA 2024.1\bin;;C:\Users\HP\AppData\Roaming\npm
USERNAME=HP
OS=Windows_NT
PROCESSOR_IDENTIFIER=Intel64 Family 6 Model 140 Stepping 1, GenuineIntel



---------------  S Y S T E M  ---------------

OS:
 Windows 11 , 64 bit Build 22621 (10.0.22621.4974)
OS uptime: 0 days 7:33 hours
Hyper-V role detected

CPU: total 8 (initial active 8) (4 cores per cpu, 2 threads per core) family 6 model 140 stepping 1 microcode 0xb8, cx8, cmov, fxsr, ht, mmx, 3dnowpref, sse, sse2, sse3, ssse3, sse4.1, sse4.2, popcnt, lzcnt, tsc, tscinvbit, avx, avx2, aes, erms, clmul, bmi1, bmi2, adx, avx512f, avx512dq, avx512cd, avx512bw, avx512vl, sha, fma, vzeroupper, avx512_vpopcntdq, avx512_vpclmulqdq, avx512_vaes, avx512_vnni, clflush, clflushopt, clwb, avx512_vbmi2, avx512_vbmi, hv

Memory: 4k page, system-wide physical 16064M (317M free)
TotalPageFile size 34296M (AvailPageFile size 342M)
current process WorkingSet (physical memory assigned to process): 493M, peak: 495M
current process commit charge ("private bytes"): 530M, peak: 876M

vm_info: Java HotSpot(TM) 64-Bit Server VM (17.0.6+9-LTS-190) for windows-amd64 JRE (17.0.6+9-LTS-190), built on Dec  6 2022 15:53:54 by "mach5one" with MS VC++ 17.1 (VS2022)

END.
