#
# There is insufficient memory for the Java Runtime Environment to continue.
# Native memory allocation (mmap) failed to map 780140544 bytes for G1 virtual space
# Possible reasons:
#   The system is out of physical RAM or swap space
#   The process is running with CompressedOops enabled, and the Java Heap may be blocking the growth of the native heap
# Possible solutions:
#   Reduce memory load on the system
#   Increase physical memory or swap space
#   Check if swap backing store is full
#   Decrease Java heap size (-Xmx/-Xms)
#   Decrease number of Java threads
#   Decrease Java thread stack sizes (-Xss)
#   Set larger code cache with -XX:ReservedCodeCacheSize=
#   JVM is running with Zero Based Compressed Oops mode in which the Java heap is
#     placed in the first 32GB address space. The Java Heap base address is the
#     maximum limit for the native heap growth. Please use -XX:HeapBaseMinAddress
#     to set the Java Heap base and to place the Java Heap above 32GB virtual address.
# This output file may be truncated or incomplete.
#
#  Out of Memory Error (os_windows.cpp:3550), pid=30432, tid=20168
#
# JRE version: Java(TM) SE Runtime Environment (17.0.6+9) (build 17.0.6+9-LTS-190)
# Java VM: Java HotSpot(TM) 64-Bit Server VM (17.0.6+9-LTS-190, mixed mode, emulated-client, sharing, tiered, compressed oops, compressed class ptrs, g1 gc, windows-amd64)
# No core dump will be written. Minidumps are not enabled by default on client versions of Windows
#

---------------  S U M M A R Y ------------

Command Line: -Dio.quarkus.force-color-support=true -Dquarkus-internal.serialized-app-model.path=D:\soum21Juin2022\MyProject\EcoleVie\mic-gestion-ecole-api\target\quarkus\bootstrap\dev-app-model.dat -javaagent:C:\Users\HP\.m2\repository\io\quarkus\quarkus-class-change-agent\2.15.0.Final\quarkus-class-change-agent-2.15.0.Final.jar -XX:TieredStopAtLevel=1 -agentlib:jdwp=transport=dt_socket,address=localhost:5005,server=y,suspend=n -Djava.util.logging.manager=org.jboss.logmanager.LogManager D:\soum21Juin2022\MyProject\EcoleVie\mic-gestion-ecole-api\target\mic-gestion-ecole-api-dev.jar

Host: 11th Gen Intel(R) Core(TM) i7-1165G7 @ 2.80GHz, 8 cores, 15G,  Windows 11 , 64 bit Build 22000 (10.0.22000.1516)
Time: Tue Mar 14 15:11:21 2023 Greenwich elapsed time: 6.869455 seconds (0d 0h 0m 6s)

---------------  T H R E A D  ---------------

Current thread (0x000001c8ff8a29f0):  VMThread "VM Thread" [stack: 0x000000280f300000,0x000000280f400000] [id=20168]

Stack: [0x000000280f300000,0x000000280f400000]
Native frames: (J=compiled Java code, j=interpreted, Vv=VM code, C=native code)
V  [jvm.dll+0x6734ea]
V  [jvm.dll+0x7d18f4]
V  [jvm.dll+0x7d309e]
V  [jvm.dll+0x7d3703]
V  [jvm.dll+0x2433c5]
V  [jvm.dll+0x6703f9]
V  [jvm.dll+0x664d32]
V  [jvm.dll+0x300086]
V  [jvm.dll+0x307606]
V  [jvm.dll+0x356c1e]
V  [jvm.dll+0x356e4f]
V  [jvm.dll+0x2d72e8]
V  [jvm.dll+0x2d57e5]
V  [jvm.dll+0x2d4dec]
V  [jvm.dll+0x31837b]
V  [jvm.dll+0x7d7f0b]
V  [jvm.dll+0x7d8c44]
V  [jvm.dll+0x7d915d]
V  [jvm.dll+0x7d9534]
V  [jvm.dll+0x7d9600]
V  [jvm.dll+0x781a7a]
V  [jvm.dll+0x672375]
C  [ucrtbase.dll+0x26c0c]
C  [KERNEL32.DLL+0x155a0]
C  [ntdll.dll+0x485b]

VM_Operation (0x0000002811afc7d0): G1CollectForAllocation, mode: safepoint, requested by thread 0x000001c891f08890


---------------  P R O C E S S  ---------------

Threads class SMR info:
_java_thread_list=0x000001c890a481f0, length=31, elements={
0x000001c8f5c95ee0, 0x000001c8ff8a7040, 0x000001c8ff8a7b00, 0x000001c8ff8c0930,
0x000001c8ff8c2200, 0x000001c8ff8c2ac0, 0x000001c8ff8c6880, 0x000001c8ff8c9150,
0x000001c8ff8d1a60, 0x000001c88d8d4d40, 0x000001c88d8d9ae0, 0x000001c88d8da160,
0x000001c88dd336e0, 0x000001c88dd61fe0, 0x000001c88dd647e0, 0x000001c88dfa8720,
0x000001c88f22ecc0, 0x000001c88f2ebcf0, 0x000001c890d25af0, 0x000001c890d247b0,
0x000001c890d23e10, 0x000001c891f031f0, 0x000001c891f036c0, 0x000001c892908ff0,
0x000001c891f01eb0, 0x000001c891f03b90, 0x000001c891f04060, 0x000001c891f06bb0,
0x000001c891f08d60, 0x000001c891f02d20, 0x000001c891f08890
}

Java Threads: ( => current thread )
  0x000001c8f5c95ee0 JavaThread "main" [_thread_blocked, id=27512, stack(0x000000280ed00000,0x000000280ee00000)]
  0x000001c8ff8a7040 JavaThread "Reference Handler" daemon [_thread_blocked, id=16784, stack(0x000000280f400000,0x000000280f500000)]
  0x000001c8ff8a7b00 JavaThread "Finalizer" daemon [_thread_blocked, id=29600, stack(0x000000280f500000,0x000000280f600000)]
  0x000001c8ff8c0930 JavaThread "Signal Dispatcher" daemon [_thread_blocked, id=35040, stack(0x000000280f600000,0x000000280f700000)]
  0x000001c8ff8c2200 JavaThread "Attach Listener" daemon [_thread_blocked, id=25404, stack(0x000000280f700000,0x000000280f800000)]
  0x000001c8ff8c2ac0 JavaThread "Service Thread" daemon [_thread_blocked, id=31348, stack(0x000000280f800000,0x000000280f900000)]
  0x000001c8ff8c6880 JavaThread "Monitor Deflation Thread" daemon [_thread_blocked, id=5908, stack(0x000000280f900000,0x000000280fa00000)]
  0x000001c8ff8c9150 JavaThread "C1 CompilerThread0" daemon [_thread_blocked, id=14164, stack(0x000000280fa00000,0x000000280fb00000)]
  0x000001c8ff8d1a60 JavaThread "Sweeper thread" daemon [_thread_blocked, id=30628, stack(0x000000280fb00000,0x000000280fc00000)]
  0x000001c88d8d4d40 JavaThread "Common-Cleaner" daemon [_thread_blocked, id=16804, stack(0x000000280fc00000,0x000000280fd00000)]
  0x000001c88d8d9ae0 JavaThread "C1 CompilerThread1" daemon [_thread_blocked, id=11432, stack(0x000000280fd00000,0x000000280fe00000)]
  0x000001c88d8da160 JavaThread "C1 CompilerThread2" daemon [_thread_blocked, id=7416, stack(0x000000280fe00000,0x000000280ff00000)]
  0x000001c88dd336e0 JavaThread "JDWP Transport Listener: dt_socket" daemon [_thread_in_native, id=3240, stack(0x000000280ff00000,0x0000002810000000)]
  0x000001c88dd61fe0 JavaThread "JDWP Event Helper Thread" daemon [_thread_blocked, id=18084, stack(0x0000002810000000,0x0000002810100000)]
  0x000001c88dd647e0 JavaThread "Notification Thread" daemon [_thread_blocked, id=9220, stack(0x0000002810100000,0x0000002810200000)]
  0x000001c88dfa8720 JavaThread "C1 CompilerThread3" daemon [_thread_blocked, id=29272, stack(0x0000002810300000,0x0000002810400000)]
  0x000001c88f22ecc0 JavaThread "Quarkus Devmode keep alive thread" [_thread_blocked, id=13468, stack(0x0000002811100000,0x0000002811200000)]
  0x000001c88f2ebcf0 JavaThread "ForkJoinPool.commonPool-worker-1" daemon [_thread_blocked, id=20040, stack(0x0000002811200000,0x0000002811300000)]
  0x000001c890d25af0 JavaThread "mysql-cj-abandoned-connection-cleanup" daemon [_thread_blocked, id=22132, stack(0x0000002814c00000,0x0000002814d00000)]
  0x000001c890d247b0 JavaThread "WindowsStreamPump" daemon [_thread_in_native, id=13896, stack(0x0000002814d00000,0x0000002814e00000)]
  0x000001c890d23e10 JavaThread "Aesh InputStream Reader" daemon [_thread_blocked, id=10524, stack(0x0000002814e00000,0x0000002814f00000)]
  0x000001c891f031f0 JavaThread "vertx-blocked-thread-checker" daemon [_thread_blocked, id=10864, stack(0x000000281aa00000,0x000000281ab00000)]
  0x000001c891f036c0 JavaThread "Thread-147" daemon [_thread_in_native, id=20560, stack(0x000000281ab00000,0x000000281ac00000)]
  0x000001c892908ff0 JavaThread "[DevConsole]vert.x-eventloop-thread-0" [_thread_in_native, id=27776, stack(0x000000281d100000,0x000000281d200000)]
  0x000001c891f01eb0 JavaThread "ForkJoinPool.commonPool-worker-2" daemon [_thread_blocked, id=24228, stack(0x0000002811400000,0x0000002811500000)]
  0x000001c891f03b90 JavaThread "ForkJoinPool.commonPool-worker-3" daemon [_thread_blocked, id=9200, stack(0x0000002811500000,0x0000002811600000)]
  0x000001c891f04060 JavaThread "ForkJoinPool.commonPool-worker-4" daemon [_thread_blocked, id=28844, stack(0x0000002811600000,0x0000002811700000)]
  0x000001c891f06bb0 JavaThread "ForkJoinPool.commonPool-worker-5" daemon [_thread_blocked, id=24676, stack(0x0000002811700000,0x0000002811800000)]
  0x000001c891f08d60 JavaThread "ForkJoinPool.commonPool-worker-6" daemon [_thread_blocked, id=12180, stack(0x0000002811800000,0x0000002811900000)]
  0x000001c891f02d20 JavaThread "ForkJoinPool.commonPool-worker-7" daemon [_thread_blocked, id=20652, stack(0x0000002811900000,0x0000002811a00000)]
  0x000001c891f08890 JavaThread "Quarkus Main Thread" [_thread_blocked, id=22572, stack(0x0000002811a00000,0x0000002811b00000)]

Other Threads:
=>0x000001c8ff8a29f0 VMThread "VM Thread" [stack: 0x000000280f300000,0x000000280f400000] [id=20168]
  0x000001c8f5d27ec0 WatcherThread [stack: 0x0000002810200000,0x0000002810300000] [id=16416]
  0x000001c8f5cfdd10 GCTaskThread "GC Thread#0" [stack: 0x000000280ee00000,0x000000280ef00000] [id=14300]
  0x000001c88dfee030 GCTaskThread "GC Thread#1" [stack: 0x0000002810400000,0x0000002810500000] [id=17536]
  0x000001c88dfee2e0 GCTaskThread "GC Thread#2" [stack: 0x0000002810500000,0x0000002810600000] [id=27324]
  0x000001c88dfee590 GCTaskThread "GC Thread#3" [stack: 0x0000002810600000,0x0000002810700000] [id=21556]
  0x000001c88e0412f0 GCTaskThread "GC Thread#4" [stack: 0x0000002810700000,0x0000002810800000] [id=30968]
  0x000001c88e0422e0 GCTaskThread "GC Thread#5" [stack: 0x0000002810800000,0x0000002810900000] [id=15432]
  0x000001c88e0d1b20 GCTaskThread "GC Thread#6" [stack: 0x0000002810900000,0x0000002810a00000] [id=13480]
  0x000001c88f52d640 GCTaskThread "GC Thread#7" [stack: 0x0000002811300000,0x0000002811400000] [id=10428]
  0x000001c8f5d107f0 ConcurrentGCThread "G1 Main Marker" [stack: 0x000000280ef00000,0x000000280f000000] [id=19616]
  0x000001c8f5d12760 ConcurrentGCThread "G1 Conc#0" [stack: 0x000000280f000000,0x000000280f100000] [id=14124]
  0x000001c88f7af9f0 ConcurrentGCThread "G1 Conc#1" [stack: 0x0000002814f00000,0x0000002815000000] [id=16864]
  0x000001c8ff7624d0 ConcurrentGCThread "G1 Refine#0" [stack: 0x000000280f100000,0x000000280f200000] [id=22148]
  0x000001c88e0cec30 ConcurrentGCThread "G1 Refine#1" [stack: 0x0000002810a00000,0x0000002810b00000] [id=21636]
  0x000001c88f21fa80 ConcurrentGCThread "G1 Refine#2" [stack: 0x0000002810b00000,0x0000002810c00000] [id=14444]
  0x000001c88f21fd60 ConcurrentGCThread "G1 Refine#3" [stack: 0x0000002810c00000,0x0000002810d00000] [id=11696]
  0x000001c88f220450 ConcurrentGCThread "G1 Refine#4" [stack: 0x0000002810d00000,0x0000002810e00000] [id=2092]
  0x000001c88f2526c0 ConcurrentGCThread "G1 Refine#5" [stack: 0x0000002810e00000,0x0000002810f00000] [id=22420]
  0x000001c88f2529a0 ConcurrentGCThread "G1 Refine#6" [stack: 0x0000002810f00000,0x0000002811000000] [id=35476]
  0x000001c88f252c80 ConcurrentGCThread "G1 Refine#7" [stack: 0x0000002811000000,0x0000002811100000] [id=33216]
  0x000001c8ff762ca0 ConcurrentGCThread "G1 Service" [stack: 0x000000280f200000,0x000000280f300000] [id=22128]

Threads with active compile tasks:

VM state: at safepoint (normal execution)

VM Mutex/Monitor currently owned by a thread:  ([mutex/lock_event])
[0x000001c8f5c90100] Threads_lock - owner thread: 0x000001c8ff8a29f0
[0x000001c8f5c8f650] Heap_lock - owner thread: 0x000001c891f08890

Heap address: 0x0000000704e00000, size: 4018 MB, Compressed Oops mode: Zero based, Oop shift amount: 3

CDS archive(s) mapped at: [0x0000000800000000-0x0000000800bd0000-0x0000000800bd0000), size 12386304, SharedBaseAddress: 0x0000000800000000, ArchiveRelocationMode: 0.
Compressed class space mapped at: 0x0000000800c00000-0x0000000840c00000, reserved size: 1073741824
Narrow klass base: 0x0000000800000000, Narrow klass shift: 0, Narrow klass range: 0x100000000

GC Precious Log:
 CPUs: 8 total, 8 available
 Memory: 16064M
 Large Page Support: Disabled
 NUMA Support: Disabled
 Compressed Oops: Enabled (Zero based)
 Heap Region Size: 2M
 Heap Min Capacity: 8M
 Heap Initial Capacity: 252M
 Heap Max Capacity: 4018M
 Pre-touch: Disabled
 Parallel Workers: 8
 Concurrent Workers: 2
 Concurrent Refinement Workers: 8
 Periodic GC: Disabled

Heap:
 garbage-first heap   total 739328K, used 277202K [0x0000000704e00000, 0x0000000800000000)
  region size 2048K, 11 young (22528K), 11 survivors (22528K)
 Metaspace       used 46926K, committed 47488K, reserved 1089536K
  class space    used 6930K, committed 7168K, reserved 1048576K

Heap Regions: E=young(eden), S=young(survivor), O=old, HS=humongous(starts), HC=humongous(continues), CS=collection set, F=free, OA=open archive, CA=closed archive, TAMS=top-at-mark-start (previous, next)
|   0|0x0000000704e00000, 0x0000000705000000, 0x0000000705000000|100%| O|  |TAMS 0x0000000705000000, 0x0000000704e00000| Untracked 
|   1|0x0000000705000000, 0x0000000705200000, 0x0000000705200000|100%| O|  |TAMS 0x0000000705200000, 0x0000000705000000| Untracked 
|   2|0x0000000705200000, 0x0000000705400000, 0x0000000705400000|100%| O|  |TAMS 0x0000000705400000, 0x0000000705200000| Untracked 
|   3|0x0000000705400000, 0x0000000705600000, 0x0000000705600000|100%| O|  |TAMS 0x0000000705600000, 0x0000000705400000| Untracked 
|   4|0x0000000705600000, 0x0000000705800000, 0x0000000705800000|100%|HS|  |TAMS 0x0000000705800000, 0x0000000705600000| Complete 
|   5|0x0000000705800000, 0x0000000705a00000, 0x0000000705a00000|100%| O|  |TAMS 0x0000000705a00000, 0x0000000705800000| Untracked 
|   6|0x0000000705a00000, 0x0000000705c00000, 0x0000000705c00000|100%| O|  |TAMS 0x0000000705c00000, 0x0000000705a00000| Untracked 
|   7|0x0000000705c00000, 0x0000000705e00000, 0x0000000705e00000|100%| O|  |TAMS 0x0000000705e00000, 0x0000000705c00000| Untracked 
|   8|0x0000000705e00000, 0x0000000706000000, 0x0000000706000000|100%| O|  |TAMS 0x0000000706000000, 0x0000000705e00000| Untracked 
|   9|0x0000000706000000, 0x0000000706200000, 0x0000000706200000|100%| O|  |TAMS 0x0000000706200000, 0x0000000706000000| Untracked 
|  10|0x0000000706200000, 0x0000000706400000, 0x0000000706400000|100%| O|  |TAMS 0x0000000706400000, 0x0000000706200000| Untracked 
|  11|0x0000000706400000, 0x0000000706600000, 0x0000000706600000|100%| O|  |TAMS 0x0000000706600000, 0x0000000706400000| Untracked 
|  12|0x0000000706600000, 0x0000000706800000, 0x0000000706800000|100%| O|  |TAMS 0x0000000706800000, 0x0000000706600000| Untracked 
|  13|0x0000000706800000, 0x0000000706a00000, 0x0000000706a00000|100%| O|  |TAMS 0x0000000706a00000, 0x0000000706800000| Untracked 
|  14|0x0000000706a00000, 0x0000000706c00000, 0x0000000706c00000|100%| O|  |TAMS 0x0000000706c00000, 0x0000000706a00000| Untracked 
|  15|0x0000000706c00000, 0x0000000706e00000, 0x0000000706e00000|100%| O|  |TAMS 0x0000000706e00000, 0x0000000706c00000| Untracked 
|  16|0x0000000706e00000, 0x0000000707000000, 0x0000000707000000|100%| O|  |TAMS 0x0000000707000000, 0x0000000706e00000| Untracked 
|  17|0x0000000707000000, 0x0000000707200000, 0x0000000707200000|100%| O|  |TAMS 0x0000000707200000, 0x0000000707000000| Untracked 
|  18|0x0000000707200000, 0x0000000707400000, 0x0000000707400000|100%| O|  |TAMS 0x0000000707400000, 0x0000000707200000| Untracked 
|  19|0x0000000707400000, 0x0000000707600000, 0x0000000707600000|100%| O|  |TAMS 0x0000000707400000, 0x0000000707400000| Untracked 
|  20|0x0000000707600000, 0x0000000707800000, 0x0000000707800000|100%| O|  |TAMS 0x0000000707800000, 0x0000000707600000| Untracked 
|  21|0x0000000707800000, 0x0000000707a00000, 0x0000000707a00000|100%| O|  |TAMS 0x0000000707a00000, 0x0000000707800000| Untracked 
|  22|0x0000000707a00000, 0x0000000707c00000, 0x0000000707c00000|100%| O|  |TAMS 0x0000000707c00000, 0x0000000707a00000| Untracked 
|  23|0x0000000707c00000, 0x0000000707e00000, 0x0000000707e00000|100%| O|  |TAMS 0x0000000707e00000, 0x0000000707c00000| Untracked 
|  24|0x0000000707e00000, 0x0000000708000000, 0x0000000708000000|100%| O|  |TAMS 0x0000000708000000, 0x0000000707e00000| Untracked 
|  25|0x0000000708000000, 0x0000000708200000, 0x0000000708200000|100%| O|  |TAMS 0x0000000708200000, 0x0000000708000000| Untracked 
|  26|0x0000000708200000, 0x0000000708400000, 0x0000000708400000|100%| O|  |TAMS 0x0000000708400000, 0x0000000708200000| Untracked 
|  27|0x0000000708400000, 0x0000000708600000, 0x0000000708600000|100%| O|  |TAMS 0x0000000708600000, 0x0000000708400000| Untracked 
|  28|0x0000000708600000, 0x0000000708800000, 0x0000000708800000|100%| O|  |TAMS 0x0000000708600000, 0x0000000708600000| Untracked 
|  29|0x0000000708800000, 0x0000000708a00000, 0x0000000708a00000|100%| O|  |TAMS 0x0000000708a00000, 0x0000000708800000| Untracked 
|  30|0x0000000708a00000, 0x0000000708c00000, 0x0000000708c00000|100%| O|  |TAMS 0x0000000708c00000, 0x0000000708a00000| Untracked 
|  31|0x0000000708c00000, 0x0000000708e00000, 0x0000000708e00000|100%| O|  |TAMS 0x0000000708e00000, 0x0000000708c00000| Untracked 
|  32|0x0000000708e00000, 0x0000000709000000, 0x0000000709000000|100%| O|  |TAMS 0x0000000709000000, 0x0000000708e00000| Untracked 
|  33|0x0000000709000000, 0x0000000709200000, 0x0000000709200000|100%| O|  |TAMS 0x0000000709200000, 0x0000000709000000| Untracked 
|  34|0x0000000709200000, 0x0000000709400000, 0x0000000709400000|100%| O|  |TAMS 0x0000000709400000, 0x0000000709200000| Untracked 
|  35|0x0000000709400000, 0x0000000709600000, 0x0000000709600000|100%| O|  |TAMS 0x0000000709400000, 0x0000000709400000| Untracked 
|  36|0x0000000709600000, 0x0000000709800000, 0x0000000709800000|100%| O|  |TAMS 0x0000000709600000, 0x0000000709600000| Untracked 
|  37|0x0000000709800000, 0x0000000709a00000, 0x0000000709a00000|100%| O|  |TAMS 0x0000000709800000, 0x0000000709800000| Untracked 
|  38|0x0000000709a00000, 0x0000000709c00000, 0x0000000709c00000|100%| O|  |TAMS 0x0000000709a00000, 0x0000000709a00000| Untracked 
|  39|0x0000000709c00000, 0x0000000709e00000, 0x0000000709e00000|100%| O|  |TAMS 0x0000000709c00000, 0x0000000709c00000| Untracked 
|  40|0x0000000709e00000, 0x000000070a000000, 0x000000070a000000|100%| O|  |TAMS 0x0000000709e00000, 0x0000000709e00000| Untracked 
|  41|0x000000070a000000, 0x000000070a200000, 0x000000070a200000|100%| O|  |TAMS 0x000000070a000000, 0x000000070a000000| Untracked 
|  42|0x000000070a200000, 0x000000070a400000, 0x000000070a400000|100%| O|  |TAMS 0x000000070a200000, 0x000000070a200000| Untracked 
|  43|0x000000070a400000, 0x000000070a600000, 0x000000070a600000|100%| O|  |TAMS 0x000000070a400000, 0x000000070a400000| Untracked 
|  44|0x000000070a600000, 0x000000070a800000, 0x000000070a800000|100%| O|  |TAMS 0x000000070a600000, 0x000000070a600000| Untracked 
|  45|0x000000070a800000, 0x000000070aa00000, 0x000000070aa00000|100%| O|  |TAMS 0x000000070a800000, 0x000000070a800000| Untracked 
|  46|0x000000070aa00000, 0x000000070ac00000, 0x000000070ac00000|100%| O|  |TAMS 0x000000070aa00000, 0x000000070aa00000| Untracked 
|  47|0x000000070ac00000, 0x000000070ae00000, 0x000000070ae00000|100%| O|  |TAMS 0x000000070ae00000, 0x000000070ac00000| Untracked 
|  48|0x000000070ae00000, 0x000000070b000000, 0x000000070b000000|100%| O|  |TAMS 0x000000070b000000, 0x000000070ae00000| Untracked 
|  49|0x000000070b000000, 0x000000070b200000, 0x000000070b200000|100%| O|  |TAMS 0x000000070b200000, 0x000000070b000000| Untracked 
|  50|0x000000070b200000, 0x000000070b400000, 0x000000070b400000|100%| O|  |TAMS 0x000000070b400000, 0x000000070b200000| Untracked 
|  51|0x000000070b400000, 0x000000070b600000, 0x000000070b600000|100%| O|  |TAMS 0x000000070b5c6600, 0x000000070b400000| Untracked 
|  52|0x000000070b600000, 0x000000070b800000, 0x000000070b800000|100%| O|  |TAMS 0x000000070b600000, 0x000000070b600000| Untracked 
|  53|0x000000070b800000, 0x000000070ba00000, 0x000000070ba00000|100%| O|  |TAMS 0x000000070b800000, 0x000000070b800000| Untracked 
|  54|0x000000070ba00000, 0x000000070bc00000, 0x000000070bc00000|100%| O|  |TAMS 0x000000070ba00000, 0x000000070ba00000| Untracked 
|  55|0x000000070bc00000, 0x000000070be00000, 0x000000070be00000|100%| O|  |TAMS 0x000000070bc00000, 0x000000070bc00000| Untracked 
|  56|0x000000070be00000, 0x000000070c000000, 0x000000070c000000|100%| O|  |TAMS 0x000000070be00000, 0x000000070be00000| Untracked 
|  57|0x000000070c000000, 0x000000070c200000, 0x000000070c200000|100%| O|  |TAMS 0x000000070c000000, 0x000000070c000000| Untracked 
|  58|0x000000070c200000, 0x000000070c400000, 0x000000070c400000|100%| O|  |TAMS 0x000000070c200000, 0x000000070c200000| Untracked 
|  59|0x000000070c400000, 0x000000070c600000, 0x000000070c600000|100%| O|  |TAMS 0x000000070c400000, 0x000000070c400000| Untracked 
|  60|0x000000070c600000, 0x000000070c800000, 0x000000070c800000|100%| O|  |TAMS 0x000000070c600000, 0x000000070c600000| Untracked 
|  61|0x000000070c800000, 0x000000070ca00000, 0x000000070ca00000|100%| O|  |TAMS 0x000000070c800000, 0x000000070c800000| Untracked 
|  62|0x000000070ca00000, 0x000000070cc00000, 0x000000070cc00000|100%| O|  |TAMS 0x000000070ca00000, 0x000000070ca00000| Untracked 
|  63|0x000000070cc00000, 0x000000070ce00000, 0x000000070ce00000|100%| O|  |TAMS 0x000000070cc00000, 0x000000070cc00000| Untracked 
|  64|0x000000070ce00000, 0x000000070d000000, 0x000000070d000000|100%| O|  |TAMS 0x000000070ce00000, 0x000000070ce00000| Untracked 
|  65|0x000000070d000000, 0x000000070d200000, 0x000000070d200000|100%| O|  |TAMS 0x000000070d000000, 0x000000070d000000| Untracked 
|  66|0x000000070d200000, 0x000000070d400000, 0x000000070d400000|100%| O|  |TAMS 0x000000070d200000, 0x000000070d200000| Untracked 
|  67|0x000000070d400000, 0x000000070d600000, 0x000000070d600000|100%| O|  |TAMS 0x000000070d400000, 0x000000070d400000| Untracked 
|  68|0x000000070d600000, 0x000000070d800000, 0x000000070d800000|100%| O|  |TAMS 0x000000070d600000, 0x000000070d600000| Untracked 
|  69|0x000000070d800000, 0x000000070da00000, 0x000000070da00000|100%| O|  |TAMS 0x000000070d800000, 0x000000070d800000| Untracked 
|  70|0x000000070da00000, 0x000000070dc00000, 0x000000070dc00000|100%| O|  |TAMS 0x000000070da00000, 0x000000070da00000| Untracked 
|  71|0x000000070dc00000, 0x000000070de00000, 0x000000070de00000|100%| O|  |TAMS 0x000000070dc00000, 0x000000070dc00000| Untracked 
|  72|0x000000070de00000, 0x000000070e000000, 0x000000070e000000|100%| O|  |TAMS 0x000000070de00000, 0x000000070de00000| Untracked 
|  73|0x000000070e000000, 0x000000070e200000, 0x000000070e200000|100%| O|  |TAMS 0x000000070e000000, 0x000000070e000000| Untracked 
|  74|0x000000070e200000, 0x000000070e400000, 0x000000070e400000|100%| O|  |TAMS 0x000000070e200000, 0x000000070e200000| Untracked 
|  75|0x000000070e400000, 0x000000070e600000, 0x000000070e600000|100%| O|  |TAMS 0x000000070e400000, 0x000000070e400000| Untracked 
|  76|0x000000070e600000, 0x000000070e800000, 0x000000070e800000|100%| O|  |TAMS 0x000000070e600000, 0x000000070e600000| Untracked 
|  77|0x000000070e800000, 0x000000070ea00000, 0x000000070ea00000|100%| O|  |TAMS 0x000000070e800000, 0x000000070e800000| Untracked 
|  78|0x000000070ea00000, 0x000000070ec00000, 0x000000070ec00000|100%| O|  |TAMS 0x000000070ea00000, 0x000000070ea00000| Untracked 
|  79|0x000000070ec00000, 0x000000070ee00000, 0x000000070ee00000|100%| O|  |TAMS 0x000000070ec00000, 0x000000070ec00000| Untracked 
|  80|0x000000070ee00000, 0x000000070f000000, 0x000000070f000000|100%| O|  |TAMS 0x000000070ee00000, 0x000000070ee00000| Untracked 
|  81|0x000000070f000000, 0x000000070f200000, 0x000000070f200000|100%| O|  |TAMS 0x000000070f000000, 0x000000070f000000| Untracked 
|  82|0x000000070f200000, 0x000000070f400000, 0x000000070f400000|100%| O|  |TAMS 0x000000070f200000, 0x000000070f200000| Untracked 
|  83|0x000000070f400000, 0x000000070f600000, 0x000000070f600000|100%| O|  |TAMS 0x000000070f400000, 0x000000070f400000| Untracked 
|  84|0x000000070f600000, 0x000000070f800000, 0x000000070f800000|100%| O|  |TAMS 0x000000070f600000, 0x000000070f600000| Untracked 
|  85|0x000000070f800000, 0x000000070fa00000, 0x000000070fa00000|100%| O|  |TAMS 0x000000070f800000, 0x000000070f800000| Untracked 
|  86|0x000000070fa00000, 0x000000070fc00000, 0x000000070fc00000|100%| O|  |TAMS 0x000000070fa00000, 0x000000070fa00000| Untracked 
|  87|0x000000070fc00000, 0x000000070fe00000, 0x000000070fe00000|100%| O|  |TAMS 0x000000070fc00000, 0x000000070fc00000| Untracked 
|  88|0x000000070fe00000, 0x0000000710000000, 0x0000000710000000|100%| O|  |TAMS 0x000000070fe00000, 0x000000070fe00000| Untracked 
|  89|0x0000000710000000, 0x0000000710200000, 0x0000000710200000|100%| O|  |TAMS 0x0000000710000000, 0x0000000710000000| Untracked 
|  90|0x0000000710200000, 0x0000000710400000, 0x0000000710400000|100%| O|  |TAMS 0x0000000710200000, 0x0000000710200000| Untracked 
|  91|0x0000000710400000, 0x0000000710600000, 0x0000000710600000|100%| O|  |TAMS 0x0000000710400000, 0x0000000710400000| Untracked 
|  92|0x0000000710600000, 0x0000000710800000, 0x0000000710800000|100%| O|  |TAMS 0x0000000710600000, 0x0000000710600000| Untracked 
|  93|0x0000000710800000, 0x0000000710a00000, 0x0000000710a00000|100%| O|  |TAMS 0x0000000710800000, 0x0000000710800000| Untracked 
|  94|0x0000000710a00000, 0x0000000710c00000, 0x0000000710c00000|100%| O|  |TAMS 0x0000000710a00000, 0x0000000710a00000| Untracked 
|  95|0x0000000710c00000, 0x0000000710e00000, 0x0000000710e00000|100%| O|  |TAMS 0x0000000710c00000, 0x0000000710c00000| Untracked 
|  96|0x0000000710e00000, 0x0000000711000000, 0x0000000711000000|100%| O|  |TAMS 0x0000000710e00000, 0x0000000710e00000| Untracked 
|  97|0x0000000711000000, 0x0000000711200000, 0x0000000711200000|100%| O|  |TAMS 0x0000000711000000, 0x0000000711000000| Untracked 
|  98|0x0000000711200000, 0x0000000711400000, 0x0000000711400000|100%| O|  |TAMS 0x0000000711200000, 0x0000000711200000| Untracked 
|  99|0x0000000711400000, 0x0000000711600000, 0x0000000711600000|100%| O|  |TAMS 0x0000000711400000, 0x0000000711400000| Untracked 
| 100|0x0000000711600000, 0x0000000711800000, 0x0000000711800000|100%| O|  |TAMS 0x0000000711600000, 0x0000000711600000| Untracked 
| 101|0x0000000711800000, 0x0000000711a00000, 0x0000000711a00000|100%| O|  |TAMS 0x0000000711800000, 0x0000000711800000| Untracked 
| 102|0x0000000711a00000, 0x0000000711c00000, 0x0000000711c00000|100%| O|  |TAMS 0x0000000711a00000, 0x0000000711a00000| Untracked 
| 103|0x0000000711c00000, 0x0000000711e00000, 0x0000000711e00000|100%| O|  |TAMS 0x0000000711c00000, 0x0000000711c00000| Untracked 
| 104|0x0000000711e00000, 0x0000000712000000, 0x0000000712000000|100%| O|  |TAMS 0x0000000711e00000, 0x0000000711e00000| Untracked 
| 105|0x0000000712000000, 0x0000000712200000, 0x0000000712200000|100%| O|  |TAMS 0x0000000712000000, 0x0000000712000000| Untracked 
| 106|0x0000000712200000, 0x0000000712400000, 0x0000000712400000|100%| O|  |TAMS 0x0000000712200000, 0x0000000712200000| Untracked 
| 107|0x0000000712400000, 0x0000000712600000, 0x0000000712600000|100%| O|  |TAMS 0x0000000712400000, 0x0000000712400000| Untracked 
| 108|0x0000000712600000, 0x0000000712800000, 0x0000000712800000|100%| O|  |TAMS 0x0000000712600000, 0x0000000712600000| Untracked 
| 109|0x0000000712800000, 0x0000000712a00000, 0x0000000712a00000|100%| O|  |TAMS 0x0000000712800000, 0x0000000712800000| Untracked 
| 110|0x0000000712a00000, 0x0000000712a00000, 0x0000000712c00000|  0%| F|  |TAMS 0x0000000712a00000, 0x0000000712a00000| Untracked 
| 111|0x0000000712c00000, 0x0000000712e00000, 0x0000000712e00000|100%| O|  |TAMS 0x0000000712c00000, 0x0000000712c00000| Untracked 
| 112|0x0000000712e00000, 0x0000000713000000, 0x0000000713000000|100%| O|  |TAMS 0x0000000712e00000, 0x0000000712e00000| Untracked 
| 113|0x0000000713000000, 0x0000000713200000, 0x0000000713200000|100%| O|  |TAMS 0x0000000713000000, 0x0000000713000000| Untracked 
| 114|0x0000000713200000, 0x0000000713400000, 0x0000000713400000|100%| O|  |TAMS 0x0000000713200000, 0x0000000713200000| Untracked 
| 115|0x0000000713400000, 0x0000000713600000, 0x0000000713600000|100%| O|  |TAMS 0x0000000713400000, 0x0000000713400000| Untracked 
| 116|0x0000000713600000, 0x0000000713800000, 0x0000000713800000|100%| O|  |TAMS 0x0000000713600000, 0x0000000713600000| Untracked 
| 117|0x0000000713800000, 0x0000000713a00000, 0x0000000713a00000|100%| O|  |TAMS 0x0000000713800000, 0x0000000713800000| Untracked 
| 118|0x0000000713a00000, 0x0000000713c00000, 0x0000000713c00000|100%| O|  |TAMS 0x0000000713a00000, 0x0000000713a00000| Untracked 
| 119|0x0000000713c00000, 0x0000000713e00000, 0x0000000713e00000|100%| O|  |TAMS 0x0000000713c00000, 0x0000000713c00000| Untracked 
| 120|0x0000000713e00000, 0x0000000714000000, 0x0000000714000000|100%| O|  |TAMS 0x0000000713e00000, 0x0000000713e00000| Untracked 
| 121|0x0000000714000000, 0x0000000714200000, 0x0000000714200000|100%| O|  |TAMS 0x0000000714000000, 0x0000000714000000| Untracked 
| 122|0x0000000714200000, 0x0000000714400000, 0x0000000714400000|100%| O|  |TAMS 0x0000000714200000, 0x0000000714200000| Untracked 
| 123|0x0000000714400000, 0x0000000714600000, 0x0000000714600000|100%| O|  |TAMS 0x0000000714400000, 0x0000000714400000| Untracked 
| 124|0x0000000714600000, 0x0000000714800000, 0x0000000714800000|100%| O|  |TAMS 0x0000000714600000, 0x0000000714600000| Untracked 
| 125|0x0000000714800000, 0x0000000714a00000, 0x0000000714a00000|100%| O|  |TAMS 0x0000000714800000, 0x0000000714800000| Untracked 
| 126|0x0000000714a00000, 0x0000000714a00000, 0x0000000714c00000|  0%| F|  |TAMS 0x0000000714a00000, 0x0000000714a00000| Untracked 
| 127|0x0000000714c00000, 0x0000000714c00000, 0x0000000714e00000|  0%| F|  |TAMS 0x0000000714c00000, 0x0000000714c00000| Untracked 
| 128|0x0000000714e00000, 0x0000000714e00000, 0x0000000715000000|  0%| F|  |TAMS 0x0000000714e00000, 0x0000000714e00000| Untracked 
| 129|0x0000000715000000, 0x0000000715000000, 0x0000000715200000|  0%| F|  |TAMS 0x0000000715000000, 0x0000000715000000| Untracked 
| 130|0x0000000715200000, 0x0000000715200000, 0x0000000715400000|  0%| F|  |TAMS 0x0000000715200000, 0x0000000715200000| Untracked 
| 131|0x0000000715400000, 0x0000000715400000, 0x0000000715600000|  0%| F|  |TAMS 0x0000000715400000, 0x0000000715400000| Untracked 
| 132|0x0000000715600000, 0x0000000715600000, 0x0000000715800000|  0%| F|  |TAMS 0x0000000715600000, 0x0000000715600000| Untracked 
| 133|0x0000000715800000, 0x0000000715800000, 0x0000000715a00000|  0%| F|  |TAMS 0x0000000715800000, 0x0000000715800000| Untracked 
| 134|0x0000000715a00000, 0x0000000715a00000, 0x0000000715c00000|  0%| F|  |TAMS 0x0000000715a00000, 0x0000000715a00000| Untracked 
| 135|0x0000000715c00000, 0x0000000715c00000, 0x0000000715e00000|  0%| F|  |TAMS 0x0000000715c00000, 0x0000000715c00000| Untracked 
| 136|0x0000000715e00000, 0x0000000715e00000, 0x0000000716000000|  0%| F|  |TAMS 0x0000000715e00000, 0x0000000715e00000| Untracked 
| 137|0x0000000716000000, 0x0000000716000000, 0x0000000716200000|  0%| F|  |TAMS 0x0000000716000000, 0x0000000716000000| Untracked 
| 138|0x0000000716200000, 0x0000000716200000, 0x0000000716400000|  0%| F|  |TAMS 0x0000000716200000, 0x0000000716200000| Untracked 
| 139|0x0000000716400000, 0x0000000716400000, 0x0000000716600000|  0%| F|  |TAMS 0x0000000716400000, 0x0000000716400000| Untracked 
| 140|0x0000000716600000, 0x0000000716600000, 0x0000000716800000|  0%| F|  |TAMS 0x0000000716600000, 0x0000000716600000| Untracked 
| 141|0x0000000716800000, 0x0000000716800000, 0x0000000716a00000|  0%| F|  |TAMS 0x0000000716800000, 0x0000000716800000| Untracked 
| 142|0x0000000716a00000, 0x0000000716a00000, 0x0000000716c00000|  0%| F|  |TAMS 0x0000000716a00000, 0x0000000716a00000| Untracked 
| 143|0x0000000716c00000, 0x0000000716c00000, 0x0000000716e00000|  0%| F|  |TAMS 0x0000000716c00000, 0x0000000716c00000| Untracked 
| 144|0x0000000716e00000, 0x0000000716e00000, 0x0000000717000000|  0%| F|  |TAMS 0x0000000716e00000, 0x0000000716e00000| Untracked 
| 145|0x0000000717000000, 0x0000000717000000, 0x0000000717200000|  0%| F|  |TAMS 0x0000000717000000, 0x0000000717000000| Untracked 
| 146|0x0000000717200000, 0x0000000717200000, 0x0000000717400000|  0%| F|  |TAMS 0x0000000717200000, 0x0000000717200000| Untracked 
| 147|0x0000000717400000, 0x0000000717400000, 0x0000000717600000|  0%| F|  |TAMS 0x0000000717400000, 0x0000000717400000| Untracked 
| 148|0x0000000717600000, 0x0000000717600000, 0x0000000717800000|  0%| F|  |TAMS 0x0000000717600000, 0x0000000717600000| Untracked 
| 149|0x0000000717800000, 0x0000000717800000, 0x0000000717a00000|  0%| F|  |TAMS 0x0000000717800000, 0x0000000717800000| Untracked 
| 150|0x0000000717a00000, 0x0000000717a00000, 0x0000000717c00000|  0%| F|  |TAMS 0x0000000717a00000, 0x0000000717a00000| Untracked 
| 151|0x0000000717c00000, 0x0000000717c00000, 0x0000000717e00000|  0%| F|  |TAMS 0x0000000717c00000, 0x0000000717c00000| Untracked 
| 152|0x0000000717e00000, 0x0000000717e00000, 0x0000000718000000|  0%| F|  |TAMS 0x0000000717e00000, 0x0000000717e00000| Untracked 
| 153|0x0000000718000000, 0x0000000718000000, 0x0000000718200000|  0%| F|  |TAMS 0x0000000718000000, 0x0000000718000000| Untracked 
| 154|0x0000000718200000, 0x0000000718200000, 0x0000000718400000|  0%| F|  |TAMS 0x0000000718200000, 0x0000000718200000| Untracked 
| 155|0x0000000718400000, 0x0000000718400000, 0x0000000718600000|  0%| F|  |TAMS 0x0000000718400000, 0x0000000718400000| Untracked 
| 156|0x0000000718600000, 0x0000000718600000, 0x0000000718800000|  0%| F|  |TAMS 0x0000000718600000, 0x0000000718600000| Untracked 
| 157|0x0000000718800000, 0x0000000718800000, 0x0000000718a00000|  0%| F|  |TAMS 0x0000000718800000, 0x0000000718800000| Untracked 
| 158|0x0000000718a00000, 0x0000000718a00000, 0x0000000718c00000|  0%| F|  |TAMS 0x0000000718a00000, 0x0000000718a00000| Untracked 
| 159|0x0000000718c00000, 0x0000000718c00000, 0x0000000718e00000|  0%| F|  |TAMS 0x0000000718c00000, 0x0000000718c00000| Untracked 
| 160|0x0000000718e00000, 0x0000000718e00000, 0x0000000719000000|  0%| F|  |TAMS 0x0000000718e00000, 0x0000000718e00000| Untracked 
| 161|0x0000000719000000, 0x0000000719000000, 0x0000000719200000|  0%| F|  |TAMS 0x0000000719000000, 0x0000000719000000| Untracked 
| 162|0x0000000719200000, 0x0000000719200000, 0x0000000719400000|  0%| F|  |TAMS 0x0000000719200000, 0x0000000719200000| Untracked 
| 163|0x0000000719400000, 0x0000000719400000, 0x0000000719600000|  0%| F|  |TAMS 0x0000000719400000, 0x0000000719400000| Untracked 
| 164|0x0000000719600000, 0x0000000719600000, 0x0000000719800000|  0%| F|  |TAMS 0x0000000719600000, 0x0000000719600000| Untracked 
| 165|0x0000000719800000, 0x0000000719800000, 0x0000000719a00000|  0%| F|  |TAMS 0x0000000719800000, 0x0000000719800000| Untracked 
| 166|0x0000000719a00000, 0x0000000719a00000, 0x0000000719c00000|  0%| F|  |TAMS 0x0000000719a00000, 0x0000000719a00000| Untracked 
| 167|0x0000000719c00000, 0x0000000719c00000, 0x0000000719e00000|  0%| F|  |TAMS 0x0000000719c00000, 0x0000000719c00000| Untracked 
| 168|0x0000000719e00000, 0x0000000719e00000, 0x000000071a000000|  0%| F|  |TAMS 0x0000000719e00000, 0x0000000719e00000| Untracked 
| 169|0x000000071a000000, 0x000000071a000000, 0x000000071a200000|  0%| F|  |TAMS 0x000000071a000000, 0x000000071a000000| Untracked 
| 170|0x000000071a200000, 0x000000071a200000, 0x000000071a400000|  0%| F|  |TAMS 0x000000071a200000, 0x000000071a200000| Untracked 
| 171|0x000000071a400000, 0x000000071a400000, 0x000000071a600000|  0%| F|  |TAMS 0x000000071a400000, 0x000000071a400000| Untracked 
| 172|0x000000071a600000, 0x000000071a600000, 0x000000071a800000|  0%| F|  |TAMS 0x000000071a600000, 0x000000071a600000| Untracked 
| 173|0x000000071a800000, 0x000000071a800000, 0x000000071aa00000|  0%| F|  |TAMS 0x000000071a800000, 0x000000071a800000| Untracked 
| 174|0x000000071aa00000, 0x000000071aa00000, 0x000000071ac00000|  0%| F|  |TAMS 0x000000071aa00000, 0x000000071aa00000| Untracked 
| 175|0x000000071ac00000, 0x000000071ac00000, 0x000000071ae00000|  0%| F|  |TAMS 0x000000071ac00000, 0x000000071ac00000| Untracked 
| 176|0x000000071ae00000, 0x000000071ae00000, 0x000000071b000000|  0%| F|  |TAMS 0x000000071ae00000, 0x000000071ae00000| Untracked 
| 177|0x000000071b000000, 0x000000071b000000, 0x000000071b200000|  0%| F|  |TAMS 0x000000071b000000, 0x000000071b000000| Untracked 
| 178|0x000000071b200000, 0x000000071b200000, 0x000000071b400000|  0%| F|  |TAMS 0x000000071b200000, 0x000000071b200000| Untracked 
| 179|0x000000071b400000, 0x000000071b400000, 0x000000071b600000|  0%| F|  |TAMS 0x000000071b400000, 0x000000071b400000| Untracked 
| 180|0x000000071b600000, 0x000000071b600000, 0x000000071b800000|  0%| F|  |TAMS 0x000000071b600000, 0x000000071b600000| Untracked 
| 181|0x000000071b800000, 0x000000071b800000, 0x000000071ba00000|  0%| F|  |TAMS 0x000000071b800000, 0x000000071b800000| Untracked 
| 182|0x000000071ba00000, 0x000000071ba00000, 0x000000071bc00000|  0%| F|  |TAMS 0x000000071ba00000, 0x000000071ba00000| Untracked 
| 183|0x000000071bc00000, 0x000000071bc00000, 0x000000071be00000|  0%| F|  |TAMS 0x000000071bc00000, 0x000000071bc00000| Untracked 
| 184|0x000000071be00000, 0x000000071be00000, 0x000000071c000000|  0%| F|  |TAMS 0x000000071be00000, 0x000000071be00000| Untracked 
| 185|0x000000071c000000, 0x000000071c000000, 0x000000071c200000|  0%| F|  |TAMS 0x000000071c000000, 0x000000071c000000| Untracked 
| 186|0x000000071c200000, 0x000000071c200000, 0x000000071c400000|  0%| F|  |TAMS 0x000000071c200000, 0x000000071c200000| Untracked 
| 187|0x000000071c400000, 0x000000071c400000, 0x000000071c600000|  0%| F|  |TAMS 0x000000071c400000, 0x000000071c400000| Untracked 
| 188|0x000000071c600000, 0x000000071c600000, 0x000000071c800000|  0%| F|  |TAMS 0x000000071c600000, 0x000000071c600000| Untracked 
| 189|0x000000071c800000, 0x000000071c800000, 0x000000071ca00000|  0%| F|  |TAMS 0x000000071c800000, 0x000000071c800000| Untracked 
| 190|0x000000071ca00000, 0x000000071ca00000, 0x000000071cc00000|  0%| F|  |TAMS 0x000000071ca00000, 0x000000071ca00000| Untracked 
| 191|0x000000071cc00000, 0x000000071cc00000, 0x000000071ce00000|  0%| F|  |TAMS 0x000000071cc00000, 0x000000071cc00000| Untracked 
| 192|0x000000071ce00000, 0x000000071ce00000, 0x000000071d000000|  0%| F|  |TAMS 0x000000071ce00000, 0x000000071ce00000| Untracked 
| 193|0x000000071d000000, 0x000000071d000000, 0x000000071d200000|  0%| F|  |TAMS 0x000000071d000000, 0x000000071d000000| Untracked 
| 194|0x000000071d200000, 0x000000071d200000, 0x000000071d400000|  0%| F|  |TAMS 0x000000071d200000, 0x000000071d200000| Untracked 
| 195|0x000000071d400000, 0x000000071d400000, 0x000000071d600000|  0%| F|  |TAMS 0x000000071d400000, 0x000000071d400000| Untracked 
| 196|0x000000071d600000, 0x000000071d600000, 0x000000071d800000|  0%| F|  |TAMS 0x000000071d600000, 0x000000071d600000| Untracked 
| 197|0x000000071d800000, 0x000000071d800000, 0x000000071da00000|  0%| F|  |TAMS 0x000000071d800000, 0x000000071d800000| Untracked 
| 198|0x000000071da00000, 0x000000071da00000, 0x000000071dc00000|  0%| F|  |TAMS 0x000000071da00000, 0x000000071da00000| Untracked 
| 199|0x000000071dc00000, 0x000000071dc00000, 0x000000071de00000|  0%| F|  |TAMS 0x000000071dc00000, 0x000000071dc00000| Untracked 
| 200|0x000000071de00000, 0x000000071de00000, 0x000000071e000000|  0%| F|  |TAMS 0x000000071de00000, 0x000000071de00000| Untracked 
| 201|0x000000071e000000, 0x000000071e000000, 0x000000071e200000|  0%| F|  |TAMS 0x000000071e000000, 0x000000071e000000| Untracked 
| 202|0x000000071e200000, 0x000000071e200000, 0x000000071e400000|  0%| F|  |TAMS 0x000000071e200000, 0x000000071e200000| Untracked 
| 203|0x000000071e400000, 0x000000071e400000, 0x000000071e600000|  0%| F|  |TAMS 0x000000071e400000, 0x000000071e400000| Untracked 
| 204|0x000000071e600000, 0x000000071e600000, 0x000000071e800000|  0%| F|  |TAMS 0x000000071e600000, 0x000000071e600000| Untracked 
| 205|0x000000071e800000, 0x000000071e800000, 0x000000071ea00000|  0%| F|  |TAMS 0x000000071e800000, 0x000000071e800000| Untracked 
| 206|0x000000071ea00000, 0x000000071ea00000, 0x000000071ec00000|  0%| F|  |TAMS 0x000000071ea00000, 0x000000071ea00000| Untracked 
| 207|0x000000071ec00000, 0x000000071ec00000, 0x000000071ee00000|  0%| F|  |TAMS 0x000000071ec00000, 0x000000071ec00000| Untracked 
| 208|0x000000071ee00000, 0x000000071ee00000, 0x000000071f000000|  0%| F|  |TAMS 0x000000071ee00000, 0x000000071ee00000| Untracked 
| 209|0x000000071f000000, 0x000000071f000000, 0x000000071f200000|  0%| F|  |TAMS 0x000000071f000000, 0x000000071f000000| Untracked 
| 210|0x000000071f200000, 0x000000071f200000, 0x000000071f400000|  0%| F|  |TAMS 0x000000071f200000, 0x000000071f200000| Untracked 
| 211|0x000000071f400000, 0x000000071f400000, 0x000000071f600000|  0%| F|  |TAMS 0x000000071f400000, 0x000000071f400000| Untracked 
| 212|0x000000071f600000, 0x000000071f600000, 0x000000071f800000|  0%| F|  |TAMS 0x000000071f600000, 0x000000071f600000| Untracked 
| 213|0x000000071f800000, 0x000000071f800000, 0x000000071fa00000|  0%| F|  |TAMS 0x000000071f800000, 0x000000071f800000| Untracked 
| 214|0x000000071fa00000, 0x000000071fa00000, 0x000000071fc00000|  0%| F|  |TAMS 0x000000071fa00000, 0x000000071fa00000| Untracked 
| 215|0x000000071fc00000, 0x000000071fc00000, 0x000000071fe00000|  0%| F|  |TAMS 0x000000071fc00000, 0x000000071fc00000| Untracked 
| 216|0x000000071fe00000, 0x000000071fe00000, 0x0000000720000000|  0%| F|  |TAMS 0x000000071fe00000, 0x000000071fe00000| Untracked 
| 217|0x0000000720000000, 0x00000007200b4b90, 0x0000000720200000| 35%| S|CS|TAMS 0x0000000720000000, 0x0000000720000000| Complete 
| 218|0x0000000720200000, 0x0000000720400000, 0x0000000720400000|100%| S|CS|TAMS 0x0000000720200000, 0x0000000720200000| Complete 
| 219|0x0000000720400000, 0x0000000720600000, 0x0000000720600000|100%| S|CS|TAMS 0x0000000720400000, 0x0000000720400000| Complete 
| 220|0x0000000720600000, 0x0000000720800000, 0x0000000720800000|100%| S|CS|TAMS 0x0000000720600000, 0x0000000720600000| Complete 
| 221|0x0000000720800000, 0x0000000720a00000, 0x0000000720a00000|100%| S|CS|TAMS 0x0000000720800000, 0x0000000720800000| Complete 
| 222|0x0000000720a00000, 0x0000000720c00000, 0x0000000720c00000|100%| S|CS|TAMS 0x0000000720a00000, 0x0000000720a00000| Complete 
| 223|0x0000000720c00000, 0x0000000720e00000, 0x0000000720e00000|100%| S|CS|TAMS 0x0000000720c00000, 0x0000000720c00000| Complete 
| 224|0x0000000720e00000, 0x0000000721000000, 0x0000000721000000|100%| S|CS|TAMS 0x0000000720e00000, 0x0000000720e00000| Complete 
| 225|0x0000000721000000, 0x0000000721200000, 0x0000000721200000|100%| S|CS|TAMS 0x0000000721000000, 0x0000000721000000| Complete 
| 226|0x0000000721200000, 0x0000000721400000, 0x0000000721400000|100%| S|CS|TAMS 0x0000000721200000, 0x0000000721200000| Complete 
| 227|0x0000000721400000, 0x0000000721600000, 0x0000000721600000|100%| S|CS|TAMS 0x0000000721400000, 0x0000000721400000| Complete 
| 228|0x0000000721600000, 0x0000000721600000, 0x0000000721800000|  0%| F|  |TAMS 0x0000000721600000, 0x0000000721600000| Untracked 
| 229|0x0000000721800000, 0x0000000721800000, 0x0000000721a00000|  0%| F|  |TAMS 0x0000000721800000, 0x0000000721800000| Untracked 
| 230|0x0000000721a00000, 0x0000000721a00000, 0x0000000721c00000|  0%| F|  |TAMS 0x0000000721a00000, 0x0000000721a00000| Untracked 
| 231|0x0000000721c00000, 0x0000000721c00000, 0x0000000721e00000|  0%| F|  |TAMS 0x0000000721c00000, 0x0000000721c00000| Untracked 
| 232|0x0000000721e00000, 0x0000000721e00000, 0x0000000722000000|  0%| F|  |TAMS 0x0000000721e00000, 0x0000000721e00000| Untracked 
| 233|0x0000000722000000, 0x0000000722000000, 0x0000000722200000|  0%| F|  |TAMS 0x0000000722000000, 0x0000000722000000| Untracked 
| 234|0x0000000722200000, 0x0000000722200000, 0x0000000722400000|  0%| F|  |TAMS 0x0000000722200000, 0x0000000722200000| Untracked 
| 235|0x0000000722400000, 0x0000000722400000, 0x0000000722600000|  0%| F|  |TAMS 0x0000000722400000, 0x0000000722400000| Untracked 
| 236|0x0000000722600000, 0x0000000722600000, 0x0000000722800000|  0%| F|  |TAMS 0x0000000722600000, 0x0000000722600000| Untracked 
| 237|0x0000000722800000, 0x0000000722800000, 0x0000000722a00000|  0%| F|  |TAMS 0x0000000722800000, 0x0000000722800000| Untracked 
| 238|0x0000000722a00000, 0x0000000722a00000, 0x0000000722c00000|  0%| F|  |TAMS 0x0000000722a00000, 0x0000000722a00000| Untracked 
| 239|0x0000000722c00000, 0x0000000722c00000, 0x0000000722e00000|  0%| F|  |TAMS 0x0000000722c00000, 0x0000000722c00000| Untracked 
| 240|0x0000000722e00000, 0x0000000722e00000, 0x0000000723000000|  0%| F|  |TAMS 0x0000000722e00000, 0x0000000722e00000| Untracked 
| 241|0x0000000723000000, 0x0000000723000000, 0x0000000723200000|  0%| F|  |TAMS 0x0000000723000000, 0x0000000723000000| Untracked 
| 242|0x0000000723200000, 0x0000000723200000, 0x0000000723400000|  0%| F|  |TAMS 0x0000000723200000, 0x0000000723200000| Untracked 
| 243|0x0000000723400000, 0x0000000723400000, 0x0000000723600000|  0%| F|  |TAMS 0x0000000723400000, 0x0000000723400000| Untracked 
| 244|0x0000000723600000, 0x0000000723600000, 0x0000000723800000|  0%| F|  |TAMS 0x0000000723600000, 0x0000000723600000| Untracked 
| 245|0x0000000723800000, 0x0000000723800000, 0x0000000723a00000|  0%| F|  |TAMS 0x0000000723800000, 0x0000000723800000| Untracked 
| 246|0x0000000723a00000, 0x0000000723a00000, 0x0000000723c00000|  0%| F|  |TAMS 0x0000000723a00000, 0x0000000723a00000| Untracked 
| 247|0x0000000723c00000, 0x0000000723c00000, 0x0000000723e00000|  0%| F|  |TAMS 0x0000000723c00000, 0x0000000723c00000| Untracked 
| 248|0x0000000723e00000, 0x0000000723e00000, 0x0000000724000000|  0%| F|  |TAMS 0x0000000723e00000, 0x0000000723e00000| Untracked 
| 249|0x0000000724000000, 0x0000000724000000, 0x0000000724200000|  0%| F|  |TAMS 0x0000000724000000, 0x0000000724000000| Untracked 
| 250|0x0000000724200000, 0x0000000724200000, 0x0000000724400000|  0%| F|  |TAMS 0x0000000724200000, 0x0000000724200000| Untracked 
| 251|0x0000000724400000, 0x0000000724400000, 0x0000000724600000|  0%| F|  |TAMS 0x0000000724400000, 0x0000000724400000| Untracked 
| 252|0x0000000724600000, 0x0000000724600000, 0x0000000724800000|  0%| F|  |TAMS 0x0000000724600000, 0x0000000724600000| Untracked 
| 253|0x0000000724800000, 0x0000000724800000, 0x0000000724a00000|  0%| F|  |TAMS 0x0000000724800000, 0x0000000724800000| Untracked 
| 254|0x0000000724a00000, 0x0000000724a00000, 0x0000000724c00000|  0%| F|  |TAMS 0x0000000724a00000, 0x0000000724a00000| Untracked 
| 255|0x0000000724c00000, 0x0000000724c00000, 0x0000000724e00000|  0%| F|  |TAMS 0x0000000724c00000, 0x0000000724c00000| Untracked 
| 256|0x0000000724e00000, 0x0000000724e00000, 0x0000000725000000|  0%| F|  |TAMS 0x0000000724e00000, 0x0000000724e00000| Untracked 
| 257|0x0000000725000000, 0x0000000725000000, 0x0000000725200000|  0%| F|  |TAMS 0x0000000725000000, 0x0000000725000000| Untracked 
| 258|0x0000000725200000, 0x0000000725200000, 0x0000000725400000|  0%| F|  |TAMS 0x0000000725200000, 0x0000000725200000| Untracked 
| 259|0x0000000725400000, 0x0000000725400000, 0x0000000725600000|  0%| F|  |TAMS 0x0000000725400000, 0x0000000725400000| Untracked 
| 260|0x0000000725600000, 0x0000000725600000, 0x0000000725800000|  0%| F|  |TAMS 0x0000000725600000, 0x0000000725600000| Untracked 
| 261|0x0000000725800000, 0x0000000725800000, 0x0000000725a00000|  0%| F|  |TAMS 0x0000000725800000, 0x0000000725800000| Untracked 
| 262|0x0000000725a00000, 0x0000000725a00000, 0x0000000725c00000|  0%| F|  |TAMS 0x0000000725a00000, 0x0000000725a00000| Untracked 
| 263|0x0000000725c00000, 0x0000000725c00000, 0x0000000725e00000|  0%| F|  |TAMS 0x0000000725c00000, 0x0000000725c00000| Untracked 
| 264|0x0000000725e00000, 0x0000000725e00000, 0x0000000726000000|  0%| F|  |TAMS 0x0000000725e00000, 0x0000000725e00000| Untracked 
| 265|0x0000000726000000, 0x0000000726000000, 0x0000000726200000|  0%| F|  |TAMS 0x0000000726000000, 0x0000000726000000| Untracked 
| 266|0x0000000726200000, 0x0000000726200000, 0x0000000726400000|  0%| F|  |TAMS 0x0000000726200000, 0x0000000726200000| Untracked 
| 267|0x0000000726400000, 0x0000000726400000, 0x0000000726600000|  0%| F|  |TAMS 0x0000000726400000, 0x0000000726400000| Untracked 
| 268|0x0000000726600000, 0x0000000726600000, 0x0000000726800000|  0%| F|  |TAMS 0x0000000726600000, 0x0000000726600000| Untracked 
| 269|0x0000000726800000, 0x0000000726800000, 0x0000000726a00000|  0%| F|  |TAMS 0x0000000726800000, 0x0000000726800000| Untracked 
| 270|0x0000000726a00000, 0x0000000726a00000, 0x0000000726c00000|  0%| F|  |TAMS 0x0000000726a00000, 0x0000000726a00000| Untracked 
| 271|0x0000000726c00000, 0x0000000726c00000, 0x0000000726e00000|  0%| F|  |TAMS 0x0000000726c00000, 0x0000000726c00000| Untracked 
| 272|0x0000000726e00000, 0x0000000726e00000, 0x0000000727000000|  0%| F|  |TAMS 0x0000000726e00000, 0x0000000726e00000| Untracked 
| 273|0x0000000727000000, 0x0000000727000000, 0x0000000727200000|  0%| F|  |TAMS 0x0000000727000000, 0x0000000727000000| Untracked 
| 274|0x0000000727200000, 0x0000000727200000, 0x0000000727400000|  0%| F|  |TAMS 0x0000000727200000, 0x0000000727200000| Untracked 
| 275|0x0000000727400000, 0x0000000727400000, 0x0000000727600000|  0%| F|  |TAMS 0x0000000727400000, 0x0000000727400000| Untracked 
| 276|0x0000000727600000, 0x0000000727600000, 0x0000000727800000|  0%| F|  |TAMS 0x0000000727600000, 0x0000000727600000| Untracked 
| 277|0x0000000727800000, 0x0000000727800000, 0x0000000727a00000|  0%| F|  |TAMS 0x0000000727800000, 0x0000000727800000| Untracked 
| 278|0x0000000727a00000, 0x0000000727a00000, 0x0000000727c00000|  0%| F|  |TAMS 0x0000000727a00000, 0x0000000727a00000| Untracked 
| 279|0x0000000727c00000, 0x0000000727c00000, 0x0000000727e00000|  0%| F|  |TAMS 0x0000000727c00000, 0x0000000727c00000| Untracked 
| 280|0x0000000727e00000, 0x0000000727e00000, 0x0000000728000000|  0%| F|  |TAMS 0x0000000727e00000, 0x0000000727e00000| Untracked 
| 281|0x0000000728000000, 0x0000000728000000, 0x0000000728200000|  0%| F|  |TAMS 0x0000000728000000, 0x0000000728000000| Untracked 
| 282|0x0000000728200000, 0x0000000728200000, 0x0000000728400000|  0%| F|  |TAMS 0x0000000728200000, 0x0000000728200000| Untracked 
| 283|0x0000000728400000, 0x0000000728400000, 0x0000000728600000|  0%| F|  |TAMS 0x0000000728400000, 0x0000000728400000| Untracked 
| 284|0x0000000728600000, 0x0000000728600000, 0x0000000728800000|  0%| F|  |TAMS 0x0000000728600000, 0x0000000728600000| Untracked 
| 285|0x0000000728800000, 0x0000000728800000, 0x0000000728a00000|  0%| F|  |TAMS 0x0000000728800000, 0x0000000728800000| Untracked 
| 286|0x0000000728a00000, 0x0000000728a00000, 0x0000000728c00000|  0%| F|  |TAMS 0x0000000728a00000, 0x0000000728a00000| Untracked 
| 287|0x0000000728c00000, 0x0000000728c00000, 0x0000000728e00000|  0%| F|  |TAMS 0x0000000728c00000, 0x0000000728c00000| Untracked 
| 288|0x0000000728e00000, 0x0000000728e00000, 0x0000000729000000|  0%| F|  |TAMS 0x0000000728e00000, 0x0000000728e00000| Untracked 
| 289|0x0000000729000000, 0x0000000729000000, 0x0000000729200000|  0%| F|  |TAMS 0x0000000729000000, 0x0000000729000000| Untracked 
| 290|0x0000000729200000, 0x0000000729200000, 0x0000000729400000|  0%| F|  |TAMS 0x0000000729200000, 0x0000000729200000| Untracked 
| 291|0x0000000729400000, 0x0000000729400000, 0x0000000729600000|  0%| F|  |TAMS 0x0000000729400000, 0x0000000729400000| Untracked 
| 292|0x0000000729600000, 0x0000000729600000, 0x0000000729800000|  0%| F|  |TAMS 0x0000000729600000, 0x0000000729600000| Untracked 
| 293|0x0000000729800000, 0x0000000729800000, 0x0000000729a00000|  0%| F|  |TAMS 0x0000000729800000, 0x0000000729800000| Untracked 
| 294|0x0000000729a00000, 0x0000000729a00000, 0x0000000729c00000|  0%| F|  |TAMS 0x0000000729a00000, 0x0000000729a00000| Untracked 
| 295|0x0000000729c00000, 0x0000000729c00000, 0x0000000729e00000|  0%| F|  |TAMS 0x0000000729c00000, 0x0000000729c00000| Untracked 
| 296|0x0000000729e00000, 0x0000000729e00000, 0x000000072a000000|  0%| F|  |TAMS 0x0000000729e00000, 0x0000000729e00000| Untracked 
| 297|0x000000072a000000, 0x000000072a000000, 0x000000072a200000|  0%| F|  |TAMS 0x000000072a000000, 0x000000072a000000| Untracked 
| 298|0x000000072a200000, 0x000000072a200000, 0x000000072a400000|  0%| F|  |TAMS 0x000000072a200000, 0x000000072a200000| Untracked 
| 299|0x000000072a400000, 0x000000072a400000, 0x000000072a600000|  0%| F|  |TAMS 0x000000072a400000, 0x000000072a400000| Untracked 
| 300|0x000000072a600000, 0x000000072a600000, 0x000000072a800000|  0%| F|  |TAMS 0x000000072a600000, 0x000000072a600000| Untracked 
| 301|0x000000072a800000, 0x000000072a800000, 0x000000072aa00000|  0%| F|  |TAMS 0x000000072a800000, 0x000000072a800000| Untracked 
| 302|0x000000072aa00000, 0x000000072aa00000, 0x000000072ac00000|  0%| F|  |TAMS 0x000000072aa00000, 0x000000072aa00000| Untracked 
| 303|0x000000072ac00000, 0x000000072ac00000, 0x000000072ae00000|  0%| F|  |TAMS 0x000000072ac00000, 0x000000072ac00000| Untracked 
| 304|0x000000072ae00000, 0x000000072ae00000, 0x000000072b000000|  0%| F|  |TAMS 0x000000072ae00000, 0x000000072ae00000| Untracked 
| 305|0x000000072b000000, 0x000000072b000000, 0x000000072b200000|  0%| F|  |TAMS 0x000000072b000000, 0x000000072b000000| Untracked 
| 306|0x000000072b200000, 0x000000072b200000, 0x000000072b400000|  0%| F|  |TAMS 0x000000072b200000, 0x000000072b200000| Untracked 
| 307|0x000000072b400000, 0x000000072b400000, 0x000000072b600000|  0%| F|  |TAMS 0x000000072b400000, 0x000000072b400000| Untracked 
| 308|0x000000072b600000, 0x000000072b600000, 0x000000072b800000|  0%| F|  |TAMS 0x000000072b600000, 0x000000072b600000| Untracked 
| 309|0x000000072b800000, 0x000000072b800000, 0x000000072ba00000|  0%| F|  |TAMS 0x000000072b800000, 0x000000072b800000| Untracked 
| 310|0x000000072ba00000, 0x000000072ba00000, 0x000000072bc00000|  0%| F|  |TAMS 0x000000072ba00000, 0x000000072ba00000| Untracked 
| 311|0x000000072bc00000, 0x000000072bc00000, 0x000000072be00000|  0%| F|  |TAMS 0x000000072bc00000, 0x000000072bc00000| Untracked 
| 312|0x000000072be00000, 0x000000072be00000, 0x000000072c000000|  0%| F|  |TAMS 0x000000072be00000, 0x000000072be00000| Untracked 
| 313|0x000000072c000000, 0x000000072c000000, 0x000000072c200000|  0%| F|  |TAMS 0x000000072c000000, 0x000000072c000000| Untracked 
| 314|0x000000072c200000, 0x000000072c200000, 0x000000072c400000|  0%| F|  |TAMS 0x000000072c200000, 0x000000072c200000| Untracked 
| 315|0x000000072c400000, 0x000000072c400000, 0x000000072c600000|  0%| F|  |TAMS 0x000000072c400000, 0x000000072c400000| Untracked 
| 316|0x000000072c600000, 0x000000072c600000, 0x000000072c800000|  0%| F|  |TAMS 0x000000072c600000, 0x000000072c600000| Untracked 
| 317|0x000000072c800000, 0x000000072c800000, 0x000000072ca00000|  0%| F|  |TAMS 0x000000072c800000, 0x000000072c800000| Untracked 
| 318|0x000000072ca00000, 0x000000072ca00000, 0x000000072cc00000|  0%| F|  |TAMS 0x000000072ca00000, 0x000000072ca00000| Untracked 
| 319|0x000000072cc00000, 0x000000072cc00000, 0x000000072ce00000|  0%| F|  |TAMS 0x000000072cc00000, 0x000000072cc00000| Untracked 
| 320|0x000000072ce00000, 0x000000072ce00000, 0x000000072d000000|  0%| F|  |TAMS 0x000000072ce00000, 0x000000072ce00000| Untracked 
| 321|0x000000072d000000, 0x000000072d000000, 0x000000072d200000|  0%| F|  |TAMS 0x000000072d000000, 0x000000072d000000| Untracked 
| 322|0x000000072d200000, 0x000000072d200000, 0x000000072d400000|  0%| F|  |TAMS 0x000000072d200000, 0x000000072d200000| Untracked 
| 323|0x000000072d400000, 0x000000072d400000, 0x000000072d600000|  0%| F|  |TAMS 0x000000072d400000, 0x000000072d400000| Untracked 
| 324|0x000000072d600000, 0x000000072d600000, 0x000000072d800000|  0%| F|  |TAMS 0x000000072d600000, 0x000000072d600000| Untracked 
| 325|0x000000072d800000, 0x000000072d800000, 0x000000072da00000|  0%| F|  |TAMS 0x000000072d800000, 0x000000072d800000| Untracked 
| 326|0x000000072da00000, 0x000000072da00000, 0x000000072dc00000|  0%| F|  |TAMS 0x000000072da00000, 0x000000072da00000| Untracked 
| 327|0x000000072dc00000, 0x000000072dc00000, 0x000000072de00000|  0%| F|  |TAMS 0x000000072dc00000, 0x000000072dc00000| Untracked 
| 328|0x000000072de00000, 0x000000072de00000, 0x000000072e000000|  0%| F|  |TAMS 0x000000072de00000, 0x000000072de00000| Untracked 
| 329|0x000000072e000000, 0x000000072e000000, 0x000000072e200000|  0%| F|  |TAMS 0x000000072e000000, 0x000000072e000000| Untracked 
| 330|0x000000072e200000, 0x000000072e200000, 0x000000072e400000|  0%| F|  |TAMS 0x000000072e200000, 0x000000072e200000| Untracked 
| 331|0x000000072e400000, 0x000000072e400000, 0x000000072e600000|  0%| F|  |TAMS 0x000000072e400000, 0x000000072e400000| Untracked 
| 332|0x000000072e600000, 0x000000072e600000, 0x000000072e800000|  0%| F|  |TAMS 0x000000072e600000, 0x000000072e600000| Untracked 
| 333|0x000000072e800000, 0x000000072e800000, 0x000000072ea00000|  0%| F|  |TAMS 0x000000072e800000, 0x000000072e800000| Untracked 
| 334|0x000000072ea00000, 0x000000072ea00000, 0x000000072ec00000|  0%| F|  |TAMS 0x000000072ea00000, 0x000000072ea00000| Untracked 
| 335|0x000000072ec00000, 0x000000072ec00000, 0x000000072ee00000|  0%| F|  |TAMS 0x000000072ec00000, 0x000000072ec00000| Untracked 
| 336|0x000000072ee00000, 0x000000072ee00000, 0x000000072f000000|  0%| F|  |TAMS 0x000000072ee00000, 0x000000072ee00000| Untracked 
| 337|0x000000072f000000, 0x000000072f000000, 0x000000072f200000|  0%| F|  |TAMS 0x000000072f000000, 0x000000072f000000| Untracked 
| 338|0x000000072f200000, 0x000000072f200000, 0x000000072f400000|  0%| F|  |TAMS 0x000000072f200000, 0x000000072f200000| Untracked 
| 339|0x000000072f400000, 0x000000072f400000, 0x000000072f600000|  0%| F|  |TAMS 0x000000072f400000, 0x000000072f400000| Untracked 
| 340|0x000000072f600000, 0x000000072f600000, 0x000000072f800000|  0%| F|  |TAMS 0x000000072f600000, 0x000000072f600000| Untracked 
| 341|0x000000072f800000, 0x000000072f800000, 0x000000072fa00000|  0%| F|  |TAMS 0x000000072f800000, 0x000000072f800000| Untracked 
| 342|0x000000072fa00000, 0x000000072fa00000, 0x000000072fc00000|  0%| F|  |TAMS 0x000000072fa00000, 0x000000072fa00000| Untracked 
| 343|0x000000072fc00000, 0x000000072fc00000, 0x000000072fe00000|  0%| F|  |TAMS 0x000000072fc00000, 0x000000072fc00000| Untracked 
| 344|0x000000072fe00000, 0x000000072fe00000, 0x0000000730000000|  0%| F|  |TAMS 0x000000072fe00000, 0x000000072fe00000| Untracked 
| 345|0x0000000730000000, 0x0000000730000000, 0x0000000730200000|  0%| F|  |TAMS 0x0000000730000000, 0x0000000730000000| Untracked 
| 346|0x0000000730200000, 0x0000000730200000, 0x0000000730400000|  0%| F|  |TAMS 0x0000000730200000, 0x0000000730200000| Untracked 
| 347|0x0000000730400000, 0x0000000730400000, 0x0000000730600000|  0%| F|  |TAMS 0x0000000730400000, 0x0000000730400000| Untracked 
| 348|0x0000000730600000, 0x0000000730600000, 0x0000000730800000|  0%| F|  |TAMS 0x0000000730600000, 0x0000000730600000| Untracked 
| 349|0x0000000730800000, 0x0000000730800000, 0x0000000730a00000|  0%| F|  |TAMS 0x0000000730800000, 0x0000000730800000| Untracked 
| 350|0x0000000730a00000, 0x0000000730a00000, 0x0000000730c00000|  0%| F|  |TAMS 0x0000000730a00000, 0x0000000730a00000| Untracked 
| 351|0x0000000730c00000, 0x0000000730c00000, 0x0000000730e00000|  0%| F|  |TAMS 0x0000000730c00000, 0x0000000730c00000| Untracked 
| 352|0x0000000730e00000, 0x0000000730e00000, 0x0000000731000000|  0%| F|  |TAMS 0x0000000730e00000, 0x0000000730e00000| Untracked 
| 353|0x0000000731000000, 0x0000000731000000, 0x0000000731200000|  0%| F|  |TAMS 0x0000000731000000, 0x0000000731000000| Untracked 
| 354|0x0000000731200000, 0x0000000731200000, 0x0000000731400000|  0%| F|  |TAMS 0x0000000731200000, 0x0000000731200000| Untracked 
| 355|0x0000000731400000, 0x0000000731400000, 0x0000000731600000|  0%| F|  |TAMS 0x0000000731400000, 0x0000000731400000| Untracked 
| 356|0x0000000731600000, 0x0000000731600000, 0x0000000731800000|  0%| F|  |TAMS 0x0000000731600000, 0x0000000731600000| Untracked 
| 357|0x0000000731800000, 0x0000000731800000, 0x0000000731a00000|  0%| F|  |TAMS 0x0000000731800000, 0x0000000731800000| Untracked 
| 358|0x0000000731a00000, 0x0000000731a00000, 0x0000000731c00000|  0%| F|  |TAMS 0x0000000731a00000, 0x0000000731a00000| Untracked 
| 359|0x0000000731c00000, 0x0000000731c00000, 0x0000000731e00000|  0%| F|  |TAMS 0x0000000731c00000, 0x0000000731c00000| Untracked 
| 360|0x0000000731e00000, 0x0000000731e00000, 0x0000000732000000|  0%| F|  |TAMS 0x0000000731e00000, 0x0000000731e00000| Untracked 

Card table byte_map: [0x000001c8fde10000,0x000001c8fe5f0000] _byte_map_base: 0x000001c8fa5e9000

Marking Bits (Prev, Next): (CMBitMap*) 0x000001c8f5cfe230, (CMBitMap*) 0x000001c8f5cfe270
 Prev Bits: [0x000001c883000000, 0x000001c886ec8000)
 Next Bits: [0x000001c886ed0000, 0x000001c88ad98000)

Polling page: 0x000001c8f5470000

Metaspace:

Usage:
  Non-class:     39.06 MB used.
      Class:      6.77 MB used.
       Both:     45.83 MB used.

Virtual space:
  Non-class space:       40.00 MB reserved,      39.38 MB ( 98%) committed,  5 nodes.
      Class space:        1.00 GB reserved,       7.00 MB ( <1%) committed,  1 nodes.
             Both:        1.04 GB reserved,      46.38 MB (  4%) committed. 

Chunk freelists:
   Non-Class:  496.00 KB
       Class:  896.00 KB
        Both:  1.36 MB

MaxMetaspaceSize: unlimited
CompressedClassSpaceSize: 1.00 GB
Initial GC threshold: 21.00 MB
Current GC threshold: 54.00 MB
CDS: on
MetaspaceReclaimPolicy: balanced
 - commit_granule_bytes: 65536.
 - commit_granule_words: 8192.
 - virtual_space_node_default_size: 1048576.
 - enlarge_chunks_in_place: 1.
 - new_chunks_are_fully_committed: 0.
 - uncommit_free_chunks: 1.
 - use_allocation_guard: 0.
 - handle_deallocations: 1.


Internal statistics:

num_allocs_failed_limit: 20.
num_arena_births: 1002.
num_arena_deaths: 156.
num_vsnodes_births: 6.
num_vsnodes_deaths: 0.
num_space_committed: 742.
num_space_uncommitted: 0.
num_chunks_returned_to_freelist: 248.
num_chunks_taken_from_freelist: 3193.
num_chunk_merges: 124.
num_chunk_splits: 1934.
num_chunks_enlarged: 1034.
num_purges: 2.
num_inconsistent_stats: 0.

CodeCache: size=49152Kb used=19285Kb max_used=19285Kb free=29866Kb
 bounds [0x000001c880000000, 0x000001c8812e0000, 0x000001c883000000]
 total_blobs=9868 nmethods=9262 adapters=528
 compilation: enabled
              stopped_count=0, restarted_count=0
 full_count=0

Compilation events (20 events):
Event: 6.847 Thread 0x000001c88dfa8720 9532       1       io.smallrye.config.NameIterator::<init> (7 bytes)
Event: 6.847 Thread 0x000001c88d8d9ae0 9533       1       io.smallrye.config.NameIterator::<init> (18 bytes)
Event: 6.847 Thread 0x000001c88d8da160 9534       1       io.smallrye.config.NameIterator::<init> (92 bytes)
Event: 6.847 Thread 0x000001c8ff8c9150 9535       1       io.smallrye.common.constraint.Assert::checkMinimumParameter (24 bytes)
Event: 6.847 Thread 0x000001c88dfa8720 nmethod 9532 0x000001c8812d1810 code [0x000001c8812d19a0, 0x000001c8812d1aa8]
Event: 6.847 Thread 0x000001c88d8d9ae0 nmethod 9533 0x000001c8812d1b90 code [0x000001c8812d1d20, 0x000001c8812d1e48]
Event: 6.847 Thread 0x000001c88dfa8720 9536       1       io.smallrye.common.constraint.Assert::checkMaximumParameter (24 bytes)
Event: 6.847 Thread 0x000001c88d8d9ae0 9538       1       io.smallrye.config.KeyMap::findRootValue (13 bytes)
Event: 6.847 Thread 0x000001c8ff8c9150 nmethod 9535 0x000001c8812d1f90 code [0x000001c8812d2160, 0x000001c8812d2438]
Event: 6.847 Thread 0x000001c8ff8c9150 9539       1       io.smallrye.config.KeyMap::findRootValue (19 bytes)
Event: 6.847 Thread 0x000001c88dfa8720 nmethod 9536 0x000001c8812d2610 code [0x000001c8812d27e0, 0x000001c8812d2ab8]
Event: 6.847 Thread 0x000001c88dfa8720 9540       1       io.smallrye.config.RelocateConfigSourceInterceptor::getValue (89 bytes)
Event: 6.847 Thread 0x000001c8ff8c9150 nmethod 9539 0x000001c8812d2c90 code [0x000001c8812d2e40, 0x000001c8812d2fa8]
Event: 6.847 Thread 0x000001c88d8d9ae0 nmethod 9538 0x000001c8812d3090 code [0x000001c8812d3240, 0x000001c8812d3438]
Event: 6.847 Thread 0x000001c8ff8c9150 9537       1       io.smallrye.config.common.AbstractDelegatingConverter::getDelegate (5 bytes)
Event: 6.847 Thread 0x000001c8ff8c9150 nmethod 9537 0x000001c8812d3590 code [0x000001c8812d3720, 0x000001c8812d37f8]
Event: 6.848 Thread 0x000001c88dfa8720 nmethod 9540 0x000001c8812d3890 code [0x000001c8812d3a80, 0x000001c8812d3dc8]
Event: 6.848 Thread 0x000001c88d8da160 nmethod 9534 0x000001c8812d4010 code [0x000001c8812d4280, 0x000001c8812d4a08]
Event: 6.848 Thread 0x000001c88d8da160 9541       1       io.quarkus.runtime.configuration.ConfigUtils$DefaultsConfigSource::getValue (26 bytes)
Event: 6.848 Thread 0x000001c88d8da160 nmethod 9541 0x000001c8812d4e90 code [0x000001c8812d5060, 0x000001c8812d5368]

GC Heap History (20 events):
Event: 1.947 GC heap after
{Heap after GC invocations=6 (full 0):
 garbage-first heap   total 428032K, used 66000K [0x0000000704e00000, 0x0000000800000000)
  region size 2048K, 4 young (8192K), 4 survivors (8192K)
 Metaspace       used 13261K, committed 13696K, reserved 1064960K
  class space    used 1825K, committed 2048K, reserved 1048576K
}
Event: 2.548 GC heap before
{Heap before GC invocations=6 (full 0):
 garbage-first heap   total 428032K, used 158160K [0x0000000704e00000, 0x0000000800000000)
  region size 2048K, 51 young (104448K), 4 survivors (8192K)
 Metaspace       used 21081K, committed 21504K, reserved 1073152K
  class space    used 2802K, committed 3008K, reserved 1048576K
}
Event: 2.561 GC heap after
{Heap after GC invocations=7 (full 0):
 garbage-first heap   total 428032K, used 72830K [0x0000000704e00000, 0x0000000800000000)
  region size 2048K, 8 young (16384K), 8 survivors (16384K)
 Metaspace       used 21081K, committed 21504K, reserved 1073152K
  class space    used 2802K, committed 3008K, reserved 1048576K
}
Event: 3.312 GC heap before
{Heap before GC invocations=8 (full 0):
 garbage-first heap   total 307200K, used 263294K [0x0000000704e00000, 0x0000000800000000)
  region size 2048K, 103 young (210944K), 8 survivors (16384K)
 Metaspace       used 30740K, committed 31360K, reserved 1081344K
  class space    used 4152K, committed 4416K, reserved 1048576K
}
Event: 3.334 GC heap after
{Heap after GC invocations=9 (full 0):
 garbage-first heap   total 307200K, used 81266K [0x0000000704e00000, 0x0000000800000000)
  region size 2048K, 12 young (24576K), 12 survivors (24576K)
 Metaspace       used 30740K, committed 31360K, reserved 1081344K
  class space    used 4152K, committed 4416K, reserved 1048576K
}
Event: 3.342 GC heap before
{Heap before GC invocations=9 (full 0):
 garbage-first heap   total 307200K, used 81266K [0x0000000704e00000, 0x0000000800000000)
  region size 2048K, 13 young (26624K), 12 survivors (24576K)
 Metaspace       used 30793K, committed 31360K, reserved 1081344K
  class space    used 4161K, committed 4416K, reserved 1048576K
}
Event: 3.358 GC heap after
{Heap after GC invocations=10 (full 0):
 garbage-first heap   total 307200K, used 83659K [0x0000000704e00000, 0x0000000800000000)
  region size 2048K, 2 young (4096K), 2 survivors (4096K)
 Metaspace       used 30793K, committed 31360K, reserved 1081344K
  class space    used 4161K, committed 4416K, reserved 1048576K
}
Event: 3.631 GC heap before
{Heap before GC invocations=10 (full 0):
 garbage-first heap   total 307200K, used 227019K [0x0000000704e00000, 0x0000000800000000)
  region size 2048K, 72 young (147456K), 2 survivors (4096K)
 Metaspace       used 32156K, committed 32768K, reserved 1081344K
  class space    used 4423K, committed 4736K, reserved 1048576K
}
Event: 3.642 GC heap after
{Heap after GC invocations=11 (full 0):
 garbage-first heap   total 307200K, used 95077K [0x0000000704e00000, 0x0000000800000000)
  region size 2048K, 8 young (16384K), 8 survivors (16384K)
 Metaspace       used 32156K, committed 32768K, reserved 1081344K
  class space    used 4423K, committed 4736K, reserved 1048576K
}
Event: 4.083 GC heap before
{Heap before GC invocations=12 (full 0):
 garbage-first heap   total 307200K, used 228197K [0x0000000704e00000, 0x0000000800000000)
  region size 2048K, 74 young (151552K), 8 survivors (16384K)
 Metaspace       used 37835K, committed 38336K, reserved 1089536K
  class space    used 5289K, committed 5504K, reserved 1048576K
}
Event: 4.094 GC heap after
{Heap after GC invocations=13 (full 0):
 garbage-first heap   total 307200K, used 104103K [0x0000000704e00000, 0x0000000800000000)
  region size 2048K, 7 young (14336K), 7 survivors (14336K)
 Metaspace       used 37835K, committed 38336K, reserved 1089536K
  class space    used 5289K, committed 5504K, reserved 1048576K
}
Event: 4.104 GC heap before
{Heap before GC invocations=13 (full 0):
 garbage-first heap   total 307200K, used 106151K [0x0000000704e00000, 0x0000000800000000)
  region size 2048K, 8 young (16384K), 7 survivors (14336K)
 Metaspace       used 37838K, committed 38336K, reserved 1089536K
  class space    used 5291K, committed 5504K, reserved 1048576K
}
Event: 4.113 GC heap after
{Heap after GC invocations=14 (full 0):
 garbage-first heap   total 739328K, used 103759K [0x0000000704e00000, 0x0000000800000000)
  region size 2048K, 1 young (2048K), 1 survivors (2048K)
 Metaspace       used 37838K, committed 38336K, reserved 1089536K
  class space    used 5291K, committed 5504K, reserved 1048576K
}
Event: 4.887 GC heap before
{Heap before GC invocations=14 (full 0):
 garbage-first heap   total 739328K, used 527695K [0x0000000704e00000, 0x0000000800000000)
  region size 2048K, 209 young (428032K), 1 survivors (2048K)
 Metaspace       used 40329K, committed 40832K, reserved 1089536K
  class space    used 6024K, committed 6272K, reserved 1048576K
}
Event: 4.939 GC heap after
{Heap after GC invocations=15 (full 0):
 garbage-first heap   total 739328K, used 203829K [0x0000000704e00000, 0x0000000800000000)
  region size 2048K, 27 young (55296K), 27 survivors (55296K)
 Metaspace       used 40329K, committed 40832K, reserved 1089536K
  class space    used 6024K, committed 6272K, reserved 1048576K
}
Event: 5.253 GC heap before
{Heap before GC invocations=15 (full 0):
 garbage-first heap   total 739328K, used 463925K [0x0000000704e00000, 0x0000000800000000)
  region size 2048K, 155 young (317440K), 27 survivors (55296K)
 Metaspace       used 40414K, committed 40960K, reserved 1089536K
  class space    used 6038K, committed 6336K, reserved 1048576K
}
Event: 5.285 GC heap after
{Heap after GC invocations=16 (full 0):
 garbage-first heap   total 739328K, used 235520K [0x0000000704e00000, 0x0000000800000000)
  region size 2048K, 15 young (30720K), 15 survivors (30720K)
 Metaspace       used 40414K, committed 40960K, reserved 1089536K
  class space    used 6038K, committed 6336K, reserved 1048576K
}
Event: 6.038 GC heap before
{Heap before GC invocations=16 (full 0):
 garbage-first heap   total 739328K, used 501760K [0x0000000704e00000, 0x0000000800000000)
  region size 2048K, 146 young (299008K), 15 survivors (30720K)
 Metaspace       used 44104K, committed 44608K, reserved 1089536K
  class space    used 6543K, committed 6784K, reserved 1048576K
}
Event: 6.066 GC heap after
{Heap after GC invocations=17 (full 0):
 garbage-first heap   total 739328K, used 257516K [0x0000000704e00000, 0x0000000800000000)
  region size 2048K, 16 young (32768K), 16 survivors (32768K)
 Metaspace       used 44104K, committed 44608K, reserved 1089536K
  class space    used 6543K, committed 6784K, reserved 1048576K
}
Event: 6.849 GC heap before
{Heap before GC invocations=17 (full 0):
 garbage-first heap   total 739328K, used 529900K [0x0000000704e00000, 0x0000000800000000)
  region size 2048K, 149 young (305152K), 16 survivors (32768K)
 Metaspace       used 46926K, committed 47488K, reserved 1089536K
  class space    used 6930K, committed 7168K, reserved 1048576K
}

Deoptimization events (20 events):
Event: 6.832 Thread 0x000001c891f08890 DEOPT PACKING pc=0x000001c88097f564 sp=0x0000002811afcc30
Event: 6.832 Thread 0x000001c891f08890 DEOPT UNPACKING pc=0x000001c8800566e3 sp=0x0000002811afc1a8 mode 1
Event: 6.832 Thread 0x000001c891f08890 DEOPT PACKING pc=0x000001c88097f564 sp=0x0000002811afcc30
Event: 6.832 Thread 0x000001c891f08890 DEOPT UNPACKING pc=0x000001c8800566e3 sp=0x0000002811afc1a8 mode 1
Event: 6.832 Thread 0x000001c891f08890 DEOPT PACKING pc=0x000001c88097f564 sp=0x0000002811afcc30
Event: 6.832 Thread 0x000001c891f08890 DEOPT UNPACKING pc=0x000001c8800566e3 sp=0x0000002811afc1a8 mode 1
Event: 6.832 Thread 0x000001c891f08890 DEOPT PACKING pc=0x000001c88097f564 sp=0x0000002811afcc30
Event: 6.832 Thread 0x000001c891f08890 DEOPT UNPACKING pc=0x000001c8800566e3 sp=0x0000002811afc1a8 mode 1
Event: 6.834 Thread 0x000001c891f08890 DEOPT PACKING pc=0x000001c88097f564 sp=0x0000002811afcc30
Event: 6.834 Thread 0x000001c891f08890 DEOPT UNPACKING pc=0x000001c8800566e3 sp=0x0000002811afc1a8 mode 1
Event: 6.834 Thread 0x000001c891f08890 DEOPT PACKING pc=0x000001c88097f564 sp=0x0000002811afcc30
Event: 6.834 Thread 0x000001c891f08890 DEOPT UNPACKING pc=0x000001c8800566e3 sp=0x0000002811afc1a8 mode 1
Event: 6.834 Thread 0x000001c891f08890 DEOPT PACKING pc=0x000001c88097f564 sp=0x0000002811afcc30
Event: 6.834 Thread 0x000001c891f08890 DEOPT UNPACKING pc=0x000001c8800566e3 sp=0x0000002811afc1a8 mode 1
Event: 6.834 Thread 0x000001c891f08890 DEOPT PACKING pc=0x000001c88097f564 sp=0x0000002811afcc30
Event: 6.834 Thread 0x000001c891f08890 DEOPT UNPACKING pc=0x000001c8800566e3 sp=0x0000002811afc1a8 mode 1
Event: 6.834 Thread 0x000001c891f08890 DEOPT PACKING pc=0x000001c88097f564 sp=0x0000002811afcc30
Event: 6.834 Thread 0x000001c891f08890 DEOPT UNPACKING pc=0x000001c8800566e3 sp=0x0000002811afc1a8 mode 1
Event: 6.834 Thread 0x000001c891f08890 DEOPT PACKING pc=0x000001c88097f564 sp=0x0000002811afcc30
Event: 6.834 Thread 0x000001c891f08890 DEOPT UNPACKING pc=0x000001c8800566e3 sp=0x0000002811afc1a8 mode 1

Classes unloaded (20 events):
Event: 3.741 Thread 0x000001c8ff8a29f0 Unloading class 0x0000000800decc00 'java/lang/invoke/LambdaForm$MH+0x0000000800decc00'
Event: 3.741 Thread 0x000001c8ff8a29f0 Unloading class 0x0000000800dec400 'java/lang/invoke/LambdaForm$MH+0x0000000800dec400'
Event: 3.741 Thread 0x000001c8ff8a29f0 Unloading class 0x0000000800dec800 'java/lang/invoke/LambdaForm$MH+0x0000000800dec800'
Event: 3.741 Thread 0x000001c8ff8a29f0 Unloading class 0x0000000800dec000 'java/lang/invoke/LambdaForm$MH+0x0000000800dec000'
Event: 3.741 Thread 0x000001c8ff8a29f0 Unloading class 0x0000000800de7c00 'java/lang/invoke/LambdaForm$MH+0x0000000800de7c00'
Event: 3.741 Thread 0x000001c8ff8a29f0 Unloading class 0x0000000800de7400 'java/lang/invoke/LambdaForm$MH+0x0000000800de7400'
Event: 3.741 Thread 0x000001c8ff8a29f0 Unloading class 0x0000000800de7000 'java/lang/invoke/LambdaForm$MH+0x0000000800de7000'
Event: 3.741 Thread 0x000001c8ff8a29f0 Unloading class 0x0000000800de6c00 'java/lang/invoke/LambdaForm$MH+0x0000000800de6c00'
Event: 3.741 Thread 0x000001c8ff8a29f0 Unloading class 0x0000000800de6800 'java/lang/invoke/LambdaForm$MH+0x0000000800de6800'
Event: 3.741 Thread 0x000001c8ff8a29f0 Unloading class 0x0000000800de6400 'java/lang/invoke/LambdaForm$MH+0x0000000800de6400'
Event: 3.741 Thread 0x000001c8ff8a29f0 Unloading class 0x0000000800de6000 'java/lang/invoke/LambdaForm$MH+0x0000000800de6000'
Event: 3.741 Thread 0x000001c8ff8a29f0 Unloading class 0x0000000800de5c00 'java/lang/invoke/LambdaForm$MH+0x0000000800de5c00'
Event: 3.741 Thread 0x000001c8ff8a29f0 Unloading class 0x0000000800de5800 'java/lang/invoke/LambdaForm$MH+0x0000000800de5800'
Event: 3.741 Thread 0x000001c8ff8a29f0 Unloading class 0x0000000800de5400 'java/lang/invoke/LambdaForm$MH+0x0000000800de5400'
Event: 3.741 Thread 0x000001c8ff8a29f0 Unloading class 0x0000000800de5000 'java/lang/invoke/LambdaForm$MH+0x0000000800de5000'
Event: 3.741 Thread 0x000001c8ff8a29f0 Unloading class 0x0000000800de4c00 'java/lang/invoke/LambdaForm$MH+0x0000000800de4c00'
Event: 3.741 Thread 0x000001c8ff8a29f0 Unloading class 0x0000000800de4800 'java/lang/invoke/LambdaForm$MH+0x0000000800de4800'
Event: 3.741 Thread 0x000001c8ff8a29f0 Unloading class 0x0000000800de4400 'java/lang/invoke/LambdaForm$MH+0x0000000800de4400'
Event: 3.741 Thread 0x000001c8ff8a29f0 Unloading class 0x0000000800dd6800 'java/lang/invoke/LambdaForm$MH+0x0000000800dd6800'
Event: 3.741 Thread 0x000001c8ff8a29f0 Unloading class 0x0000000800dd6400 'java/lang/invoke/LambdaForm$MH+0x0000000800dd6400'

Classes redefined (0 events):
No events

Internal exceptions (20 events):
Event: 5.667 Thread 0x000001c890b93680 Exception <a 'java/lang/ClassNotFoundException'{0x0000000727f1a1e8}: io/smallrye/openapi/api/models/parameters/RequestBodyImplCustomizer> (0x0000000727f1a1e8) 
thrown [s\open\src\hotspot\share\classfile\systemDictionary.cpp, line 256]
Event: 5.927 Thread 0x000001c890b96b70 Exception <a 'java/lang/IncompatibleClassChangeError'{0x00000007240279b8}: Found class java.lang.Object, but interface was expected> (0x00000007240279b8) 
thrown [s\open\src\hotspot\share\interpreter\linkResolver.cpp, line 826]
Event: 6.169 Thread 0x000001c890b93680 Exception <a 'java/lang/IncompatibleClassChangeError'{0x000000072f16b908}: Found class java.lang.Object, but interface was expected> (0x000000072f16b908) 
thrown [s\open\src\hotspot\share\interpreter\linkResolver.cpp, line 826]
Event: 6.169 Thread 0x000001c890b93680 Exception <a 'java/lang/IncompatibleClassChangeError'{0x000000072f175c90}: Found class java.lang.Object, but interface was expected> (0x000000072f175c90) 
thrown [s\open\src\hotspot\share\interpreter\linkResolver.cpp, line 826]
Event: 6.169 Thread 0x000001c890b93680 Exception <a 'java/lang/IncompatibleClassChangeError'{0x000000072f17fb28}: Found class java.lang.Object, but interface was expected> (0x000000072f17fb28) 
thrown [s\open\src\hotspot\share\interpreter\linkResolver.cpp, line 826]
Event: 6.170 Thread 0x000001c890b93680 Exception <a 'java/lang/IncompatibleClassChangeError'{0x000000072f189a40}: Found class java.lang.Object, but interface was expected> (0x000000072f189a40) 
thrown [s\open\src\hotspot\share\interpreter\linkResolver.cpp, line 826]
Event: 6.170 Thread 0x000001c890b93680 Exception <a 'java/lang/IncompatibleClassChangeError'{0x000000072f193ac8}: Found class java.lang.Object, but interface was expected> (0x000000072f193ac8) 
thrown [s\open\src\hotspot\share\interpreter\linkResolver.cpp, line 826]
Event: 6.170 Thread 0x000001c890b93680 Exception <a 'java/lang/IncompatibleClassChangeError'{0x000000072f19db80}: Found class java.lang.Object, but interface was expected> (0x000000072f19db80) 
thrown [s\open\src\hotspot\share\interpreter\linkResolver.cpp, line 826]
Event: 6.171 Thread 0x000001c890b93680 Exception <a 'java/lang/IncompatibleClassChangeError'{0x000000072f1a7ac0}: Found class java.lang.Object, but interface was expected> (0x000000072f1a7ac0) 
thrown [s\open\src\hotspot\share\interpreter\linkResolver.cpp, line 826]
Event: 6.183 Thread 0x000001c890b93680 Exception <a 'java/lang/IncompatibleClassChangeError'{0x000000072eb43458}: Found class java.lang.Object, but interface was expected> (0x000000072eb43458) 
thrown [s\open\src\hotspot\share\interpreter\linkResolver.cpp, line 826]
Event: 6.184 Thread 0x000001c890b93680 Exception <a 'java/lang/IncompatibleClassChangeError'{0x000000072eb4d448}: Found class java.lang.Object, but interface was expected> (0x000000072eb4d448) 
thrown [s\open\src\hotspot\share\interpreter\linkResolver.cpp, line 826]
Event: 6.188 Thread 0x000001c890b93680 Exception <a 'java/lang/IncompatibleClassChangeError'{0x000000072ebb3890}: Found class java.lang.Object, but interface was expected> (0x000000072ebb3890) 
thrown [s\open\src\hotspot\share\interpreter\linkResolver.cpp, line 826]
Event: 6.203 Thread 0x000001c890b93680 Exception <a 'java/lang/IncompatibleClassChangeError'{0x000000072e7f39d8}: Found class java.lang.Object, but interface was expected> (0x000000072e7f39d8) 
thrown [s\open\src\hotspot\share\interpreter\linkResolver.cpp, line 826]
Event: 6.787 Thread 0x000001c891f08890 Exception <a 'sun/nio/fs/WindowsException'{0x0000000721b64388}> (0x0000000721b64388) 
thrown [s\open\src\hotspot\share\prims\jni.cpp, line 516]
Event: 6.791 Thread 0x000001c891f08890 Exception <a 'sun/nio/fs/WindowsException'{0x0000000721bc0738}> (0x0000000721bc0738) 
thrown [s\open\src\hotspot\share\prims\jni.cpp, line 516]
Event: 6.791 Thread 0x000001c891f08890 Exception <a 'sun/nio/fs/WindowsException'{0x0000000721bc1030}> (0x0000000721bc1030) 
thrown [s\open\src\hotspot\share\prims\jni.cpp, line 516]
Event: 6.792 Thread 0x000001c891f08890 Exception <a 'sun/nio/fs/WindowsException'{0x0000000721bc1420}> (0x0000000721bc1420) 
thrown [s\open\src\hotspot\share\prims\jni.cpp, line 516]
Event: 6.796 Thread 0x000001c891f08890 Exception <a 'sun/nio/fs/WindowsException'{0x0000000721be4c68}> (0x0000000721be4c68) 
thrown [s\open\src\hotspot\share\prims\jni.cpp, line 516]
Event: 6.796 Thread 0x000001c891f08890 Exception <a 'sun/nio/fs/WindowsException'{0x0000000721be5028}> (0x0000000721be5028) 
thrown [s\open\src\hotspot\share\prims\jni.cpp, line 516]
Event: 6.816 Thread 0x000001c891f08890 Exception <a 'sun/nio/fs/WindowsException'{0x00000007219a1600}> (0x00000007219a1600) 
thrown [s\open\src\hotspot\share\prims\jni.cpp, line 516]

VM Operations (20 events):
Event: 5.761 Executing VM operation: ICBufferFull done
Event: 5.870 Executing VM operation: HandshakeAllThreads
Event: 5.871 Executing VM operation: HandshakeAllThreads done
Event: 5.961 Executing VM operation: HandshakeAllThreads
Event: 5.961 Executing VM operation: HandshakeAllThreads done
Event: 6.002 Executing VM operation: ICBufferFull
Event: 6.002 Executing VM operation: ICBufferFull done
Event: 6.038 Executing VM operation: G1CollectForAllocation
Event: 6.066 Executing VM operation: G1CollectForAllocation done
Event: 6.269 Executing VM operation: HandshakeAllThreads
Event: 6.269 Executing VM operation: HandshakeAllThreads done
Event: 6.342 Executing VM operation: HandshakeAllThreads
Event: 6.342 Executing VM operation: HandshakeAllThreads done
Event: 6.550 Executing VM operation: HandshakeAllThreads
Event: 6.550 Executing VM operation: HandshakeAllThreads done
Event: 6.570 Executing VM operation: ICBufferFull
Event: 6.570 Executing VM operation: ICBufferFull done
Event: 6.685 Executing VM operation: HandshakeAllThreads
Event: 6.685 Executing VM operation: HandshakeAllThreads done
Event: 6.849 Executing VM operation: G1CollectForAllocation

Events (20 events):
Event: 6.650 Thread 0x000001c891ec4fd0 Thread exited: 0x000001c891ec4fd0
Event: 6.650 Thread 0x000001c892039ae0 Thread exited: 0x000001c892039ae0
Event: 6.650 Thread 0x000001c891feeea0 Thread exited: 0x000001c891feeea0
Event: 6.650 Thread 0x000001c890b93b50 Thread exited: 0x000001c890b93b50
Event: 6.650 Thread 0x000001c891fea670 Thread exited: 0x000001c891fea670
Event: 6.650 Thread 0x000001c890b95d00 Thread exited: 0x000001c890b95d00
Event: 6.650 Thread 0x000001c89290c010 Thread exited: 0x000001c89290c010
Event: 6.650 Thread 0x000001c891f05870 Thread exited: 0x000001c891f05870
Event: 6.650 Thread 0x000001c890b92ce0 Thread exited: 0x000001c890b92ce0
Event: 6.650 Thread 0x000001c890b931b0 Thread exited: 0x000001c890b931b0
Event: 6.654 Thread 0x000001c89290acd0 Thread exited: 0x000001c89290acd0
Event: 6.711 loading class java/util/concurrent/ForkJoinTask$RunnableExecuteAction
Event: 6.711 loading class java/util/concurrent/ForkJoinTask$RunnableExecuteAction done
Event: 6.719 Thread 0x000001c891f01eb0 Thread added: 0x000001c891f01eb0
Event: 6.724 Thread 0x000001c891f03b90 Thread added: 0x000001c891f03b90
Event: 6.732 Thread 0x000001c891f04060 Thread added: 0x000001c891f04060
Event: 6.738 Thread 0x000001c891f06bb0 Thread added: 0x000001c891f06bb0
Event: 6.744 Thread 0x000001c891f08d60 Thread added: 0x000001c891f08d60
Event: 6.751 Thread 0x000001c891f02d20 Thread added: 0x000001c891f02d20
Event: 6.758 Thread 0x000001c891f08890 Thread added: 0x000001c891f08890


Dynamic libraries:
0x00007ff63add0000 - 0x00007ff63ade0000 	C:\Program Files\Java\jdk-17\bin\java.EXE
0x00007ffcdfb20000 - 0x00007ffcdfd29000 	C:\WINDOWS\SYSTEM32\ntdll.dll
0x00007ffcde330000 - 0x00007ffcde3ee000 	C:\WINDOWS\System32\KERNEL32.DLL
0x00007ffcdd560000 - 0x00007ffcdd8dc000 	C:\WINDOWS\System32\KERNELBASE.dll
0x00007ffcdd3a0000 - 0x00007ffcdd4b1000 	C:\WINDOWS\System32\ucrtbase.dll
0x00007ffcbdfe0000 - 0x00007ffcbdffb000 	C:\Program Files\Java\jdk-17\bin\VCRUNTIME140.dll
0x00007ffcbe0c0000 - 0x00007ffcbe0d8000 	C:\Program Files\Java\jdk-17\bin\jli.dll
0x00007ffcdebc0000 - 0x00007ffcdec6e000 	C:\WINDOWS\System32\ADVAPI32.dll
0x00007ffcdecd0000 - 0x00007ffcded73000 	C:\WINDOWS\System32\msvcrt.dll
0x00007ffcdeb20000 - 0x00007ffcdebbe000 	C:\WINDOWS\System32\sechost.dll
0x00007ffcde660000 - 0x00007ffcde780000 	C:\WINDOWS\System32\RPCRT4.dll
0x00007ffcde420000 - 0x00007ffcde5cd000 	C:\WINDOWS\System32\USER32.dll
0x00007ffcdd300000 - 0x00007ffcdd326000 	C:\WINDOWS\System32\win32u.dll
0x00007ffcde3f0000 - 0x00007ffcde419000 	C:\WINDOWS\System32\GDI32.dll
0x00007ffcb5e10000 - 0x00007ffcb60b5000 	C:\WINDOWS\WinSxS\amd64_microsoft.windows.common-controls_6595b64144ccf1df_6.0.22000.120_none_9d947278b86cc467\COMCTL32.dll
0x00007ffcdd070000 - 0x00007ffcdd188000 	C:\WINDOWS\System32\gdi32full.dll
0x00007ffcdd4c0000 - 0x00007ffcdd55d000 	C:\WINDOWS\System32\msvcp_win.dll
0x00007ffcd3cc0000 - 0x00007ffcd3cca000 	C:\WINDOWS\SYSTEM32\VERSION.dll
0x00007ffcddf80000 - 0x00007ffcddfb2000 	C:\WINDOWS\System32\IMM32.DLL
0x00007ffcc2570000 - 0x00007ffcc257c000 	C:\Program Files\Java\jdk-17\bin\vcruntime140_1.dll
0x00007ffc9c770000 - 0x00007ffc9c7fe000 	C:\Program Files\Java\jdk-17\bin\msvcp140.dll
0x00007ffc793b0000 - 0x00007ffc79f87000 	C:\Program Files\Java\jdk-17\bin\server\jvm.dll
0x00007ffcdf120000 - 0x00007ffcdf128000 	C:\WINDOWS\System32\PSAPI.DLL
0x00007ffcd41b0000 - 0x00007ffcd41e3000 	C:\WINDOWS\SYSTEM32\WINMM.dll
0x00007ffcbc0a0000 - 0x00007ffcbc0a9000 	C:\WINDOWS\SYSTEM32\WSOCK32.dll
0x00007ffcde2a0000 - 0x00007ffcde30f000 	C:\WINDOWS\System32\WS2_32.dll
0x00007ffcdc030000 - 0x00007ffcdc048000 	C:\WINDOWS\SYSTEM32\kernel.appcore.dll
0x00007ffcc1a40000 - 0x00007ffcc1a4a000 	C:\Program Files\Java\jdk-17\bin\jimage.dll
0x00007ffcdaa80000 - 0x00007ffcdaca1000 	C:\WINDOWS\SYSTEM32\DBGHELP.DLL
0x00007ffcba370000 - 0x00007ffcba3a1000 	C:\WINDOWS\SYSTEM32\dbgcore.DLL
0x00007ffcdcff0000 - 0x00007ffcdd06f000 	C:\WINDOWS\System32\bcryptPrimitives.dll
0x00007ffcae420000 - 0x00007ffcae42e000 	C:\Program Files\Java\jdk-17\bin\instrument.dll
0x00007ffcae3e0000 - 0x00007ffcae405000 	C:\Program Files\Java\jdk-17\bin\java.dll
0x00007ffc9ca90000 - 0x00007ffc9cacb000 	C:\Program Files\Java\jdk-17\bin\jdwp.dll
0x00007ffc978e0000 - 0x00007ffc979b7000 	C:\Program Files\Java\jdk-17\bin\jsvml.dll
0x00007ffcdf310000 - 0x00007ffcdfad5000 	C:\WINDOWS\System32\SHELL32.dll
0x00007ffcdb0a0000 - 0x00007ffcdb905000 	C:\WINDOWS\SYSTEM32\windows.storage.dll
0x00007ffcde7a0000 - 0x00007ffcdeb18000 	C:\WINDOWS\System32\combase.dll
0x00007ffcdaf30000 - 0x00007ffcdb096000 	C:\WINDOWS\SYSTEM32\wintypes.dll
0x00007ffcded80000 - 0x00007ffcdee6a000 	C:\WINDOWS\System32\SHCORE.dll
0x00007ffcdef20000 - 0x00007ffcdef7d000 	C:\WINDOWS\System32\shlwapi.dll
0x00007ffcdcf20000 - 0x00007ffcdcf41000 	C:\WINDOWS\SYSTEM32\profapi.dll
0x00007ffcaca30000 - 0x00007ffcaca48000 	C:\Program Files\Java\jdk-17\bin\zip.dll
0x00007ffcae3c0000 - 0x00007ffcae3d9000 	C:\Program Files\Java\jdk-17\bin\net.dll
0x00007ffcd8120000 - 0x00007ffcd8234000 	C:\WINDOWS\SYSTEM32\WINHTTP.dll
0x00007ffcdc530000 - 0x00007ffcdc597000 	C:\WINDOWS\system32\mswsock.dll
0x00007ffcae260000 - 0x00007ffcae276000 	C:\Program Files\Java\jdk-17\bin\nio.dll
0x00007ffcae410000 - 0x00007ffcae41c000 	C:\Program Files\Java\jdk-17\bin\dt_socket.dll
0x00007ffcdbb60000 - 0x00007ffcdbb8d000 	C:\WINDOWS\SYSTEM32\IPHLPAPI.DLL
0x00007ffcdbb90000 - 0x00007ffcdbc78000 	C:\WINDOWS\SYSTEM32\DNSAPI.dll
0x00007ffcde780000 - 0x00007ffcde789000 	C:\WINDOWS\System32\NSI.dll
0x00007ffcd1da0000 - 0x00007ffcd1daa000 	C:\Windows\System32\rasadhlp.dll
0x00007ffcd0ae0000 - 0x00007ffcd0b61000 	C:\WINDOWS\System32\fwpuclnt.dll
0x00007ffcbe8e0000 - 0x00007ffcbe8f0000 	C:\Program Files\Java\jdk-17\bin\verify.dll
0x00007ffcab9c0000 - 0x00007ffcab9ca000 	C:\Program Files\Java\jdk-17\bin\management.dll
0x00007ffcab7d0000 - 0x00007ffcab7db000 	C:\Program Files\Java\jdk-17\bin\management_ext.dll
0x00007ffcaa620000 - 0x00007ffcaa62a000 	D:\apache-maven-3.8.6\lib\jansi-native\jansi-1.18-93fa3188adb8407f81dad04d08abc8192e4e380d.dll
0x00007ffcdc840000 - 0x00007ffcdc858000 	C:\WINDOWS\SYSTEM32\CRYPTSP.dll
0x00007ffcdbf90000 - 0x00007ffcdbfc5000 	C:\WINDOWS\system32\rsaenh.dll
0x00007ffcdc5d0000 - 0x00007ffcdc5f9000 	C:\WINDOWS\SYSTEM32\USERENV.dll
0x00007ffcdc9d0000 - 0x00007ffcdc9f7000 	C:\WINDOWS\SYSTEM32\bcrypt.dll
0x00007ffcdc720000 - 0x00007ffcdc72c000 	C:\WINDOWS\SYSTEM32\CRYPTBASE.dll
0x00007ffcd4700000 - 0x00007ffcd4719000 	C:\WINDOWS\SYSTEM32\dhcpcsvc6.DLL
0x00007ffcd4a90000 - 0x00007ffcd4aae000 	C:\WINDOWS\SYSTEM32\dhcpcsvc.DLL
0x00007ffcb9940000 - 0x00007ffcb994d000 	C:\Program Files\Java\jdk-17\bin\sunmscapi.dll
0x00007ffcdd190000 - 0x00007ffcdd2f2000 	C:\WINDOWS\System32\CRYPT32.dll
0x00007ffcdc9a0000 - 0x00007ffcdc9c8000 	C:\WINDOWS\SYSTEM32\ncrypt.dll
0x00007ffcdc960000 - 0x00007ffcdc997000 	C:\WINDOWS\SYSTEM32\NTASN1.dll
0x00007ffc659e0000 - 0x00007ffc659e8000 	C:\WINDOWS\system32\wshunix.dll
0x00007ffcba3b0000 - 0x00007ffcba3c7000 	C:\WINDOWS\system32\napinsp.dll
0x00007ffcb9a80000 - 0x00007ffcb9a9b000 	C:\WINDOWS\system32\pnrpnsp.dll
0x00007ffcb9a60000 - 0x00007ffcb9a72000 	C:\WINDOWS\System32\winrnr.dll
0x00007ffcd1db0000 - 0x00007ffcd1dc5000 	C:\WINDOWS\system32\wshbth.dll
0x00007ffcb9a40000 - 0x00007ffcb9a5f000 	C:\WINDOWS\system32\nlansp_c.dll

dbghelp: loaded successfully - version: 4.0.5 - missing functions: none
symbol engine: initialized successfully - sym options: 0x614 - pdb path: .;C:\Program Files\Java\jdk-17\bin;C:\WINDOWS\SYSTEM32;C:\WINDOWS\WinSxS\amd64_microsoft.windows.common-controls_6595b64144ccf1df_6.0.22000.120_none_9d947278b86cc467;C:\Program Files\Java\jdk-17\bin\server;D:\apache-maven-3.8.6\lib\jansi-native

VM Arguments:
jvm_args: -Dio.quarkus.force-color-support=true -Dquarkus-internal.serialized-app-model.path=D:\soum21Juin2022\MyProject\EcoleVie\mic-gestion-ecole-api\target\quarkus\bootstrap\dev-app-model.dat -javaagent:C:\Users\HP\.m2\repository\io\quarkus\quarkus-class-change-agent\2.15.0.Final\quarkus-class-change-agent-2.15.0.Final.jar -XX:TieredStopAtLevel=1 -agentlib:jdwp=transport=dt_socket,address=localhost:5005,server=y,suspend=n -Djava.util.logging.manager=org.jboss.logmanager.LogManager 
java_command: D:\soum21Juin2022\MyProject\EcoleVie\mic-gestion-ecole-api\target\mic-gestion-ecole-api-dev.jar
java_class_path (initial): D:\soum21Juin2022\MyProject\EcoleVie\mic-gestion-ecole-api\target\mic-gestion-ecole-api-dev.jar
Launcher Type: SUN_STANDARD

[Global flags]
     intx CICompilerCount                          = 4                                         {product} {ergonomic}
     uint ConcGCThreads                            = 2                                         {product} {ergonomic}
     uint G1ConcRefinementThreads                  = 8                                         {product} {ergonomic}
   size_t G1HeapRegionSize                         = 2097152                                   {product} {ergonomic}
    uintx GCDrainStackTargetSize                   = 64                                        {product} {ergonomic}
   size_t InitialHeapSize                          = 264241152                                 {product} {ergonomic}
   size_t MarkStackSize                            = 4194304                                   {product} {ergonomic}
   size_t MaxHeapSize                              = 4213178368                                {product} {ergonomic}
   size_t MaxNewSize                               = 2527068160                                {product} {ergonomic}
   size_t MinHeapDeltaBytes                        = 2097152                                   {product} {ergonomic}
   size_t MinHeapSize                              = 8388608                                   {product} {ergonomic}
    uintx NonProfiledCodeHeapSize                  = 0                                      {pd product} {ergonomic}
     bool ProfileInterpreter                       = false                                  {pd product} {command line}
    uintx ProfiledCodeHeapSize                     = 0                                      {pd product} {ergonomic}
   size_t SoftMaxHeapSize                          = 4213178368                             {manageable} {ergonomic}
     intx TieredStopAtLevel                        = 1                                         {product} {command line}
     bool UseCompressedClassPointers               = true                           {product lp64_product} {ergonomic}
     bool UseCompressedOops                        = true                           {product lp64_product} {ergonomic}
     bool UseG1GC                                  = true                                      {product} {ergonomic}
     bool UseLargePagesIndividualAllocation        = false                                  {pd product} {ergonomic}

Logging:
Log output configuration:
 #0: stdout all=warning uptime,level,tags
 #1: stderr all=off uptime,level,tags

Environment Variables:
JAVA_HOME=C:\Program Files\Java\jdk-17
PATH=C:\oraclexe\app\oracle\product\11.2.0\server\bin;C:\Program Files\Common Files\Oracle\Java\javapath;C:\Program Files (x86)\Common Files\Oracle\Java\javapath;C:\WINDOWS\system32;C:\WINDOWS;C:\WINDOWS\System32\Wbem;C:\WINDOWS\System32\WindowsPowerShell\v1.0\;C:\WINDOWS\System32\OpenSSH\;C:\Program Files\Docker\Docker\resources\bin;C:\ProgramData\DockerDesktop\version-bin;%M2_HOME%;%M2%;D:\apache-maven-3.8.6\bin;C:\Program Files\Git\cmd;C:\Users\HP\AppData\Roaming\npm;D:\wildfly-26.1.2.Final;C:\Program Files (x86)\Google\Cloud SDK\google-cloud-sdk\bin;C:\Program Files\Java\jre1.8.0_341\bin;C:\Program Files\nodejs\;C:\Program Files\Java\jdk-17\bin;C:\Program Files\MySQL\MySQL Shell 8.0\bin\;C:\Users\HP\AppData\Local\Microsoft\WindowsApps;C:\Users\HP\AppData\Local\Programs\Microsoft VS Code\bin;"C:\Program Files\Git\bin\git.exe;C:\Program Files\Git\cmd";C:\Program Files\Java\jre1.8.0_341\bin;C:\Users\HP\AppData\Roaming\npm;D:\soum21Juin2022\BUSINESS_APP\Sigctl\sigctl-v0.8.0-Win-x86-64;
USERNAME=HP
OS=Windows_NT
PROCESSOR_IDENTIFIER=Intel64 Family 6 Model 140 Stepping 1, GenuineIntel



---------------  S Y S T E M  ---------------

OS:
 Windows 11 , 64 bit Build 22000 (10.0.22000.1516)
OS uptime: 4 days 23:15 hours
Hyper-V role detected

CPU: total 8 (initial active 8) (4 cores per cpu, 2 threads per core) family 6 model 140 stepping 1 microcode 0xa6, cx8, cmov, fxsr, ht, mmx, 3dnowpref, sse, sse2, sse3, ssse3, sse4.1, sse4.2, popcnt, lzcnt, tsc, tscinvbit, avx, avx2, aes, erms, clmul, bmi1, bmi2, adx, avx512f, avx512dq, avx512cd, avx512bw, avx512vl, sha, fma, vzeroupper, avx512_vpopcntdq, avx512_vpclmulqdq, avx512_vaes, avx512_vnni, clflush, clflushopt, clwb, avx512_vbmi2, avx512_vbmi, hv

Memory: 4k page, system-wide physical 16064M (137M free)
TotalPageFile size 40945M (AvailPageFile size 416M)
current process WorkingSet (physical memory assigned to process): 875M, peak: 883M
current process commit charge ("private bytes"): 945M, peak: 1689M

vm_info: Java HotSpot(TM) 64-Bit Server VM (17.0.6+9-LTS-190) for windows-amd64 JRE (17.0.6+9-LTS-190), built on Dec  6 2022 15:53:54 by "mach5one" with MS VC++ 17.1 (VS2022)

END.
