#
# There is insufficient memory for the Java Runtime Environment to continue.
# Native memory allocation (mmap) failed to map 251658240 bytes for G1 virtual space
# Possible reasons:
#   The system is out of physical RAM or swap space
#   The process is running with CompressedOops enabled, and the Java Heap may be blocking the growth of the native heap
# Possible solutions:
#   Reduce memory load on the system
#   Increase physical memory or swap space
#   Check if swap backing store is full
#   Decrease Java heap size (-Xmx/-Xms)
#   Decrease number of Java threads
#   Decrease Java thread stack sizes (-Xss)
#   Set larger code cache with -XX:ReservedCodeCacheSize=
#   JVM is running with Zero Based Compressed Oops mode in which the Java heap is
#     placed in the first 32GB address space. The Java Heap base address is the
#     maximum limit for the native heap growth. Please use -XX:HeapBaseMinAddress
#     to set the Java Heap base and to place the Java Heap above 32GB virtual address.
# This output file may be truncated or incomplete.
#
#  Out of Memory Error (os_windows.cpp:3550), pid=33092, tid=37508
#
# JRE version: Java(TM) SE Runtime Environment (17.0.6+9) (build 17.0.6+9-LTS-190)
# Java VM: Java HotSpot(TM) 64-Bit Server VM (17.0.6+9-LTS-190, mixed mode, emulated-client, sharing, tiered, compressed oops, compressed class ptrs, g1 gc, windows-amd64)
# No core dump will be written. Minidumps are not enabled by default on client versions of Windows
#

---------------  S U M M A R Y ------------

Command Line: -Dio.quarkus.force-color-support=true -Dquarkus-internal.serialized-app-model.path=D:\soum21Juin2022\MyProject\EcoleVie\mic-gestion-ecole-api\target\quarkus\bootstrap\dev-app-model.dat -javaagent:C:\Users\HP\.m2\repository\io\quarkus\quarkus-class-change-agent\2.15.0.Final\quarkus-class-change-agent-2.15.0.Final.jar -XX:TieredStopAtLevel=1 -agentlib:jdwp=transport=dt_socket,address=localhost:5005,server=y,suspend=n -Djava.util.logging.manager=org.jboss.logmanager.LogManager D:\soum21Juin2022\MyProject\EcoleVie\mic-gestion-ecole-api\target\mic-gestion-ecole-api-dev.jar

Host: 11th Gen Intel(R) Core(TM) i7-1165G7 @ 2.80GHz, 8 cores, 15G,  Windows 11 , 64 bit Build 22621 (10.0.22621.3374)
Time: Wed Apr 17 13:33:00 2024 Greenwich elapsed time: 17.892714 seconds (0d 0h 0m 17s)

---------------  T H R E A D  ---------------

Current thread (0x000001767cacf450):  VMThread "VM Thread" [stack: 0x0000005d6c200000,0x0000005d6c300000] [id=37508]

Stack: [0x0000005d6c200000,0x0000005d6c300000]
Native frames: (J=compiled Java code, j=interpreted, Vv=VM code, C=native code)
V  [jvm.dll+0x6734ea]
V  [jvm.dll+0x7d18f4]
V  [jvm.dll+0x7d309e]
V  [jvm.dll+0x7d3703]
V  [jvm.dll+0x2433c5]
V  [jvm.dll+0x6703f9]
V  [jvm.dll+0x664d32]
V  [jvm.dll+0x300086]
V  [jvm.dll+0x307606]
V  [jvm.dll+0x356c1e]
V  [jvm.dll+0x356e4f]
V  [jvm.dll+0x2d72e8]
V  [jvm.dll+0x2d57e5]
V  [jvm.dll+0x2d4dec]
V  [jvm.dll+0x31837b]
V  [jvm.dll+0x7d7f0b]
V  [jvm.dll+0x7d8c44]
V  [jvm.dll+0x7d915d]
V  [jvm.dll+0x7d9534]
V  [jvm.dll+0x7d9600]
V  [jvm.dll+0x781a7a]
V  [jvm.dll+0x672375]
C  [ucrtbase.dll+0x29333]
C  [KERNEL32.DLL+0x1257d]
C  [ntdll.dll+0x5aa48]

VM_Operation (0x0000005d775fe0e0): G1CollectForAllocation, mode: safepoint, requested by thread 0x0000017602b5f260


---------------  P R O C E S S  ---------------

Threads class SMR info:
_java_thread_list=0x0000017603478260, length=214, elements={
0x0000017666166b80, 0x000001767cad2df0, 0x000001767cad39a0, 0x000001767cae7850,
0x000001767cae8400, 0x000001767caeadc0, 0x000001767caf0c80, 0x000001767caf16e0,
0x000001767cafc0f0, 0x000001767cac15a0, 0x000001767cbe64c0, 0x000001767d9a3b00,
0x000001767d9cc8b0, 0x000001767d9cf0b0, 0x000001767cc82f00, 0x000001767f06f730,
0x000001767f13d3e0, 0x000001767f45d020, 0x000001767f45f540, 0x0000017600d38430,
0x0000017600d38900, 0x000001767f411700, 0x000001767f412570, 0x000001767f40fef0,
0x000001767f4120a0, 0x000001767f411bd0, 0x000001767f412a40, 0x000001767f40fa20,
0x000001767f410890, 0x000001767f40f080, 0x000001767f4103c0, 0x000001767f410d60,
0x000001767f40f550, 0x0000017601000830, 0x0000017600ff9e50, 0x0000017600fffe90,
0x0000017601000d00, 0x0000017600ffa320, 0x0000017600ffb190, 0x0000017601000360,
0x00000176010011d0, 0x0000017600ffa7f0, 0x0000017600ff9980, 0x0000017600ffc9a0,
0x0000017600ffacc0, 0x0000017600ffbb30, 0x0000017600ffd810, 0x0000017600ffb660,
0x0000017600ffc000, 0x0000017600ffc4d0, 0x0000017600ffce70, 0x0000017600ffd340,
0x0000017600ffdce0, 0x0000017600ffe1b0, 0x0000017600ffe680, 0x0000017600ffeb50,
0x0000017600fff020, 0x0000017600fff4f0, 0x0000017600fff9c0, 0x0000017601256bb0,
0x000001760125d590, 0x000001760125bd80, 0x0000017601257080, 0x000001760125af10,
0x000001760125b3e0, 0x000001760125b8b0, 0x000001760125c250, 0x00000176012583c0,
0x000001760125c720, 0x000001760125cbf0, 0x0000017601257550, 0x0000017601257a20,
0x0000017601259bd0, 0x0000017601258890, 0x000001760125a570, 0x000001760125d0c0,
0x000001760125da60, 0x000001760125df30, 0x000001760125e400, 0x0000017601259230,
0x0000017601258d60, 0x000001760125a0a0, 0x0000017601259700, 0x000001760125aa40,
0x000001760162d120, 0x000001760162f2d0, 0x000001760162d5f0, 0x0000017601630fb0,
0x000001760162cc50, 0x000001760162dac0, 0x000001760162b440, 0x000001760162fc70,
0x000001760162b910, 0x000001760162e930, 0x000001760162a5d0, 0x0000017601631480,
0x000001760162df90, 0x000001760162c2b0, 0x000001760162c780, 0x0000017601630ae0,
0x000001760162e460, 0x000001760162ee00, 0x0000017601629c30, 0x000001760162f7a0,
0x0000017601630140, 0x0000017601630610, 0x000001760162a100, 0x000001760162aaa0,
0x0000017602a7ce70, 0x0000017602a7f020, 0x0000017602a7f9c0, 0x0000017602a794b0,
0x0000017602a7e1b0, 0x0000017602a7d340, 0x0000017602a7a7f0, 0x0000017602a7e680,
0x0000017602a7acc0, 0x0000017602a7eb50, 0x0000017602a7dce0, 0x0000017602a80360,
0x0000017602a7b190, 0x0000017602a7c9a0, 0x0000017602a7d810, 0x0000017602a7f4f0,
0x0000017602a78fe0, 0x0000017602a7b660, 0x0000017602a7fe90, 0x0000017602a78b10,
0x0000017602a79980, 0x0000017602a79e50, 0x0000017602a7a320, 0x0000017602a7bb30,
0x0000017602a7c000, 0x0000017602a7c4d0, 0x0000017602af3d90, 0x0000017602af4260,
0x0000017602af8f60, 0x0000017602af1be0, 0x0000017602af4730, 0x0000017602af7750,
0x0000017602af4c00, 0x0000017602af9430, 0x0000017602af2580, 0x0000017602af50d0,
0x0000017602af20b0, 0x0000017602af85c0, 0x0000017602af7c20, 0x0000017602af55a0,
0x0000017602af2a50, 0x0000017602af6410, 0x0000017602af8a90, 0x0000017602af5f40,
0x0000017602af2f20, 0x0000017602af5a70, 0x0000017602af33f0, 0x0000017602af68e0,
0x0000017602af38c0, 0x0000017602af6db0, 0x0000017602af7280, 0x0000017602af80f0,
0x0000017602b5aa30, 0x0000017602b5d580, 0x0000017602b600d0, 0x0000017602b5af00,
0x0000017602b5da50, 0x0000017602b5f260, 0x0000017602b5bd70, 0x0000017602b5a560,
0x0000017602b5d0b0, 0x0000017602b60a70, 0x0000017602b5df20, 0x0000017602b5e3f0,
0x0000017602b5b3d0, 0x0000017602b5e8c0, 0x0000017602b5b8a0, 0x0000017602b605a0,
0x0000017602b5c240, 0x0000017602b60f40, 0x0000017602b5c710, 0x0000017602b5cbe0,
0x0000017602b5ed90, 0x0000017602b5fc00, 0x0000017602b61410, 0x0000017602b5a090,
0x0000017602b5f730, 0x0000017602b618e0, 0x0000017603397590, 0x0000017603398400,
0x00000176033953e0, 0x00000176033970c0, 0x0000017603395d80, 0x00000176033958b0,
0x00000176033988d0, 0x0000017603396250, 0x0000017601257ef0, 0x000001760344a690,
0x0000017603445e60, 0x0000017603446330, 0x0000017603448010, 0x00000176034484e0,
0x00000176034489b0, 0x0000017603449820, 0x0000017603446800, 0x0000017603447b40,
0x0000017603444ff0, 0x0000017603446cd0, 0x00000176034454c0, 0x000001760344ab60,
0x00000176034437e0, 0x0000017603443310, 0x0000017603445990, 0x00000176034471a0,
0x0000017603447670, 0x0000017603448e80
}

Java Threads: ( => current thread )
  0x0000017666166b80 JavaThread "main" [_thread_blocked, id=31792, stack(0x0000005d6bc00000,0x0000005d6bd00000)]
  0x000001767cad2df0 JavaThread "Reference Handler" daemon [_thread_blocked, id=16332, stack(0x0000005d6c300000,0x0000005d6c400000)]
  0x000001767cad39a0 JavaThread "Finalizer" daemon [_thread_blocked, id=28172, stack(0x0000005d6c400000,0x0000005d6c500000)]
  0x000001767cae7850 JavaThread "Signal Dispatcher" daemon [_thread_blocked, id=11716, stack(0x0000005d6c500000,0x0000005d6c600000)]
  0x000001767cae8400 JavaThread "Attach Listener" daemon [_thread_blocked, id=23720, stack(0x0000005d6c600000,0x0000005d6c700000)]
  0x000001767caeadc0 JavaThread "Service Thread" daemon [_thread_blocked, id=22152, stack(0x0000005d6c700000,0x0000005d6c800000)]
  0x000001767caf0c80 JavaThread "Monitor Deflation Thread" daemon [_thread_blocked, id=27040, stack(0x0000005d6c800000,0x0000005d6c900000)]
  0x000001767caf16e0 JavaThread "C1 CompilerThread0" daemon [_thread_blocked, id=29520, stack(0x0000005d6c900000,0x0000005d6ca00000)]
  0x000001767cafc0f0 JavaThread "Sweeper thread" daemon [_thread_blocked, id=4772, stack(0x0000005d6ca00000,0x0000005d6cb00000)]
  0x000001767cac15a0 JavaThread "Common-Cleaner" daemon [_thread_blocked, id=34940, stack(0x0000005d6cb00000,0x0000005d6cc00000)]
  0x000001767cbe64c0 JavaThread "C1 CompilerThread1" daemon [_thread_blocked, id=8276, stack(0x0000005d6cc00000,0x0000005d6cd00000)]
  0x000001767d9a3b00 JavaThread "JDWP Transport Listener: dt_socket" daemon [_thread_in_native, id=21884, stack(0x0000005d6cf00000,0x0000005d6d000000)]
  0x000001767d9cc8b0 JavaThread "JDWP Event Helper Thread" daemon [_thread_blocked, id=24728, stack(0x0000005d6d000000,0x0000005d6d100000)]
  0x000001767d9cf0b0 JavaThread "Notification Thread" daemon [_thread_blocked, id=20948, stack(0x0000005d6d100000,0x0000005d6d200000)]
  0x000001767cc82f00 JavaThread "Quarkus Devmode keep alive thread" [_thread_blocked, id=24952, stack(0x0000005d6de00000,0x0000005d6df00000)]
  0x000001767f06f730 JavaThread "ForkJoinPool.commonPool-worker-1" daemon [_thread_blocked, id=32248, stack(0x0000005d6ce00000,0x0000005d6cf00000)]
  0x000001767f13d3e0 JavaThread "ForkJoinPool.commonPool-worker-2" daemon [_thread_blocked, id=36612, stack(0x0000005d6df00000,0x0000005d6e000000)]
  0x000001767f45d020 JavaThread "C1 CompilerThread2" daemon [_thread_blocked, id=27576, stack(0x0000005d6e000000,0x0000005d6e100000)]
  0x000001767f45f540 JavaThread "C1 CompilerThread3" daemon [_thread_blocked, id=20288, stack(0x0000005d6e100000,0x0000005d6e200000)]
  0x0000017600d38430 JavaThread "build-1" [_thread_blocked, id=36588, stack(0x0000005d6e200000,0x0000005d6e300000)]
  0x0000017600d38900 JavaThread "build-2" [_thread_blocked, id=36332, stack(0x0000005d6e300000,0x0000005d6e400000)]
  0x000001767f411700 JavaThread "build-3" [_thread_blocked, id=36600, stack(0x0000005d6e400000,0x0000005d6e500000)]
  0x000001767f412570 JavaThread "build-4" [_thread_blocked, id=28984, stack(0x0000005d6e500000,0x0000005d6e600000)]
  0x000001767f40fef0 JavaThread "build-5" [_thread_blocked, id=36680, stack(0x0000005d6e600000,0x0000005d6e700000)]
  0x000001767f4120a0 JavaThread "build-6" [_thread_blocked, id=7008, stack(0x0000005d6e700000,0x0000005d6e800000)]
  0x000001767f411bd0 JavaThread "build-7" [_thread_blocked, id=16128, stack(0x0000005d6e800000,0x0000005d6e900000)]
  0x000001767f412a40 JavaThread "build-8" [_thread_blocked, id=33504, stack(0x0000005d6e900000,0x0000005d6ea00000)]
  0x000001767f40fa20 JavaThread "build-9" [_thread_blocked, id=21816, stack(0x0000005d6ea00000,0x0000005d6eb00000)]
  0x000001767f410890 JavaThread "build-10" [_thread_blocked, id=27256, stack(0x0000005d6eb00000,0x0000005d6ec00000)]
  0x000001767f40f080 JavaThread "build-11" [_thread_blocked, id=30756, stack(0x0000005d6ec00000,0x0000005d6ed00000)]
  0x000001767f4103c0 JavaThread "build-12" [_thread_blocked, id=30036, stack(0x0000005d6ed00000,0x0000005d6ee00000)]
  0x000001767f410d60 JavaThread "build-13" [_thread_blocked, id=29056, stack(0x0000005d6ee00000,0x0000005d6ef00000)]
  0x000001767f40f550 JavaThread "build-14" [_thread_blocked, id=16400, stack(0x0000005d6ef00000,0x0000005d6f000000)]
  0x0000017601000830 JavaThread "build-15" [_thread_blocked, id=28264, stack(0x0000005d6f000000,0x0000005d6f100000)]
  0x0000017600ff9e50 JavaThread "build-16" [_thread_blocked, id=29816, stack(0x0000005d6f100000,0x0000005d6f200000)]
  0x0000017600fffe90 JavaThread "build-17" [_thread_blocked, id=36964, stack(0x0000005d6f200000,0x0000005d6f300000)]
  0x0000017601000d00 JavaThread "build-18" [_thread_blocked, id=33348, stack(0x0000005d6f300000,0x0000005d6f400000)]
  0x0000017600ffa320 JavaThread "build-19" [_thread_blocked, id=25908, stack(0x0000005d6f400000,0x0000005d6f500000)]
  0x0000017600ffb190 JavaThread "build-20" [_thread_blocked, id=21468, stack(0x0000005d6f500000,0x0000005d6f600000)]
  0x0000017601000360 JavaThread "build-21" [_thread_blocked, id=13584, stack(0x0000005d6f600000,0x0000005d6f700000)]
  0x00000176010011d0 JavaThread "build-22" [_thread_blocked, id=28356, stack(0x0000005d6f700000,0x0000005d6f800000)]
  0x0000017600ffa7f0 JavaThread "build-23" [_thread_blocked, id=28696, stack(0x0000005d6f800000,0x0000005d6f900000)]
  0x0000017600ff9980 JavaThread "build-24" [_thread_blocked, id=33216, stack(0x0000005d6f900000,0x0000005d6fa00000)]
  0x0000017600ffc9a0 JavaThread "build-25" [_thread_blocked, id=32320, stack(0x0000005d6fa00000,0x0000005d6fb00000)]
  0x0000017600ffacc0 JavaThread "build-26" [_thread_blocked, id=26812, stack(0x0000005d6fb00000,0x0000005d6fc00000)]
  0x0000017600ffbb30 JavaThread "build-27" [_thread_blocked, id=24900, stack(0x0000005d6fc00000,0x0000005d6fd00000)]
  0x0000017600ffd810 JavaThread "build-28" [_thread_blocked, id=29908, stack(0x0000005d6fd00000,0x0000005d6fe00000)]
  0x0000017600ffb660 JavaThread "build-29" [_thread_blocked, id=11484, stack(0x0000005d6fe00000,0x0000005d6ff00000)]
  0x0000017600ffc000 JavaThread "build-30" [_thread_blocked, id=17252, stack(0x0000005d6ff00000,0x0000005d70000000)]
  0x0000017600ffc4d0 JavaThread "build-31" [_thread_blocked, id=17840, stack(0x0000005d70000000,0x0000005d70100000)]
  0x0000017600ffce70 JavaThread "build-32" [_thread_blocked, id=32756, stack(0x0000005d70100000,0x0000005d70200000)]
  0x0000017600ffd340 JavaThread "build-33" [_thread_blocked, id=22228, stack(0x0000005d70200000,0x0000005d70300000)]
  0x0000017600ffdce0 JavaThread "build-34" [_thread_blocked, id=1212, stack(0x0000005d70300000,0x0000005d70400000)]
  0x0000017600ffe1b0 JavaThread "build-35" [_thread_blocked, id=26088, stack(0x0000005d70400000,0x0000005d70500000)]
  0x0000017600ffe680 JavaThread "build-36" [_thread_blocked, id=24340, stack(0x0000005d70500000,0x0000005d70600000)]
  0x0000017600ffeb50 JavaThread "build-37" [_thread_blocked, id=7260, stack(0x0000005d70600000,0x0000005d70700000)]
  0x0000017600fff020 JavaThread "build-38" [_thread_blocked, id=17780, stack(0x0000005d70700000,0x0000005d70800000)]
  0x0000017600fff4f0 JavaThread "build-39" [_thread_blocked, id=27336, stack(0x0000005d70800000,0x0000005d70900000)]
  0x0000017600fff9c0 JavaThread "build-40" [_thread_blocked, id=1116, stack(0x0000005d70900000,0x0000005d70a00000)]
  0x0000017601256bb0 JavaThread "build-41" [_thread_blocked, id=20968, stack(0x0000005d70a00000,0x0000005d70b00000)]
  0x000001760125d590 JavaThread "build-42" [_thread_blocked, id=15128, stack(0x0000005d70b00000,0x0000005d70c00000)]
  0x000001760125bd80 JavaThread "build-43" [_thread_blocked, id=2276, stack(0x0000005d70c00000,0x0000005d70d00000)]
  0x0000017601257080 JavaThread "build-44" [_thread_blocked, id=12616, stack(0x0000005d70d00000,0x0000005d70e00000)]
  0x000001760125af10 JavaThread "build-45" [_thread_blocked, id=32264, stack(0x0000005d70e00000,0x0000005d70f00000)]
  0x000001760125b3e0 JavaThread "build-46" [_thread_blocked, id=29800, stack(0x0000005d70f00000,0x0000005d71000000)]
  0x000001760125b8b0 JavaThread "build-47" [_thread_blocked, id=18316, stack(0x0000005d71000000,0x0000005d71100000)]
  0x000001760125c250 JavaThread "build-48" [_thread_blocked, id=18668, stack(0x0000005d71100000,0x0000005d71200000)]
  0x00000176012583c0 JavaThread "build-49" [_thread_blocked, id=24600, stack(0x0000005d71200000,0x0000005d71300000)]
  0x000001760125c720 JavaThread "build-50" [_thread_blocked, id=29728, stack(0x0000005d71300000,0x0000005d71400000)]
  0x000001760125cbf0 JavaThread "build-51" [_thread_blocked, id=16048, stack(0x0000005d71400000,0x0000005d71500000)]
  0x0000017601257550 JavaThread "build-52" [_thread_blocked, id=34296, stack(0x0000005d71500000,0x0000005d71600000)]
  0x0000017601257a20 JavaThread "build-53" [_thread_blocked, id=33676, stack(0x0000005d71600000,0x0000005d71700000)]
  0x0000017601259bd0 JavaThread "build-54" [_thread_blocked, id=36468, stack(0x0000005d71700000,0x0000005d71800000)]
  0x0000017601258890 JavaThread "build-55" [_thread_blocked, id=19252, stack(0x0000005d71800000,0x0000005d71900000)]
  0x000001760125a570 JavaThread "build-56" [_thread_blocked, id=19592, stack(0x0000005d71900000,0x0000005d71a00000)]
  0x000001760125d0c0 JavaThread "build-57" [_thread_blocked, id=32820, stack(0x0000005d71a00000,0x0000005d71b00000)]
  0x000001760125da60 JavaThread "build-58" [_thread_blocked, id=22120, stack(0x0000005d71b00000,0x0000005d71c00000)]
  0x000001760125df30 JavaThread "build-59" [_thread_blocked, id=37072, stack(0x0000005d71c00000,0x0000005d71d00000)]
  0x000001760125e400 JavaThread "build-60" [_thread_blocked, id=7152, stack(0x0000005d71d00000,0x0000005d71e00000)]
  0x0000017601259230 JavaThread "build-61" [_thread_blocked, id=27152, stack(0x0000005d71e00000,0x0000005d71f00000)]
  0x0000017601258d60 JavaThread "build-62" [_thread_blocked, id=23064, stack(0x0000005d71f00000,0x0000005d72000000)]
  0x000001760125a0a0 JavaThread "build-63" [_thread_blocked, id=20692, stack(0x0000005d72000000,0x0000005d72100000)]
  0x0000017601259700 JavaThread "build-64" [_thread_blocked, id=26776, stack(0x0000005d72100000,0x0000005d72200000)]
  0x000001760125aa40 JavaThread "build-65" [_thread_blocked, id=31504, stack(0x0000005d72200000,0x0000005d72300000)]
  0x000001760162d120 JavaThread "WindowsStreamPump" daemon [_thread_in_native, id=14332, stack(0x0000005d72300000,0x0000005d72400000)]
  0x000001760162f2d0 JavaThread "Aesh InputStream Reader" daemon [_thread_blocked, id=30596, stack(0x0000005d72400000,0x0000005d72500000)]
  0x000001760162d5f0 JavaThread "build-66" [_thread_blocked, id=17348, stack(0x0000005d72600000,0x0000005d72700000)]
  0x0000017601630fb0 JavaThread "build-67" [_thread_blocked, id=36616, stack(0x0000005d72700000,0x0000005d72800000)]
  0x000001760162cc50 JavaThread "build-68" [_thread_blocked, id=34460, stack(0x0000005d72800000,0x0000005d72900000)]
  0x000001760162dac0 JavaThread "build-69" [_thread_blocked, id=31584, stack(0x0000005d72900000,0x0000005d72a00000)]
  0x000001760162b440 JavaThread "build-70" [_thread_blocked, id=32972, stack(0x0000005d72a00000,0x0000005d72b00000)]
  0x000001760162fc70 JavaThread "build-71" [_thread_blocked, id=10508, stack(0x0000005d72b00000,0x0000005d72c00000)]
  0x000001760162b910 JavaThread "build-72" [_thread_blocked, id=21484, stack(0x0000005d72c00000,0x0000005d72d00000)]
  0x000001760162e930 JavaThread "build-73" [_thread_blocked, id=34152, stack(0x0000005d72d00000,0x0000005d72e00000)]
  0x000001760162a5d0 JavaThread "build-74" [_thread_blocked, id=37676, stack(0x0000005d72e00000,0x0000005d72f00000)]
  0x0000017601631480 JavaThread "build-75" [_thread_blocked, id=5660, stack(0x0000005d72f00000,0x0000005d73000000)]
  0x000001760162df90 JavaThread "build-76" [_thread_blocked, id=32416, stack(0x0000005d73000000,0x0000005d73100000)]
  0x000001760162c2b0 JavaThread "build-90" [_thread_blocked, id=3480, stack(0x0000005d73100000,0x0000005d73200000)]
  0x000001760162c780 JavaThread "build-78" [_thread_blocked, id=17620, stack(0x0000005d73200000,0x0000005d73300000)]
  0x0000017601630ae0 JavaThread "build-79" [_thread_blocked, id=30960, stack(0x0000005d73300000,0x0000005d73400000)]
  0x000001760162e460 JavaThread "build-80" [_thread_blocked, id=33732, stack(0x0000005d73400000,0x0000005d73500000)]
  0x000001760162ee00 JavaThread "build-81" [_thread_blocked, id=752, stack(0x0000005d73500000,0x0000005d73600000)]
  0x0000017601629c30 JavaThread "build-82" [_thread_blocked, id=18936, stack(0x0000005d73600000,0x0000005d73700000)]
  0x000001760162f7a0 JavaThread "build-83" [_thread_blocked, id=10880, stack(0x0000005d73700000,0x0000005d73800000)]
  0x0000017601630140 JavaThread "build-84" [_thread_blocked, id=28900, stack(0x0000005d73800000,0x0000005d73900000)]
  0x0000017601630610 JavaThread "build-85" [_thread_blocked, id=18908, stack(0x0000005d73900000,0x0000005d73a00000)]
  0x000001760162a100 JavaThread "build-86" [_thread_blocked, id=30724, stack(0x0000005d73a00000,0x0000005d73b00000)]
  0x000001760162aaa0 JavaThread "build-87" [_thread_blocked, id=37792, stack(0x0000005d73b00000,0x0000005d73c00000)]
  0x0000017602a7ce70 JavaThread "build-88" [_thread_blocked, id=36620, stack(0x0000005d73c00000,0x0000005d73d00000)]
  0x0000017602a7f020 JavaThread "build-89" [_thread_blocked, id=28872, stack(0x0000005d73d00000,0x0000005d73e00000)]
  0x0000017602a7f9c0 JavaThread "build-91" [_thread_blocked, id=21872, stack(0x0000005d73e00000,0x0000005d73f00000)]
  0x0000017602a794b0 JavaThread "build-77" [_thread_blocked, id=34388, stack(0x0000005d73f00000,0x0000005d74000000)]
  0x0000017602a7e1b0 JavaThread "build-92" [_thread_blocked, id=26248, stack(0x0000005d74000000,0x0000005d74100000)]
  0x0000017602a7d340 JavaThread "build-93" [_thread_blocked, id=23808, stack(0x0000005d74100000,0x0000005d74200000)]
  0x0000017602a7a7f0 JavaThread "build-98" [_thread_blocked, id=20808, stack(0x0000005d74200000,0x0000005d74300000)]
  0x0000017602a7e680 JavaThread "build-97" [_thread_blocked, id=7228, stack(0x0000005d74300000,0x0000005d74400000)]
  0x0000017602a7acc0 JavaThread "build-99" [_thread_blocked, id=28084, stack(0x0000005d74400000,0x0000005d74500000)]
  0x0000017602a7eb50 JavaThread "build-96" [_thread_blocked, id=12204, stack(0x0000005d74500000,0x0000005d74600000)]
  0x0000017602a7dce0 JavaThread "build-94" [_thread_blocked, id=5936, stack(0x0000005d74600000,0x0000005d74700000)]
  0x0000017602a80360 JavaThread "build-100" [_thread_blocked, id=14016, stack(0x0000005d74700000,0x0000005d74800000)]
  0x0000017602a7b190 JavaThread "build-95" [_thread_blocked, id=20004, stack(0x0000005d74800000,0x0000005d74900000)]
  0x0000017602a7c9a0 JavaThread "build-101" [_thread_blocked, id=37320, stack(0x0000005d74900000,0x0000005d74a00000)]
  0x0000017602a7d810 JavaThread "build-102" [_thread_blocked, id=5900, stack(0x0000005d74a00000,0x0000005d74b00000)]
  0x0000017602a7f4f0 JavaThread "build-103" [_thread_blocked, id=20152, stack(0x0000005d74b00000,0x0000005d74c00000)]
  0x0000017602a78fe0 JavaThread "build-104" [_thread_blocked, id=18260, stack(0x0000005d74c00000,0x0000005d74d00000)]
  0x0000017602a7b660 JavaThread "build-105" [_thread_blocked, id=26584, stack(0x0000005d74d00000,0x0000005d74e00000)]
  0x0000017602a7fe90 JavaThread "build-106" [_thread_blocked, id=26256, stack(0x0000005d74e00000,0x0000005d74f00000)]
  0x0000017602a78b10 JavaThread "build-107" [_thread_blocked, id=34920, stack(0x0000005d74f00000,0x0000005d75000000)]
  0x0000017602a79980 JavaThread "build-108" [_thread_blocked, id=29616, stack(0x0000005d75000000,0x0000005d75100000)]
  0x0000017602a79e50 JavaThread "build-109" [_thread_blocked, id=2952, stack(0x0000005d75100000,0x0000005d75200000)]
  0x0000017602a7a320 JavaThread "build-110" [_thread_blocked, id=18640, stack(0x0000005d75200000,0x0000005d75300000)]
  0x0000017602a7bb30 JavaThread "build-111" [_thread_blocked, id=24820, stack(0x0000005d75300000,0x0000005d75400000)]
  0x0000017602a7c000 JavaThread "build-112" [_thread_blocked, id=35796, stack(0x0000005d75400000,0x0000005d75500000)]
  0x0000017602a7c4d0 JavaThread "build-113" [_thread_blocked, id=30280, stack(0x0000005d75500000,0x0000005d75600000)]
  0x0000017602af3d90 JavaThread "build-114" [_thread_blocked, id=33108, stack(0x0000005d75600000,0x0000005d75700000)]
  0x0000017602af4260 JavaThread "build-115" [_thread_blocked, id=15672, stack(0x0000005d75700000,0x0000005d75800000)]
  0x0000017602af8f60 JavaThread "build-116" [_thread_blocked, id=27604, stack(0x0000005d75800000,0x0000005d75900000)]
  0x0000017602af1be0 JavaThread "build-117" [_thread_blocked, id=24304, stack(0x0000005d75900000,0x0000005d75a00000)]
  0x0000017602af4730 JavaThread "build-118" [_thread_blocked, id=1652, stack(0x0000005d75a00000,0x0000005d75b00000)]
  0x0000017602af7750 JavaThread "build-119" [_thread_blocked, id=35740, stack(0x0000005d75b00000,0x0000005d75c00000)]
  0x0000017602af4c00 JavaThread "build-120" [_thread_blocked, id=35628, stack(0x0000005d75c00000,0x0000005d75d00000)]
  0x0000017602af9430 JavaThread "build-121" [_thread_blocked, id=3396, stack(0x0000005d75d00000,0x0000005d75e00000)]
  0x0000017602af2580 JavaThread "build-124" [_thread_blocked, id=23920, stack(0x0000005d75e00000,0x0000005d75f00000)]
  0x0000017602af50d0 JavaThread "build-123" [_thread_blocked, id=31960, stack(0x0000005d75f00000,0x0000005d76000000)]
  0x0000017602af20b0 JavaThread "build-122" [_thread_blocked, id=12852, stack(0x0000005d76000000,0x0000005d76100000)]
  0x0000017602af85c0 JavaThread "build-126" [_thread_blocked, id=6120, stack(0x0000005d76100000,0x0000005d76200000)]
  0x0000017602af7c20 JavaThread "build-125" [_thread_blocked, id=3220, stack(0x0000005d76200000,0x0000005d76300000)]
  0x0000017602af55a0 JavaThread "build-127" [_thread_blocked, id=23980, stack(0x0000005d76300000,0x0000005d76400000)]
  0x0000017602af2a50 JavaThread "build-128" [_thread_blocked, id=34020, stack(0x0000005d76400000,0x0000005d76500000)]
  0x0000017602af6410 JavaThread "build-129" [_thread_blocked, id=3924, stack(0x0000005d76500000,0x0000005d76600000)]
  0x0000017602af8a90 JavaThread "build-130" [_thread_blocked, id=20804, stack(0x0000005d76600000,0x0000005d76700000)]
  0x0000017602af5f40 JavaThread "build-131" [_thread_blocked, id=31384, stack(0x0000005d76700000,0x0000005d76800000)]
  0x0000017602af2f20 JavaThread "build-132" [_thread_blocked, id=36824, stack(0x0000005d76800000,0x0000005d76900000)]
  0x0000017602af5a70 JavaThread "build-133" [_thread_blocked, id=14352, stack(0x0000005d76900000,0x0000005d76a00000)]
  0x0000017602af33f0 JavaThread "build-134" [_thread_blocked, id=36432, stack(0x0000005d76a00000,0x0000005d76b00000)]
  0x0000017602af68e0 JavaThread "build-135" [_thread_blocked, id=12868, stack(0x0000005d76b00000,0x0000005d76c00000)]
  0x0000017602af38c0 JavaThread "build-136" [_thread_blocked, id=33192, stack(0x0000005d76c00000,0x0000005d76d00000)]
  0x0000017602af6db0 JavaThread "build-138" [_thread_blocked, id=35148, stack(0x0000005d76d00000,0x0000005d76e00000)]
  0x0000017602af7280 JavaThread "build-137" [_thread_blocked, id=19444, stack(0x0000005d76e00000,0x0000005d76f00000)]
  0x0000017602af80f0 JavaThread "build-139" [_thread_blocked, id=21988, stack(0x0000005d76f00000,0x0000005d77000000)]
  0x0000017602b5aa30 JavaThread "build-140" [_thread_blocked, id=30480, stack(0x0000005d77000000,0x0000005d77100000)]
  0x0000017602b5d580 JavaThread "build-141" [_thread_blocked, id=29612, stack(0x0000005d77100000,0x0000005d77200000)]
  0x0000017602b600d0 JavaThread "build-143" [_thread_blocked, id=25792, stack(0x0000005d77200000,0x0000005d77300000)]
  0x0000017602b5af00 JavaThread "build-142" [_thread_blocked, id=26804, stack(0x0000005d77300000,0x0000005d77400000)]
  0x0000017602b5da50 JavaThread "build-144" [_thread_blocked, id=29652, stack(0x0000005d77400000,0x0000005d77500000)]
  0x0000017602b5f260 JavaThread "build-145" [_thread_blocked, id=21656, stack(0x0000005d77500000,0x0000005d77600000)]
  0x0000017602b5bd70 JavaThread "build-146" [_thread_blocked, id=24764, stack(0x0000005d77600000,0x0000005d77700000)]
  0x0000017602b5a560 JavaThread "build-147" [_thread_blocked, id=22628, stack(0x0000005d77700000,0x0000005d77800000)]
  0x0000017602b5d0b0 JavaThread "build-148" [_thread_blocked, id=3356, stack(0x0000005d77800000,0x0000005d77900000)]
  0x0000017602b60a70 JavaThread "build-149" [_thread_blocked, id=33836, stack(0x0000005d77900000,0x0000005d77a00000)]
  0x0000017602b5df20 JavaThread "build-151" [_thread_blocked, id=18376, stack(0x0000005d77a00000,0x0000005d77b00000)]
  0x0000017602b5e3f0 JavaThread "build-152" [_thread_blocked, id=2212, stack(0x0000005d77b00000,0x0000005d77c00000)]
  0x0000017602b5b3d0 JavaThread "build-153" [_thread_blocked, id=35572, stack(0x0000005d77c00000,0x0000005d77d00000)]
  0x0000017602b5e8c0 JavaThread "build-150" [_thread_blocked, id=3680, stack(0x0000005d77d00000,0x0000005d77e00000)]
  0x0000017602b5b8a0 JavaThread "build-154" [_thread_blocked, id=31172, stack(0x0000005d77e00000,0x0000005d77f00000)]
  0x0000017602b605a0 JavaThread "build-155" [_thread_blocked, id=36196, stack(0x0000005d77f00000,0x0000005d78000000)]
  0x0000017602b5c240 JavaThread "build-156" [_thread_blocked, id=17136, stack(0x0000005d78000000,0x0000005d78100000)]
  0x0000017602b60f40 JavaThread "build-157" [_thread_blocked, id=12292, stack(0x0000005d78100000,0x0000005d78200000)]
  0x0000017602b5c710 JavaThread "build-158" [_thread_blocked, id=36660, stack(0x0000005d78200000,0x0000005d78300000)]
  0x0000017602b5cbe0 JavaThread "build-159" [_thread_blocked, id=35256, stack(0x0000005d78300000,0x0000005d78400000)]
  0x0000017602b5ed90 JavaThread "build-160" [_thread_blocked, id=16084, stack(0x0000005d78400000,0x0000005d78500000)]
  0x0000017602b5fc00 JavaThread "build-161" [_thread_blocked, id=37604, stack(0x0000005d78500000,0x0000005d78600000)]
  0x0000017602b61410 JavaThread "build-162" [_thread_blocked, id=33372, stack(0x0000005d78600000,0x0000005d78700000)]
  0x0000017602b5a090 JavaThread "build-164" [_thread_blocked, id=30616, stack(0x0000005d78700000,0x0000005d78800000)]
  0x0000017602b5f730 JavaThread "build-163" [_thread_blocked, id=11628, stack(0x0000005d78800000,0x0000005d78900000)]
  0x0000017602b618e0 JavaThread "build-165" [_thread_blocked, id=16784, stack(0x0000005d78900000,0x0000005d78a00000)]
  0x0000017603397590 JavaThread "build-166" [_thread_blocked, id=25264, stack(0x0000005d78a00000,0x0000005d78b00000)]
  0x0000017603398400 JavaThread "build-167" [_thread_blocked, id=32220, stack(0x0000005d78b00000,0x0000005d78c00000)]
  0x00000176033953e0 JavaThread "build-168" [_thread_blocked, id=3564, stack(0x0000005d78c00000,0x0000005d78d00000)]
  0x00000176033970c0 JavaThread "build-169" [_thread_blocked, id=16724, stack(0x0000005d78d00000,0x0000005d78e00000)]
  0x0000017603395d80 JavaThread "build-170" [_thread_blocked, id=2388, stack(0x0000005d78e00000,0x0000005d78f00000)]
  0x00000176033958b0 JavaThread "build-171" [_thread_blocked, id=7280, stack(0x0000005d78f00000,0x0000005d79000000)]
  0x00000176033988d0 JavaThread "build-172" [_thread_blocked, id=25664, stack(0x0000005d79000000,0x0000005d79100000)]
  0x0000017603396250 JavaThread "build-173" [_thread_blocked, id=35264, stack(0x0000005d79100000,0x0000005d79200000)]
  0x0000017601257ef0 JavaThread "build-174" [_thread_blocked, id=21520, stack(0x0000005d79200000,0x0000005d79300000)]
  0x000001760344a690 JavaThread "build-175" [_thread_blocked, id=36364, stack(0x0000005d79300000,0x0000005d79400000)]
  0x0000017603445e60 JavaThread "build-176" [_thread_blocked, id=11248, stack(0x0000005d79400000,0x0000005d79500000)]
  0x0000017603446330 JavaThread "build-177" [_thread_blocked, id=33336, stack(0x0000005d79500000,0x0000005d79600000)]
  0x0000017603448010 JavaThread "build-178" [_thread_blocked, id=16556, stack(0x0000005d79600000,0x0000005d79700000)]
  0x00000176034484e0 JavaThread "build-179" [_thread_blocked, id=24148, stack(0x0000005d79700000,0x0000005d79800000)]
  0x00000176034489b0 JavaThread "build-180" [_thread_blocked, id=33052, stack(0x0000005d79800000,0x0000005d79900000)]
  0x0000017603449820 JavaThread "build-181" [_thread_blocked, id=30292, stack(0x0000005d79900000,0x0000005d79a00000)]
  0x0000017603446800 JavaThread "build-182" [_thread_blocked, id=34700, stack(0x0000005d79a00000,0x0000005d79b00000)]
  0x0000017603447b40 JavaThread "build-183" [_thread_blocked, id=29712, stack(0x0000005d79b00000,0x0000005d79c00000)]
  0x0000017603444ff0 JavaThread "build-184" [_thread_blocked, id=5500, stack(0x0000005d79c00000,0x0000005d79d00000)]
  0x0000017603446cd0 JavaThread "build-185" [_thread_blocked, id=28680, stack(0x0000005d79d00000,0x0000005d79e00000)]
  0x00000176034454c0 JavaThread "build-186" [_thread_blocked, id=23900, stack(0x0000005d79e00000,0x0000005d79f00000)]
  0x000001760344ab60 JavaThread "build-187" [_thread_blocked, id=21944, stack(0x0000005d79f00000,0x0000005d7a000000)]
  0x00000176034437e0 JavaThread "build-188" [_thread_blocked, id=26484, stack(0x0000005d7a000000,0x0000005d7a100000)]
  0x0000017603443310 JavaThread "build-189" [_thread_blocked, id=18492, stack(0x0000005d7a100000,0x0000005d7a200000)]
  0x0000017603445990 JavaThread "build-190" [_thread_blocked, id=9820, stack(0x0000005d7a200000,0x0000005d7a300000)]
  0x00000176034471a0 JavaThread "build-191" [_thread_blocked, id=26400, stack(0x0000005d7a300000,0x0000005d7a400000)]
  0x0000017603447670 JavaThread "build-192" [_thread_blocked, id=29152, stack(0x0000005d7a400000,0x0000005d7a500000)]
  0x0000017603448e80 JavaThread "build-193" [_thread_blocked, id=28124, stack(0x0000005d7a500000,0x0000005d7a600000)]

Other Threads:
=>0x000001767cacf450 VMThread "VM Thread" [stack: 0x0000005d6c200000,0x0000005d6c300000] [id=37508]
  0x0000017666167be0 WatcherThread [stack: 0x0000005d6d200000,0x0000005d6d300000] [id=30412]
  0x00000176661d2ce0 GCTaskThread "GC Thread#0" [stack: 0x0000005d6bd00000,0x0000005d6be00000] [id=25180]
  0x000001767dc36e80 GCTaskThread "GC Thread#1" [stack: 0x0000005d6d300000,0x0000005d6d400000] [id=37432]
  0x000001767dc37130 GCTaskThread "GC Thread#2" [stack: 0x0000005d6d400000,0x0000005d6d500000] [id=18424]
  0x000001767dc65ba0 GCTaskThread "GC Thread#3" [stack: 0x0000005d6d500000,0x0000005d6d600000] [id=24464]
  0x000001767dc65e50 GCTaskThread "GC Thread#4" [stack: 0x0000005d6d600000,0x0000005d6d700000] [id=19040]
  0x000001767dc66100 GCTaskThread "GC Thread#5" [stack: 0x0000005d6d700000,0x0000005d6d800000] [id=16900]
  0x000001767dff80f0 GCTaskThread "GC Thread#6" [stack: 0x0000005d6d800000,0x0000005d6d900000] [id=28480]
  0x000001767f13e7f0 GCTaskThread "GC Thread#7" [stack: 0x0000005d6cd00000,0x0000005d6ce00000] [id=35340]
  0x00000176661e3730 ConcurrentGCThread "G1 Main Marker" [stack: 0x0000005d6be00000,0x0000005d6bf00000] [id=27460]
  0x00000176661e48e0 ConcurrentGCThread "G1 Conc#0" [stack: 0x0000005d6bf00000,0x0000005d6c000000] [id=33636]
  0x0000017600907ba0 ConcurrentGCThread "G1 Conc#1" [stack: 0x0000005d72500000,0x0000005d72600000] [id=5540]
  0x000001766622d430 ConcurrentGCThread "G1 Refine#0" [stack: 0x0000005d6c000000,0x0000005d6c100000] [id=26700]
  0x000001767dff83a0 ConcurrentGCThread "G1 Refine#1" [stack: 0x0000005d6d900000,0x0000005d6da00000] [id=13036]
  0x000001767dcf3bb0 ConcurrentGCThread "G1 Refine#2" [stack: 0x0000005d6da00000,0x0000005d6db00000] [id=37136]
  0x000001767eae2120 ConcurrentGCThread "G1 Refine#3" [stack: 0x0000005d6db00000,0x0000005d6dc00000] [id=25128]
  0x000001767dff5170 ConcurrentGCThread "G1 Refine#4" [stack: 0x0000005d6dc00000,0x0000005d6dd00000] [id=31112]
  0x000001767dff5450 ConcurrentGCThread "G1 Refine#5" [stack: 0x0000005d6dd00000,0x0000005d6de00000] [id=24236]
  0x000001766622de50 ConcurrentGCThread "G1 Service" [stack: 0x0000005d6c100000,0x0000005d6c200000] [id=16320]

Threads with active compile tasks:

VM state: at safepoint (normal execution)

VM Mutex/Monitor currently owned by a thread:  ([mutex/lock_event])
[0x00000176661642f0] Threads_lock - owner thread: 0x000001767cacf450
[0x0000017666164770] Heap_lock - owner thread: 0x0000017602b5f260

Heap address: 0x0000000704e00000, size: 4018 MB, Compressed Oops mode: Zero based, Oop shift amount: 3

CDS archive(s) mapped at: [0x0000000800000000-0x0000000800bd0000-0x0000000800bd0000), size 12386304, SharedBaseAddress: 0x0000000800000000, ArchiveRelocationMode: 0.
Compressed class space mapped at: 0x0000000800c00000-0x0000000840c00000, reserved size: 1073741824
Narrow klass base: 0x0000000800000000, Narrow klass shift: 0, Narrow klass range: 0x100000000

GC Precious Log:
 CPUs: 8 total, 8 available
 Memory: 16064M
 Large Page Support: Disabled
 NUMA Support: Disabled
 Compressed Oops: Enabled (Zero based)
 Heap Region Size: 2M
 Heap Min Capacity: 8M
 Heap Initial Capacity: 252M
 Heap Max Capacity: 4018M
 Pre-touch: Disabled
 Parallel Workers: 8
 Concurrent Workers: 2
 Concurrent Refinement Workers: 8
 Periodic GC: Disabled

Heap:
 garbage-first heap   total 425984K, used 141984K [0x0000000704e00000, 0x0000000800000000)
  region size 2048K, 11 young (22528K), 11 survivors (22528K)
 Metaspace       used 40080K, committed 40576K, reserved 1089536K
  class space    used 6024K, committed 6272K, reserved 1048576K

Heap Regions: E=young(eden), S=young(survivor), O=old, HS=humongous(starts), HC=humongous(continues), CS=collection set, F=free, OA=open archive, CA=closed archive, TAMS=top-at-mark-start (previous, next)
|   0|0x0000000704e00000, 0x0000000705000000, 0x0000000705000000|100%| O|  |TAMS 0x0000000705000000, 0x0000000704e00000| Untracked 
|   1|0x0000000705000000, 0x0000000705200000, 0x0000000705200000|100%| O|  |TAMS 0x0000000705200000, 0x0000000705000000| Untracked 
|   2|0x0000000705200000, 0x0000000705400000, 0x0000000705400000|100%| O|  |TAMS 0x0000000705400000, 0x0000000705200000| Untracked 
|   3|0x0000000705400000, 0x0000000705600000, 0x0000000705600000|100%| O|  |TAMS 0x0000000705600000, 0x0000000705400000| Untracked 
|   4|0x0000000705600000, 0x0000000705800000, 0x0000000705800000|100%|HS|  |TAMS 0x0000000705800000, 0x0000000705600000| Complete 
|   5|0x0000000705800000, 0x0000000705a00000, 0x0000000705a00000|100%| O|  |TAMS 0x0000000705a00000, 0x0000000705800000| Untracked 
|   6|0x0000000705a00000, 0x0000000705c00000, 0x0000000705c00000|100%| O|  |TAMS 0x0000000705c00000, 0x0000000705a00000| Untracked 
|   7|0x0000000705c00000, 0x0000000705e00000, 0x0000000705e00000|100%| O|  |TAMS 0x0000000705e00000, 0x0000000705c00000| Untracked 
|   8|0x0000000705e00000, 0x0000000706000000, 0x0000000706000000|100%| O|  |TAMS 0x0000000706000000, 0x0000000705e00000| Untracked 
|   9|0x0000000706000000, 0x0000000706200000, 0x0000000706200000|100%| O|  |TAMS 0x0000000706200000, 0x0000000706000000| Untracked 
|  10|0x0000000706200000, 0x0000000706400000, 0x0000000706400000|100%| O|  |TAMS 0x0000000706400000, 0x0000000706200000| Untracked 
|  11|0x0000000706400000, 0x0000000706600000, 0x0000000706600000|100%| O|  |TAMS 0x0000000706600000, 0x0000000706400000| Untracked 
|  12|0x0000000706600000, 0x0000000706800000, 0x0000000706800000|100%| O|  |TAMS 0x0000000706800000, 0x0000000706600000| Untracked 
|  13|0x0000000706800000, 0x0000000706a00000, 0x0000000706a00000|100%| O|  |TAMS 0x0000000706a00000, 0x0000000706800000| Untracked 
|  14|0x0000000706a00000, 0x0000000706c00000, 0x0000000706c00000|100%| O|  |TAMS 0x0000000706c00000, 0x0000000706a00000| Untracked 
|  15|0x0000000706c00000, 0x0000000706e00000, 0x0000000706e00000|100%| O|  |TAMS 0x0000000706e00000, 0x0000000706c00000| Untracked 
|  16|0x0000000706e00000, 0x0000000707000000, 0x0000000707000000|100%| O|  |TAMS 0x0000000707000000, 0x0000000706e00000| Untracked 
|  17|0x0000000707000000, 0x0000000707200000, 0x0000000707200000|100%| O|  |TAMS 0x0000000707200000, 0x0000000707000000| Untracked 
|  18|0x0000000707200000, 0x0000000707400000, 0x0000000707400000|100%| O|  |TAMS 0x0000000707400000, 0x0000000707200000| Untracked 
|  19|0x0000000707400000, 0x0000000707400000, 0x0000000707600000|  0%| F|  |TAMS 0x0000000707400000, 0x0000000707400000| Untracked 
|  20|0x0000000707600000, 0x0000000707800000, 0x0000000707800000|100%| O|  |TAMS 0x0000000707800000, 0x0000000707600000| Untracked 
|  21|0x0000000707800000, 0x0000000707a00000, 0x0000000707a00000|100%| O|  |TAMS 0x0000000707a00000, 0x0000000707800000| Untracked 
|  22|0x0000000707a00000, 0x0000000707c00000, 0x0000000707c00000|100%| O|  |TAMS 0x0000000707c00000, 0x0000000707a00000| Untracked 
|  23|0x0000000707c00000, 0x0000000707e00000, 0x0000000707e00000|100%| O|  |TAMS 0x0000000707e00000, 0x0000000707c00000| Untracked 
|  24|0x0000000707e00000, 0x0000000708000000, 0x0000000708000000|100%| O|  |TAMS 0x0000000708000000, 0x0000000707e00000| Untracked 
|  25|0x0000000708000000, 0x0000000708200000, 0x0000000708200000|100%| O|  |TAMS 0x0000000708200000, 0x0000000708000000| Untracked 
|  26|0x0000000708200000, 0x0000000708400000, 0x0000000708400000|100%| O|  |TAMS 0x0000000708400000, 0x0000000708200000| Untracked 
|  27|0x0000000708400000, 0x0000000708600000, 0x0000000708600000|100%| O|  |TAMS 0x0000000708600000, 0x0000000708400000| Untracked 
|  28|0x0000000708600000, 0x0000000708800000, 0x0000000708800000|100%| O|  |TAMS 0x0000000708600000, 0x0000000708600000| Untracked 
|  29|0x0000000708800000, 0x0000000708a00000, 0x0000000708a00000|100%| O|  |TAMS 0x0000000708a00000, 0x0000000708800000| Untracked 
|  30|0x0000000708a00000, 0x0000000708c00000, 0x0000000708c00000|100%| O|  |TAMS 0x0000000708c00000, 0x0000000708a00000| Untracked 
|  31|0x0000000708c00000, 0x0000000708e00000, 0x0000000708e00000|100%| O|  |TAMS 0x0000000708e00000, 0x0000000708c00000| Untracked 
|  32|0x0000000708e00000, 0x0000000709000000, 0x0000000709000000|100%| O|  |TAMS 0x0000000709000000, 0x0000000708e00000| Untracked 
|  33|0x0000000709000000, 0x0000000709200000, 0x0000000709200000|100%| O|  |TAMS 0x0000000709200000, 0x0000000709000000| Untracked 
|  34|0x0000000709200000, 0x0000000709400000, 0x0000000709400000|100%| O|  |TAMS 0x0000000709200000, 0x0000000709200000| Untracked 
|  35|0x0000000709400000, 0x0000000709600000, 0x0000000709600000|100%| O|  |TAMS 0x0000000709400000, 0x0000000709400000| Untracked 
|  36|0x0000000709600000, 0x0000000709800000, 0x0000000709800000|100%| O|  |TAMS 0x0000000709800000, 0x0000000709600000| Untracked 
|  37|0x0000000709800000, 0x0000000709a00000, 0x0000000709a00000|100%| O|  |TAMS 0x0000000709a00000, 0x0000000709800000| Untracked 
|  38|0x0000000709a00000, 0x0000000709c00000, 0x0000000709c00000|100%| O|  |TAMS 0x0000000709c00000, 0x0000000709a00000| Untracked 
|  39|0x0000000709c00000, 0x0000000709e00000, 0x0000000709e00000|100%| O|  |TAMS 0x0000000709e00000, 0x0000000709c00000| Untracked 
|  40|0x0000000709e00000, 0x000000070a000000, 0x000000070a000000|100%| O|  |TAMS 0x0000000709e00000, 0x0000000709e00000| Untracked 
|  41|0x000000070a000000, 0x000000070a200000, 0x000000070a200000|100%| O|  |TAMS 0x000000070a000000, 0x000000070a000000| Untracked 
|  42|0x000000070a200000, 0x000000070a400000, 0x000000070a400000|100%| O|  |TAMS 0x000000070a200000, 0x000000070a200000| Untracked 
|  43|0x000000070a400000, 0x000000070a600000, 0x000000070a600000|100%| O|  |TAMS 0x000000070a400000, 0x000000070a400000| Untracked 
|  44|0x000000070a600000, 0x000000070a800000, 0x000000070a800000|100%| O|  |TAMS 0x000000070a600000, 0x000000070a600000| Untracked 
|  45|0x000000070a800000, 0x000000070aa00000, 0x000000070aa00000|100%| O|  |TAMS 0x000000070a800000, 0x000000070a800000| Untracked 
|  46|0x000000070aa00000, 0x000000070ac00000, 0x000000070ac00000|100%| O|  |TAMS 0x000000070aa00000, 0x000000070aa00000| Untracked 
|  47|0x000000070ac00000, 0x000000070ae00000, 0x000000070ae00000|100%| O|  |TAMS 0x000000070ac00000, 0x000000070ac00000| Untracked 
|  48|0x000000070ae00000, 0x000000070b000000, 0x000000070b000000|100%| O|  |TAMS 0x000000070ae00000, 0x000000070ae00000| Untracked 
|  49|0x000000070b000000, 0x000000070b200000, 0x000000070b200000|100%| O|  |TAMS 0x000000070b000000, 0x000000070b000000| Untracked 
|  50|0x000000070b200000, 0x000000070b400000, 0x000000070b400000|100%| O|  |TAMS 0x000000070b200000, 0x000000070b200000| Untracked 
|  51|0x000000070b400000, 0x000000070b600000, 0x000000070b600000|100%| O|  |TAMS 0x000000070b400000, 0x000000070b400000| Untracked 
|  52|0x000000070b600000, 0x000000070b800000, 0x000000070b800000|100%| O|  |TAMS 0x000000070b800000, 0x000000070b600000| Untracked 
|  53|0x000000070b800000, 0x000000070ba00000, 0x000000070ba00000|100%| O|  |TAMS 0x000000070ba00000, 0x000000070b800000| Untracked 
|  54|0x000000070ba00000, 0x000000070bc00000, 0x000000070bc00000|100%| O|  |TAMS 0x000000070bc00000, 0x000000070ba00000| Untracked 
|  55|0x000000070bc00000, 0x000000070be00000, 0x000000070be00000|100%| O|  |TAMS 0x000000070be00000, 0x000000070bc00000| Untracked 
|  56|0x000000070be00000, 0x000000070c000000, 0x000000070c000000|100%| O|  |TAMS 0x000000070c000000, 0x000000070be00000| Untracked 
|  57|0x000000070c000000, 0x000000070c200000, 0x000000070c200000|100%| O|  |TAMS 0x000000070c200000, 0x000000070c000000| Untracked 
|  58|0x000000070c200000, 0x000000070c400000, 0x000000070c400000|100%| O|  |TAMS 0x000000070c258400, 0x000000070c200000| Untracked 
|  59|0x000000070c400000, 0x000000070c4a8000, 0x000000070c600000| 32%| O|  |TAMS 0x000000070c400000, 0x000000070c400000| Untracked 
|  60|0x000000070c600000, 0x000000070c600000, 0x000000070c800000|  0%| F|  |TAMS 0x000000070c600000, 0x000000070c600000| Untracked 
|  61|0x000000070c800000, 0x000000070c800000, 0x000000070ca00000|  0%| F|  |TAMS 0x000000070c800000, 0x000000070c800000| Untracked 
|  62|0x000000070ca00000, 0x000000070ca00000, 0x000000070cc00000|  0%| F|  |TAMS 0x000000070ca00000, 0x000000070ca00000| Untracked 
|  63|0x000000070cc00000, 0x000000070cc00000, 0x000000070ce00000|  0%| F|  |TAMS 0x000000070cc00000, 0x000000070cc00000| Untracked 
|  64|0x000000070ce00000, 0x000000070ce00000, 0x000000070d000000|  0%| F|  |TAMS 0x000000070ce00000, 0x000000070ce00000| Untracked 
|  65|0x000000070d000000, 0x000000070d000000, 0x000000070d200000|  0%| F|  |TAMS 0x000000070d000000, 0x000000070d000000| Untracked 
|  66|0x000000070d200000, 0x000000070d200000, 0x000000070d400000|  0%| F|  |TAMS 0x000000070d200000, 0x000000070d200000| Untracked 
|  67|0x000000070d400000, 0x000000070d600000, 0x000000070d600000|100%| S|CS|TAMS 0x000000070d400000, 0x000000070d400000| Complete 
|  68|0x000000070d600000, 0x000000070d800000, 0x000000070d800000|100%| S|CS|TAMS 0x000000070d600000, 0x000000070d600000| Complete 
|  69|0x000000070d800000, 0x000000070da00000, 0x000000070da00000|100%| S|CS|TAMS 0x000000070d800000, 0x000000070d800000| Complete 
|  70|0x000000070da00000, 0x000000070dc00000, 0x000000070dc00000|100%| S|CS|TAMS 0x000000070da00000, 0x000000070da00000| Complete 
|  71|0x000000070dc00000, 0x000000070de00000, 0x000000070de00000|100%| S|CS|TAMS 0x000000070dc00000, 0x000000070dc00000| Complete 
|  72|0x000000070de00000, 0x000000070e000000, 0x000000070e000000|100%| S|CS|TAMS 0x000000070de00000, 0x000000070de00000| Complete 
|  73|0x000000070e000000, 0x000000070e200000, 0x000000070e200000|100%| S|CS|TAMS 0x000000070e000000, 0x000000070e000000| Complete 
|  74|0x000000070e200000, 0x000000070e400000, 0x000000070e400000|100%| S|CS|TAMS 0x000000070e200000, 0x000000070e200000| Complete 
|  75|0x000000070e400000, 0x000000070e600000, 0x000000070e600000|100%| S|CS|TAMS 0x000000070e400000, 0x000000070e400000| Complete 
|  76|0x000000070e600000, 0x000000070e800000, 0x000000070e800000|100%| S|CS|TAMS 0x000000070e600000, 0x000000070e600000| Complete 
|  77|0x000000070e800000, 0x000000070ea00000, 0x000000070ea00000|100%| S|CS|TAMS 0x000000070e800000, 0x000000070e800000| Complete 
|  78|0x000000070ea00000, 0x000000070ea00000, 0x000000070ec00000|  0%| F|  |TAMS 0x000000070ea00000, 0x000000070ea00000| Untracked 
|  79|0x000000070ec00000, 0x000000070ec00000, 0x000000070ee00000|  0%| F|  |TAMS 0x000000070ec00000, 0x000000070ec00000| Untracked 
|  80|0x000000070ee00000, 0x000000070ee00000, 0x000000070f000000|  0%| F|  |TAMS 0x000000070ee00000, 0x000000070ee00000| Untracked 
|  81|0x000000070f000000, 0x000000070f000000, 0x000000070f200000|  0%| F|  |TAMS 0x000000070f000000, 0x000000070f000000| Untracked 
|  82|0x000000070f200000, 0x000000070f200000, 0x000000070f400000|  0%| F|  |TAMS 0x000000070f200000, 0x000000070f200000| Untracked 
|  83|0x000000070f400000, 0x000000070f400000, 0x000000070f600000|  0%| F|  |TAMS 0x000000070f400000, 0x000000070f400000| Untracked 
|  84|0x000000070f600000, 0x000000070f600000, 0x000000070f800000|  0%| F|  |TAMS 0x000000070f600000, 0x000000070f600000| Untracked 
|  85|0x000000070f800000, 0x000000070f800000, 0x000000070fa00000|  0%| F|  |TAMS 0x000000070f800000, 0x000000070f800000| Untracked 
|  86|0x000000070fa00000, 0x000000070fa00000, 0x000000070fc00000|  0%| F|  |TAMS 0x000000070fa00000, 0x000000070fa00000| Untracked 
|  87|0x000000070fc00000, 0x000000070fc00000, 0x000000070fe00000|  0%| F|  |TAMS 0x000000070fc00000, 0x000000070fc00000| Untracked 
|  88|0x000000070fe00000, 0x000000070fe00000, 0x0000000710000000|  0%| F|  |TAMS 0x000000070fe00000, 0x000000070fe00000| Untracked 
|  89|0x0000000710000000, 0x0000000710000000, 0x0000000710200000|  0%| F|  |TAMS 0x0000000710000000, 0x0000000710000000| Untracked 
|  90|0x0000000710200000, 0x0000000710200000, 0x0000000710400000|  0%| F|  |TAMS 0x0000000710200000, 0x0000000710200000| Untracked 
|  91|0x0000000710400000, 0x0000000710400000, 0x0000000710600000|  0%| F|  |TAMS 0x0000000710400000, 0x0000000710400000| Untracked 
|  92|0x0000000710600000, 0x0000000710600000, 0x0000000710800000|  0%| F|  |TAMS 0x0000000710600000, 0x0000000710600000| Untracked 
|  93|0x0000000710800000, 0x0000000710800000, 0x0000000710a00000|  0%| F|  |TAMS 0x0000000710800000, 0x0000000710800000| Untracked 
|  94|0x0000000710a00000, 0x0000000710a00000, 0x0000000710c00000|  0%| F|  |TAMS 0x0000000710a00000, 0x0000000710a00000| Untracked 
|  95|0x0000000710c00000, 0x0000000710c00000, 0x0000000710e00000|  0%| F|  |TAMS 0x0000000710c00000, 0x0000000710c00000| Untracked 
|  96|0x0000000710e00000, 0x0000000710e00000, 0x0000000711000000|  0%| F|  |TAMS 0x0000000710e00000, 0x0000000710e00000| Untracked 
|  97|0x0000000711000000, 0x0000000711000000, 0x0000000711200000|  0%| F|  |TAMS 0x0000000711000000, 0x0000000711000000| Untracked 
|  98|0x0000000711200000, 0x0000000711200000, 0x0000000711400000|  0%| F|  |TAMS 0x0000000711200000, 0x0000000711200000| Untracked 
|  99|0x0000000711400000, 0x0000000711400000, 0x0000000711600000|  0%| F|  |TAMS 0x0000000711400000, 0x0000000711400000| Untracked 
| 100|0x0000000711600000, 0x0000000711600000, 0x0000000711800000|  0%| F|  |TAMS 0x0000000711600000, 0x0000000711600000| Untracked 
| 101|0x0000000711800000, 0x0000000711800000, 0x0000000711a00000|  0%| F|  |TAMS 0x0000000711800000, 0x0000000711800000| Untracked 
| 102|0x0000000711a00000, 0x0000000711a00000, 0x0000000711c00000|  0%| F|  |TAMS 0x0000000711a00000, 0x0000000711a00000| Untracked 
| 103|0x0000000711c00000, 0x0000000711c00000, 0x0000000711e00000|  0%| F|  |TAMS 0x0000000711c00000, 0x0000000711c00000| Untracked 
| 104|0x0000000711e00000, 0x0000000711e00000, 0x0000000712000000|  0%| F|  |TAMS 0x0000000711e00000, 0x0000000711e00000| Untracked 
| 105|0x0000000712000000, 0x0000000712000000, 0x0000000712200000|  0%| F|  |TAMS 0x0000000712000000, 0x0000000712000000| Untracked 
| 106|0x0000000712200000, 0x0000000712200000, 0x0000000712400000|  0%| F|  |TAMS 0x0000000712200000, 0x0000000712200000| Untracked 
| 107|0x0000000712400000, 0x0000000712400000, 0x0000000712600000|  0%| F|  |TAMS 0x0000000712400000, 0x0000000712400000| Untracked 
| 108|0x0000000712600000, 0x0000000712600000, 0x0000000712800000|  0%| F|  |TAMS 0x0000000712600000, 0x0000000712600000| Untracked 
| 109|0x0000000712800000, 0x0000000712800000, 0x0000000712a00000|  0%| F|  |TAMS 0x0000000712800000, 0x0000000712800000| Untracked 
| 110|0x0000000712a00000, 0x0000000712a00000, 0x0000000712c00000|  0%| F|  |TAMS 0x0000000712a00000, 0x0000000712a00000| Untracked 
| 111|0x0000000712c00000, 0x0000000712c00000, 0x0000000712e00000|  0%| F|  |TAMS 0x0000000712c00000, 0x0000000712c00000| Untracked 
| 112|0x0000000712e00000, 0x0000000712e00000, 0x0000000713000000|  0%| F|  |TAMS 0x0000000712e00000, 0x0000000712e00000| Untracked 
| 113|0x0000000713000000, 0x0000000713000000, 0x0000000713200000|  0%| F|  |TAMS 0x0000000713000000, 0x0000000713000000| Untracked 
| 114|0x0000000713200000, 0x0000000713200000, 0x0000000713400000|  0%| F|  |TAMS 0x0000000713200000, 0x0000000713200000| Untracked 
| 115|0x0000000713400000, 0x0000000713400000, 0x0000000713600000|  0%| F|  |TAMS 0x0000000713400000, 0x0000000713400000| Untracked 
| 116|0x0000000713600000, 0x0000000713600000, 0x0000000713800000|  0%| F|  |TAMS 0x0000000713600000, 0x0000000713600000| Untracked 
| 117|0x0000000713800000, 0x0000000713800000, 0x0000000713a00000|  0%| F|  |TAMS 0x0000000713800000, 0x0000000713800000| Untracked 
| 118|0x0000000713a00000, 0x0000000713a00000, 0x0000000713c00000|  0%| F|  |TAMS 0x0000000713a00000, 0x0000000713a00000| Untracked 
| 119|0x0000000713c00000, 0x0000000713c00000, 0x0000000713e00000|  0%| F|  |TAMS 0x0000000713c00000, 0x0000000713c00000| Untracked 
| 120|0x0000000713e00000, 0x0000000713e00000, 0x0000000714000000|  0%| F|  |TAMS 0x0000000713e00000, 0x0000000713e00000| Untracked 
| 121|0x0000000714000000, 0x0000000714000000, 0x0000000714200000|  0%| F|  |TAMS 0x0000000714000000, 0x0000000714000000| Untracked 
| 122|0x0000000714200000, 0x0000000714200000, 0x0000000714400000|  0%| F|  |TAMS 0x0000000714200000, 0x0000000714200000| Untracked 
| 123|0x0000000714400000, 0x0000000714400000, 0x0000000714600000|  0%| F|  |TAMS 0x0000000714400000, 0x0000000714400000| Untracked 
| 124|0x0000000714600000, 0x0000000714600000, 0x0000000714800000|  0%| F|  |TAMS 0x0000000714600000, 0x0000000714600000| Untracked 
| 125|0x0000000714800000, 0x0000000714800000, 0x0000000714a00000|  0%| F|  |TAMS 0x0000000714800000, 0x0000000714800000| Untracked 
| 126|0x0000000714a00000, 0x0000000714a00000, 0x0000000714c00000|  0%| F|  |TAMS 0x0000000714a00000, 0x0000000714a00000| Untracked 
| 127|0x0000000714c00000, 0x0000000714c00000, 0x0000000714e00000|  0%| F|  |TAMS 0x0000000714c00000, 0x0000000714c00000| Untracked 
| 128|0x0000000714e00000, 0x0000000714e00000, 0x0000000715000000|  0%| F|  |TAMS 0x0000000714e00000, 0x0000000714e00000| Untracked 
| 129|0x0000000715000000, 0x0000000715000000, 0x0000000715200000|  0%| F|  |TAMS 0x0000000715000000, 0x0000000715000000| Untracked 
| 130|0x0000000715200000, 0x0000000715200000, 0x0000000715400000|  0%| F|  |TAMS 0x0000000715200000, 0x0000000715200000| Untracked 
| 131|0x0000000715400000, 0x0000000715400000, 0x0000000715600000|  0%| F|  |TAMS 0x0000000715400000, 0x0000000715400000| Untracked 
| 132|0x0000000715600000, 0x0000000715600000, 0x0000000715800000|  0%| F|  |TAMS 0x0000000715600000, 0x0000000715600000| Untracked 
| 133|0x0000000715800000, 0x0000000715800000, 0x0000000715a00000|  0%| F|  |TAMS 0x0000000715800000, 0x0000000715800000| Untracked 
| 134|0x0000000715a00000, 0x0000000715a00000, 0x0000000715c00000|  0%| F|  |TAMS 0x0000000715a00000, 0x0000000715a00000| Untracked 
| 135|0x0000000715c00000, 0x0000000715c00000, 0x0000000715e00000|  0%| F|  |TAMS 0x0000000715c00000, 0x0000000715c00000| Untracked 
| 136|0x0000000715e00000, 0x0000000715e00000, 0x0000000716000000|  0%| F|  |TAMS 0x0000000715e00000, 0x0000000715e00000| Untracked 
| 137|0x0000000716000000, 0x0000000716000000, 0x0000000716200000|  0%| F|  |TAMS 0x0000000716000000, 0x0000000716000000| Untracked 
| 138|0x0000000716200000, 0x0000000716200000, 0x0000000716400000|  0%| F|  |TAMS 0x0000000716200000, 0x0000000716200000| Untracked 
| 139|0x0000000716400000, 0x0000000716400000, 0x0000000716600000|  0%| F|  |TAMS 0x0000000716400000, 0x0000000716400000| Untracked 
| 140|0x0000000716600000, 0x0000000716600000, 0x0000000716800000|  0%| F|  |TAMS 0x0000000716600000, 0x0000000716600000| Untracked 
| 141|0x0000000716800000, 0x0000000716800000, 0x0000000716a00000|  0%| F|  |TAMS 0x0000000716800000, 0x0000000716800000| Untracked 
| 142|0x0000000716a00000, 0x0000000716a00000, 0x0000000716c00000|  0%| F|  |TAMS 0x0000000716a00000, 0x0000000716a00000| Untracked 
| 143|0x0000000716c00000, 0x0000000716c00000, 0x0000000716e00000|  0%| F|  |TAMS 0x0000000716c00000, 0x0000000716c00000| Untracked 
| 144|0x0000000716e00000, 0x0000000716e00000, 0x0000000717000000|  0%| F|  |TAMS 0x0000000716e00000, 0x0000000716e00000| Untracked 
| 145|0x0000000717000000, 0x0000000717000000, 0x0000000717200000|  0%| F|  |TAMS 0x0000000717000000, 0x0000000717000000| Untracked 
| 146|0x0000000717200000, 0x0000000717200000, 0x0000000717400000|  0%| F|  |TAMS 0x0000000717200000, 0x0000000717200000| Untracked 
| 147|0x0000000717400000, 0x0000000717400000, 0x0000000717600000|  0%| F|  |TAMS 0x0000000717400000, 0x0000000717400000| Untracked 
| 148|0x0000000717600000, 0x0000000717600000, 0x0000000717800000|  0%| F|  |TAMS 0x0000000717600000, 0x0000000717600000| Untracked 
| 149|0x0000000717800000, 0x0000000717800000, 0x0000000717a00000|  0%| F|  |TAMS 0x0000000717800000, 0x0000000717800000| Untracked 
| 150|0x0000000717a00000, 0x0000000717a00000, 0x0000000717c00000|  0%| F|  |TAMS 0x0000000717a00000, 0x0000000717a00000| Untracked 
| 151|0x0000000717c00000, 0x0000000717c00000, 0x0000000717e00000|  0%| F|  |TAMS 0x0000000717c00000, 0x0000000717c00000| Untracked 
| 152|0x0000000717e00000, 0x0000000717e00000, 0x0000000718000000|  0%| F|  |TAMS 0x0000000717e00000, 0x0000000717e00000| Untracked 
| 153|0x0000000718000000, 0x0000000718000000, 0x0000000718200000|  0%| F|  |TAMS 0x0000000718000000, 0x0000000718000000| Untracked 
| 154|0x0000000718200000, 0x0000000718200000, 0x0000000718400000|  0%| F|  |TAMS 0x0000000718200000, 0x0000000718200000| Untracked 
| 155|0x0000000718400000, 0x0000000718400000, 0x0000000718600000|  0%| F|  |TAMS 0x0000000718400000, 0x0000000718400000| Untracked 
| 156|0x0000000718600000, 0x0000000718600000, 0x0000000718800000|  0%| F|  |TAMS 0x0000000718600000, 0x0000000718600000| Untracked 
| 157|0x0000000718800000, 0x0000000718800000, 0x0000000718a00000|  0%| F|  |TAMS 0x0000000718800000, 0x0000000718800000| Untracked 
| 158|0x0000000718a00000, 0x0000000718a00000, 0x0000000718c00000|  0%| F|  |TAMS 0x0000000718a00000, 0x0000000718a00000| Untracked 
| 159|0x0000000718c00000, 0x0000000718c00000, 0x0000000718e00000|  0%| F|  |TAMS 0x0000000718c00000, 0x0000000718c00000| Untracked 
| 160|0x0000000718e00000, 0x0000000718e00000, 0x0000000719000000|  0%| F|  |TAMS 0x0000000718e00000, 0x0000000718e00000| Untracked 
| 161|0x0000000719000000, 0x0000000719000000, 0x0000000719200000|  0%| F|  |TAMS 0x0000000719000000, 0x0000000719000000| Untracked 
| 162|0x0000000719200000, 0x0000000719200000, 0x0000000719400000|  0%| F|  |TAMS 0x0000000719200000, 0x0000000719200000| Untracked 
| 163|0x0000000719400000, 0x0000000719400000, 0x0000000719600000|  0%| F|  |TAMS 0x0000000719400000, 0x0000000719400000| Untracked 
| 164|0x0000000719600000, 0x0000000719600000, 0x0000000719800000|  0%| F|  |TAMS 0x0000000719600000, 0x0000000719600000| Untracked 
| 165|0x0000000719800000, 0x0000000719800000, 0x0000000719a00000|  0%| F|  |TAMS 0x0000000719800000, 0x0000000719800000| Untracked 
| 166|0x0000000719a00000, 0x0000000719a00000, 0x0000000719c00000|  0%| F|  |TAMS 0x0000000719a00000, 0x0000000719a00000| Untracked 
| 167|0x0000000719c00000, 0x0000000719c00000, 0x0000000719e00000|  0%| F|  |TAMS 0x0000000719c00000, 0x0000000719c00000| Untracked 
| 168|0x0000000719e00000, 0x0000000719e00000, 0x000000071a000000|  0%| F|  |TAMS 0x0000000719e00000, 0x0000000719e00000| Untracked 
| 169|0x000000071a000000, 0x000000071a000000, 0x000000071a200000|  0%| F|  |TAMS 0x000000071a000000, 0x000000071a000000| Untracked 
| 170|0x000000071a200000, 0x000000071a200000, 0x000000071a400000|  0%| F|  |TAMS 0x000000071a200000, 0x000000071a200000| Untracked 
| 171|0x000000071a400000, 0x000000071a400000, 0x000000071a600000|  0%| F|  |TAMS 0x000000071a400000, 0x000000071a400000| Untracked 
| 172|0x000000071a600000, 0x000000071a600000, 0x000000071a800000|  0%| F|  |TAMS 0x000000071a600000, 0x000000071a600000| Untracked 
| 173|0x000000071a800000, 0x000000071a800000, 0x000000071aa00000|  0%| F|  |TAMS 0x000000071a800000, 0x000000071a800000| Untracked 
| 174|0x000000071aa00000, 0x000000071aa00000, 0x000000071ac00000|  0%| F|  |TAMS 0x000000071aa00000, 0x000000071aa00000| Untracked 
| 175|0x000000071ac00000, 0x000000071ac00000, 0x000000071ae00000|  0%| F|  |TAMS 0x000000071ac00000, 0x000000071ac00000| Untracked 
| 176|0x000000071ae00000, 0x000000071ae00000, 0x000000071b000000|  0%| F|  |TAMS 0x000000071ae00000, 0x000000071ae00000| Untracked 
| 177|0x000000071b000000, 0x000000071b000000, 0x000000071b200000|  0%| F|  |TAMS 0x000000071b000000, 0x000000071b000000| Untracked 
| 178|0x000000071b200000, 0x000000071b200000, 0x000000071b400000|  0%| F|  |TAMS 0x000000071b200000, 0x000000071b200000| Untracked 
| 179|0x000000071b400000, 0x000000071b400000, 0x000000071b600000|  0%| F|  |TAMS 0x000000071b400000, 0x000000071b400000| Untracked 
| 180|0x000000071b600000, 0x000000071b600000, 0x000000071b800000|  0%| F|  |TAMS 0x000000071b600000, 0x000000071b600000| Untracked 
| 181|0x000000071b800000, 0x000000071b800000, 0x000000071ba00000|  0%| F|  |TAMS 0x000000071b800000, 0x000000071b800000| Untracked 
| 182|0x000000071ba00000, 0x000000071ba00000, 0x000000071bc00000|  0%| F|  |TAMS 0x000000071ba00000, 0x000000071ba00000| Untracked 
| 183|0x000000071bc00000, 0x000000071bc00000, 0x000000071be00000|  0%| F|  |TAMS 0x000000071bc00000, 0x000000071bc00000| Untracked 
| 184|0x000000071be00000, 0x000000071be00000, 0x000000071c000000|  0%| F|  |TAMS 0x000000071be00000, 0x000000071be00000| Untracked 
| 185|0x000000071c000000, 0x000000071c000000, 0x000000071c200000|  0%| F|  |TAMS 0x000000071c000000, 0x000000071c000000| Untracked 
| 186|0x000000071c200000, 0x000000071c200000, 0x000000071c400000|  0%| F|  |TAMS 0x000000071c200000, 0x000000071c200000| Untracked 
| 187|0x000000071c400000, 0x000000071c400000, 0x000000071c600000|  0%| F|  |TAMS 0x000000071c400000, 0x000000071c400000| Untracked 
| 188|0x000000071c600000, 0x000000071c600000, 0x000000071c800000|  0%| F|  |TAMS 0x000000071c600000, 0x000000071c600000| Untracked 
| 189|0x000000071c800000, 0x000000071c800000, 0x000000071ca00000|  0%| F|  |TAMS 0x000000071c800000, 0x000000071c800000| Untracked 
| 190|0x000000071ca00000, 0x000000071ca00000, 0x000000071cc00000|  0%| F|  |TAMS 0x000000071ca00000, 0x000000071ca00000| Untracked 
| 191|0x000000071cc00000, 0x000000071cc00000, 0x000000071ce00000|  0%| F|  |TAMS 0x000000071cc00000, 0x000000071cc00000| Untracked 
| 192|0x000000071ce00000, 0x000000071ce00000, 0x000000071d000000|  0%| F|  |TAMS 0x000000071ce00000, 0x000000071ce00000| Untracked 
| 193|0x000000071d000000, 0x000000071d000000, 0x000000071d200000|  0%| F|  |TAMS 0x000000071d000000, 0x000000071d000000| Untracked 
| 194|0x000000071d200000, 0x000000071d200000, 0x000000071d400000|  0%| F|  |TAMS 0x000000071d200000, 0x000000071d200000| Untracked 
| 195|0x000000071d400000, 0x000000071d400000, 0x000000071d600000|  0%| F|  |TAMS 0x000000071d400000, 0x000000071d400000| Untracked 
| 196|0x000000071d600000, 0x000000071d600000, 0x000000071d800000|  0%| F|  |TAMS 0x000000071d600000, 0x000000071d600000| Untracked 
| 197|0x000000071d800000, 0x000000071d800000, 0x000000071da00000|  0%| F|  |TAMS 0x000000071d800000, 0x000000071d800000| Untracked 
| 198|0x000000071da00000, 0x000000071da00000, 0x000000071dc00000|  0%| F|  |TAMS 0x000000071da00000, 0x000000071da00000| Untracked 
| 199|0x000000071dc00000, 0x000000071dc00000, 0x000000071de00000|  0%| F|  |TAMS 0x000000071dc00000, 0x000000071dc00000| Untracked 
| 200|0x000000071de00000, 0x000000071de00000, 0x000000071e000000|  0%| F|  |TAMS 0x000000071de00000, 0x000000071de00000| Untracked 
| 201|0x000000071e000000, 0x000000071e000000, 0x000000071e200000|  0%| F|  |TAMS 0x000000071e000000, 0x000000071e000000| Untracked 
| 202|0x000000071e200000, 0x000000071e200000, 0x000000071e400000|  0%| F|  |TAMS 0x000000071e200000, 0x000000071e200000| Untracked 
| 203|0x000000071e400000, 0x000000071e400000, 0x000000071e600000|  0%| F|  |TAMS 0x000000071e400000, 0x000000071e400000| Untracked 
| 204|0x000000071e600000, 0x000000071e600000, 0x000000071e800000|  0%| F|  |TAMS 0x000000071e600000, 0x000000071e600000| Untracked 
| 205|0x000000071e800000, 0x000000071e800000, 0x000000071ea00000|  0%| F|  |TAMS 0x000000071e800000, 0x000000071e800000| Untracked 
| 206|0x000000071ea00000, 0x000000071ea00000, 0x000000071ec00000|  0%| F|  |TAMS 0x000000071ea00000, 0x000000071ea00000| Untracked 
| 207|0x000000071ec00000, 0x000000071ec00000, 0x000000071ee00000|  0%| F|  |TAMS 0x000000071ec00000, 0x000000071ec00000| Untracked 

Card table byte_map: [0x00000176712d0000,0x0000017671ab0000] _byte_map_base: 0x000001766daa9000

Marking Bits (Prev, Next): (CMBitMap*) 0x00000176661d32f0, (CMBitMap*) 0x00000176661d3330
 Prev Bits: [0x0000017672290000, 0x0000017676158000)
 Next Bits: [0x0000017676160000, 0x000001767a028000)

Polling page: 0x00000176640b0000

Metaspace:

Usage:
  Non-class:     33.26 MB used.
      Class:      5.88 MB used.
       Both:     39.14 MB used.

Virtual space:
  Non-class space:       40.00 MB reserved,      33.50 MB ( 84%) committed,  5 nodes.
      Class space:        1.00 GB reserved,       6.12 MB ( <1%) committed,  1 nodes.
             Both:        1.04 GB reserved,      39.62 MB (  4%) committed. 

Chunk freelists:
   Non-Class:  2.33 MB
       Class:  1.80 MB
        Both:  4.12 MB

MaxMetaspaceSize: unlimited
CompressedClassSpaceSize: 1.00 GB
Initial GC threshold: 21.00 MB
Current GC threshold: 58.88 MB
CDS: on
MetaspaceReclaimPolicy: balanced
 - commit_granule_bytes: 65536.
 - commit_granule_words: 8192.
 - virtual_space_node_default_size: 1048576.
 - enlarge_chunks_in_place: 1.
 - new_chunks_are_fully_committed: 0.
 - uncommit_free_chunks: 1.
 - use_allocation_guard: 0.
 - handle_deallocations: 1.


Internal statistics:

num_allocs_failed_limit: 76.
num_arena_births: 952.
num_arena_deaths: 284.
num_vsnodes_births: 6.
num_vsnodes_deaths: 0.
num_space_committed: 634.
num_space_uncommitted: 0.
num_chunks_returned_to_freelist: 468.
num_chunks_taken_from_freelist: 2937.
num_chunk_merges: 252.
num_chunk_splits: 1817.
num_chunks_enlarged: 969.
num_purges: 2.
num_inconsistent_stats: 0.

CodeCache: size=49152Kb used=18378Kb max_used=18378Kb free=30773Kb
 bounds [0x000001766d9e0000, 0x000001766ebe0000, 0x00000176709e0000]
 total_blobs=8863 nmethods=8290 adapters=496
 compilation: enabled
              stopped_count=0, restarted_count=0
 full_count=0

Compilation events (20 events):
Event: 16.553 Thread 0x000001767f45d020 nmethod 8350 0x000001766ebcf590 code [0x000001766ebcf720, 0x000001766ebcf888]
Event: 16.553 Thread 0x000001767cbe64c0 nmethod 8349 0x000001766ebcf910 code [0x000001766ebcfb20, 0x000001766ebcffa8]
Event: 16.554 Thread 0x000001767f45f540 8351       1       net.bytebuddy.utility.CompoundList::of (48 bytes)
Event: 16.554 Thread 0x000001767caf16e0 8352       1       net.bytebuddy.description.modifier.ModifierContributor$Resolver::resolve (52 bytes)
Event: 16.554 Thread 0x000001767caf16e0 nmethod 8352 0x000001766ebd0210 code [0x000001766ebd03e0, 0x000001766ebd0608]
Event: 16.554 Thread 0x000001767f45f540 nmethod 8351 0x000001766ebd0790 code [0x000001766ebd0980, 0x000001766ebd0dc8]
Event: 16.554 Thread 0x000001767f45f540 8353       1       net.bytebuddy.pool.TypePool$Default$TypeExtractor::visit (45 bytes)
Event: 16.555 Thread 0x000001767f45f540 nmethod 8353 0x000001766ebd1090 code [0x000001766ebd1240, 0x000001766ebd1548]
Event: 16.556 Thread 0x000001767cbe64c0 8354       1       net.bytebuddy.description.type.TypeList$Generic$ForLoadedTypes::size (10 bytes)
Event: 16.556 Thread 0x000001767f45f540 8355       1       net.bytebuddy.description.modifier.ModifierContributor$Resolver::of (9 bytes)
Event: 16.556 Thread 0x000001767caf16e0 8356       1       net.bytebuddy.dynamic.DynamicType$Builder$AbstractBase$Delegator::<init> (5 bytes)
Event: 16.556 Thread 0x000001767f45d020 8357       1       net.bytebuddy.description.modifier.ModifierContributor$Resolver::<init> (10 bytes)
Event: 16.556 Thread 0x000001767cbe64c0 nmethod 8354 0x000001766ebd1610 code [0x000001766ebd17a0, 0x000001766ebd1888]
Event: 16.556 Thread 0x000001767f45f540 nmethod 8355 0x000001766ebd1910 code [0x000001766ebd1aa0, 0x000001766ebd1bf8]
Event: 16.556 Thread 0x000001767caf16e0 nmethod 8356 0x000001766ebd1c90 code [0x000001766ebd1e20, 0x000001766ebd1ed8]
Event: 16.556 Thread 0x000001767f45d020 nmethod 8357 0x000001766ebd1f90 code [0x000001766ebd2120, 0x000001766ebd2238]
Event: 16.557 Thread 0x000001767f45d020 8358       1       java.lang.ClassLoader::getResource (41 bytes)
Event: 16.557 Thread 0x000001767cbe64c0 8359       1       jdk.internal.loader.BootLoader::findResource (8 bytes)
Event: 16.557 Thread 0x000001767cbe64c0 nmethod 8359 0x000001766ebd2310 code [0x000001766ebd24a0, 0x000001766ebd2568]
Event: 16.557 Thread 0x000001767f45d020 nmethod 8358 0x000001766ebd2610 code [0x000001766ebd27e0, 0x000001766ebd29f8]

GC Heap History (20 events):
Event: 7.324 GC heap after
{Heap after GC invocations=6 (full 0):
 garbage-first heap   total 425984K, used 74794K [0x0000000704e00000, 0x0000000800000000)
  region size 2048K, 1 young (2048K), 1 survivors (2048K)
 Metaspace       used 5439K, committed 5696K, reserved 1056768K
  class space    used 675K, committed 832K, reserved 1048576K
}
Event: 9.535 GC heap before
{Heap before GC invocations=6 (full 0):
 garbage-first heap   total 425984K, used 177194K [0x0000000704e00000, 0x0000000800000000)
  region size 2048K, 51 young (104448K), 1 survivors (2048K)
 Metaspace       used 14062K, committed 14400K, reserved 1064960K
  class space    used 1889K, committed 2048K, reserved 1048576K
}
Event: 9.540 GC heap after
{Heap after GC invocations=7 (full 0):
 garbage-first heap   total 425984K, used 80938K [0x0000000704e00000, 0x0000000800000000)
  region size 2048K, 4 young (8192K), 4 survivors (8192K)
 Metaspace       used 14062K, committed 14400K, reserved 1064960K
  class space    used 1889K, committed 2048K, reserved 1048576K
}
Event: 12.217 GC heap before
{Heap before GC invocations=7 (full 0):
 garbage-first heap   total 425984K, used 205866K [0x0000000704e00000, 0x0000000800000000)
  region size 2048K, 67 young (137216K), 4 survivors (8192K)
 Metaspace       used 21097K, committed 21504K, reserved 1073152K
  class space    used 2826K, committed 3008K, reserved 1048576K
}
Event: 12.227 GC heap after
{Heap after GC invocations=8 (full 0):
 garbage-first heap   total 425984K, used 88753K [0x0000000704e00000, 0x0000000800000000)
  region size 2048K, 8 young (16384K), 8 survivors (16384K)
 Metaspace       used 21097K, committed 21504K, reserved 1073152K
  class space    used 2826K, committed 3008K, reserved 1048576K
}
Event: 13.461 GC heap before
{Heap before GC invocations=9 (full 0):
 garbage-first heap   total 301056K, used 260785K [0x0000000704e00000, 0x0000000800000000)
  region size 2048K, 95 young (194560K), 8 survivors (16384K)
 Metaspace       used 28276K, committed 28864K, reserved 1081344K
  class space    used 3706K, committed 3968K, reserved 1048576K
}
Event: 13.485 GC heap after
{Heap after GC invocations=10 (full 0):
 garbage-first heap   total 301056K, used 93889K [0x0000000704e00000, 0x0000000800000000)
  region size 2048K, 12 young (24576K), 12 survivors (24576K)
 Metaspace       used 28276K, committed 28864K, reserved 1081344K
  class space    used 3706K, committed 3968K, reserved 1048576K
}
Event: 13.535 GC heap before
{Heap before GC invocations=10 (full 0):
 garbage-first heap   total 301056K, used 95937K [0x0000000704e00000, 0x0000000800000000)
  region size 2048K, 13 young (26624K), 12 survivors (24576K)
 Metaspace       used 28417K, committed 28928K, reserved 1081344K
  class space    used 3736K, committed 3968K, reserved 1048576K
}
Event: 13.547 GC heap after
{Heap after GC invocations=11 (full 0):
 garbage-first heap   total 301056K, used 93490K [0x0000000704e00000, 0x0000000800000000)
  region size 2048K, 2 young (4096K), 2 survivors (4096K)
 Metaspace       used 28417K, committed 28928K, reserved 1081344K
  class space    used 3736K, committed 3968K, reserved 1048576K
}
Event: 14.510 GC heap before
{Heap before GC invocations=11 (full 0):
 garbage-first heap   total 301056K, used 228658K [0x0000000704e00000, 0x0000000800000000)
  region size 2048K, 68 young (139264K), 2 survivors (4096K)
 Metaspace       used 32475K, committed 33088K, reserved 1081344K
  class space    used 4462K, committed 4736K, reserved 1048576K
}
Event: 14.513 GC heap after
{Heap after GC invocations=12 (full 0):
 garbage-first heap   total 301056K, used 94305K [0x0000000704e00000, 0x0000000800000000)
  region size 2048K, 2 young (4096K), 2 survivors (4096K)
 Metaspace       used 32475K, committed 33088K, reserved 1081344K
  class space    used 4462K, committed 4736K, reserved 1048576K
}
Event: 14.860 GC heap before
{Heap before GC invocations=12 (full 0):
 garbage-first heap   total 301056K, used 215137K [0x0000000704e00000, 0x0000000800000000)
  region size 2048K, 63 young (129024K), 2 survivors (4096K)
 Metaspace       used 35378K, committed 35968K, reserved 1081344K
  class space    used 4978K, committed 5248K, reserved 1048576K
}
Event: 14.866 GC heap after
{Heap after GC invocations=13 (full 0):
 garbage-first heap   total 301056K, used 99357K [0x0000000704e00000, 0x0000000800000000)
  region size 2048K, 5 young (10240K), 5 survivors (10240K)
 Metaspace       used 35378K, committed 35968K, reserved 1081344K
  class space    used 4978K, committed 5248K, reserved 1048576K
}
Event: 15.111 GC heap before
{Heap before GC invocations=13 (full 0):
 garbage-first heap   total 335872K, used 238621K [0x0000000704e00000, 0x0000000800000000)
  region size 2048K, 73 young (149504K), 5 survivors (10240K)
 Metaspace       used 35324K, committed 36160K, reserved 1081344K
  class space    used 4968K, committed 5312K, reserved 1048576K
}
Event: 15.118 GC heap after
{Heap after GC invocations=14 (full 0):
 garbage-first heap   total 335872K, used 105729K [0x0000000704e00000, 0x0000000800000000)
  region size 2048K, 8 young (16384K), 8 survivors (16384K)
 Metaspace       used 35324K, committed 36160K, reserved 1081344K
  class space    used 4968K, committed 5312K, reserved 1048576K
}
Event: 15.716 GC heap before
{Heap before GC invocations=15 (full 0):
 garbage-first heap   total 335872K, used 267521K [0x0000000704e00000, 0x0000000800000000)
  region size 2048K, 87 young (178176K), 8 survivors (16384K)
 Metaspace       used 37520K, committed 38016K, reserved 1081344K
  class space    used 5354K, committed 5568K, reserved 1048576K
}
Event: 15.721 GC heap after
{Heap after GC invocations=16 (full 0):
 garbage-first heap   total 335872K, used 103263K [0x0000000704e00000, 0x0000000800000000)
  region size 2048K, 5 young (10240K), 5 survivors (10240K)
 Metaspace       used 37520K, committed 38016K, reserved 1081344K
  class space    used 5354K, committed 5568K, reserved 1048576K
}
Event: 15.962 GC heap before
{Heap before GC invocations=16 (full 0):
 garbage-first heap   total 335872K, used 109407K [0x0000000704e00000, 0x0000000800000000)
  region size 2048K, 8 young (16384K), 5 survivors (10240K)
 Metaspace       used 37657K, committed 38144K, reserved 1081344K
  class space    used 5389K, committed 5632K, reserved 1048576K
}
Event: 15.966 GC heap after
{Heap after GC invocations=17 (full 0):
 garbage-first heap   total 335872K, used 100925K [0x0000000704e00000, 0x0000000800000000)
  region size 2048K, 1 young (2048K), 1 survivors (2048K)
 Metaspace       used 37657K, committed 38144K, reserved 1081344K
  class space    used 5389K, committed 5632K, reserved 1048576K
}
Event: 16.561 GC heap before
{Heap before GC invocations=17 (full 0):
 garbage-first heap   total 335872K, used 275005K [0x0000000704e00000, 0x0000000800000000)
  region size 2048K, 86 young (176128K), 1 survivors (2048K)
 Metaspace       used 40080K, committed 40576K, reserved 1089536K
  class space    used 6024K, committed 6272K, reserved 1048576K
}

Deoptimization events (20 events):
Event: 16.329 Thread 0x000001767f412570 DEOPT PACKING pc=0x000001766de0bd74 sp=0x0000005d6e5fcad0
Event: 16.329 Thread 0x000001767f412570 DEOPT UNPACKING pc=0x000001766da366e3 sp=0x0000005d6e5fbf68 mode 1
Event: 16.329 Thread 0x000001767f412570 DEOPT PACKING pc=0x000001766de0affc sp=0x0000005d6e5fcba0
Event: 16.329 Thread 0x000001767f412570 DEOPT UNPACKING pc=0x000001766da366e3 sp=0x0000005d6e5fc048 mode 1
Event: 16.329 Thread 0x000001767f412570 DEOPT PACKING pc=0x000001766e19b01c sp=0x0000005d6e5fcbf0
Event: 16.329 Thread 0x000001767f412570 DEOPT UNPACKING pc=0x000001766da366e3 sp=0x0000005d6e5fc210 mode 1
Event: 16.329 Thread 0x000001767f412570 DEOPT PACKING pc=0x000001766dd79bf4 sp=0x0000005d6e5fce40
Event: 16.329 Thread 0x000001767f412570 DEOPT UNPACKING pc=0x000001766da366e3 sp=0x0000005d6e5fc2f8 mode 1
Event: 16.329 Thread 0x000001767f412570 DEOPT PACKING pc=0x000001766dbff3dc sp=0x0000005d6e5fd7d0
Event: 16.329 Thread 0x000001767f412570 DEOPT UNPACKING pc=0x000001766da366e3 sp=0x0000005d6e5fccc0 mode 1
Event: 16.329 Thread 0x000001767f412570 DEOPT PACKING pc=0x000001766de0bd74 sp=0x0000005d6e5fcad0
Event: 16.329 Thread 0x000001767f412570 DEOPT UNPACKING pc=0x000001766da366e3 sp=0x0000005d6e5fbf68 mode 1
Event: 16.329 Thread 0x000001767f412570 DEOPT PACKING pc=0x000001766de0affc sp=0x0000005d6e5fcba0
Event: 16.329 Thread 0x000001767f412570 DEOPT UNPACKING pc=0x000001766da366e3 sp=0x0000005d6e5fc048 mode 1
Event: 16.329 Thread 0x000001767f412570 DEOPT PACKING pc=0x000001766e19b01c sp=0x0000005d6e5fcbf0
Event: 16.329 Thread 0x000001767f412570 DEOPT UNPACKING pc=0x000001766da366e3 sp=0x0000005d6e5fc210 mode 1
Event: 16.329 Thread 0x000001767f412570 DEOPT PACKING pc=0x000001766dd79bf4 sp=0x0000005d6e5fce40
Event: 16.329 Thread 0x000001767f412570 DEOPT UNPACKING pc=0x000001766da366e3 sp=0x0000005d6e5fc2f8 mode 1
Event: 16.329 Thread 0x000001767f412570 DEOPT PACKING pc=0x000001766dbff3dc sp=0x0000005d6e5fd7d0
Event: 16.329 Thread 0x000001767f412570 DEOPT UNPACKING pc=0x000001766da366e3 sp=0x0000005d6e5fccc0 mode 1

Classes unloaded (20 events):
Event: 15.027 Thread 0x000001767cacf450 Unloading class 0x0000000800df2000 'java/lang/invoke/LambdaForm$MH+0x0000000800df2000'
Event: 15.027 Thread 0x000001767cacf450 Unloading class 0x0000000800df1800 'java/lang/invoke/LambdaForm$MH+0x0000000800df1800'
Event: 15.027 Thread 0x000001767cacf450 Unloading class 0x0000000800df1400 'java/lang/invoke/LambdaForm$MH+0x0000000800df1400'
Event: 15.027 Thread 0x000001767cacf450 Unloading class 0x0000000800df1000 'java/lang/invoke/LambdaForm$MH+0x0000000800df1000'
Event: 15.027 Thread 0x000001767cacf450 Unloading class 0x0000000800df0c00 'java/lang/invoke/LambdaForm$MH+0x0000000800df0c00'
Event: 15.027 Thread 0x000001767cacf450 Unloading class 0x0000000800df0400 'java/lang/invoke/LambdaForm$MH+0x0000000800df0400'
Event: 15.027 Thread 0x000001767cacf450 Unloading class 0x0000000800defc00 'java/lang/invoke/LambdaForm$MH+0x0000000800defc00'
Event: 15.027 Thread 0x000001767cacf450 Unloading class 0x0000000800def800 'java/lang/invoke/LambdaForm$MH+0x0000000800def800'
Event: 15.027 Thread 0x000001767cacf450 Unloading class 0x0000000800def400 'java/lang/invoke/LambdaForm$MH+0x0000000800def400'
Event: 15.027 Thread 0x000001767cacf450 Unloading class 0x0000000800def000 'java/lang/invoke/LambdaForm$MH+0x0000000800def000'
Event: 15.027 Thread 0x000001767cacf450 Unloading class 0x0000000800deec00 'java/lang/invoke/LambdaForm$MH+0x0000000800deec00'
Event: 15.027 Thread 0x000001767cacf450 Unloading class 0x0000000800dee800 'java/lang/invoke/LambdaForm$MH+0x0000000800dee800'
Event: 15.027 Thread 0x000001767cacf450 Unloading class 0x0000000800dee400 'java/lang/invoke/LambdaForm$MH+0x0000000800dee400'
Event: 15.027 Thread 0x000001767cacf450 Unloading class 0x0000000800dedc00 'java/lang/invoke/LambdaForm$MH+0x0000000800dedc00'
Event: 15.027 Thread 0x000001767cacf450 Unloading class 0x0000000800ded800 'java/lang/invoke/LambdaForm$MH+0x0000000800ded800'
Event: 15.027 Thread 0x000001767cacf450 Unloading class 0x0000000800ded400 'java/lang/invoke/LambdaForm$MH+0x0000000800ded400'
Event: 15.027 Thread 0x000001767cacf450 Unloading class 0x0000000800ded000 'java/lang/invoke/LambdaForm$MH+0x0000000800ded000'
Event: 15.027 Thread 0x000001767cacf450 Unloading class 0x0000000800decc00 'java/lang/invoke/LambdaForm$MH+0x0000000800decc00'
Event: 15.027 Thread 0x000001767cacf450 Unloading class 0x0000000800dec800 'java/lang/invoke/LambdaForm$MH+0x0000000800dec800'
Event: 15.027 Thread 0x000001767cacf450 Unloading class 0x0000000800dec400 'java/lang/invoke/LambdaForm$MH+0x0000000800dec400'

Classes redefined (0 events):
No events

Internal exceptions (20 events):
Event: 15.302 Thread 0x000001760125df30 Exception <a 'java/lang/ClassNotFoundException'{0x0000000715eb9f90}: io/smallrye/openapi/api/models/responses/APIResponsesImplCustomizer> (0x0000000715eb9f90) 
thrown [s\open\src\hotspot\share\classfile\systemDictionary.cpp, line 256]
Event: 15.303 Thread 0x000001760125df30 Exception <a 'java/lang/ClassNotFoundException'{0x0000000715ed9a18}: io/smallrye/openapi/api/models/responses/APIResponseImplBeanInfo> (0x0000000715ed9a18) 
thrown [s\open\src\hotspot\share\classfile\systemDictionary.cpp, line 256]
Event: 15.303 Thread 0x000001760125df30 Exception <a 'java/lang/ClassNotFoundException'{0x0000000715edf8d0}: io/smallrye/openapi/api/models/responses/APIResponseImplCustomizer> (0x0000000715edf8d0) 
thrown [s\open\src\hotspot\share\classfile\systemDictionary.cpp, line 256]
Event: 15.305 Thread 0x000001760125df30 Exception <a 'java/lang/ClassNotFoundException'{0x0000000715f04098}: io/smallrye/openapi/api/models/media/ContentImplBeanInfo> (0x0000000715f04098) 
thrown [s\open\src\hotspot\share\classfile\systemDictionary.cpp, line 256]
Event: 15.306 Thread 0x000001760125df30 Exception <a 'java/lang/ClassNotFoundException'{0x0000000715f09d50}: io/smallrye/openapi/api/models/media/ContentImplCustomizer> (0x0000000715f09d50) 
thrown [s\open\src\hotspot\share\classfile\systemDictionary.cpp, line 256]
Event: 15.307 Thread 0x000001760125df30 Exception <a 'java/lang/ClassNotFoundException'{0x0000000715fb1218}: io/smallrye/openapi/api/models/media/MediaTypeImplBeanInfo> (0x0000000715fb1218) 
thrown [s\open\src\hotspot\share\classfile\systemDictionary.cpp, line 256]
Event: 15.307 Thread 0x000001760125df30 Exception <a 'java/lang/ClassNotFoundException'{0x0000000715fb6ef8}: io/smallrye/openapi/api/models/media/MediaTypeImplCustomizer> (0x0000000715fb6ef8) 
thrown [s\open\src\hotspot\share\classfile\systemDictionary.cpp, line 256]
Event: 15.340 Thread 0x000001760125df30 Exception <a 'java/lang/ClassNotFoundException'{0x00000007154ad880}: io/smallrye/openapi/api/models/parameters/RequestBodyImplBeanInfo> (0x00000007154ad880) 
thrown [s\open\src\hotspot\share\classfile\systemDictionary.cpp, line 256]
Event: 15.340 Thread 0x000001760125df30 Exception <a 'java/lang/ClassNotFoundException'{0x00000007154b3970}: io/smallrye/openapi/api/models/parameters/RequestBodyImplCustomizer> (0x00000007154b3970) 
thrown [s\open\src\hotspot\share\classfile\systemDictionary.cpp, line 256]
Event: 15.710 Thread 0x000001760125df30 Exception <a 'java/lang/IncompatibleClassChangeError'{0x000000070e8ced08}: Found class java.lang.Object, but interface was expected> (0x000000070e8ced08) 
thrown [s\open\src\hotspot\share\interpreter\linkResolver.cpp, line 826]
Event: 15.710 Thread 0x000001760125df30 Exception <a 'java/lang/IncompatibleClassChangeError'{0x000000070e8d9090}: Found class java.lang.Object, but interface was expected> (0x000000070e8d9090) 
thrown [s\open\src\hotspot\share\interpreter\linkResolver.cpp, line 826]
Event: 15.712 Thread 0x000001760125df30 Exception <a 'java/lang/IncompatibleClassChangeError'{0x000000070e8e2f28}: Found class java.lang.Object, but interface was expected> (0x000000070e8e2f28) 
thrown [s\open\src\hotspot\share\interpreter\linkResolver.cpp, line 826]
Event: 15.712 Thread 0x000001760125df30 Exception <a 'java/lang/IncompatibleClassChangeError'{0x000000070e8ece40}: Found class java.lang.Object, but interface was expected> (0x000000070e8ece40) 
thrown [s\open\src\hotspot\share\interpreter\linkResolver.cpp, line 826]
Event: 15.712 Thread 0x000001760125df30 Exception <a 'java/lang/IncompatibleClassChangeError'{0x000000070e8f6ec8}: Found class java.lang.Object, but interface was expected> (0x000000070e8f6ec8) 
thrown [s\open\src\hotspot\share\interpreter\linkResolver.cpp, line 826]
Event: 15.713 Thread 0x000001760125df30 Exception <a 'java/lang/IncompatibleClassChangeError'{0x000000070e900f80}: Found class java.lang.Object, but interface was expected> (0x000000070e900f80) 
thrown [s\open\src\hotspot\share\interpreter\linkResolver.cpp, line 826]
Event: 15.713 Thread 0x000001760125df30 Exception <a 'java/lang/IncompatibleClassChangeError'{0x000000070e90aec0}: Found class java.lang.Object, but interface was expected> (0x000000070e90aec0) 
thrown [s\open\src\hotspot\share\interpreter\linkResolver.cpp, line 826]
Event: 15.727 Thread 0x000001760125df30 Exception <a 'java/lang/IncompatibleClassChangeError'{0x000000071ecfb8b8}: Found class java.lang.Object, but interface was expected> (0x000000071ecfb8b8) 
thrown [s\open\src\hotspot\share\interpreter\linkResolver.cpp, line 826]
Event: 15.728 Thread 0x000001760125df30 Exception <a 'java/lang/IncompatibleClassChangeError'{0x000000071ed058f0}: Found class java.lang.Object, but interface was expected> (0x000000071ed058f0) 
thrown [s\open\src\hotspot\share\interpreter\linkResolver.cpp, line 826]
Event: 15.731 Thread 0x000001760125df30 Exception <a 'java/lang/IncompatibleClassChangeError'{0x000000071ed708b8}: Found class java.lang.Object, but interface was expected> (0x000000071ed708b8) 
thrown [s\open\src\hotspot\share\interpreter\linkResolver.cpp, line 826]
Event: 15.741 Thread 0x000001760125df30 Exception <a 'java/lang/IncompatibleClassChangeError'{0x000000071930b300}: Found class java.lang.Object, but interface was expected> (0x000000071930b300) 
thrown [s\open\src\hotspot\share\interpreter\linkResolver.cpp, line 826]

VM Operations (20 events):
Event: 16.559 Executing VM operation: ICBufferFull done
Event: 16.559 Executing VM operation: ICBufferFull
Event: 16.559 Executing VM operation: ICBufferFull done
Event: 16.559 Executing VM operation: ICBufferFull
Event: 16.560 Executing VM operation: ICBufferFull done
Event: 16.560 Executing VM operation: ICBufferFull
Event: 16.560 Executing VM operation: ICBufferFull done
Event: 16.560 Executing VM operation: ICBufferFull
Event: 16.560 Executing VM operation: ICBufferFull done
Event: 16.560 Executing VM operation: ICBufferFull
Event: 16.560 Executing VM operation: ICBufferFull done
Event: 16.560 Executing VM operation: ICBufferFull
Event: 16.560 Executing VM operation: ICBufferFull done
Event: 16.560 Executing VM operation: ICBufferFull
Event: 16.560 Executing VM operation: ICBufferFull done
Event: 16.560 Executing VM operation: ICBufferFull
Event: 16.560 Executing VM operation: ICBufferFull done
Event: 16.560 Executing VM operation: ICBufferFull
Event: 16.561 Executing VM operation: ICBufferFull done
Event: 16.561 Executing VM operation: G1CollectForAllocation

Events (20 events):
Event: 16.468 Thread 0x000001767cafc0f0 flushing nmethod 0x000001766de3d790
Event: 16.468 Thread 0x000001767cafc0f0 flushing nmethod 0x000001766de4bc90
Event: 16.468 Thread 0x000001767cafc0f0 flushing nmethod 0x000001766de50390
Event: 16.468 Thread 0x000001767cafc0f0 flushing nmethod 0x000001766de52f90
Event: 16.468 Thread 0x000001767cafc0f0 flushing nmethod 0x000001766de54b90
Event: 16.468 Thread 0x000001767cafc0f0 flushing nmethod 0x000001766de55110
Event: 16.468 Thread 0x000001767cafc0f0 flushing nmethod 0x000001766de55690
Event: 16.468 Thread 0x000001767cafc0f0 flushing nmethod 0x000001766de56710
Event: 16.468 Thread 0x000001767cafc0f0 flushing nmethod 0x000001766de6d090
Event: 16.469 Thread 0x000001767cafc0f0 flushing nmethod 0x000001766dea4090
Event: 16.469 Thread 0x000001767cafc0f0 flushing nmethod 0x000001766df01310
Event: 16.470 Thread 0x000001767cafc0f0 flushing nmethod 0x000001766df78210
Event: 16.470 Thread 0x000001767cafc0f0 flushing nmethod 0x000001766e0ffe90
Event: 16.470 Thread 0x000001767cafc0f0 flushing nmethod 0x000001766e11c510
Event: 16.470 Thread 0x000001767cafc0f0 flushing nmethod 0x000001766e130090
Event: 16.470 Thread 0x000001767cafc0f0 flushing nmethod 0x000001766e130790
Event: 16.470 Thread 0x000001767cafc0f0 flushing nmethod 0x000001766e131690
Event: 16.470 Thread 0x000001767cafc0f0 flushing nmethod 0x000001766e13da90
Event: 16.476 Thread 0x0000017603447670 Thread added: 0x0000017603447670
Event: 16.522 Thread 0x0000017603448e80 Thread added: 0x0000017603448e80


Dynamic libraries:
0x00007ff62e180000 - 0x00007ff62e190000 	C:\Program Files\Java\jdk-17\bin\java.EXE
0x00007ffb4ea10000 - 0x00007ffb4ec26000 	C:\WINDOWS\SYSTEM32\ntdll.dll
0x00007ffb4dbc0000 - 0x00007ffb4dc84000 	C:\WINDOWS\System32\KERNEL32.DLL
0x00007ffb4bd30000 - 0x00007ffb4c0d7000 	C:\WINDOWS\System32\KERNELBASE.dll
0x00007ffb4c360000 - 0x00007ffb4c471000 	C:\WINDOWS\System32\ucrtbase.dll
0x00007ffb22260000 - 0x00007ffb22278000 	C:\Program Files\Java\jdk-17\bin\jli.dll
0x00007ffb10960000 - 0x00007ffb1097b000 	C:\Program Files\Java\jdk-17\bin\VCRUNTIME140.dll
0x00007ffb4e910000 - 0x00007ffb4e9c2000 	C:\WINDOWS\System32\ADVAPI32.dll
0x00007ffb4e120000 - 0x00007ffb4e1c7000 	C:\WINDOWS\System32\msvcrt.dll
0x00007ffb4e830000 - 0x00007ffb4e8d8000 	C:\WINDOWS\System32\sechost.dll
0x00007ffb4c330000 - 0x00007ffb4c358000 	C:\WINDOWS\System32\bcrypt.dll
0x00007ffb4e290000 - 0x00007ffb4e3a5000 	C:\WINDOWS\System32\RPCRT4.dll
0x00007ffb4e3b0000 - 0x00007ffb4e55e000 	C:\WINDOWS\System32\USER32.dll
0x00007ffb4c690000 - 0x00007ffb4c6b6000 	C:\WINDOWS\System32\win32u.dll
0x00007ffb23fb0000 - 0x00007ffb24243000 	C:\WINDOWS\WinSxS\amd64_microsoft.windows.common-controls_6595b64144ccf1df_6.0.22621.3235_none_270f74e173860f98\COMCTL32.dll
0x00007ffb4e8e0000 - 0x00007ffb4e909000 	C:\WINDOWS\System32\GDI32.dll
0x00007ffb4c150000 - 0x00007ffb4c269000 	C:\WINDOWS\System32\gdi32full.dll
0x00007ffb4c5f0000 - 0x00007ffb4c68a000 	C:\WINDOWS\System32\msvcp_win.dll
0x00007ffb3f320000 - 0x00007ffb3f32a000 	C:\WINDOWS\SYSTEM32\VERSION.dll
0x00007ffb4cd10000 - 0x00007ffb4cd41000 	C:\WINDOWS\System32\IMM32.DLL
0x00007ffb46920000 - 0x00007ffb4692c000 	C:\Program Files\Java\jdk-17\bin\vcruntime140_1.dll
0x00007ffaae580000 - 0x00007ffaae60e000 	C:\Program Files\Java\jdk-17\bin\msvcp140.dll
0x00007ffa77760000 - 0x00007ffa78337000 	C:\Program Files\Java\jdk-17\bin\server\jvm.dll
0x00007ffb4cad0000 - 0x00007ffb4cad8000 	C:\WINDOWS\System32\PSAPI.DLL
0x00007ffb27aa0000 - 0x00007ffb27aa9000 	C:\WINDOWS\SYSTEM32\WSOCK32.dll
0x00007ffb3fa00000 - 0x00007ffb3fa34000 	C:\WINDOWS\SYSTEM32\WINMM.dll
0x00007ffb4cc90000 - 0x00007ffb4cd01000 	C:\WINDOWS\System32\WS2_32.dll
0x00007ffb4ad30000 - 0x00007ffb4ad48000 	C:\WINDOWS\SYSTEM32\kernel.appcore.dll
0x00007ffb225e0000 - 0x00007ffb225ea000 	C:\Program Files\Java\jdk-17\bin\jimage.dll
0x00007ffb49610000 - 0x00007ffb49843000 	C:\WINDOWS\SYSTEM32\DBGHELP.DLL
0x00007ffb4c740000 - 0x00007ffb4cac8000 	C:\WINDOWS\System32\combase.dll
0x00007ffb4dae0000 - 0x00007ffb4dbb7000 	C:\WINDOWS\System32\OLEAUT32.dll
0x00007ffb30390000 - 0x00007ffb303c2000 	C:\WINDOWS\SYSTEM32\dbgcore.DLL
0x00007ffb4c6c0000 - 0x00007ffb4c739000 	C:\WINDOWS\System32\bcryptPrimitives.dll
0x00007ffb22650000 - 0x00007ffb2265e000 	C:\Program Files\Java\jdk-17\bin\instrument.dll
0x00007ffb0f2b0000 - 0x00007ffb0f2d5000 	C:\Program Files\Java\jdk-17\bin\java.dll
0x00007ffb28ae0000 - 0x00007ffb28b1b000 	C:\Program Files\Java\jdk-17\bin\jdwp.dll
0x00007ffa89ef0000 - 0x00007ffa89fc7000 	C:\Program Files\Java\jdk-17\bin\jsvml.dll
0x00007ffb4d280000 - 0x00007ffb4dadc000 	C:\WINDOWS\System32\SHELL32.dll
0x00007ffb49c40000 - 0x00007ffb4a539000 	C:\WINDOWS\SYSTEM32\windows.storage.dll
0x00007ffb49b00000 - 0x00007ffb49c3e000 	C:\WINDOWS\SYSTEM32\wintypes.dll
0x00007ffb4d180000 - 0x00007ffb4d273000 	C:\WINDOWS\System32\SHCORE.dll
0x00007ffb4cee0000 - 0x00007ffb4cf3e000 	C:\WINDOWS\System32\shlwapi.dll
0x00007ffb4bc60000 - 0x00007ffb4bc81000 	C:\WINDOWS\SYSTEM32\profapi.dll
0x00007ffb04c50000 - 0x00007ffb04c68000 	C:\Program Files\Java\jdk-17\bin\zip.dll
0x00007ffb05420000 - 0x00007ffb05439000 	C:\Program Files\Java\jdk-17\bin\net.dll
0x00007ffb40a30000 - 0x00007ffb40b66000 	C:\WINDOWS\SYSTEM32\WINHTTP.dll
0x00007ffb4b190000 - 0x00007ffb4b1f9000 	C:\WINDOWS\system32\mswsock.dll
0x00007ffb05200000 - 0x00007ffb05216000 	C:\Program Files\Java\jdk-17\bin\nio.dll
0x00007ffb46ce0000 - 0x00007ffb46cec000 	C:\Program Files\Java\jdk-17\bin\dt_socket.dll
0x00007ffb4a7a0000 - 0x00007ffb4a7cd000 	C:\WINDOWS\SYSTEM32\IPHLPAPI.DLL
0x00007ffb4a810000 - 0x00007ffb4a909000 	C:\WINDOWS\SYSTEM32\DNSAPI.dll
0x00007ffb4e820000 - 0x00007ffb4e829000 	C:\WINDOWS\System32\NSI.dll
0x00007ffb41ef0000 - 0x00007ffb41efa000 	C:\Windows\System32\rasadhlp.dll
0x00007ffb3d170000 - 0x00007ffb3d1f3000 	C:\WINDOWS\System32\fwpuclnt.dll
0x00007ffb225c0000 - 0x00007ffb225d0000 	C:\Program Files\Java\jdk-17\bin\verify.dll
0x00007ffb22290000 - 0x00007ffb2229a000 	C:\Program Files\Java\jdk-17\bin\management.dll
0x00007ffb22280000 - 0x00007ffb2228b000 	C:\Program Files\Java\jdk-17\bin\management_ext.dll
0x00007ffb0f2a0000 - 0x00007ffb0f2aa000 	D:\apache-maven-3.8.6\lib\jansi-native\jansi-1.18-93fa3188adb8407f81dad04d08abc8192e4e380d.dll
0x00007ffb4b4e0000 - 0x00007ffb4b4fb000 	C:\WINDOWS\SYSTEM32\CRYPTSP.dll
0x00007ffb4ac90000 - 0x00007ffb4acc5000 	C:\WINDOWS\system32\rsaenh.dll
0x00007ffb4b230000 - 0x00007ffb4b258000 	C:\WINDOWS\SYSTEM32\USERENV.dll
0x00007ffb4b4c0000 - 0x00007ffb4b4cc000 	C:\WINDOWS\SYSTEM32\CRYPTBASE.dll
0x00007ffb40bc0000 - 0x00007ffb40bd9000 	C:\WINDOWS\SYSTEM32\dhcpcsvc6.DLL
0x00007ffb409a0000 - 0x00007ffb409bf000 	C:\WINDOWS\SYSTEM32\dhcpcsvc.DLL

dbghelp: loaded successfully - version: 4.0.5 - missing functions: none
symbol engine: initialized successfully - sym options: 0x614 - pdb path: .;C:\Program Files\Java\jdk-17\bin;C:\WINDOWS\SYSTEM32;C:\WINDOWS\WinSxS\amd64_microsoft.windows.common-controls_6595b64144ccf1df_6.0.22621.3235_none_270f74e173860f98;C:\Program Files\Java\jdk-17\bin\server;D:\apache-maven-3.8.6\lib\jansi-native

VM Arguments:
jvm_args: -Dio.quarkus.force-color-support=true -Dquarkus-internal.serialized-app-model.path=D:\soum21Juin2022\MyProject\EcoleVie\mic-gestion-ecole-api\target\quarkus\bootstrap\dev-app-model.dat -javaagent:C:\Users\HP\.m2\repository\io\quarkus\quarkus-class-change-agent\2.15.0.Final\quarkus-class-change-agent-2.15.0.Final.jar -XX:TieredStopAtLevel=1 -agentlib:jdwp=transport=dt_socket,address=localhost:5005,server=y,suspend=n -Djava.util.logging.manager=org.jboss.logmanager.LogManager 
java_command: D:\soum21Juin2022\MyProject\EcoleVie\mic-gestion-ecole-api\target\mic-gestion-ecole-api-dev.jar
java_class_path (initial): D:\soum21Juin2022\MyProject\EcoleVie\mic-gestion-ecole-api\target\mic-gestion-ecole-api-dev.jar
Launcher Type: SUN_STANDARD

[Global flags]
     intx CICompilerCount                          = 4                                         {product} {ergonomic}
     uint ConcGCThreads                            = 2                                         {product} {ergonomic}
     uint G1ConcRefinementThreads                  = 8                                         {product} {ergonomic}
   size_t G1HeapRegionSize                         = 2097152                                   {product} {ergonomic}
    uintx GCDrainStackTargetSize                   = 64                                        {product} {ergonomic}
   size_t InitialHeapSize                          = 264241152                                 {product} {ergonomic}
   size_t MarkStackSize                            = 4194304                                   {product} {ergonomic}
   size_t MaxHeapSize                              = 4213178368                                {product} {ergonomic}
   size_t MaxNewSize                               = 2527068160                                {product} {ergonomic}
   size_t MinHeapDeltaBytes                        = 2097152                                   {product} {ergonomic}
   size_t MinHeapSize                              = 8388608                                   {product} {ergonomic}
    uintx NonProfiledCodeHeapSize                  = 0                                      {pd product} {ergonomic}
     bool ProfileInterpreter                       = false                                  {pd product} {command line}
    uintx ProfiledCodeHeapSize                     = 0                                      {pd product} {ergonomic}
   size_t SoftMaxHeapSize                          = 4213178368                             {manageable} {ergonomic}
     intx TieredStopAtLevel                        = 1                                         {product} {command line}
     bool UseCompressedClassPointers               = true                           {product lp64_product} {ergonomic}
     bool UseCompressedOops                        = true                           {product lp64_product} {ergonomic}
     bool UseG1GC                                  = true                                      {product} {ergonomic}
     bool UseLargePagesIndividualAllocation        = false                                  {pd product} {ergonomic}

Logging:
Log output configuration:
 #0: stdout all=warning uptime,level,tags
 #1: stderr all=off uptime,level,tags

Environment Variables:
JAVA_HOME=C:\Program Files\Java\jdk-17
PATH=C:\Users\HP\AppData\Local\cloud-code\installer\google-cloud-sdk\bin;C:\Program Files\Java\jdk-17\bin;C:\oraclexe\app\oracle\product\11.2.0\server\bin;C:\Program Files\Common Files\Oracle\Java\javapath;C:\Program Files (x86)\Common Files\Oracle\Java\javapath;C:\WINDOWS\system32;C:\WINDOWS;C:\WINDOWS\System32\Wbem;C:\WINDOWS\System32\WindowsPowerShell\v1.0\;C:\WINDOWS\System32\OpenSSH\;%M2_HOME%;%M2%;D:\apache-maven-3.8.6\bin;C:\Program Files\Git\cmd;C:\Users\HP\AppData\Roaming\npm;D:\wildfly-26.1.2.Final;C:\Program Files (x86)\Google\Cloud SDK\google-cloud-sdk\bin;C:\sigctl;C:\Users\HP\AppData\Roaming\nvm;C:\Program Files\nodejs;D:\XAMP\php;D:\ComposerSetup;C:\Program Files\Docker\Docker\resources\bin;C:\Program Files\nodejs;C:\Program Files\nodejs\;C:\Users\HP\AppData\Local\Microsoft\WindowsApps;C:\Users\HP\AppData\Local\Programs\Microsoft VS Code\bin;"C:\Program Files\Git\bin\git.exe;C:\Program Files\Git\cmd";C:\Program Files\Java\jre1.8.0_341\bin;C:\Users\HP\AppData\Local\Android\Sdk\platform-tools;C:\Users\HP\AppData\Roaming\nvm;C:\Program Files\nodejs;C:\Users\HP\AppData\Roaming\Composer\vendor\bin;C:\Program Files\JetBrains\PyCharm Community Edition 2022.3.1\bin;;C:\Users\HP\AppData\Roaming\npm
USERNAME=HP
LANG=fr_FR.UTF-8
OS=Windows_NT
PROCESSOR_IDENTIFIER=Intel64 Family 6 Model 140 Stepping 1, GenuineIntel



---------------  S Y S T E M  ---------------

OS:
 Windows 11 , 64 bit Build 22621 (10.0.22621.3374)
OS uptime: 3 days 1:49 hours
Hyper-V role detected

CPU: total 8 (initial active 8) (4 cores per cpu, 2 threads per core) family 6 model 140 stepping 1 microcode 0xb6, cx8, cmov, fxsr, ht, mmx, 3dnowpref, sse, sse2, sse3, ssse3, sse4.1, sse4.2, popcnt, lzcnt, tsc, tscinvbit, avx, avx2, aes, erms, clmul, bmi1, bmi2, adx, avx512f, avx512dq, avx512cd, avx512bw, avx512vl, sha, fma, vzeroupper, avx512_vpopcntdq, avx512_vpclmulqdq, avx512_vaes, avx512_vnni, clflush, clflushopt, clwb, avx512_vbmi2, avx512_vbmi, hv

Memory: 4k page, system-wide physical 16064M (1179M free)
TotalPageFile size 51932M (AvailPageFile size 122M)
current process WorkingSet (physical memory assigned to process): 485M, peak: 485M
current process commit charge ("private bytes"): 636M, peak: 876M

vm_info: Java HotSpot(TM) 64-Bit Server VM (17.0.6+9-LTS-190) for windows-amd64 JRE (17.0.6+9-LTS-190), built on Dec  6 2022 15:53:54 by "mach5one" with MS VC++ 17.1 (VS2022)

END.
