#
# There is insufficient memory for the Java Runtime Environment to continue.
# Native memory allocation (mmap) failed to map 65011712 bytes for G1 virtual space
# Possible reasons:
#   The system is out of physical RAM or swap space
#   The process is running with CompressedOops enabled, and the Java Heap may be blocking the growth of the native heap
# Possible solutions:
#   Reduce memory load on the system
#   Increase physical memory or swap space
#   Check if swap backing store is full
#   Decrease Java heap size (-Xmx/-Xms)
#   Decrease number of Java threads
#   Decrease Java thread stack sizes (-Xss)
#   Set larger code cache with -XX:ReservedCodeCacheSize=
#   JVM is running with Zero Based Compressed Oops mode in which the Java heap is
#     placed in the first 32GB address space. The Java Heap base address is the
#     maximum limit for the native heap growth. Please use -XX:HeapBaseMinAddress
#     to set the Java Heap base and to place the Java Heap above 32GB virtual address.
# This output file may be truncated or incomplete.
#
#  Out of Memory Error (os_windows.cpp:3550), pid=23176, tid=31600
#
# JRE version: Java(TM) SE Runtime Environment (17.0.6+9) (build 17.0.6+9-LTS-190)
# Java VM: Java HotSpot(TM) 64-Bit Server VM (17.0.6+9-LTS-190, mixed mode, sharing, tiered, compressed oops, compressed class ptrs, g1 gc, windows-amd64)
# No core dump will be written. Minidumps are not enabled by default on client versions of Windows
#

---------------  S U M M A R Y ------------

Command Line: -Dclassworlds.conf=D:\apache-maven-3.8.6\bin\m2.conf -Dmaven.home=D:\apache-maven-3.8.6 -Dlibrary.jansi.path=D:\apache-maven-3.8.6\lib\jansi-native -Dmaven.multiModuleProjectDirectory=D:\soum21Juin2022\MyProject\EcoleVie\mic-gestion-ecole-api org.codehaus.plexus.classworlds.launcher.Launcher clean quarkus:dev

Host: 11th Gen Intel(R) Core(TM) i7-1165G7 @ 2.80GHz, 8 cores, 15G,  Windows 11 , 64 bit Build 22621 (10.0.22621.4391)
Time: Thu Dec 26 17:08:07 2024 Greenwich elapsed time: 45.870440 seconds (0d 0h 0m 45s)

---------------  T H R E A D  ---------------

Current thread (0x0000018749fe0330):  VMThread "VM Thread" [stack: 0x0000000644c00000,0x0000000644d00000] [id=31600]

Stack: [0x0000000644c00000,0x0000000644d00000]
Native frames: (J=compiled Java code, j=interpreted, Vv=VM code, C=native code)
V  [jvm.dll+0x6734ea]
V  [jvm.dll+0x7d18f4]
V  [jvm.dll+0x7d309e]
V  [jvm.dll+0x7d3703]
V  [jvm.dll+0x2433c5]
V  [jvm.dll+0x6703f9]
V  [jvm.dll+0x664d32]
V  [jvm.dll+0x300086]
V  [jvm.dll+0x307606]
V  [jvm.dll+0x356c1e]
V  [jvm.dll+0x356e4f]
V  [jvm.dll+0x2d72e8]
V  [jvm.dll+0x2d57e5]
V  [jvm.dll+0x2d4dec]
V  [jvm.dll+0x31837b]
V  [jvm.dll+0x7d7f0b]
V  [jvm.dll+0x7d8c44]
V  [jvm.dll+0x7d915d]
V  [jvm.dll+0x7d9534]
V  [jvm.dll+0x7d9600]
V  [jvm.dll+0x781a7a]
V  [jvm.dll+0x672375]
C  [ucrtbase.dll+0x29333]
C  [KERNEL32.DLL+0x1259d]
C  [ntdll.dll+0x5af38]

VM_Operation (0x00000006446f9e50): G1CollectForAllocation, mode: safepoint, requested by thread 0x00000187274558b0


---------------  P R O C E S S  ---------------

Threads class SMR info:
_java_thread_list=0x000001874c8592b0, length=12, elements={
0x00000187274558b0, 0x0000018749fe3dc0, 0x0000018749fe5980, 0x0000018749ffb6f0,
0x0000018749ffe1b0, 0x000001874a000b70, 0x000001874a001520, 0x000001874a002200,
0x000001874a00d3c0, 0x000001874a00e8e0, 0x000001874a147140, 0x000001874a148a90
}

Java Threads: ( => current thread )
  0x00000187274558b0 JavaThread "main" [_thread_blocked, id=16432, stack(0x0000000644600000,0x0000000644700000)]
  0x0000018749fe3dc0 JavaThread "Reference Handler" daemon [_thread_blocked, id=4820, stack(0x0000000644d00000,0x0000000644e00000)]
  0x0000018749fe5980 JavaThread "Finalizer" daemon [_thread_blocked, id=27132, stack(0x0000000644e00000,0x0000000644f00000)]
  0x0000018749ffb6f0 JavaThread "Signal Dispatcher" daemon [_thread_blocked, id=27032, stack(0x0000000644f00000,0x0000000645000000)]
  0x0000018749ffe1b0 JavaThread "Attach Listener" daemon [_thread_blocked, id=28468, stack(0x0000000645000000,0x0000000645100000)]
  0x000001874a000b70 JavaThread "Service Thread" daemon [_thread_blocked, id=13864, stack(0x0000000645100000,0x0000000645200000)]
  0x000001874a001520 JavaThread "Monitor Deflation Thread" daemon [_thread_blocked, id=29184, stack(0x0000000645200000,0x0000000645300000)]
  0x000001874a002200 JavaThread "C2 CompilerThread0" daemon [_thread_blocked, id=32096, stack(0x0000000645300000,0x0000000645400000)]
  0x000001874a00d3c0 JavaThread "C1 CompilerThread0" daemon [_thread_blocked, id=30320, stack(0x0000000645400000,0x0000000645500000)]
  0x000001874a00e8e0 JavaThread "Sweeper thread" daemon [_thread_blocked, id=27060, stack(0x0000000645500000,0x0000000645600000)]
  0x000001874a147140 JavaThread "Notification Thread" daemon [_thread_blocked, id=30464, stack(0x0000000645600000,0x0000000645700000)]
  0x000001874a148a90 JavaThread "Common-Cleaner" daemon [_thread_blocked, id=10248, stack(0x0000000645800000,0x0000000645900000)]

Other Threads:
=>0x0000018749fe0330 VMThread "VM Thread" [stack: 0x0000000644c00000,0x0000000644d00000] [id=31600]
  0x000001874a147e30 WatcherThread [stack: 0x0000000645700000,0x0000000645800000] [id=29556]
  0x00000187274c2220 GCTaskThread "GC Thread#0" [stack: 0x0000000644700000,0x0000000644800000] [id=9772]
  0x000001874a15f790 GCTaskThread "GC Thread#1" [stack: 0x0000000645900000,0x0000000645a00000] [id=24016]
  0x000001874a07ef70 GCTaskThread "GC Thread#2" [stack: 0x0000000645a00000,0x0000000645b00000] [id=21832]
  0x000001874a07f220 GCTaskThread "GC Thread#3" [stack: 0x0000000645b00000,0x0000000645c00000] [id=28412]
  0x000001874a07f4d0 GCTaskThread "GC Thread#4" [stack: 0x0000000645c00000,0x0000000645d00000] [id=24036]
  0x000001874b298510 GCTaskThread "GC Thread#5" [stack: 0x0000000645d00000,0x0000000645e00000] [id=20972]
  0x000001874b3cd710 GCTaskThread "GC Thread#6" [stack: 0x0000000645e00000,0x0000000645f00000] [id=28828]
  0x000001874c0e14d0 GCTaskThread "GC Thread#7" [stack: 0x0000000645f00000,0x0000000646000000] [id=31816]
  0x00000187274d4c90 ConcurrentGCThread "G1 Main Marker" [stack: 0x0000000644800000,0x0000000644900000] [id=29960]
  0x00000187274d56a0 ConcurrentGCThread "G1 Conc#0" [stack: 0x0000000644900000,0x0000000644a00000] [id=26936]
  0x000001874d53b330 ConcurrentGCThread "G1 Conc#1" [stack: 0x0000000646400000,0x0000000646500000] [id=17340]
  0x000001872751d930 ConcurrentGCThread "G1 Refine#0" [stack: 0x0000000644a00000,0x0000000644b00000] [id=30620]
  0x000001874c125420 ConcurrentGCThread "G1 Refine#1" [stack: 0x0000000646000000,0x0000000646100000] [id=10376]
  0x000001874ea4d3a0 ConcurrentGCThread "G1 Refine#2" [stack: 0x0000000646100000,0x0000000646200000] [id=13372]
  0x000001874e156c70 ConcurrentGCThread "G1 Refine#3" [stack: 0x0000000646200000,0x0000000646300000] [id=25664]
  0x000001874cdaf660 ConcurrentGCThread "G1 Refine#4" [stack: 0x0000000646300000,0x0000000646400000] [id=25016]
  0x000001874e8ecf10 ConcurrentGCThread "G1 Refine#5" [stack: 0x0000000646500000,0x0000000646600000] [id=26312]
  0x000001874a0b0a40 ConcurrentGCThread "G1 Refine#6" [stack: 0x0000000646600000,0x0000000646700000] [id=9876]
  0x000001872751e350 ConcurrentGCThread "G1 Service" [stack: 0x0000000644b00000,0x0000000644c00000] [id=30448]

Threads with active compile tasks:
C2 CompilerThread0    45914 7088   !   4       com.sun.tools.javac.parser.JavaTokenizer::readToken (1731 bytes)

VM state: at safepoint (normal execution)

VM Mutex/Monitor currently owned by a thread:  ([mutex/lock_event])
[0x0000018727451830] Threads_lock - owner thread: 0x0000018749fe0330
[0x0000018727450fc0] Heap_lock - owner thread: 0x00000187274558b0

Heap address: 0x0000000704e00000, size: 4018 MB, Compressed Oops mode: Zero based, Oop shift amount: 3

CDS archive(s) mapped at: [0x0000000800000000-0x0000000800bd0000-0x0000000800bd0000), size 12386304, SharedBaseAddress: 0x0000000800000000, ArchiveRelocationMode: 0.
Compressed class space mapped at: 0x0000000800c00000-0x0000000840c00000, reserved size: 1073741824
Narrow klass base: 0x0000000800000000, Narrow klass shift: 0, Narrow klass range: 0x100000000

GC Precious Log:
 CPUs: 8 total, 8 available
 Memory: 16064M
 Large Page Support: Disabled
 NUMA Support: Disabled
 Compressed Oops: Enabled (Zero based)
 Heap Region Size: 2M
 Heap Min Capacity: 8M
 Heap Initial Capacity: 252M
 Heap Max Capacity: 4018M
 Pre-touch: Disabled
 Parallel Workers: 8
 Concurrent Workers: 2
 Concurrent Refinement Workers: 8
 Periodic GC: Disabled

Heap:
 garbage-first heap   total 315392K, used 195894K [0x0000000704e00000, 0x0000000800000000)
  region size 2048K, 1 young (2048K), 1 survivors (2048K)
 Metaspace       used 27103K, committed 27456K, reserved 1073152K
  class space    used 2932K, committed 3136K, reserved 1048576K

Heap Regions: E=young(eden), S=young(survivor), O=old, HS=humongous(starts), HC=humongous(continues), CS=collection set, F=free, OA=open archive, CA=closed archive, TAMS=top-at-mark-start (previous, next)
|   0|0x0000000704e00000, 0x0000000705000000, 0x0000000705000000|100%| O|  |TAMS 0x0000000705000000, 0x0000000704e00000| Untracked 
|   1|0x0000000705000000, 0x0000000705200000, 0x0000000705200000|100%| O|  |TAMS 0x0000000705200000, 0x0000000705000000| Untracked 
|   2|0x0000000705200000, 0x0000000705400000, 0x0000000705400000|100%| O|  |TAMS 0x0000000705400000, 0x0000000705200000| Untracked 
|   3|0x0000000705400000, 0x0000000705600000, 0x0000000705600000|100%| O|  |TAMS 0x0000000705600000, 0x0000000705400000| Untracked 
|   4|0x0000000705600000, 0x0000000705800000, 0x0000000705800000|100%| O|  |TAMS 0x0000000705800000, 0x0000000705600000| Untracked 
|   5|0x0000000705800000, 0x0000000705a00000, 0x0000000705a00000|100%| O|  |TAMS 0x0000000705a00000, 0x0000000705800000| Untracked 
|   6|0x0000000705a00000, 0x0000000705c00000, 0x0000000705c00000|100%| O|  |TAMS 0x0000000705c00000, 0x0000000705a00000| Untracked 
|   7|0x0000000705c00000, 0x0000000705e00000, 0x0000000705e00000|100%| O|  |TAMS 0x0000000705e00000, 0x0000000705c00000| Untracked 
|   8|0x0000000705e00000, 0x0000000706000000, 0x0000000706000000|100%| O|  |TAMS 0x0000000706000000, 0x0000000705e00000| Untracked 
|   9|0x0000000706000000, 0x0000000706200000, 0x0000000706200000|100%| O|  |TAMS 0x0000000706200000, 0x0000000706000000| Untracked 
|  10|0x0000000706200000, 0x0000000706400000, 0x0000000706400000|100%| O|  |TAMS 0x0000000706400000, 0x0000000706200000| Untracked 
|  11|0x0000000706400000, 0x0000000706600000, 0x0000000706600000|100%| O|  |TAMS 0x0000000706600000, 0x0000000706400000| Untracked 
|  12|0x0000000706600000, 0x0000000706800000, 0x0000000706800000|100%| O|  |TAMS 0x0000000706800000, 0x0000000706600000| Untracked 
|  13|0x0000000706800000, 0x0000000706a00000, 0x0000000706a00000|100%| O|  |TAMS 0x0000000706a00000, 0x0000000706800000| Untracked 
|  14|0x0000000706a00000, 0x0000000706c00000, 0x0000000706c00000|100%| O|  |TAMS 0x0000000706c00000, 0x0000000706a00000| Untracked 
|  15|0x0000000706c00000, 0x0000000706e00000, 0x0000000706e00000|100%| O|  |TAMS 0x0000000706e00000, 0x0000000706c00000| Untracked 
|  16|0x0000000706e00000, 0x0000000707000000, 0x0000000707000000|100%| O|  |TAMS 0x0000000707000000, 0x0000000706e00000| Untracked 
|  17|0x0000000707000000, 0x0000000707200000, 0x0000000707200000|100%| O|  |TAMS 0x0000000707200000, 0x0000000707000000| Untracked 
|  18|0x0000000707200000, 0x0000000707400000, 0x0000000707400000|100%| O|  |TAMS 0x0000000707400000, 0x0000000707200000| Untracked 
|  19|0x0000000707400000, 0x0000000707600000, 0x0000000707600000|100%| O|  |TAMS 0x0000000707600000, 0x0000000707400000| Untracked 
|  20|0x0000000707600000, 0x0000000707800000, 0x0000000707800000|100%| O|  |TAMS 0x0000000707800000, 0x0000000707600000| Untracked 
|  21|0x0000000707800000, 0x0000000707a00000, 0x0000000707a00000|100%| O|  |TAMS 0x0000000707a00000, 0x0000000707800000| Untracked 
|  22|0x0000000707a00000, 0x0000000707c00000, 0x0000000707c00000|100%| O|  |TAMS 0x0000000707c00000, 0x0000000707a00000| Untracked 
|  23|0x0000000707c00000, 0x0000000707e00000, 0x0000000707e00000|100%| O|  |TAMS 0x0000000707e00000, 0x0000000707c00000| Untracked 
|  24|0x0000000707e00000, 0x0000000708000000, 0x0000000708000000|100%| O|  |TAMS 0x0000000708000000, 0x0000000707e00000| Untracked 
|  25|0x0000000708000000, 0x0000000708200000, 0x0000000708200000|100%| O|  |TAMS 0x0000000708200000, 0x0000000708000000| Untracked 
|  26|0x0000000708200000, 0x0000000708400000, 0x0000000708400000|100%| O|  |TAMS 0x0000000708400000, 0x0000000708200000| Untracked 
|  27|0x0000000708400000, 0x0000000708600000, 0x0000000708600000|100%| O|  |TAMS 0x0000000708600000, 0x0000000708400000| Untracked 
|  28|0x0000000708600000, 0x0000000708800000, 0x0000000708800000|100%| O|  |TAMS 0x0000000708800000, 0x0000000708600000| Untracked 
|  29|0x0000000708800000, 0x0000000708a00000, 0x0000000708a00000|100%| O|  |TAMS 0x0000000708a00000, 0x0000000708800000| Untracked 
|  30|0x0000000708a00000, 0x0000000708c00000, 0x0000000708c00000|100%| O|  |TAMS 0x0000000708c00000, 0x0000000708a00000| Untracked 
|  31|0x0000000708c00000, 0x0000000708e00000, 0x0000000708e00000|100%| O|  |TAMS 0x0000000708e00000, 0x0000000708c00000| Untracked 
|  32|0x0000000708e00000, 0x0000000709000000, 0x0000000709000000|100%| O|  |TAMS 0x0000000709000000, 0x0000000708e00000| Untracked 
|  33|0x0000000709000000, 0x0000000709000000, 0x0000000709200000|  0%| F|  |TAMS 0x0000000709000000, 0x0000000709000000| Untracked 
|  34|0x0000000709200000, 0x0000000709400000, 0x0000000709400000|100%| O|  |TAMS 0x0000000709400000, 0x0000000709200000| Untracked 
|  35|0x0000000709400000, 0x0000000709600000, 0x0000000709600000|100%| O|  |TAMS 0x0000000709600000, 0x0000000709400000| Untracked 
|  36|0x0000000709600000, 0x0000000709800000, 0x0000000709800000|100%| O|  |TAMS 0x0000000709800000, 0x0000000709600000| Untracked 
|  37|0x0000000709800000, 0x0000000709a00000, 0x0000000709a00000|100%| O|  |TAMS 0x0000000709a00000, 0x0000000709800000| Untracked 
|  38|0x0000000709a00000, 0x0000000709c00000, 0x0000000709c00000|100%| O|  |TAMS 0x0000000709c00000, 0x0000000709a00000| Untracked 
|  39|0x0000000709c00000, 0x0000000709e00000, 0x0000000709e00000|100%| O|  |TAMS 0x0000000709e00000, 0x0000000709c00000| Untracked 
|  40|0x0000000709e00000, 0x000000070a000000, 0x000000070a000000|100%| O|  |TAMS 0x000000070a000000, 0x0000000709e00000| Untracked 
|  41|0x000000070a000000, 0x000000070a200000, 0x000000070a200000|100%| O|  |TAMS 0x000000070a046c00, 0x000000070a000000| Untracked 
|  42|0x000000070a200000, 0x000000070a400000, 0x000000070a400000|100%| O|  |TAMS 0x000000070a400000, 0x000000070a200000| Untracked 
|  43|0x000000070a400000, 0x000000070a600000, 0x000000070a600000|100%| O|  |TAMS 0x000000070a600000, 0x000000070a400000| Untracked 
|  44|0x000000070a600000, 0x000000070a800000, 0x000000070a800000|100%| O|  |TAMS 0x000000070a800000, 0x000000070a600000| Untracked 
|  45|0x000000070a800000, 0x000000070aa00000, 0x000000070aa00000|100%| O|  |TAMS 0x000000070aa00000, 0x000000070a800000| Untracked 
|  46|0x000000070aa00000, 0x000000070ac00000, 0x000000070ac00000|100%| O|  |TAMS 0x000000070ac00000, 0x000000070aa00000| Untracked 
|  47|0x000000070ac00000, 0x000000070ae00000, 0x000000070ae00000|100%| O|  |TAMS 0x000000070ae00000, 0x000000070ac00000| Untracked 
|  48|0x000000070ae00000, 0x000000070b000000, 0x000000070b000000|100%| O|  |TAMS 0x000000070b000000, 0x000000070ae00000| Untracked 
|  49|0x000000070b000000, 0x000000070b200000, 0x000000070b200000|100%| O|  |TAMS 0x000000070b200000, 0x000000070b000000| Untracked 
|  50|0x000000070b200000, 0x000000070b400000, 0x000000070b400000|100%| O|  |TAMS 0x000000070b400000, 0x000000070b200000| Untracked 
|  51|0x000000070b400000, 0x000000070b600000, 0x000000070b600000|100%| O|  |TAMS 0x000000070b600000, 0x000000070b400000| Untracked 
|  52|0x000000070b600000, 0x000000070b800000, 0x000000070b800000|100%|HS|  |TAMS 0x000000070b800000, 0x000000070b600000| Complete 
|  53|0x000000070b800000, 0x000000070ba00000, 0x000000070ba00000|100%| O|  |TAMS 0x000000070ba00000, 0x000000070b800000| Untracked 
|  54|0x000000070ba00000, 0x000000070bc00000, 0x000000070bc00000|100%| O|  |TAMS 0x000000070bc00000, 0x000000070ba00000| Untracked 
|  55|0x000000070bc00000, 0x000000070be00000, 0x000000070be00000|100%| O|  |TAMS 0x000000070be00000, 0x000000070bc00000| Untracked 
|  56|0x000000070be00000, 0x000000070c000000, 0x000000070c000000|100%| O|  |TAMS 0x000000070c000000, 0x000000070be00000| Untracked 
|  57|0x000000070c000000, 0x000000070c200000, 0x000000070c200000|100%| O|  |TAMS 0x000000070c200000, 0x000000070c000000| Untracked 
|  58|0x000000070c200000, 0x000000070c400000, 0x000000070c400000|100%| O|  |TAMS 0x000000070c400000, 0x000000070c200000| Untracked 
|  59|0x000000070c400000, 0x000000070c600000, 0x000000070c600000|100%| O|  |TAMS 0x000000070c600000, 0x000000070c400000| Untracked 
|  60|0x000000070c600000, 0x000000070c800000, 0x000000070c800000|100%| O|  |TAMS 0x000000070c800000, 0x000000070c600000| Untracked 
|  61|0x000000070c800000, 0x000000070ca00000, 0x000000070ca00000|100%| O|  |TAMS 0x000000070ca00000, 0x000000070c800000| Untracked 
|  62|0x000000070ca00000, 0x000000070cc00000, 0x000000070cc00000|100%| O|  |TAMS 0x000000070cc00000, 0x000000070ca00000| Untracked 
|  63|0x000000070cc00000, 0x000000070ce00000, 0x000000070ce00000|100%| O|  |TAMS 0x000000070ce00000, 0x000000070cc00000| Untracked 
|  64|0x000000070ce00000, 0x000000070d000000, 0x000000070d000000|100%| O|  |TAMS 0x000000070d000000, 0x000000070ce00000| Untracked 
|  65|0x000000070d000000, 0x000000070d200000, 0x000000070d200000|100%| O|  |TAMS 0x000000070d200000, 0x000000070d000000| Untracked 
|  66|0x000000070d200000, 0x000000070d400000, 0x000000070d400000|100%| O|  |TAMS 0x000000070d400000, 0x000000070d200000| Untracked 
|  67|0x000000070d400000, 0x000000070d600000, 0x000000070d600000|100%| O|  |TAMS 0x000000070d600000, 0x000000070d400000| Untracked 
|  68|0x000000070d600000, 0x000000070d800000, 0x000000070d800000|100%| O|  |TAMS 0x000000070d800000, 0x000000070d600000| Untracked 
|  69|0x000000070d800000, 0x000000070da00000, 0x000000070da00000|100%| O|  |TAMS 0x000000070da00000, 0x000000070d800000| Untracked 
|  70|0x000000070da00000, 0x000000070dc00000, 0x000000070dc00000|100%| O|  |TAMS 0x000000070dc00000, 0x000000070da00000| Untracked 
|  71|0x000000070dc00000, 0x000000070de00000, 0x000000070de00000|100%| O|  |TAMS 0x000000070de00000, 0x000000070dc00000| Untracked 
|  72|0x000000070de00000, 0x000000070e000000, 0x000000070e000000|100%| O|  |TAMS 0x000000070e000000, 0x000000070de00000| Untracked 
|  73|0x000000070e000000, 0x000000070e200000, 0x000000070e200000|100%| O|  |TAMS 0x000000070e200000, 0x000000070e000000| Untracked 
|  74|0x000000070e200000, 0x000000070e400000, 0x000000070e400000|100%| O|  |TAMS 0x000000070e400000, 0x000000070e200000| Untracked 
|  75|0x000000070e400000, 0x000000070e600000, 0x000000070e600000|100%|HS|  |TAMS 0x000000070e400000, 0x000000070e400000| Complete 
|  76|0x000000070e600000, 0x000000070e800000, 0x000000070e800000|100%| O|  |TAMS 0x000000070e600000, 0x000000070e600000| Untracked 
|  77|0x000000070e800000, 0x000000070ea00000, 0x000000070ea00000|100%| O|  |TAMS 0x000000070ea00000, 0x000000070e800000| Untracked 
|  78|0x000000070ea00000, 0x000000070ec00000, 0x000000070ec00000|100%| O|  |TAMS 0x000000070ec00000, 0x000000070ea00000| Untracked 
|  79|0x000000070ec00000, 0x000000070ee00000, 0x000000070ee00000|100%| O|  |TAMS 0x000000070ee00000, 0x000000070ec00000| Untracked 
|  80|0x000000070ee00000, 0x000000070f000000, 0x000000070f000000|100%| O|  |TAMS 0x000000070f000000, 0x000000070ee00000| Untracked 
|  81|0x000000070f000000, 0x000000070f200000, 0x000000070f200000|100%| O|  |TAMS 0x000000070f200000, 0x000000070f000000| Untracked 
|  82|0x000000070f200000, 0x000000070f400000, 0x000000070f400000|100%| O|  |TAMS 0x000000070f400000, 0x000000070f200000| Untracked 
|  83|0x000000070f400000, 0x000000070f600000, 0x000000070f600000|100%| O|  |TAMS 0x000000070f600000, 0x000000070f400000| Untracked 
|  84|0x000000070f600000, 0x000000070f800000, 0x000000070f800000|100%| O|  |TAMS 0x000000070f800000, 0x000000070f600000| Untracked 
|  85|0x000000070f800000, 0x000000070fa00000, 0x000000070fa00000|100%| O|  |TAMS 0x000000070f800000, 0x000000070f800000| Untracked 
|  86|0x000000070fa00000, 0x000000070fc00000, 0x000000070fc00000|100%| O|  |TAMS 0x000000070fa00000, 0x000000070fa00000| Untracked 
|  87|0x000000070fc00000, 0x000000070fe00000, 0x000000070fe00000|100%| O|  |TAMS 0x000000070fc00000, 0x000000070fc00000| Untracked 
|  88|0x000000070fe00000, 0x0000000710000000, 0x0000000710000000|100%| O|  |TAMS 0x000000070fe00000, 0x000000070fe00000| Untracked 
|  89|0x0000000710000000, 0x0000000710200000, 0x0000000710200000|100%| O|  |TAMS 0x0000000710000000, 0x0000000710000000| Untracked 
|  90|0x0000000710200000, 0x0000000710400000, 0x0000000710400000|100%| O|  |TAMS 0x0000000710200000, 0x0000000710200000| Untracked 
|  91|0x0000000710400000, 0x0000000710600000, 0x0000000710600000|100%| O|  |TAMS 0x0000000710400000, 0x0000000710400000| Untracked 
|  92|0x0000000710600000, 0x0000000710800000, 0x0000000710800000|100%| O|  |TAMS 0x0000000710600000, 0x0000000710600000| Untracked 
|  93|0x0000000710800000, 0x0000000710a00000, 0x0000000710a00000|100%| O|  |TAMS 0x0000000710800000, 0x0000000710800000| Untracked 
|  94|0x0000000710a00000, 0x0000000710c00000, 0x0000000710c00000|100%| O|  |TAMS 0x0000000710a00000, 0x0000000710a00000| Untracked 
|  95|0x0000000710c00000, 0x0000000710e00000, 0x0000000710e00000|100%| O|  |TAMS 0x0000000710c00000, 0x0000000710c00000| Untracked 
|  96|0x0000000710e00000, 0x0000000710e00000, 0x0000000711000000|  0%| F|  |TAMS 0x0000000710e00000, 0x0000000710e00000| Untracked 
|  97|0x0000000711000000, 0x0000000711000000, 0x0000000711200000|  0%| F|  |TAMS 0x0000000711000000, 0x0000000711000000| Untracked 
|  98|0x0000000711200000, 0x0000000711200000, 0x0000000711400000|  0%| F|  |TAMS 0x0000000711200000, 0x0000000711200000| Untracked 
|  99|0x0000000711400000, 0x0000000711400000, 0x0000000711600000|  0%| F|  |TAMS 0x0000000711400000, 0x0000000711400000| Untracked 
| 100|0x0000000711600000, 0x0000000711600000, 0x0000000711800000|  0%| F|  |TAMS 0x0000000711600000, 0x0000000711600000| Untracked 
| 101|0x0000000711800000, 0x0000000711800000, 0x0000000711a00000|  0%| F|  |TAMS 0x0000000711800000, 0x0000000711800000| Untracked 
| 102|0x0000000711a00000, 0x0000000711a00000, 0x0000000711c00000|  0%| F|  |TAMS 0x0000000711a00000, 0x0000000711a00000| Untracked 
| 103|0x0000000711c00000, 0x0000000711c00000, 0x0000000711e00000|  0%| F|  |TAMS 0x0000000711c00000, 0x0000000711c00000| Untracked 
| 104|0x0000000711e00000, 0x0000000711e00000, 0x0000000712000000|  0%| F|  |TAMS 0x0000000711e00000, 0x0000000711e00000| Untracked 
| 105|0x0000000712000000, 0x0000000712000000, 0x0000000712200000|  0%| F|  |TAMS 0x0000000712000000, 0x0000000712000000| Untracked 
| 106|0x0000000712200000, 0x0000000712200000, 0x0000000712400000|  0%| F|  |TAMS 0x0000000712200000, 0x0000000712200000| Untracked 
| 107|0x0000000712400000, 0x0000000712400000, 0x0000000712600000|  0%| F|  |TAMS 0x0000000712400000, 0x0000000712400000| Untracked 
| 108|0x0000000712600000, 0x0000000712600000, 0x0000000712800000|  0%| F|  |TAMS 0x0000000712600000, 0x0000000712600000| Untracked 
| 109|0x0000000712800000, 0x0000000712800000, 0x0000000712a00000|  0%| F|  |TAMS 0x0000000712800000, 0x0000000712800000| Untracked 
| 110|0x0000000712a00000, 0x0000000712a00000, 0x0000000712c00000|  0%| F|  |TAMS 0x0000000712a00000, 0x0000000712a00000| Untracked 
| 111|0x0000000712c00000, 0x0000000712c00000, 0x0000000712e00000|  0%| F|  |TAMS 0x0000000712c00000, 0x0000000712c00000| Untracked 
| 112|0x0000000712e00000, 0x0000000712e00000, 0x0000000713000000|  0%| F|  |TAMS 0x0000000712e00000, 0x0000000712e00000| Untracked 
| 113|0x0000000713000000, 0x0000000713000000, 0x0000000713200000|  0%| F|  |TAMS 0x0000000713000000, 0x0000000713000000| Untracked 
| 114|0x0000000713200000, 0x0000000713200000, 0x0000000713400000|  0%| F|  |TAMS 0x0000000713200000, 0x0000000713200000| Untracked 
| 115|0x0000000713400000, 0x0000000713400000, 0x0000000713600000|  0%| F|  |TAMS 0x0000000713400000, 0x0000000713400000| Untracked 
| 116|0x0000000713600000, 0x0000000713600000, 0x0000000713800000|  0%| F|  |TAMS 0x0000000713600000, 0x0000000713600000| Untracked 
| 117|0x0000000713800000, 0x0000000713800000, 0x0000000713a00000|  0%| F|  |TAMS 0x0000000713800000, 0x0000000713800000| Untracked 
| 118|0x0000000713a00000, 0x0000000713a00000, 0x0000000713c00000|  0%| F|  |TAMS 0x0000000713a00000, 0x0000000713a00000| Untracked 
| 119|0x0000000713c00000, 0x0000000713c00000, 0x0000000713e00000|  0%| F|  |TAMS 0x0000000713c00000, 0x0000000713c00000| Untracked 
| 120|0x0000000713e00000, 0x0000000713e00000, 0x0000000714000000|  0%| F|  |TAMS 0x0000000713e00000, 0x0000000713e00000| Untracked 
| 121|0x0000000714000000, 0x0000000714000000, 0x0000000714200000|  0%| F|  |TAMS 0x0000000714000000, 0x0000000714000000| Untracked 
| 122|0x0000000714200000, 0x0000000714200000, 0x0000000714400000|  0%| F|  |TAMS 0x0000000714200000, 0x0000000714200000| Untracked 
| 123|0x0000000714400000, 0x0000000714400000, 0x0000000714600000|  0%| F|  |TAMS 0x0000000714400000, 0x0000000714400000| Untracked 
| 124|0x0000000714600000, 0x0000000714600000, 0x0000000714800000|  0%| F|  |TAMS 0x0000000714600000, 0x0000000714600000| Untracked 
| 125|0x0000000714800000, 0x0000000714800000, 0x0000000714a00000|  0%| F|  |TAMS 0x0000000714800000, 0x0000000714800000| Untracked 
| 126|0x0000000714a00000, 0x0000000714a00000, 0x0000000714c00000|  0%| F|  |TAMS 0x0000000714a00000, 0x0000000714a00000| Untracked 
| 127|0x0000000714c00000, 0x0000000714c00000, 0x0000000714e00000|  0%| F|  |TAMS 0x0000000714c00000, 0x0000000714c00000| Untracked 
| 128|0x0000000714e00000, 0x0000000714e00000, 0x0000000715000000|  0%| F|  |TAMS 0x0000000714e00000, 0x0000000714e00000| Untracked 
| 129|0x0000000715000000, 0x0000000715000000, 0x0000000715200000|  0%| F|  |TAMS 0x0000000715000000, 0x0000000715000000| Untracked 
| 130|0x0000000715200000, 0x0000000715200000, 0x0000000715400000|  0%| F|  |TAMS 0x0000000715200000, 0x0000000715200000| Untracked 
| 131|0x0000000715400000, 0x0000000715400000, 0x0000000715600000|  0%| F|  |TAMS 0x0000000715400000, 0x0000000715400000| Untracked 
| 132|0x0000000715600000, 0x0000000715600000, 0x0000000715800000|  0%| F|  |TAMS 0x0000000715600000, 0x0000000715600000| Untracked 
| 133|0x0000000715800000, 0x0000000715800000, 0x0000000715a00000|  0%| F|  |TAMS 0x0000000715800000, 0x0000000715800000| Untracked 
| 134|0x0000000715a00000, 0x0000000715a00000, 0x0000000715c00000|  0%| F|  |TAMS 0x0000000715a00000, 0x0000000715a00000| Untracked 
| 135|0x0000000715c00000, 0x0000000715c00000, 0x0000000715e00000|  0%| F|  |TAMS 0x0000000715c00000, 0x0000000715c00000| Untracked 
| 136|0x0000000715e00000, 0x0000000715e00000, 0x0000000716000000|  0%| F|  |TAMS 0x0000000715e00000, 0x0000000715e00000| Untracked 
| 137|0x0000000716000000, 0x0000000716000000, 0x0000000716200000|  0%| F|  |TAMS 0x0000000716000000, 0x0000000716000000| Untracked 
| 138|0x0000000716200000, 0x0000000716200000, 0x0000000716400000|  0%| F|  |TAMS 0x0000000716200000, 0x0000000716200000| Untracked 
| 139|0x0000000716400000, 0x0000000716400000, 0x0000000716600000|  0%| F|  |TAMS 0x0000000716400000, 0x0000000716400000| Untracked 
| 140|0x0000000716600000, 0x0000000716600000, 0x0000000716800000|  0%| F|  |TAMS 0x0000000716600000, 0x0000000716600000| Untracked 
| 141|0x0000000716800000, 0x0000000716800000, 0x0000000716a00000|  0%| F|  |TAMS 0x0000000716800000, 0x0000000716800000| Untracked 
| 142|0x0000000716a00000, 0x0000000716a00000, 0x0000000716c00000|  0%| F|  |TAMS 0x0000000716a00000, 0x0000000716a00000| Untracked 
| 143|0x0000000716c00000, 0x0000000716c00000, 0x0000000716e00000|  0%| F|  |TAMS 0x0000000716c00000, 0x0000000716c00000| Untracked 
| 144|0x0000000716e00000, 0x0000000716e00000, 0x0000000717000000|  0%| F|  |TAMS 0x0000000716e00000, 0x0000000716e00000| Untracked 
| 145|0x0000000717000000, 0x0000000717000000, 0x0000000717200000|  0%| F|  |TAMS 0x0000000717000000, 0x0000000717000000| Untracked 
| 146|0x0000000717200000, 0x0000000717200000, 0x0000000717400000|  0%| F|  |TAMS 0x0000000717200000, 0x0000000717200000| Untracked 
| 147|0x0000000717400000, 0x0000000717400000, 0x0000000717600000|  0%| F|  |TAMS 0x0000000717400000, 0x0000000717400000| Untracked 
| 148|0x0000000717600000, 0x0000000717600000, 0x0000000717800000|  0%| F|  |TAMS 0x0000000717600000, 0x0000000717600000| Untracked 
| 149|0x0000000717800000, 0x0000000717800000, 0x0000000717a00000|  0%| F|  |TAMS 0x0000000717800000, 0x0000000717800000| Untracked 
| 150|0x0000000717a00000, 0x0000000717a00000, 0x0000000717c00000|  0%| F|  |TAMS 0x0000000717a00000, 0x0000000717a00000| Untracked 
| 151|0x0000000717c00000, 0x0000000717d4d928, 0x0000000717e00000| 65%| S|CS|TAMS 0x0000000717c00000, 0x0000000717c00000| Complete 
| 152|0x0000000717e00000, 0x0000000717e00000, 0x0000000718000000|  0%| F|  |TAMS 0x0000000717e00000, 0x0000000717e00000| Untracked 
| 153|0x0000000718000000, 0x0000000718000000, 0x0000000718200000|  0%| F|  |TAMS 0x0000000718000000, 0x0000000718000000| Untracked 

Card table byte_map: [0x000001873e7e0000,0x000001873efc0000] _byte_map_base: 0x000001873afb9000

Marking Bits (Prev, Next): (CMBitMap*) 0x00000187274c3840, (CMBitMap*) 0x00000187274c3880
 Prev Bits: [0x000001873f7a0000, 0x0000018743668000)
 Next Bits: [0x0000018743670000, 0x0000018747538000)

Polling page: 0x0000018725440000

Metaspace:

Usage:
  Non-class:     23.61 MB used.
      Class:      2.86 MB used.
       Both:     26.47 MB used.

Virtual space:
  Non-class space:       24.00 MB reserved,      23.75 MB ( 99%) committed,  3 nodes.
      Class space:        1.00 GB reserved,       3.06 MB ( <1%) committed,  1 nodes.
             Both:        1.02 GB reserved,      26.81 MB (  3%) committed. 

Chunk freelists:
   Non-Class:  208.00 KB
       Class:  864.00 KB
        Both:  1.05 MB

MaxMetaspaceSize: unlimited
CompressedClassSpaceSize: 1.00 GB
Initial GC threshold: 21.00 MB
Current GC threshold: 43.25 MB
CDS: on
MetaspaceReclaimPolicy: balanced
 - commit_granule_bytes: 65536.
 - commit_granule_words: 8192.
 - virtual_space_node_default_size: 1048576.
 - enlarge_chunks_in_place: 1.
 - new_chunks_are_fully_committed: 0.
 - uncommit_free_chunks: 1.
 - use_allocation_guard: 0.
 - handle_deallocations: 1.


Internal statistics:

num_allocs_failed_limit: 0.
num_arena_births: 212.
num_arena_deaths: 0.
num_vsnodes_births: 4.
num_vsnodes_deaths: 0.
num_space_committed: 429.
num_space_uncommitted: 0.
num_chunks_returned_to_freelist: 0.
num_chunks_taken_from_freelist: 1162.
num_chunk_merges: 0.
num_chunk_splits: 846.
num_chunks_enlarged: 675.
num_purges: 0.
num_inconsistent_stats: 0.

CodeHeap 'non-profiled nmethods': size=120000Kb used=4091Kb max_used=4836Kb free=115908Kb
 bounds [0x00000187367a0000, 0x0000018736c60000, 0x000001873dcd0000]
CodeHeap 'profiled nmethods': size=120000Kb used=12287Kb max_used=12625Kb free=107712Kb
 bounds [0x000001872ecd0000, 0x000001872f990000, 0x0000018736200000]
CodeHeap 'non-nmethods': size=5760Kb used=1257Kb max_used=1264Kb free=4502Kb
 bounds [0x0000018736200000, 0x0000018736470000, 0x00000187367a0000]
 total_blobs=6268 nmethods=5760 adapters=418
 compilation: enabled
              stopped_count=0, restarted_count=0
 full_count=0

Compilation events (20 events):
Event: 45.826 Thread 0x000001874a00d3c0 7170       2       com.sun.tools.javac.parser.UnicodeReader::getRawCharacters (31 bytes)
Event: 45.826 Thread 0x000001874a00d3c0 nmethod 7170 0x000001872f0b5890 code [0x000001872f0b5a20, 0x000001872f0b5b68]
Event: 45.826 Thread 0x000001874a00d3c0 7171       2       com.sun.tools.javac.util.Position::makeLineMap (31 bytes)
Event: 45.826 Thread 0x000001874a00d3c0 nmethod 7171 0x000001872ed29b10 code [0x000001872ed29cc0, 0x000001872ed29fd8]
Event: 45.827 Thread 0x000001874a00d3c0 7172       2       com.sun.tools.javac.parser.JavacParser::permitsClause (92 bytes)
Event: 45.828 Thread 0x000001874a00d3c0 nmethod 7172 0x000001872ed29190 code [0x000001872ed293a0, 0x000001872ed297b8]
Event: 45.829 Thread 0x000001874a00d3c0 7173       2       com.sun.tools.javac.parser.JavacParser::classDeclaration (144 bytes)
Event: 45.831 Thread 0x000001874a00d3c0 nmethod 7173 0x000001872f180110 code [0x000001872f1803a0, 0x000001872f180b48]
Event: 45.836 Thread 0x000001874a00d3c0 7175       1       java.util.stream.Collectors$CollectorImpl::supplier (5 bytes)
Event: 45.836 Thread 0x000001874a00d3c0 nmethod 7175 0x000001873694c690 code [0x000001873694c820, 0x000001873694c8f8]
Event: 45.836 Thread 0x000001874a00d3c0 7176       1       java.util.stream.Collectors$CollectorImpl::accumulator (5 bytes)
Event: 45.836 Thread 0x000001874a00d3c0 nmethod 7176 0x000001873694c390 code [0x000001873694c520, 0x000001873694c5f8]
Event: 45.836 Thread 0x000001874a00d3c0 7177       1       java.util.stream.Collectors$CollectorImpl::combiner (5 bytes)
Event: 45.837 Thread 0x000001874a00d3c0 nmethod 7177 0x000001873694c090 code [0x000001873694c220, 0x000001873694c2f8]
Event: 45.837 Thread 0x000001874a00d3c0 7178       1       java.util.stream.ReduceOps$Box::get (5 bytes)
Event: 45.837 Thread 0x000001874a00d3c0 nmethod 7178 0x000001873694bd90 code [0x000001873694bf20, 0x000001873694bff8]
Event: 45.837 Thread 0x000001874a00d3c0 7179       1       java.util.stream.Collectors$CollectorImpl::finisher (5 bytes)
Event: 45.837 Thread 0x000001874a00d3c0 nmethod 7179 0x0000018736843890 code [0x0000018736843a20, 0x0000018736843af8]
Event: 45.841 Thread 0x000001874a00d3c0 7180       2       com.sun.tools.javac.tree.TreeMaker::Unary (20 bytes)
Event: 45.842 Thread 0x000001874a00d3c0 nmethod 7180 0x000001872f17fc90 code [0x000001872f17fe20, 0x000001872f180058]

GC Heap History (20 events):
Event: 37.314 GC heap after
{Heap after GC invocations=7 (full 0):
 garbage-first heap   total 258048K, used 100138K [0x0000000704e00000, 0x0000000800000000)
  region size 2048K, 8 young (16384K), 8 survivors (16384K)
 Metaspace       used 19039K, committed 19328K, reserved 1073152K
  class space    used 2021K, committed 2176K, reserved 1048576K
}
Event: 37.927 GC heap before
{Heap before GC invocations=7 (full 0):
 garbage-first heap   total 258048K, used 190250K [0x0000000704e00000, 0x0000000800000000)
  region size 2048K, 52 young (106496K), 8 survivors (16384K)
 Metaspace       used 19069K, committed 19328K, reserved 1073152K
  class space    used 2021K, committed 2176K, reserved 1048576K
}
Event: 37.943 GC heap after
{Heap after GC invocations=8 (full 0):
 garbage-first heap   total 258048K, used 105597K [0x0000000704e00000, 0x0000000800000000)
  region size 2048K, 7 young (14336K), 7 survivors (14336K)
 Metaspace       used 19069K, committed 19328K, reserved 1073152K
  class space    used 2021K, committed 2176K, reserved 1048576K
}
Event: 38.450 GC heap before
{Heap before GC invocations=8 (full 0):
 garbage-first heap   total 258048K, used 189565K [0x0000000704e00000, 0x0000000800000000)
  region size 2048K, 48 young (98304K), 7 survivors (14336K)
 Metaspace       used 19081K, committed 19392K, reserved 1073152K
  class space    used 2021K, committed 2176K, reserved 1048576K
}
Event: 38.465 GC heap after
{Heap after GC invocations=9 (full 0):
 garbage-first heap   total 258048K, used 118784K [0x0000000704e00000, 0x0000000800000000)
  region size 2048K, 6 young (12288K), 6 survivors (12288K)
 Metaspace       used 19081K, committed 19392K, reserved 1073152K
  class space    used 2021K, committed 2176K, reserved 1048576K
}
Event: 39.793 GC heap before
{Heap before GC invocations=9 (full 0):
 garbage-first heap   total 258048K, used 194560K [0x0000000704e00000, 0x0000000800000000)
  region size 2048K, 43 young (88064K), 6 survivors (12288K)
 Metaspace       used 19452K, committed 19776K, reserved 1073152K
  class space    used 2059K, committed 2240K, reserved 1048576K
}
Event: 39.813 GC heap after
{Heap after GC invocations=10 (full 0):
 garbage-first heap   total 311296K, used 149251K [0x0000000704e00000, 0x0000000800000000)
  region size 2048K, 6 young (12288K), 6 survivors (12288K)
 Metaspace       used 19452K, committed 19776K, reserved 1073152K
  class space    used 2059K, committed 2240K, reserved 1048576K
}
Event: 41.008 GC heap before
{Heap before GC invocations=10 (full 0):
 garbage-first heap   total 311296K, used 225027K [0x0000000704e00000, 0x0000000800000000)
  region size 2048K, 43 young (88064K), 6 survivors (12288K)
 Metaspace       used 19500K, committed 19840K, reserved 1073152K
  class space    used 2060K, committed 2240K, reserved 1048576K
}
Event: 41.030 GC heap after
{Heap after GC invocations=11 (full 0):
 garbage-first heap   total 311296K, used 171805K [0x0000000704e00000, 0x0000000800000000)
  region size 2048K, 6 young (12288K), 6 survivors (12288K)
 Metaspace       used 19500K, committed 19840K, reserved 1073152K
  class space    used 2060K, committed 2240K, reserved 1048576K
}
Event: 41.795 GC heap before
{Heap before GC invocations=11 (full 0):
 garbage-first heap   total 311296K, used 231197K [0x0000000704e00000, 0x0000000800000000)
  region size 2048K, 35 young (71680K), 6 survivors (12288K)
 Metaspace       used 19982K, committed 20288K, reserved 1073152K
  class space    used 2103K, committed 2240K, reserved 1048576K
}
Event: 41.812 GC heap after
{Heap after GC invocations=12 (full 0):
 garbage-first heap   total 311296K, used 183858K [0x0000000704e00000, 0x0000000800000000)
  region size 2048K, 5 young (10240K), 5 survivors (10240K)
 Metaspace       used 19982K, committed 20288K, reserved 1073152K
  class space    used 2103K, committed 2240K, reserved 1048576K
}
Event: 42.317 GC heap before
{Heap before GC invocations=13 (full 0):
 garbage-first heap   total 311296K, used 222770K [0x0000000704e00000, 0x0000000800000000)
  region size 2048K, 31 young (63488K), 5 survivors (10240K)
 Metaspace       used 20034K, committed 20352K, reserved 1073152K
  class space    used 2105K, committed 2240K, reserved 1048576K
}
Event: 42.325 GC heap after
{Heap after GC invocations=14 (full 0):
 garbage-first heap   total 311296K, used 171010K [0x0000000704e00000, 0x0000000800000000)
  region size 2048K, 1 young (2048K), 1 survivors (2048K)
 Metaspace       used 20034K, committed 20352K, reserved 1073152K
  class space    used 2105K, committed 2240K, reserved 1048576K
}
Event: 43.101 GC heap before
{Heap before GC invocations=14 (full 0):
 garbage-first heap   total 311296K, used 183298K [0x0000000704e00000, 0x0000000800000000)
  region size 2048K, 7 young (14336K), 1 survivors (2048K)
 Metaspace       used 21279K, committed 21632K, reserved 1073152K
  class space    used 2266K, committed 2432K, reserved 1048576K
}
Event: 43.106 GC heap after
{Heap after GC invocations=15 (full 0):
 garbage-first heap   total 311296K, used 169589K [0x0000000704e00000, 0x0000000800000000)
  region size 2048K, 1 young (2048K), 1 survivors (2048K)
 Metaspace       used 21279K, committed 21632K, reserved 1073152K
  class space    used 2266K, committed 2432K, reserved 1048576K
}
Event: 44.307 GC heap before
{Heap before GC invocations=15 (full 0):
 garbage-first heap   total 311296K, used 188021K [0x0000000704e00000, 0x0000000800000000)
  region size 2048K, 11 young (22528K), 1 survivors (2048K)
 Metaspace       used 26182K, committed 26560K, reserved 1073152K
  class space    used 2880K, committed 3072K, reserved 1048576K
}
Event: 44.310 GC heap after
{Heap after GC invocations=16 (full 0):
 garbage-first heap   total 311296K, used 171070K [0x0000000704e00000, 0x0000000800000000)
  region size 2048K, 2 young (4096K), 2 survivors (4096K)
 Metaspace       used 26182K, committed 26560K, reserved 1073152K
  class space    used 2880K, committed 3072K, reserved 1048576K
}
Event: 45.755 GC heap before
{Heap before GC invocations=17 (full 0):
 garbage-first heap   total 315392K, used 242750K [0x0000000704e00000, 0x0000000800000000)
  region size 2048K, 36 young (73728K), 2 survivors (4096K)
 Metaspace       used 27081K, committed 27456K, reserved 1073152K
  class space    used 2932K, committed 3136K, reserved 1048576K
}
Event: 45.771 GC heap after
{Heap after GC invocations=18 (full 0):
 garbage-first heap   total 315392K, used 195163K [0x0000000704e00000, 0x0000000800000000)
  region size 2048K, 5 young (10240K), 5 survivors (10240K)
 Metaspace       used 27081K, committed 27456K, reserved 1073152K
  class space    used 2932K, committed 3136K, reserved 1048576K
}
Event: 45.857 GC heap before
{Heap before GC invocations=18 (full 0):
 garbage-first heap   total 315392K, used 199259K [0x0000000704e00000, 0x0000000800000000)
  region size 2048K, 7 young (14336K), 5 survivors (10240K)
 Metaspace       used 27103K, committed 27456K, reserved 1073152K
  class space    used 2932K, committed 3136K, reserved 1048576K
}

Deoptimization events (20 events):
Event: 44.931 Thread 0x00000187274558b0 DEOPT PACKING pc=0x0000018736999774 sp=0x00000006446fca30
Event: 44.931 Thread 0x00000187274558b0 DEOPT UNPACKING pc=0x0000018736255ba3 sp=0x00000006446fc9c0 mode 2
Event: 44.983 Thread 0x00000187274558b0 DEOPT PACKING pc=0x000001872f400775 sp=0x00000006446fc4d0
Event: 44.983 Thread 0x00000187274558b0 DEOPT UNPACKING pc=0x00000187362566e3 sp=0x00000006446fb968 mode 0
Event: 45.097 Thread 0x00000187274558b0 Uncommon trap: trap_request=0xffffffc6 fr.pc=0x0000018736999774 relative=0x0000000000000e74
Event: 45.097 Thread 0x00000187274558b0 Uncommon trap: reason=bimorphic_or_optimized_type_check action=maybe_recompile pc=0x0000018736999774 method=java.util.regex.Pattern$CharPropertyGreedy.match(Ljava/util/regex/Matcher;ILjava/lang/CharSequence;)Z @ 64 c2
Event: 45.097 Thread 0x00000187274558b0 DEOPT PACKING pc=0x0000018736999774 sp=0x00000006446fca30
Event: 45.097 Thread 0x00000187274558b0 DEOPT UNPACKING pc=0x0000018736255ba3 sp=0x00000006446fc9c0 mode 2
Event: 45.226 Thread 0x00000187274558b0 Uncommon trap: trap_request=0xffffff45 fr.pc=0x0000018736a4e7dc relative=0x000000000000637c
Event: 45.226 Thread 0x00000187274558b0 Uncommon trap: reason=unstable_if action=reinterpret pc=0x0000018736a4e7dc method=com.sun.tools.javac.parser.JavaTokenizer.readToken()Lcom/sun/tools/javac/parser/Tokens$Token; @ 39 c2
Event: 45.226 Thread 0x00000187274558b0 DEOPT PACKING pc=0x0000018736a4e7dc sp=0x00000006446f97f0
Event: 45.226 Thread 0x00000187274558b0 DEOPT UNPACKING pc=0x0000018736255ba3 sp=0x00000006446f97c0 mode 2
Event: 45.618 Thread 0x00000187274558b0 Uncommon trap: trap_request=0xffffff45 fr.pc=0x0000018736c1c8dc relative=0x00000000000002dc
Event: 45.618 Thread 0x00000187274558b0 Uncommon trap: reason=unstable_if action=reinterpret pc=0x0000018736c1c8dc method=com.sun.tools.javac.parser.JavaTokenizer.scanIdent()V @ 9 c2
Event: 45.618 Thread 0x00000187274558b0 DEOPT PACKING pc=0x0000018736c1c8dc sp=0x00000006446fb5f0
Event: 45.618 Thread 0x00000187274558b0 DEOPT UNPACKING pc=0x0000018736255ba3 sp=0x00000006446fb5e0 mode 2
Event: 45.708 Thread 0x00000187274558b0 Uncommon trap: trap_request=0xffffff45 fr.pc=0x00000187368176c4 relative=0x0000000000000424
Event: 45.708 Thread 0x00000187274558b0 Uncommon trap: reason=unstable_if action=reinterpret pc=0x00000187368176c4 method=java.lang.StringBuilder.toString()Ljava/lang/String; @ 4 c2
Event: 45.708 Thread 0x00000187274558b0 DEOPT PACKING pc=0x00000187368176c4 sp=0x00000006446fb040
Event: 45.708 Thread 0x00000187274558b0 DEOPT UNPACKING pc=0x0000018736255ba3 sp=0x00000006446fb018 mode 2

Classes unloaded (0 events):
No events

Classes redefined (0 events):
No events

Internal exceptions (20 events):
Event: 34.801 Thread 0x00000187274558b0 Exception <a 'java/lang/NoSuchMethodError'{0x000000070e6d6118}: 'void java.lang.invoke.DirectMethodHandle$Holder.invokeSpecial(java.lang.Object, java.lang.Object, java.lang.Object, java.lang.Object, java.lang.Object)'> (0x000000070e6d6118) 
thrown [s\open\src\hotspot\share\interpreter\linkResolver.cpp, line 759]
Event: 34.804 Thread 0x00000187274558b0 Exception <a 'java/lang/NoSuchMethodError'{0x000000070e6e6478}: 'void java.lang.invoke.DirectMethodHandle$Holder.invokeVirtual(java.lang.Object, java.lang.Object)'> (0x000000070e6e6478) 
thrown [s\open\src\hotspot\share\interpreter\linkResolver.cpp, line 759]
Event: 38.951 Thread 0x00000187274558b0 Exception <a 'java/lang/NoSuchMethodError'{0x00000007121aded8}: 'java.lang.Object java.lang.invoke.DirectMethodHandle$Holder.newInvokeSpecial(java.lang.Object, java.lang.Object, java.lang.Object, java.lang.Object, java.lang.Object, java.lang.Object)'> (0x00000007121aded8) 
thrown [s\open\src\hotspot\share\interpreter\linkResolver.cpp, line 759]
Event: 41.174 Thread 0x00000187274558b0 Exception <a 'java/lang/NoSuchMethodError'{0x00000007168c2300}: 'java.lang.Object java.lang.invoke.DirectMethodHandle$Holder.invokeInterface(java.lang.Object, java.lang.Object)'> (0x00000007168c2300) 
thrown [s\open\src\hotspot\share\interpreter\linkResolver.cpp, line 759]
Event: 43.296 Thread 0x00000187274558b0 Exception <a 'java/lang/NoSuchMethodError'{0x0000000717aae978}: 'java.lang.Object java.lang.invoke.DirectMethodHandle$Holder.invokeVirtual(java.lang.Object, java.lang.Object, java.lang.Object)'> (0x0000000717aae978) 
thrown [s\open\src\hotspot\share\interpreter\linkResolver.cpp, line 759]
Event: 43.299 Thread 0x00000187274558b0 Exception <a 'java/lang/NoSuchMethodError'{0x0000000717ab6690}: 'int java.lang.invoke.DirectMethodHandle$Holder.invokeInterface(java.lang.Object, java.lang.Object)'> (0x0000000717ab6690) 
thrown [s\open\src\hotspot\share\interpreter\linkResolver.cpp, line 759]
Event: 43.438 Thread 0x00000187274558b0 Exception <a 'sun/nio/fs/WindowsException'{0x0000000717897700}> (0x0000000717897700) 
thrown [s\open\src\hotspot\share\prims\jni.cpp, line 516]
Event: 43.438 Thread 0x00000187274558b0 Exception <a 'sun/nio/fs/WindowsException'{0x0000000717898088}> (0x0000000717898088) 
thrown [s\open\src\hotspot\share\prims\jni.cpp, line 516]
Event: 43.872 Thread 0x00000187274558b0 Exception <a 'sun/nio/fs/WindowsException'{0x0000000716a29dd8}> (0x0000000716a29dd8) 
thrown [s\open\src\hotspot\share\prims\jni.cpp, line 516]
Event: 43.872 Thread 0x00000187274558b0 Exception <a 'sun/nio/fs/WindowsException'{0x0000000716a2a758}> (0x0000000716a2a758) 
thrown [s\open\src\hotspot\share\prims\jni.cpp, line 516]
Event: 43.873 Thread 0x00000187274558b0 Exception <a 'sun/nio/fs/WindowsException'{0x0000000716a2b0d8}> (0x0000000716a2b0d8) 
thrown [s\open\src\hotspot\share\prims\jni.cpp, line 516]
Event: 43.874 Thread 0x00000187274558b0 Exception <a 'sun/nio/fs/WindowsException'{0x0000000716a347f8}> (0x0000000716a347f8) 
thrown [s\open\src\hotspot\share\prims\jni.cpp, line 516]
Event: 43.912 Thread 0x00000187274558b0 Exception <a 'sun/nio/fs/WindowsException'{0x0000000716ace600}> (0x0000000716ace600) 
thrown [s\open\src\hotspot\share\prims\jni.cpp, line 516]
Event: 43.912 Thread 0x00000187274558b0 Exception <a 'sun/nio/fs/WindowsException'{0x0000000716ace928}> (0x0000000716ace928) 
thrown [s\open\src\hotspot\share\prims\jni.cpp, line 516]
Event: 43.923 Thread 0x00000187274558b0 Exception <a 'java/lang/NoSuchMethodError'{0x0000000716adc9f0}: 'int java.lang.invoke.DirectMethodHandle$Holder.invokeVirtual(java.lang.Object, java.lang.Object, java.lang.Object)'> (0x0000000716adc9f0) 
thrown [s\open\src\hotspot\share\interpreter\linkResolver.cpp, line 759]
Event: 43.925 Thread 0x00000187274558b0 Exception <a 'java/lang/NoSuchMethodError'{0x0000000716ae3250}: 'void java.lang.invoke.DirectMethodHandle$Holder.invokeInterface(java.lang.Object, java.lang.Object, java.lang.Object)'> (0x0000000716ae3250) 
thrown [s\open\src\hotspot\share\interpreter\linkResolver.cpp, line 759]
Event: 44.056 Thread 0x00000187274558b0 Exception <a 'java/lang/NoSuchMethodError'{0x0000000716be6f58}: 'int java.lang.invoke.DirectMethodHandle$Holder.invokeStaticInit(java.lang.Object, java.lang.Object)'> (0x0000000716be6f58) 
thrown [s\open\src\hotspot\share\interpreter\linkResolver.cpp, line 759]
Event: 44.195 Thread 0x00000187274558b0 Exception <a 'java/lang/NoSuchMethodError'{0x0000000716890fe0}: 'int java.lang.invoke.DirectMethodHandle$Holder.invokeVirtual(java.lang.Object, java.lang.Object)'> (0x0000000716890fe0) 
thrown [s\open\src\hotspot\share\interpreter\linkResolver.cpp, line 759]
Event: 44.234 Thread 0x00000187274558b0 Exception <a 'sun/nio/fs/WindowsException'{0x0000000716905048}> (0x0000000716905048) 
thrown [s\open\src\hotspot\share\prims\jni.cpp, line 516]
Event: 44.234 Thread 0x00000187274558b0 Exception <a 'sun/nio/fs/WindowsException'{0x0000000716905278}> (0x0000000716905278) 
thrown [s\open\src\hotspot\share\prims\jni.cpp, line 516]

VM Operations (20 events):
Event: 44.293 Executing VM operation: Cleanup done
Event: 44.307 Executing VM operation: G1TryInitiateConcMark
Event: 44.310 Executing VM operation: G1TryInitiateConcMark done
Event: 44.381 Executing VM operation: HandshakeAllThreads
Event: 44.381 Executing VM operation: HandshakeAllThreads done
Event: 44.382 Executing VM operation: HandshakeAllThreads
Event: 44.383 Executing VM operation: HandshakeAllThreads done
Event: 44.526 Executing VM operation: G1Concurrent
Event: 44.529 Executing VM operation: G1Concurrent done
Event: 44.562 Executing VM operation: HandshakeAllThreads
Event: 44.566 Executing VM operation: HandshakeAllThreads done
Event: 44.580 Executing VM operation: HandshakeAllThreads
Event: 44.580 Executing VM operation: HandshakeAllThreads done
Event: 44.625 Executing VM operation: G1Concurrent
Event: 44.644 Executing VM operation: G1Concurrent done
Event: 45.647 Executing VM operation: Cleanup
Event: 45.647 Executing VM operation: Cleanup done
Event: 45.755 Executing VM operation: G1CollectForAllocation
Event: 45.771 Executing VM operation: G1CollectForAllocation done
Event: 45.857 Executing VM operation: G1CollectForAllocation

Events (20 events):
Event: 44.591 Thread 0x000001874a00e8e0 flushing nmethod 0x000001872f874690
Event: 44.591 Thread 0x000001874a00e8e0 flushing nmethod 0x000001872f876510
Event: 44.591 Thread 0x000001874a00e8e0 flushing nmethod 0x000001872f876890
Event: 44.591 Thread 0x000001874a00e8e0 flushing nmethod 0x000001872f877310
Event: 44.591 Thread 0x000001874a00e8e0 flushing nmethod 0x000001872f877810
Event: 44.591 Thread 0x000001874a00e8e0 flushing nmethod 0x000001872f878990
Event: 44.591 Thread 0x000001874a00e8e0 flushing nmethod 0x000001872f87b210
Event: 44.591 Thread 0x000001874a00e8e0 flushing nmethod 0x000001872f87e890
Event: 44.591 Thread 0x000001874a00e8e0 flushing nmethod 0x000001872f880d90
Event: 44.591 Thread 0x000001874a00e8e0 flushing nmethod 0x000001872f88b110
Event: 44.591 Thread 0x000001874a00e8e0 flushing nmethod 0x000001872f898810
Event: 44.591 Thread 0x000001874a00e8e0 flushing nmethod 0x000001872f899e90
Event: 44.591 Thread 0x000001874a00e8e0 flushing nmethod 0x000001872f89c710
Event: 44.591 Thread 0x000001874a00e8e0 flushing nmethod 0x000001872f8b1110
Event: 44.613 loading class java/lang/UnsupportedClassVersionError
Event: 44.613 loading class java/lang/UnsupportedClassVersionError done
Event: 44.668 loading class java/util/regex/Pattern$Caret
Event: 44.668 loading class java/util/regex/Pattern$Caret done
Event: 44.681 loading class java/util/BitSet
Event: 44.682 loading class java/util/BitSet done


Dynamic libraries:
0x00007ff631cd0000 - 0x00007ff631ce0000 	C:\Program Files\Java\jdk-17\bin\java.exe
0x00007ffd99450000 - 0x00007ffd99667000 	C:\WINDOWS\SYSTEM32\ntdll.dll
0x00007ffd98c00000 - 0x00007ffd98cc4000 	C:\WINDOWS\System32\KERNEL32.DLL
0x00007ffd96b30000 - 0x00007ffd96eea000 	C:\WINDOWS\System32\KERNELBASE.dll
0x00007ffd96a10000 - 0x00007ffd96b21000 	C:\WINDOWS\System32\ucrtbase.dll
0x00007ffd8c9b0000 - 0x00007ffd8c9c8000 	C:\Program Files\Java\jdk-17\bin\jli.dll
0x00007ffd98a80000 - 0x00007ffd98b32000 	C:\WINDOWS\System32\ADVAPI32.dll
0x00007ffd8c990000 - 0x00007ffd8c9ab000 	C:\Program Files\Java\jdk-17\bin\VCRUNTIME140.dll
0x00007ffd98dd0000 - 0x00007ffd98e77000 	C:\WINDOWS\System32\msvcrt.dll
0x00007ffd989d0000 - 0x00007ffd98a77000 	C:\WINDOWS\System32\sechost.dll
0x00007ffd96870000 - 0x00007ffd96898000 	C:\WINDOWS\System32\bcrypt.dll
0x00007ffd990d0000 - 0x00007ffd991e4000 	C:\WINDOWS\System32\RPCRT4.dll
0x00007ffd98f20000 - 0x00007ffd990ce000 	C:\WINDOWS\System32\USER32.dll
0x00007ffd6e650000 - 0x00007ffd6e8e2000 	C:\WINDOWS\WinSxS\amd64_microsoft.windows.common-controls_6595b64144ccf1df_6.0.22621.4541_none_2710d1c57384c085\COMCTL32.dll
0x00007ffd967a0000 - 0x00007ffd967c6000 	C:\WINDOWS\System32\win32u.dll
0x00007ffd97b30000 - 0x00007ffd97b59000 	C:\WINDOWS\System32\GDI32.dll
0x00007ffd96ef0000 - 0x00007ffd9700b000 	C:\WINDOWS\System32\gdi32full.dll
0x00007ffd967d0000 - 0x00007ffd9686a000 	C:\WINDOWS\System32\msvcp_win.dll
0x00007ffd8d4a0000 - 0x00007ffd8d4aa000 	C:\WINDOWS\SYSTEM32\VERSION.dll
0x00007ffd97420000 - 0x00007ffd97451000 	C:\WINDOWS\System32\IMM32.DLL
0x00007ffd90b40000 - 0x00007ffd90b4c000 	C:\Program Files\Java\jdk-17\bin\vcruntime140_1.dll
0x00007ffd63f30000 - 0x00007ffd63fbe000 	C:\Program Files\Java\jdk-17\bin\msvcp140.dll
0x00007ffd00530000 - 0x00007ffd01107000 	C:\Program Files\Java\jdk-17\bin\server\jvm.dll
0x00007ffd977f0000 - 0x00007ffd977f8000 	C:\WINDOWS\System32\PSAPI.DLL
0x00007ffd8dc40000 - 0x00007ffd8dc74000 	C:\WINDOWS\SYSTEM32\WINMM.dll
0x00007ffd64000000 - 0x00007ffd64009000 	C:\WINDOWS\SYSTEM32\WSOCK32.dll
0x00007ffd98e90000 - 0x00007ffd98f01000 	C:\WINDOWS\System32\WS2_32.dll
0x00007ffd95810000 - 0x00007ffd95828000 	C:\WINDOWS\SYSTEM32\kernel.appcore.dll
0x00007ffd8de60000 - 0x00007ffd8de6a000 	C:\Program Files\Java\jdk-17\bin\jimage.dll
0x00007ffd93fe0000 - 0x00007ffd94212000 	C:\WINDOWS\SYSTEM32\DBGHELP.DLL
0x00007ffd97460000 - 0x00007ffd977ef000 	C:\WINDOWS\System32\combase.dll
0x00007ffd98cd0000 - 0x00007ffd98da7000 	C:\WINDOWS\System32\OLEAUT32.dll
0x00007ffd78500000 - 0x00007ffd78532000 	C:\WINDOWS\SYSTEM32\dbgcore.DLL
0x00007ffd96720000 - 0x00007ffd9679b000 	C:\WINDOWS\System32\bcryptPrimitives.dll
0x00007ffd76910000 - 0x00007ffd76935000 	C:\Program Files\Java\jdk-17\bin\java.dll
0x00007ffd5e450000 - 0x00007ffd5e527000 	C:\Program Files\Java\jdk-17\bin\jsvml.dll
0x00007ffd98050000 - 0x00007ffd988c8000 	C:\WINDOWS\System32\SHELL32.dll
0x00007ffd94620000 - 0x00007ffd94f28000 	C:\WINDOWS\SYSTEM32\windows.storage.dll
0x00007ffd944e0000 - 0x00007ffd9461f000 	C:\WINDOWS\SYSTEM32\wintypes.dll
0x00007ffd988d0000 - 0x00007ffd989ca000 	C:\WINDOWS\System32\SHCORE.dll
0x00007ffd97ff0000 - 0x00007ffd9804e000 	C:\WINDOWS\System32\shlwapi.dll
0x00007ffd96650000 - 0x00007ffd9667b000 	C:\WINDOWS\SYSTEM32\profapi.dll
0x00007ffd8c7c0000 - 0x00007ffd8c7d9000 	C:\Program Files\Java\jdk-17\bin\net.dll
0x00007ffd8f050000 - 0x00007ffd8f186000 	C:\WINDOWS\SYSTEM32\WINHTTP.dll
0x00007ffd95c80000 - 0x00007ffd95ce9000 	C:\WINDOWS\system32\mswsock.dll
0x00007ffd8b0f0000 - 0x00007ffd8b106000 	C:\Program Files\Java\jdk-17\bin\nio.dll
0x00007ffd768e0000 - 0x00007ffd768f8000 	C:\Program Files\Java\jdk-17\bin\zip.dll
0x0000000069ac0000 - 0x0000000069ae4000 	D:\apache-maven-3.8.6\lib\jansi-native\Windows\x86_64\jansi.dll
0x00007ffd8dcd0000 - 0x00007ffd8dce0000 	C:\Program Files\Java\jdk-17\bin\verify.dll
0x00007ffd95fd0000 - 0x00007ffd95feb000 	C:\WINDOWS\SYSTEM32\CRYPTSP.dll
0x00007ffd95770000 - 0x00007ffd957a5000 	C:\WINDOWS\system32\rsaenh.dll
0x00007ffd95d20000 - 0x00007ffd95d48000 	C:\WINDOWS\SYSTEM32\USERENV.dll
0x00007ffd95fb0000 - 0x00007ffd95fbc000 	C:\WINDOWS\SYSTEM32\CRYPTBASE.dll
0x00007ffd95240000 - 0x00007ffd9526d000 	C:\WINDOWS\SYSTEM32\IPHLPAPI.DLL
0x00007ffd98f10000 - 0x00007ffd98f19000 	C:\WINDOWS\System32\NSI.dll
0x00007ffd8ef80000 - 0x00007ffd8ef99000 	C:\WINDOWS\SYSTEM32\dhcpcsvc6.DLL
0x00007ffd8eeb0000 - 0x00007ffd8eecf000 	C:\WINDOWS\SYSTEM32\dhcpcsvc.DLL
0x00007ffd95270000 - 0x00007ffd95372000 	C:\WINDOWS\SYSTEM32\DNSAPI.dll

dbghelp: loaded successfully - version: 4.0.5 - missing functions: none
symbol engine: initialized successfully - sym options: 0x614 - pdb path: .;C:\Program Files\Java\jdk-17\bin;C:\WINDOWS\SYSTEM32;C:\WINDOWS\WinSxS\amd64_microsoft.windows.common-controls_6595b64144ccf1df_6.0.22621.4541_none_2710d1c57384c085;C:\Program Files\Java\jdk-17\bin\server;D:\apache-maven-3.8.6\lib\jansi-native\Windows\x86_64

VM Arguments:
jvm_args: -Dclassworlds.conf=D:\apache-maven-3.8.6\bin\m2.conf -Dmaven.home=D:\apache-maven-3.8.6 -Dlibrary.jansi.path=D:\apache-maven-3.8.6\lib\jansi-native -Dmaven.multiModuleProjectDirectory=D:\soum21Juin2022\MyProject\EcoleVie\mic-gestion-ecole-api 
java_command: org.codehaus.plexus.classworlds.launcher.Launcher clean quarkus:dev
java_class_path (initial): D:\apache-maven-3.8.6\boot\plexus-classworlds-2.6.0.jar
Launcher Type: SUN_STANDARD

[Global flags]
     intx CICompilerCount                          = 4                                         {product} {ergonomic}
     uint ConcGCThreads                            = 2                                         {product} {ergonomic}
     uint G1ConcRefinementThreads                  = 8                                         {product} {ergonomic}
   size_t G1HeapRegionSize                         = 2097152                                   {product} {ergonomic}
    uintx GCDrainStackTargetSize                   = 64                                        {product} {ergonomic}
   size_t InitialHeapSize                          = 264241152                                 {product} {ergonomic}
   size_t MarkStackSize                            = 4194304                                   {product} {ergonomic}
   size_t MaxHeapSize                              = 4213178368                                {product} {ergonomic}
   size_t MaxNewSize                               = 2527068160                                {product} {ergonomic}
   size_t MinHeapDeltaBytes                        = 2097152                                   {product} {ergonomic}
   size_t MinHeapSize                              = 8388608                                   {product} {ergonomic}
    uintx NonNMethodCodeHeapSize                   = 5839372                                {pd product} {ergonomic}
    uintx NonProfiledCodeHeapSize                  = 122909434                              {pd product} {ergonomic}
    uintx ProfiledCodeHeapSize                     = 122909434                              {pd product} {ergonomic}
    uintx ReservedCodeCacheSize                    = 251658240                              {pd product} {ergonomic}
     bool SegmentedCodeCache                       = true                                      {product} {ergonomic}
   size_t SoftMaxHeapSize                          = 4213178368                             {manageable} {ergonomic}
     bool UseCompressedClassPointers               = true                           {product lp64_product} {ergonomic}
     bool UseCompressedOops                        = true                           {product lp64_product} {ergonomic}
     bool UseG1GC                                  = true                                      {product} {ergonomic}
     bool UseLargePagesIndividualAllocation        = false                                  {pd product} {ergonomic}

Logging:
Log output configuration:
 #0: stdout all=warning uptime,level,tags
 #1: stderr all=off uptime,level,tags

Environment Variables:
JAVA_HOME=C:\Program Files\Java\jdk-17
PATH=C:\Program Files\Java\jdk-17\bin;C:\oraclexe\app\oracle\product\11.2.0\server\bin;C:\Program Files\Common Files\Oracle\Java\javapath;C:\Program Files (x86)\Common Files\Oracle\Java\javapath;C:\WINDOWS\system32;C:\WINDOWS;C:\WINDOWS\System32\Wbem;C:\WINDOWS\System32\WindowsPowerShell\v1.0\;C:\WINDOWS\System32\OpenSSH\;%M2_HOME%;%M2%;D:\apache-maven-3.8.6\bin;C:\Program Files\Git\cmd;C:\Users\HP\AppData\Roaming\npm;D:\wildfly-26.1.2.Final;C:\Program Files (x86)\Google\Cloud SDK\google-cloud-sdk\bin;C:\Users\HP\AppData\Roaming\nvm;C:\Program Files\nodejs;D:\XAMP\php;D:\ComposerSetup;C:\Program Files\nodejs;C:\Program Files\OpenSSL-Win64\bin;C:\Program Files\Git LFS;C:\Program Files\nodejs\;C:\Users\HP\AppData\Local\Programs\Python\Python312\;C:\Users\HP\AppData\Local\Programs\Python\Python312\Scripts\;;C:\Program Files\Docker\Docker\resources\bin;C:\Users\HP\AppData\Local\Programs\Python\Python312\Scripts\;C:\Users\HP\AppData\Local\Programs\Python\Python312\;C:\Users\HP\AppData\Local\Microsoft\WindowsApps;C:\Users\HP\AppData\Local\Programs\Microsoft VS Code\bin;"C:\Program Files\Git\bin\git.exe;C:\Program Files\Git\cmd";C:\Program Files\Java\jre1.8.0_341\bin;C:\Users\HP\AppData\Local\Android\Sdk\platform-tools;C:\Users\HP\AppData\Roaming\nvm;C:\Program Files\nodejs;C:\Users\HP\AppData\Roaming\Composer\vendor\bin;C:\Program Files\JetBrains\PyCharm Community Edition 2022.3.1\bin;;C:\Program Files\JetBrains\IntelliJ IDEA 2024.1\bin;;C:\Users\HP\AppData\Roaming\npm
USERNAME=HP
OS=Windows_NT
PROCESSOR_IDENTIFIER=Intel64 Family 6 Model 140 Stepping 1, GenuineIntel



---------------  S Y S T E M  ---------------

OS:
 Windows 11 , 64 bit Build 22621 (10.0.22621.4391)
OS uptime: 2 days 6:25 hours
Hyper-V role detected

CPU: total 8 (initial active 8) (4 cores per cpu, 2 threads per core) family 6 model 140 stepping 1 microcode 0xb8, cx8, cmov, fxsr, ht, mmx, 3dnowpref, sse, sse2, sse3, ssse3, sse4.1, sse4.2, popcnt, lzcnt, tsc, tscinvbit, avx, avx2, aes, erms, clmul, bmi1, bmi2, adx, avx512f, avx512dq, avx512cd, avx512bw, avx512vl, sha, fma, vzeroupper, avx512_vpopcntdq, avx512_vpclmulqdq, avx512_vaes, avx512_vnni, clflush, clflushopt, clwb, avx512_vbmi2, avx512_vbmi, hv

Memory: 4k page, system-wide physical 16064M (228M free)
TotalPageFile size 48731M (AvailPageFile size 60M)
current process WorkingSet (physical memory assigned to process): 465M, peak: 468M
current process commit charge ("private bytes"): 506M, peak: 568M

vm_info: Java HotSpot(TM) 64-Bit Server VM (17.0.6+9-LTS-190) for windows-amd64 JRE (17.0.6+9-LTS-190), built on Dec  6 2022 15:53:54 by "mach5one" with MS VC++ 17.1 (VS2022)

END.
