#
# There is insufficient memory for the Java Runtime Environment to continue.
# Native memory allocation (mmap) failed to map 138412032 bytes for G1 virtual space
# Possible reasons:
#   The system is out of physical RAM or swap space
#   The process is running with CompressedOops enabled, and the Java Heap may be blocking the growth of the native heap
# Possible solutions:
#   Reduce memory load on the system
#   Increase physical memory or swap space
#   Check if swap backing store is full
#   Decrease Java heap size (-Xmx/-Xms)
#   Decrease number of Java threads
#   Decrease Java thread stack sizes (-Xss)
#   Set larger code cache with -XX:ReservedCodeCacheSize=
#   JVM is running with Zero Based Compressed Oops mode in which the Java heap is
#     placed in the first 32GB address space. The Java Heap base address is the
#     maximum limit for the native heap growth. Please use -XX:HeapBaseMinAddress
#     to set the Java Heap base and to place the Java Heap above 32GB virtual address.
# This output file may be truncated or incomplete.
#
#  Out of Memory Error (os_windows.cpp:3550), pid=2592, tid=23152
#
# JRE version: Java(TM) SE Runtime Environment (17.0.6+9) (build 17.0.6+9-LTS-190)
# Java VM: Java HotSpot(TM) 64-Bit Server VM (17.0.6+9-LTS-190, mixed mode, emulated-client, sharing, tiered, compressed oops, compressed class ptrs, g1 gc, windows-amd64)
# No core dump will be written. Minidumps are not enabled by default on client versions of Windows
#

---------------  S U M M A R Y ------------

Command Line: -Dio.quarkus.force-color-support=true -Dquarkus-internal.serialized-app-model.path=D:\soum21Juin2022\MyProject\EcoleVie\mic-gestion-ecole-api\target\quarkus\bootstrap\dev-app-model.dat -javaagent:C:\Users\HP\.m2\repository\io\quarkus\quarkus-class-change-agent\2.15.0.Final\quarkus-class-change-agent-2.15.0.Final.jar -XX:TieredStopAtLevel=1 -Djava.util.logging.manager=org.jboss.logmanager.LogManager D:\soum21Juin2022\MyProject\EcoleVie\mic-gestion-ecole-api\target\mic-gestion-ecole-api-dev.jar

Host: 11th Gen Intel(R) Core(TM) i7-1165G7 @ 2.80GHz, 8 cores, 15G,  Windows 11 , 64 bit Build 22621 (10.0.22621.4830)
Time: Tue Feb 25 20:05:25 2025 Greenwich elapsed time: 1.020266 seconds (0d 0h 0m 1s)

---------------  T H R E A D  ---------------

Current thread (0x00000193fc5f43f0):  VMThread "VM Thread" [stack: 0x0000003489f00000,0x000000348a000000] [id=23152]

Stack: [0x0000003489f00000,0x000000348a000000]
Native frames: (J=compiled Java code, j=interpreted, Vv=VM code, C=native code)
V  [jvm.dll+0x6734ea]
V  [jvm.dll+0x7d18f4]
V  [jvm.dll+0x7d309e]
V  [jvm.dll+0x7d3703]
V  [jvm.dll+0x2433c5]
V  [jvm.dll+0x6703f9]
V  [jvm.dll+0x664d32]
V  [jvm.dll+0x300086]
V  [jvm.dll+0x307606]
V  [jvm.dll+0x356c1e]
V  [jvm.dll+0x356e4f]
V  [jvm.dll+0x2d72e8]
V  [jvm.dll+0x2d57e5]
V  [jvm.dll+0x2d4dec]
V  [jvm.dll+0x31837b]
V  [jvm.dll+0x7d7f0b]
V  [jvm.dll+0x7d8c44]
V  [jvm.dll+0x7d915d]
V  [jvm.dll+0x7d9534]
V  [jvm.dll+0x7d9600]
V  [jvm.dll+0x781a7a]
V  [jvm.dll+0x672375]
C  [ucrtbase.dll+0x29333]
C  [KERNEL32.DLL+0x1259d]
C  [ntdll.dll+0x5af38]

VM_Operation (0x00000034899fdde0): G1CollectForAllocation, mode: safepoint, requested by thread 0x00000193e5c37ce0


---------------  P R O C E S S  ---------------

Threads class SMR info:
_java_thread_list=0x00000193fe8fd960, length=15, elements={
0x00000193e5c37ce0, 0x00000193fc5f7d90, 0x00000193fc5f9860, 0x00000193fc60f4c0,
0x00000193fc613ea0, 0x00000193fc614760, 0x00000193fc615020, 0x00000193fc615990,
0x00000193fc616290, 0x00000193fc5e3cc0, 0x00000193fd0e46e0, 0x00000193fd0e4bf0,
0x00000193fd0fd0d0, 0x00000193fd5523b0, 0x00000193fd1413f0
}

Java Threads: ( => current thread )
  0x00000193e5c37ce0 JavaThread "main" [_thread_blocked, id=18224, stack(0x0000003489900000,0x0000003489a00000)]
  0x00000193fc5f7d90 JavaThread "Reference Handler" daemon [_thread_blocked, id=18776, stack(0x000000348a000000,0x000000348a100000)]
  0x00000193fc5f9860 JavaThread "Finalizer" daemon [_thread_blocked, id=23048, stack(0x000000348a100000,0x000000348a200000)]
  0x00000193fc60f4c0 JavaThread "Signal Dispatcher" daemon [_thread_blocked, id=10612, stack(0x000000348a200000,0x000000348a300000)]
  0x00000193fc613ea0 JavaThread "Attach Listener" daemon [_thread_blocked, id=21212, stack(0x000000348a300000,0x000000348a400000)]
  0x00000193fc614760 JavaThread "Service Thread" daemon [_thread_blocked, id=17672, stack(0x000000348a400000,0x000000348a500000)]
  0x00000193fc615020 JavaThread "Monitor Deflation Thread" daemon [_thread_blocked, id=13108, stack(0x000000348a500000,0x000000348a600000)]
  0x00000193fc615990 JavaThread "C1 CompilerThread0" daemon [_thread_blocked, id=9188, stack(0x000000348a600000,0x000000348a700000)]
  0x00000193fc616290 JavaThread "Sweeper thread" daemon [_thread_blocked, id=21844, stack(0x000000348a700000,0x000000348a800000)]
  0x00000193fc5e3cc0 JavaThread "Common-Cleaner" daemon [_thread_blocked, id=8988, stack(0x000000348a800000,0x000000348a900000)]
  0x00000193fd0e46e0 JavaThread "C1 CompilerThread1" daemon [_thread_blocked, id=22256, stack(0x000000348a900000,0x000000348aa00000)]
  0x00000193fd0e4bf0 JavaThread "C1 CompilerThread2" daemon [_thread_blocked, id=21144, stack(0x000000348aa00000,0x000000348ab00000)]
  0x00000193fd0fd0d0 JavaThread "C1 CompilerThread3" daemon [_thread_blocked, id=3092, stack(0x000000348ab00000,0x000000348ac00000)]
  0x00000193fd5523b0 JavaThread "Notification Thread" daemon [_thread_blocked, id=19788, stack(0x000000348ac00000,0x000000348ad00000)]
  0x00000193fd1413f0 JavaThread "Quarkus Devmode keep alive thread" [_thread_blocked, id=3956, stack(0x000000348b700000,0x000000348b800000)]

Other Threads:
=>0x00000193fc5f43f0 VMThread "VM Thread" [stack: 0x0000003489f00000,0x000000348a000000] [id=23152]
  0x00000193e5c38800 WatcherThread [stack: 0x000000348ad00000,0x000000348ae00000] [id=20884]
  0x00000193e5ca3530 GCTaskThread "GC Thread#0" [stack: 0x0000003489a00000,0x0000003489b00000] [id=22424]
  0x00000193fd8909b0 GCTaskThread "GC Thread#1" [stack: 0x000000348ae00000,0x000000348af00000] [id=2600]
  0x00000193fd890c60 GCTaskThread "GC Thread#2" [stack: 0x000000348af00000,0x000000348b000000] [id=3880]
  0x00000193fd890f10 GCTaskThread "GC Thread#3" [stack: 0x000000348b000000,0x000000348b100000] [id=14116]
  0x00000193fd8911c0 GCTaskThread "GC Thread#4" [stack: 0x000000348b100000,0x000000348b200000] [id=13816]
  0x00000193fd891470 GCTaskThread "GC Thread#5" [stack: 0x000000348b200000,0x000000348b300000] [id=16316]
  0x00000193e5cb3ea0 ConcurrentGCThread "G1 Main Marker" [stack: 0x0000003489b00000,0x0000003489c00000] [id=10288]
  0x00000193e5cb57d0 ConcurrentGCThread "G1 Conc#0" [stack: 0x0000003489c00000,0x0000003489d00000] [id=14848]
  0x00000193fc4b34f0 ConcurrentGCThread "G1 Refine#0" [stack: 0x0000003489d00000,0x0000003489e00000] [id=22780]
  0x00000193fd896f00 ConcurrentGCThread "G1 Refine#1" [stack: 0x000000348b300000,0x000000348b400000] [id=23540]
  0x00000193fd7fe0d0 ConcurrentGCThread "G1 Refine#2" [stack: 0x000000348b400000,0x000000348b500000] [id=6776]
  0x00000193fd88bed0 ConcurrentGCThread "G1 Refine#3" [stack: 0x000000348b500000,0x000000348b600000] [id=5920]
  0x00000193fd88d600 ConcurrentGCThread "G1 Refine#4" [stack: 0x000000348b600000,0x000000348b700000] [id=3896]
  0x00000193fc4b3e20 ConcurrentGCThread "G1 Service" [stack: 0x0000003489e00000,0x0000003489f00000] [id=20832]

Threads with active compile tasks:

VM state: at safepoint (normal execution)

VM Mutex/Monitor currently owned by a thread:  ([mutex/lock_event])
[0x00000193e5c343c0] Threads_lock - owner thread: 0x00000193fc5f43f0
[0x00000193e5c34c30] Heap_lock - owner thread: 0x00000193e5c37ce0

Heap address: 0x0000000704e00000, size: 4018 MB, Compressed Oops mode: Zero based, Oop shift amount: 3

CDS archive(s) mapped at: [0x0000000800000000-0x0000000800bd0000-0x0000000800bd0000), size 12386304, SharedBaseAddress: 0x0000000800000000, ArchiveRelocationMode: 0.
Compressed class space mapped at: 0x0000000800c00000-0x0000000840c00000, reserved size: 1073741824
Narrow klass base: 0x0000000800000000, Narrow klass shift: 0, Narrow klass range: 0x100000000

GC Precious Log:
 CPUs: 8 total, 8 available
 Memory: 16064M
 Large Page Support: Disabled
 NUMA Support: Disabled
 Compressed Oops: Enabled (Zero based)
 Heap Region Size: 2M
 Heap Min Capacity: 8M
 Heap Initial Capacity: 252M
 Heap Max Capacity: 4018M
 Pre-touch: Disabled
 Parallel Workers: 8
 Concurrent Workers: 2
 Concurrent Refinement Workers: 8
 Periodic GC: Disabled

Heap:
 garbage-first heap   total 258048K, used 73197K [0x0000000704e00000, 0x0000000800000000)
  region size 2048K, 6 young (12288K), 6 survivors (12288K)
 Metaspace       used 3957K, committed 4224K, reserved 1056768K
  class space    used 488K, committed 640K, reserved 1048576K

Heap Regions: E=young(eden), S=young(survivor), O=old, HS=humongous(starts), HC=humongous(continues), CS=collection set, F=free, OA=open archive, CA=closed archive, TAMS=top-at-mark-start (previous, next)
|   0|0x0000000704e00000, 0x0000000705000000, 0x0000000705000000|100%| O|  |TAMS 0x0000000704e00000, 0x0000000704e00000| Untracked 
|   1|0x0000000705000000, 0x0000000705200000, 0x0000000705200000|100%| O|  |TAMS 0x0000000705000000, 0x0000000705000000| Untracked 
|   2|0x0000000705200000, 0x0000000705400000, 0x0000000705400000|100%| O|  |TAMS 0x0000000705200000, 0x0000000705200000| Untracked 
|   3|0x0000000705400000, 0x0000000705600000, 0x0000000705600000|100%| O|  |TAMS 0x0000000705400000, 0x0000000705400000| Untracked 
|   4|0x0000000705600000, 0x0000000705800000, 0x0000000705800000|100%| O|  |TAMS 0x0000000705600000, 0x0000000705600000| Untracked 
|   5|0x0000000705800000, 0x0000000705a00000, 0x0000000705a00000|100%| O|  |TAMS 0x0000000705800000, 0x0000000705800000| Untracked 
|   6|0x0000000705a00000, 0x0000000705c00000, 0x0000000705c00000|100%| O|  |TAMS 0x0000000705a00000, 0x0000000705a00000| Untracked 
|   7|0x0000000705c00000, 0x0000000705e00000, 0x0000000705e00000|100%| O|  |TAMS 0x0000000705c00000, 0x0000000705c00000| Untracked 
|   8|0x0000000705e00000, 0x0000000706000000, 0x0000000706000000|100%| O|  |TAMS 0x0000000705e00000, 0x0000000705e00000| Untracked 
|   9|0x0000000706000000, 0x0000000706200000, 0x0000000706200000|100%| O|  |TAMS 0x0000000706000000, 0x0000000706000000| Untracked 
|  10|0x0000000706200000, 0x0000000706400000, 0x0000000706400000|100%| O|  |TAMS 0x0000000706200000, 0x0000000706200000| Untracked 
|  11|0x0000000706400000, 0x0000000706600000, 0x0000000706600000|100%| O|  |TAMS 0x0000000706400000, 0x0000000706400000| Untracked 
|  12|0x0000000706600000, 0x0000000706800000, 0x0000000706800000|100%|HS|  |TAMS 0x0000000706600000, 0x0000000706600000| Complete 
|  13|0x0000000706800000, 0x0000000706a00000, 0x0000000706a00000|100%| O|  |TAMS 0x0000000706800000, 0x0000000706800000| Untracked 
|  14|0x0000000706a00000, 0x0000000706c00000, 0x0000000706c00000|100%| O|  |TAMS 0x0000000706a00000, 0x0000000706a00000| Untracked 
|  15|0x0000000706c00000, 0x0000000706e00000, 0x0000000706e00000|100%| O|  |TAMS 0x0000000706c00000, 0x0000000706c00000| Untracked 
|  16|0x0000000706e00000, 0x0000000707000000, 0x0000000707000000|100%| O|  |TAMS 0x0000000706e00000, 0x0000000706e00000| Untracked 
|  17|0x0000000707000000, 0x0000000707200000, 0x0000000707200000|100%| O|  |TAMS 0x0000000707000000, 0x0000000707000000| Untracked 
|  18|0x0000000707200000, 0x0000000707400000, 0x0000000707400000|100%| O|  |TAMS 0x0000000707200000, 0x0000000707200000| Untracked 
|  19|0x0000000707400000, 0x0000000707600000, 0x0000000707600000|100%| O|  |TAMS 0x0000000707400000, 0x0000000707400000| Untracked 
|  20|0x0000000707600000, 0x0000000707800000, 0x0000000707800000|100%| O|  |TAMS 0x0000000707600000, 0x0000000707600000| Untracked 
|  21|0x0000000707800000, 0x0000000707a00000, 0x0000000707a00000|100%| O|  |TAMS 0x0000000707800000, 0x0000000707800000| Untracked 
|  22|0x0000000707a00000, 0x0000000707c00000, 0x0000000707c00000|100%| O|  |TAMS 0x0000000707a00000, 0x0000000707a00000| Untracked 
|  23|0x0000000707c00000, 0x0000000707e00000, 0x0000000707e00000|100%| O|  |TAMS 0x0000000707c00000, 0x0000000707c00000| Untracked 
|  24|0x0000000707e00000, 0x0000000708000000, 0x0000000708000000|100%| O|  |TAMS 0x0000000707e00000, 0x0000000707e00000| Untracked 
|  25|0x0000000708000000, 0x0000000708200000, 0x0000000708200000|100%| O|  |TAMS 0x0000000708000000, 0x0000000708000000| Untracked 
|  26|0x0000000708200000, 0x0000000708400000, 0x0000000708400000|100%| O|  |TAMS 0x0000000708200000, 0x0000000708200000| Untracked 
|  27|0x0000000708400000, 0x0000000708600000, 0x0000000708600000|100%| O|  |TAMS 0x0000000708400000, 0x0000000708400000| Untracked 
|  28|0x0000000708600000, 0x0000000708800000, 0x0000000708800000|100%| O|  |TAMS 0x0000000708600000, 0x0000000708600000| Untracked 
|  29|0x0000000708800000, 0x000000070897b400, 0x0000000708a00000| 74%| O|  |TAMS 0x0000000708800000, 0x0000000708800000| Untracked 
|  30|0x0000000708a00000, 0x0000000708a00000, 0x0000000708c00000|  0%| F|  |TAMS 0x0000000708a00000, 0x0000000708a00000| Untracked 
|  31|0x0000000708c00000, 0x0000000708c00000, 0x0000000708e00000|  0%| F|  |TAMS 0x0000000708c00000, 0x0000000708c00000| Untracked 
|  32|0x0000000708e00000, 0x0000000708e00000, 0x0000000709000000|  0%| F|  |TAMS 0x0000000708e00000, 0x0000000708e00000| Untracked 
|  33|0x0000000709000000, 0x0000000709000000, 0x0000000709200000|  0%| F|  |TAMS 0x0000000709000000, 0x0000000709000000| Untracked 
|  34|0x0000000709200000, 0x0000000709200000, 0x0000000709400000|  0%| F|  |TAMS 0x0000000709200000, 0x0000000709200000| Untracked 
|  35|0x0000000709400000, 0x0000000709400000, 0x0000000709600000|  0%| F|  |TAMS 0x0000000709400000, 0x0000000709400000| Untracked 
|  36|0x0000000709600000, 0x0000000709600000, 0x0000000709800000|  0%| F|  |TAMS 0x0000000709600000, 0x0000000709600000| Untracked 
|  37|0x0000000709800000, 0x0000000709800000, 0x0000000709a00000|  0%| F|  |TAMS 0x0000000709800000, 0x0000000709800000| Untracked 
|  38|0x0000000709a00000, 0x0000000709a00000, 0x0000000709c00000|  0%| F|  |TAMS 0x0000000709a00000, 0x0000000709a00000| Untracked 
|  39|0x0000000709c00000, 0x0000000709c00000, 0x0000000709e00000|  0%| F|  |TAMS 0x0000000709c00000, 0x0000000709c00000| Untracked 
|  40|0x0000000709e00000, 0x0000000709e00000, 0x000000070a000000|  0%| F|  |TAMS 0x0000000709e00000, 0x0000000709e00000| Untracked 
|  41|0x000000070a000000, 0x000000070a000000, 0x000000070a200000|  0%| F|  |TAMS 0x000000070a000000, 0x000000070a000000| Untracked 
|  42|0x000000070a200000, 0x000000070a200000, 0x000000070a400000|  0%| F|  |TAMS 0x000000070a200000, 0x000000070a200000| Untracked 
|  43|0x000000070a400000, 0x000000070a400000, 0x000000070a600000|  0%| F|  |TAMS 0x000000070a400000, 0x000000070a400000| Untracked 
|  44|0x000000070a600000, 0x000000070a600000, 0x000000070a800000|  0%| F|  |TAMS 0x000000070a600000, 0x000000070a600000| Untracked 
|  45|0x000000070a800000, 0x000000070a800000, 0x000000070aa00000|  0%| F|  |TAMS 0x000000070a800000, 0x000000070a800000| Untracked 
|  46|0x000000070aa00000, 0x000000070aa00000, 0x000000070ac00000|  0%| F|  |TAMS 0x000000070aa00000, 0x000000070aa00000| Untracked 
|  47|0x000000070ac00000, 0x000000070ac00000, 0x000000070ae00000|  0%| F|  |TAMS 0x000000070ac00000, 0x000000070ac00000| Untracked 
|  48|0x000000070ae00000, 0x000000070ae00000, 0x000000070b000000|  0%| F|  |TAMS 0x000000070ae00000, 0x000000070ae00000| Untracked 
|  49|0x000000070b000000, 0x000000070b000000, 0x000000070b200000|  0%| F|  |TAMS 0x000000070b000000, 0x000000070b000000| Untracked 
|  50|0x000000070b200000, 0x000000070b200000, 0x000000070b400000|  0%| F|  |TAMS 0x000000070b200000, 0x000000070b200000| Untracked 
|  51|0x000000070b400000, 0x000000070b400000, 0x000000070b600000|  0%| F|  |TAMS 0x000000070b400000, 0x000000070b400000| Untracked 
|  52|0x000000070b600000, 0x000000070b600000, 0x000000070b800000|  0%| F|  |TAMS 0x000000070b600000, 0x000000070b600000| Untracked 
|  53|0x000000070b800000, 0x000000070b800000, 0x000000070ba00000|  0%| F|  |TAMS 0x000000070b800000, 0x000000070b800000| Untracked 
|  54|0x000000070ba00000, 0x000000070ba00000, 0x000000070bc00000|  0%| F|  |TAMS 0x000000070ba00000, 0x000000070ba00000| Untracked 
|  55|0x000000070bc00000, 0x000000070bc00000, 0x000000070be00000|  0%| F|  |TAMS 0x000000070bc00000, 0x000000070bc00000| Untracked 
|  56|0x000000070be00000, 0x000000070be00000, 0x000000070c000000|  0%| F|  |TAMS 0x000000070be00000, 0x000000070be00000| Untracked 
|  57|0x000000070c000000, 0x000000070c000000, 0x000000070c200000|  0%| F|  |TAMS 0x000000070c000000, 0x000000070c000000| Untracked 
|  58|0x000000070c200000, 0x000000070c200000, 0x000000070c400000|  0%| F|  |TAMS 0x000000070c200000, 0x000000070c200000| Untracked 
|  59|0x000000070c400000, 0x000000070c400000, 0x000000070c600000|  0%| F|  |TAMS 0x000000070c400000, 0x000000070c400000| Untracked 
|  60|0x000000070c600000, 0x000000070c600000, 0x000000070c800000|  0%| F|  |TAMS 0x000000070c600000, 0x000000070c600000| Untracked 
|  61|0x000000070c800000, 0x000000070c800000, 0x000000070ca00000|  0%| F|  |TAMS 0x000000070c800000, 0x000000070c800000| Untracked 
|  62|0x000000070ca00000, 0x000000070ca00000, 0x000000070cc00000|  0%| F|  |TAMS 0x000000070ca00000, 0x000000070ca00000| Untracked 
|  63|0x000000070cc00000, 0x000000070cc00000, 0x000000070ce00000|  0%| F|  |TAMS 0x000000070cc00000, 0x000000070cc00000| Untracked 
|  64|0x000000070ce00000, 0x000000070ce00000, 0x000000070d000000|  0%| F|  |TAMS 0x000000070ce00000, 0x000000070ce00000| Untracked 
|  65|0x000000070d000000, 0x000000070d000000, 0x000000070d200000|  0%| F|  |TAMS 0x000000070d000000, 0x000000070d000000| Untracked 
|  66|0x000000070d200000, 0x000000070d200000, 0x000000070d400000|  0%| F|  |TAMS 0x000000070d200000, 0x000000070d200000| Untracked 
|  67|0x000000070d400000, 0x000000070d400000, 0x000000070d600000|  0%| F|  |TAMS 0x000000070d400000, 0x000000070d400000| Untracked 
|  68|0x000000070d600000, 0x000000070d600000, 0x000000070d800000|  0%| F|  |TAMS 0x000000070d600000, 0x000000070d600000| Untracked 
|  69|0x000000070d800000, 0x000000070d800000, 0x000000070da00000|  0%| F|  |TAMS 0x000000070d800000, 0x000000070d800000| Untracked 
|  70|0x000000070da00000, 0x000000070da00000, 0x000000070dc00000|  0%| F|  |TAMS 0x000000070da00000, 0x000000070da00000| Untracked 
|  71|0x000000070dc00000, 0x000000070dc00000, 0x000000070de00000|  0%| F|  |TAMS 0x000000070dc00000, 0x000000070dc00000| Untracked 
|  72|0x000000070de00000, 0x000000070de00000, 0x000000070e000000|  0%| F|  |TAMS 0x000000070de00000, 0x000000070de00000| Untracked 
|  73|0x000000070e000000, 0x000000070e000000, 0x000000070e200000|  0%| F|  |TAMS 0x000000070e000000, 0x000000070e000000| Untracked 
|  74|0x000000070e200000, 0x000000070e200000, 0x000000070e400000|  0%| F|  |TAMS 0x000000070e200000, 0x000000070e200000| Untracked 
|  75|0x000000070e400000, 0x000000070e400000, 0x000000070e600000|  0%| F|  |TAMS 0x000000070e400000, 0x000000070e400000| Untracked 
|  76|0x000000070e600000, 0x000000070e600000, 0x000000070e800000|  0%| F|  |TAMS 0x000000070e600000, 0x000000070e600000| Untracked 
|  77|0x000000070e800000, 0x000000070e800000, 0x000000070ea00000|  0%| F|  |TAMS 0x000000070e800000, 0x000000070e800000| Untracked 
|  78|0x000000070ea00000, 0x000000070ec00000, 0x000000070ec00000|100%| S|CS|TAMS 0x000000070ea00000, 0x000000070ea00000| Complete 
|  79|0x000000070ec00000, 0x000000070ee00000, 0x000000070ee00000|100%| S|CS|TAMS 0x000000070ec00000, 0x000000070ec00000| Complete 
|  80|0x000000070ee00000, 0x000000070f000000, 0x000000070f000000|100%| S|CS|TAMS 0x000000070ee00000, 0x000000070ee00000| Complete 
|  81|0x000000070f000000, 0x000000070f200000, 0x000000070f200000|100%| S|CS|TAMS 0x000000070f000000, 0x000000070f000000| Complete 
|  82|0x000000070f200000, 0x000000070f400000, 0x000000070f400000|100%| S|CS|TAMS 0x000000070f200000, 0x000000070f200000| Complete 
|  83|0x000000070f400000, 0x000000070f600000, 0x000000070f600000|100%| S|CS|TAMS 0x000000070f400000, 0x000000070f400000| Complete 
|  84|0x000000070f600000, 0x000000070f600000, 0x000000070f800000|  0%| F|  |TAMS 0x000000070f600000, 0x000000070f600000| Untracked 
|  85|0x000000070f800000, 0x000000070f800000, 0x000000070fa00000|  0%| F|  |TAMS 0x000000070f800000, 0x000000070f800000| Untracked 
|  86|0x000000070fa00000, 0x000000070fa00000, 0x000000070fc00000|  0%| F|  |TAMS 0x000000070fa00000, 0x000000070fa00000| Untracked 
|  87|0x000000070fc00000, 0x000000070fc00000, 0x000000070fe00000|  0%| F|  |TAMS 0x000000070fc00000, 0x000000070fc00000| Untracked 
|  88|0x000000070fe00000, 0x000000070fe00000, 0x0000000710000000|  0%| F|  |TAMS 0x000000070fe00000, 0x000000070fe00000| Untracked 
|  89|0x0000000710000000, 0x0000000710000000, 0x0000000710200000|  0%| F|  |TAMS 0x0000000710000000, 0x0000000710000000| Untracked 
|  90|0x0000000710200000, 0x0000000710200000, 0x0000000710400000|  0%| F|  |TAMS 0x0000000710200000, 0x0000000710200000| Untracked 
|  91|0x0000000710400000, 0x0000000710400000, 0x0000000710600000|  0%| F|  |TAMS 0x0000000710400000, 0x0000000710400000| Untracked 
|  92|0x0000000710600000, 0x0000000710600000, 0x0000000710800000|  0%| F|  |TAMS 0x0000000710600000, 0x0000000710600000| Untracked 
|  93|0x0000000710800000, 0x0000000710800000, 0x0000000710a00000|  0%| F|  |TAMS 0x0000000710800000, 0x0000000710800000| Untracked 
|  94|0x0000000710a00000, 0x0000000710a00000, 0x0000000710c00000|  0%| F|  |TAMS 0x0000000710a00000, 0x0000000710a00000| Untracked 
|  95|0x0000000710c00000, 0x0000000710c00000, 0x0000000710e00000|  0%| F|  |TAMS 0x0000000710c00000, 0x0000000710c00000| Untracked 
|  96|0x0000000710e00000, 0x0000000710e00000, 0x0000000711000000|  0%| F|  |TAMS 0x0000000710e00000, 0x0000000710e00000| Untracked 
|  97|0x0000000711000000, 0x0000000711000000, 0x0000000711200000|  0%| F|  |TAMS 0x0000000711000000, 0x0000000711000000| Untracked 
|  98|0x0000000711200000, 0x0000000711200000, 0x0000000711400000|  0%| F|  |TAMS 0x0000000711200000, 0x0000000711200000| Untracked 
|  99|0x0000000711400000, 0x0000000711400000, 0x0000000711600000|  0%| F|  |TAMS 0x0000000711400000, 0x0000000711400000| Untracked 
| 100|0x0000000711600000, 0x0000000711600000, 0x0000000711800000|  0%| F|  |TAMS 0x0000000711600000, 0x0000000711600000| Untracked 
| 101|0x0000000711800000, 0x0000000711800000, 0x0000000711a00000|  0%| F|  |TAMS 0x0000000711800000, 0x0000000711800000| Untracked 
| 102|0x0000000711a00000, 0x0000000711a00000, 0x0000000711c00000|  0%| F|  |TAMS 0x0000000711a00000, 0x0000000711a00000| Untracked 
| 103|0x0000000711c00000, 0x0000000711c00000, 0x0000000711e00000|  0%| F|  |TAMS 0x0000000711c00000, 0x0000000711c00000| Untracked 
| 104|0x0000000711e00000, 0x0000000711e00000, 0x0000000712000000|  0%| F|  |TAMS 0x0000000711e00000, 0x0000000711e00000| Untracked 
| 105|0x0000000712000000, 0x0000000712000000, 0x0000000712200000|  0%| F|  |TAMS 0x0000000712000000, 0x0000000712000000| Untracked 
| 106|0x0000000712200000, 0x0000000712200000, 0x0000000712400000|  0%| F|  |TAMS 0x0000000712200000, 0x0000000712200000| Untracked 
| 107|0x0000000712400000, 0x0000000712400000, 0x0000000712600000|  0%| F|  |TAMS 0x0000000712400000, 0x0000000712400000| Untracked 
| 108|0x0000000712600000, 0x0000000712600000, 0x0000000712800000|  0%| F|  |TAMS 0x0000000712600000, 0x0000000712600000| Untracked 
| 109|0x0000000712800000, 0x0000000712800000, 0x0000000712a00000|  0%| F|  |TAMS 0x0000000712800000, 0x0000000712800000| Untracked 
| 110|0x0000000712a00000, 0x0000000712a00000, 0x0000000712c00000|  0%| F|  |TAMS 0x0000000712a00000, 0x0000000712a00000| Untracked 
| 111|0x0000000712c00000, 0x0000000712c00000, 0x0000000712e00000|  0%| F|  |TAMS 0x0000000712c00000, 0x0000000712c00000| Untracked 
| 112|0x0000000712e00000, 0x0000000712e00000, 0x0000000713000000|  0%| F|  |TAMS 0x0000000712e00000, 0x0000000712e00000| Untracked 
| 113|0x0000000713000000, 0x0000000713000000, 0x0000000713200000|  0%| F|  |TAMS 0x0000000713000000, 0x0000000713000000| Untracked 
| 114|0x0000000713200000, 0x0000000713200000, 0x0000000713400000|  0%| F|  |TAMS 0x0000000713200000, 0x0000000713200000| Untracked 
| 115|0x0000000713400000, 0x0000000713400000, 0x0000000713600000|  0%| F|  |TAMS 0x0000000713400000, 0x0000000713400000| Untracked 
| 116|0x0000000713600000, 0x0000000713600000, 0x0000000713800000|  0%| F|  |TAMS 0x0000000713600000, 0x0000000713600000| Untracked 
| 117|0x0000000713800000, 0x0000000713800000, 0x0000000713a00000|  0%| F|  |TAMS 0x0000000713800000, 0x0000000713800000| Untracked 
| 118|0x0000000713a00000, 0x0000000713a00000, 0x0000000713c00000|  0%| F|  |TAMS 0x0000000713a00000, 0x0000000713a00000| Untracked 
| 119|0x0000000713c00000, 0x0000000713c00000, 0x0000000713e00000|  0%| F|  |TAMS 0x0000000713c00000, 0x0000000713c00000| Untracked 
| 120|0x0000000713e00000, 0x0000000713e00000, 0x0000000714000000|  0%| F|  |TAMS 0x0000000713e00000, 0x0000000713e00000| Untracked 
| 121|0x0000000714000000, 0x0000000714000000, 0x0000000714200000|  0%| F|  |TAMS 0x0000000714000000, 0x0000000714000000| Untracked 
| 122|0x0000000714200000, 0x0000000714200000, 0x0000000714400000|  0%| F|  |TAMS 0x0000000714200000, 0x0000000714200000| Untracked 
| 123|0x0000000714400000, 0x0000000714400000, 0x0000000714600000|  0%| F|  |TAMS 0x0000000714400000, 0x0000000714400000| Untracked 
| 124|0x0000000714600000, 0x0000000714600000, 0x0000000714800000|  0%| F|  |TAMS 0x0000000714600000, 0x0000000714600000| Untracked 
| 125|0x0000000714800000, 0x0000000714800000, 0x0000000714a00000|  0%| F|  |TAMS 0x0000000714800000, 0x0000000714800000| Untracked 

Card table byte_map: [0x00000193f0da0000,0x00000193f1580000] _byte_map_base: 0x00000193ed579000

Marking Bits (Prev, Next): (CMBitMap*) 0x00000193e5ca3a50, (CMBitMap*) 0x00000193e5ca3a90
 Prev Bits: [0x00000193f1d60000, 0x00000193f5c28000)
 Next Bits: [0x00000193f5c30000, 0x00000193f9af8000)

Polling page: 0x00000193e5400000

Metaspace:

Usage:
  Non-class:      3.39 MB used.
      Class:    488.41 KB used.
       Both:      3.86 MB used.

Virtual space:
  Non-class space:        8.00 MB reserved,       3.50 MB ( 44%) committed,  1 nodes.
      Class space:        1.00 GB reserved,     640.00 KB ( <1%) committed,  1 nodes.
             Both:        1.01 GB reserved,       4.12 MB ( <1%) committed. 

Chunk freelists:
   Non-Class:  2.62 MB
       Class:  3.24 MB
        Both:  5.86 MB

MaxMetaspaceSize: unlimited
CompressedClassSpaceSize: 1.00 GB
Initial GC threshold: 21.00 MB
Current GC threshold: 21.00 MB
CDS: on
MetaspaceReclaimPolicy: balanced
 - commit_granule_bytes: 65536.
 - commit_granule_words: 8192.
 - virtual_space_node_default_size: 1048576.
 - enlarge_chunks_in_place: 1.
 - new_chunks_are_fully_committed: 0.
 - uncommit_free_chunks: 1.
 - use_allocation_guard: 0.
 - handle_deallocations: 1.


Internal statistics:

num_allocs_failed_limit: 0.
num_arena_births: 152.
num_arena_deaths: 0.
num_vsnodes_births: 2.
num_vsnodes_deaths: 0.
num_space_committed: 66.
num_space_uncommitted: 0.
num_chunks_returned_to_freelist: 0.
num_chunks_taken_from_freelist: 291.
num_chunk_merges: 0.
num_chunk_splits: 161.
num_chunks_enlarged: 70.
num_purges: 0.
num_inconsistent_stats: 0.

CodeCache: size=49152Kb used=5366Kb max_used=5366Kb free=43785Kb
 bounds [0x00000193ed4b0000, 0x00000193ed9f0000, 0x00000193f04b0000]
 total_blobs=2182 nmethods=1758 adapters=348
 compilation: enabled
              stopped_count=0, restarted_count=0
 full_count=0

Compilation events (20 events):
Event: 0.987 Thread 0x00000193fd0fd0d0 nmethod 1749 0x00000193ed9e9e10 code [0x00000193ed9e9fc0, 0x00000193ed9ea198]
Event: 0.988 Thread 0x00000193fd0e46e0 nmethod 1750 0x00000193ed9ea290 code [0x00000193ed9ea420, 0x00000193ed9ea678]
Event: 0.989 Thread 0x00000193fd0e4bf0 1753       1       jdk.internal.org.objectweb.asm.AnnotationWriter::computeAnnotationsSize (66 bytes)
Event: 0.989 Thread 0x00000193fd0e46e0 1752       1       jdk.internal.org.objectweb.asm.Attribute::computeAttributesSize (62 bytes)
Event: 0.989 Thread 0x00000193fc615990 1754       1       jdk.internal.org.objectweb.asm.Attribute::putAttributes (78 bytes)
Event: 0.989 Thread 0x00000193fd0fd0d0 1751       1       sun.invoke.util.BytecodeDescriptor::unparse (24 bytes)
Event: 0.989 Thread 0x00000193fd0fd0d0 nmethod 1751 0x00000193ed9eaa90 code [0x00000193ed9eac40, 0x00000193ed9ead88]
Event: 0.990 Thread 0x00000193fd0e4bf0 nmethod 1753 0x00000193ed9eae10 code [0x00000193ed9eafe0, 0x00000193ed9eb1b8]
Event: 0.990 Thread 0x00000193fd0e46e0 nmethod 1752 0x00000193ed9eb390 code [0x00000193ed9eb540, 0x00000193ed9eb708]
Event: 0.990 Thread 0x00000193fc615990 nmethod 1754 0x00000193ed9eb890 code [0x00000193ed9ebaa0, 0x00000193ed9ebd78]
Event: 0.993 Thread 0x00000193fc615990 1755       1       sun.nio.fs.WindowsPath::checkRead (17 bytes)
Event: 0.993 Thread 0x00000193fd0e46e0 1756   !   1       sun.nio.fs.WindowsPath::getPathForWin32Calls (135 bytes)
Event: 0.994 Thread 0x00000193fc615990 nmethod 1755 0x00000193ed9ec010 code [0x00000193ed9ec1a0, 0x00000193ed9ec2a8]
Event: 0.994 Thread 0x00000193fc615990 1757       1       sun.nio.fs.WindowsFileAttributes::fileKey (2 bytes)
Event: 0.994 Thread 0x00000193fc615990 nmethod 1757 0x00000193ed9ec390 code [0x00000193ed9ec520, 0x00000193ed9ec5f8]
Event: 0.994 Thread 0x00000193fd0e46e0 nmethod 1756 0x00000193ed9ec690 code [0x00000193ed9ec8c0, 0x00000193ed9ecfa8]
Event: 0.994 Thread 0x00000193fd0e46e0 1758       1       sun.nio.fs.WindowsNativeDispatcher$FirstFile::handle (5 bytes)
Event: 0.994 Thread 0x00000193fc615990 1759       1       sun.nio.fs.WindowsNativeDispatcher$FirstFile::name (5 bytes)
Event: 0.994 Thread 0x00000193fd0e46e0 nmethod 1758 0x00000193ed9ed310 code [0x00000193ed9ed4a0, 0x00000193ed9ed578]
Event: 0.994 Thread 0x00000193fc615990 nmethod 1759 0x00000193ed9ed610 code [0x00000193ed9ed7a0, 0x00000193ed9ed878]

GC Heap History (9 events):
Event: 0.431 GC heap before
{Heap before GC invocations=0 (full 0):
 garbage-first heap   total 258048K, used 22528K [0x0000000704e00000, 0x0000000800000000)
  region size 2048K, 11 young (22528K), 0 survivors (0K)
 Metaspace       used 3068K, committed 3264K, reserved 1056768K
  class space    used 357K, committed 448K, reserved 1048576K
}
Event: 0.436 GC heap after
{Heap after GC invocations=1 (full 0):
 garbage-first heap   total 258048K, used 10918K [0x0000000704e00000, 0x0000000800000000)
  region size 2048K, 2 young (4096K), 2 survivors (4096K)
 Metaspace       used 3068K, committed 3264K, reserved 1056768K
  class space    used 357K, committed 448K, reserved 1048576K
}
Event: 0.535 GC heap before
{Heap before GC invocations=1 (full 0):
 garbage-first heap   total 258048K, used 27302K [0x0000000704e00000, 0x0000000800000000)
  region size 2048K, 11 young (22528K), 2 survivors (4096K)
 Metaspace       used 3069K, committed 3264K, reserved 1056768K
  class space    used 357K, committed 448K, reserved 1048576K
}
Event: 0.541 GC heap after
{Heap after GC invocations=2 (full 0):
 garbage-first heap   total 258048K, used 27098K [0x0000000704e00000, 0x0000000800000000)
  region size 2048K, 2 young (4096K), 2 survivors (4096K)
 Metaspace       used 3069K, committed 3264K, reserved 1056768K
  class space    used 357K, committed 448K, reserved 1048576K
}
Event: 0.674 GC heap before
{Heap before GC invocations=2 (full 0):
 garbage-first heap   total 258048K, used 51674K [0x0000000704e00000, 0x0000000800000000)
  region size 2048K, 13 young (26624K), 2 survivors (4096K)
 Metaspace       used 3290K, committed 3520K, reserved 1056768K
  class space    used 400K, committed 512K, reserved 1048576K
}
Event: 0.680 GC heap after
{Heap after GC invocations=3 (full 0):
 garbage-first heap   total 258048K, used 38670K [0x0000000704e00000, 0x0000000800000000)
  region size 2048K, 2 young (4096K), 2 survivors (4096K)
 Metaspace       used 3290K, committed 3520K, reserved 1056768K
  class space    used 400K, committed 512K, reserved 1048576K
}
Event: 0.772 GC heap before
{Heap before GC invocations=3 (full 0):
 garbage-first heap   total 258048K, used 73486K [0x0000000704e00000, 0x0000000800000000)
  region size 2048K, 19 young (38912K), 2 survivors (4096K)
 Metaspace       used 3290K, committed 3520K, reserved 1056768K
  class space    used 400K, committed 512K, reserved 1048576K
}
Event: 0.781 GC heap after
{Heap after GC invocations=4 (full 0):
 garbage-first heap   total 258048K, used 49860K [0x0000000704e00000, 0x0000000800000000)
  region size 2048K, 3 young (6144K), 3 survivors (6144K)
 Metaspace       used 3290K, committed 3520K, reserved 1056768K
  class space    used 400K, committed 512K, reserved 1048576K
}
Event: 0.997 GC heap before
{Heap before GC invocations=4 (full 0):
 garbage-first heap   total 258048K, used 129732K [0x0000000704e00000, 0x0000000800000000)
  region size 2048K, 42 young (86016K), 3 survivors (6144K)
 Metaspace       used 3957K, committed 4224K, reserved 1056768K
  class space    used 488K, committed 640K, reserved 1048576K
}

Deoptimization events (0 events):
No events

Classes unloaded (0 events):
No events

Classes redefined (0 events):
No events

Internal exceptions (14 events):
Event: 0.144 Thread 0x00000193e5c37ce0 Exception <a 'java/lang/NoSuchMethodError'{0x00000007140175b0}: 'java.lang.Object java.lang.invoke.DirectMethodHandle$Holder.invokeStaticInit(java.lang.Object)'> (0x00000007140175b0) 
thrown [s\open\src\hotspot\share\interpreter\linkResolver.cpp, line 759]
Event: 0.148 Thread 0x00000193e5c37ce0 Exception <a 'java/lang/NoSuchMethodError'{0x0000000714042020}: 'java.lang.Object java.lang.invoke.DirectMethodHandle$Holder.invokeStatic(java.lang.Object, java.lang.Object, int)'> (0x0000000714042020) 
thrown [s\open\src\hotspot\share\interpreter\linkResolver.cpp, line 759]
Event: 0.149 Thread 0x00000193e5c37ce0 Exception <a 'java/lang/NoSuchMethodError'{0x000000071404de88}: 'void java.lang.invoke.DelegatingMethodHandle$Holder.delegate(java.lang.Object, java.lang.Object, int, java.lang.Object)'> (0x000000071404de88) 
thrown [s\open\src\hotspot\share\interpreter\linkResolver.cpp, line 759]
Event: 0.149 Thread 0x00000193e5c37ce0 Exception <a 'java/lang/NoSuchMethodError'{0x0000000714051ec0}: 'int java.lang.invoke.DirectMethodHandle$Holder.invokeSpecial(java.lang.Object, java.lang.Object, java.lang.Object)'> (0x0000000714051ec0) 
thrown [s\open\src\hotspot\share\interpreter\linkResolver.cpp, line 759]
Event: 0.160 Thread 0x00000193e5c37ce0 Exception <a 'java/lang/NoSuchMethodError'{0x00000007140b3578}: 'java.lang.Object java.lang.invoke.DirectMethodHandle$Holder.invokeStaticInit(java.lang.Object, java.lang.Object, long, java.lang.Object)'> (0x00000007140b3578) 
thrown [s\open\src\hotspot\share\interpreter\linkResolver.cpp, line 759]
Event: 0.160 Thread 0x00000193e5c37ce0 Exception <a 'java/lang/NoSuchMethodError'{0x00000007140b9e80}: 'java.lang.Object java.lang.invoke.DirectMethodHandle$Holder.newInvokeSpecial(java.lang.Object, java.lang.Object, long)'> (0x00000007140b9e80) 
thrown [s\open\src\hotspot\share\interpreter\linkResolver.cpp, line 759]
Event: 0.160 Thread 0x00000193e5c37ce0 Exception <a 'java/lang/NoSuchMethodError'{0x00000007140be170}: 'java.lang.Object java.lang.invoke.Invokers$Holder.linkToTargetMethod(java.lang.Object, long, java.lang.Object)'> (0x00000007140be170) 
thrown [s\open\src\hotspot\share\interpreter\linkResolver.cpp, line 759]
Event: 0.189 Thread 0x00000193e5c37ce0 Exception <a 'sun/nio/fs/WindowsException'{0x00000007141a6b88}> (0x00000007141a6b88) 
thrown [s\open\src\hotspot\share\prims\jni.cpp, line 516]
Event: 0.290 Thread 0x00000193e5c37ce0 Exception <a 'java/lang/NoSuchMethodError'{0x0000000713cd6118}: 'void java.lang.invoke.DirectMethodHandle$Holder.invokeSpecial(java.lang.Object, java.lang.Object, java.lang.Object)'> (0x0000000713cd6118) 
thrown [s\open\src\hotspot\share\interpreter\linkResolver.cpp, line 759]
Event: 0.301 Thread 0x00000193e5c37ce0 Exception <a 'java/lang/NoSuchMethodError'{0x0000000713d56708}: 'void java.lang.invoke.DirectMethodHandle$Holder.invokeSpecial(java.lang.Object, java.lang.Object, java.lang.Object, java.lang.Object, java.lang.Object)'> (0x0000000713d56708) 
thrown [s\open\src\hotspot\share\interpreter\linkResolver.cpp, line 759]
Event: 0.613 Thread 0x00000193e5c37ce0 Exception <a 'java/lang/NoSuchMethodError'{0x00000007145537f8}: 'void java.lang.invoke.DirectMethodHandle$Holder.invokeVirtual(java.lang.Object, java.lang.Object)'> (0x00000007145537f8) 
thrown [s\open\src\hotspot\share\interpreter\linkResolver.cpp, line 759]
Event: 0.631 Thread 0x00000193e5c37ce0 Exception <a 'java/lang/NoSuchMethodError'{0x0000000714335870}: 'void java.lang.invoke.DirectMethodHandle$Holder.invokeStatic(java.lang.Object, java.lang.Object)'> (0x0000000714335870) 
thrown [s\open\src\hotspot\share\interpreter\linkResolver.cpp, line 759]
Event: 0.904 Thread 0x00000193e5c37ce0 Exception <a 'java/lang/NoSuchMethodError'{0x0000000710e7e508}: 'java.lang.Object java.lang.invoke.DirectMethodHandle$Holder.invokeInterface(java.lang.Object, java.lang.Object)'> (0x0000000710e7e508) 
thrown [s\open\src\hotspot\share\interpreter\linkResolver.cpp, line 759]
Event: 0.962 Thread 0x00000193e5c37ce0 Exception <a 'java/lang/NoSuchMethodError'{0x000000070fa72738}: static [Ljava/lang/String;.<clinit>()V> (0x000000070fa72738) 
thrown [s\open\src\hotspot\share\prims\jni.cpp, line 1107]

VM Operations (20 events):
Event: 0.306 Executing VM operation: HandshakeAllThreads done
Event: 0.308 Executing VM operation: HandshakeAllThreads
Event: 0.308 Executing VM operation: HandshakeAllThreads done
Event: 0.311 Executing VM operation: HandshakeAllThreads
Event: 0.311 Executing VM operation: HandshakeAllThreads done
Event: 0.313 Executing VM operation: HandshakeAllThreads
Event: 0.313 Executing VM operation: HandshakeAllThreads done
Event: 0.431 Executing VM operation: G1CollectForAllocation
Event: 0.436 Executing VM operation: G1CollectForAllocation done
Event: 0.535 Executing VM operation: G1CollectForAllocation
Event: 0.541 Executing VM operation: G1CollectForAllocation done
Event: 0.673 Executing VM operation: G1CollectForAllocation
Event: 0.680 Executing VM operation: G1CollectForAllocation done
Event: 0.772 Executing VM operation: G1CollectForAllocation
Event: 0.781 Executing VM operation: G1CollectForAllocation done
Event: 0.903 Executing VM operation: HandshakeAllThreads
Event: 0.903 Executing VM operation: HandshakeAllThreads done
Event: 0.942 Executing VM operation: HandshakeAllThreads
Event: 0.942 Executing VM operation: HandshakeAllThreads done
Event: 0.997 Executing VM operation: G1CollectForAllocation

Events (20 events):
Event: 0.977 loading class java/lang/constant/MethodTypeDescImpl
Event: 0.977 loading class java/lang/constant/MethodTypeDescImpl done
Event: 0.977 loading class java/lang/constant/MethodHandleDesc
Event: 0.977 loading class java/lang/constant/MethodHandleDesc done
Event: 0.977 loading class java/lang/constant/MethodHandleDesc$1
Event: 0.977 loading class java/lang/constant/MethodHandleDesc$1 done
Event: 0.977 loading class java/lang/constant/DirectMethodHandleDescImpl
Event: 0.977 loading class java/lang/constant/DirectMethodHandleDesc
Event: 0.977 loading class java/lang/constant/DirectMethodHandleDesc done
Event: 0.977 loading class java/lang/constant/DirectMethodHandleDescImpl done
Event: 0.977 loading class java/lang/constant/DirectMethodHandleDescImpl$1
Event: 0.977 loading class java/lang/constant/DirectMethodHandleDescImpl$1 done
Event: 0.977 loading class java/lang/constant/DirectMethodHandleDesc$1
Event: 0.977 loading class java/lang/constant/DirectMethodHandleDesc$1 done
Event: 0.978 loading class java/lang/constant/PrimitiveClassDescImpl
Event: 0.978 loading class java/lang/constant/DynamicConstantDesc
Event: 0.978 loading class java/lang/constant/DynamicConstantDesc done
Event: 0.978 loading class java/lang/constant/PrimitiveClassDescImpl done
Event: 0.978 loading class java/lang/constant/DynamicConstantDesc$AnonymousDynamicConstantDesc
Event: 0.978 loading class java/lang/constant/DynamicConstantDesc$AnonymousDynamicConstantDesc done


Dynamic libraries:
0x00007ff73d2d0000 - 0x00007ff73d2e0000 	C:\Program Files\Java\jdk-17\bin\java.EXE
0x00007ffa517d0000 - 0x00007ffa519e7000 	C:\WINDOWS\SYSTEM32\ntdll.dll
0x00007ffa50220000 - 0x00007ffa502e4000 	C:\WINDOWS\System32\KERNEL32.DLL
0x00007ffa4ed80000 - 0x00007ffa4f150000 	C:\WINDOWS\System32\KERNELBASE.dll
0x00007ffa4ebc0000 - 0x00007ffa4ecd1000 	C:\WINDOWS\System32\ucrtbase.dll
0x00007ff9bd810000 - 0x00007ff9bd828000 	C:\Program Files\Java\jdk-17\bin\jli.dll
0x00007ff9bd830000 - 0x00007ff9bd84b000 	C:\Program Files\Java\jdk-17\bin\VCRUNTIME140.dll
0x00007ffa50990000 - 0x00007ffa50a41000 	C:\WINDOWS\System32\ADVAPI32.dll
0x00007ffa50a60000 - 0x00007ffa50b07000 	C:\WINDOWS\System32\msvcrt.dll
0x00007ffa4f4c0000 - 0x00007ffa4f567000 	C:\WINDOWS\System32\sechost.dll
0x00007ffa4f340000 - 0x00007ffa4f368000 	C:\WINDOWS\System32\bcrypt.dll
0x00007ffa50310000 - 0x00007ffa50424000 	C:\WINDOWS\System32\RPCRT4.dll
0x00007ffa506d0000 - 0x00007ffa5087e000 	C:\WINDOWS\System32\USER32.dll
0x00007ffa4f490000 - 0x00007ffa4f4b6000 	C:\WINDOWS\System32\win32u.dll
0x00007ffa50b70000 - 0x00007ffa50b99000 	C:\WINDOWS\System32\GDI32.dll
0x00007ffa2c740000 - 0x00007ffa2c9d2000 	C:\WINDOWS\WinSxS\amd64_microsoft.windows.common-controls_6595b64144ccf1df_6.0.22621.4830_none_270fe7d773858e80\COMCTL32.dll
0x00007ffa4f370000 - 0x00007ffa4f48b000 	C:\WINDOWS\System32\gdi32full.dll
0x00007ffa4ece0000 - 0x00007ffa4ed7a000 	C:\WINDOWS\System32\msvcp_win.dll
0x00007ffa46e10000 - 0x00007ffa46e1a000 	C:\WINDOWS\SYSTEM32\VERSION.dll
0x00007ffa4f790000 - 0x00007ffa4f7c1000 	C:\WINDOWS\System32\IMM32.DLL
0x00007ffa22880000 - 0x00007ffa2288c000 	C:\Program Files\Java\jdk-17\bin\vcruntime140_1.dll
0x00007ff9bd780000 - 0x00007ff9bd80e000 	C:\Program Files\Java\jdk-17\bin\msvcp140.dll
0x00007ff9afa50000 - 0x00007ff9b0627000 	C:\Program Files\Java\jdk-17\bin\server\jvm.dll
0x00007ffa502f0000 - 0x00007ffa502f8000 	C:\WINDOWS\System32\PSAPI.DLL
0x00007ffa2eaf0000 - 0x00007ffa2eaf9000 	C:\WINDOWS\SYSTEM32\WSOCK32.dll
0x00007ffa50880000 - 0x00007ffa508f1000 	C:\WINDOWS\System32\WS2_32.dll
0x00007ffa45ea0000 - 0x00007ffa45ed4000 	C:\WINDOWS\SYSTEM32\WINMM.dll
0x00007ffa4db10000 - 0x00007ffa4db28000 	C:\WINDOWS\SYSTEM32\kernel.appcore.dll
0x00007ffa18860000 - 0x00007ffa1886a000 	C:\Program Files\Java\jdk-17\bin\jimage.dll
0x00007ffa4bea0000 - 0x00007ffa4c0d2000 	C:\WINDOWS\SYSTEM32\DBGHELP.DLL
0x00007ffa513e0000 - 0x00007ffa51770000 	C:\WINDOWS\System32\combase.dll
0x00007ffa505f0000 - 0x00007ffa506c7000 	C:\WINDOWS\System32\OLEAUT32.dll
0x00007ffa38820000 - 0x00007ffa38852000 	C:\WINDOWS\SYSTEM32\dbgcore.DLL
0x00007ffa4ea80000 - 0x00007ffa4eafb000 	C:\WINDOWS\System32\bcryptPrimitives.dll
0x00007ffa149e0000 - 0x00007ffa149ee000 	C:\Program Files\Java\jdk-17\bin\instrument.dll
0x00007ff9bd750000 - 0x00007ff9bd775000 	C:\Program Files\Java\jdk-17\bin\java.dll
0x00007ff9af970000 - 0x00007ff9afa47000 	C:\Program Files\Java\jdk-17\bin\jsvml.dll
0x00007ffa4f940000 - 0x00007ffa501b8000 	C:\WINDOWS\System32\SHELL32.dll
0x00007ffa4c990000 - 0x00007ffa4d2a0000 	C:\WINDOWS\SYSTEM32\windows.storage.dll
0x00007ffa4c850000 - 0x00007ffa4c98f000 	C:\WINDOWS\SYSTEM32\wintypes.dll
0x00007ffa4f570000 - 0x00007ffa4f67a000 	C:\WINDOWS\System32\SHCORE.dll
0x00007ffa4f7d0000 - 0x00007ffa4f82e000 	C:\WINDOWS\System32\shlwapi.dll
0x00007ffa4e9b0000 - 0x00007ffa4e9db000 	C:\WINDOWS\SYSTEM32\profapi.dll
0x00007ff9b56f0000 - 0x00007ff9b5708000 	C:\Program Files\Java\jdk-17\bin\zip.dll
0x00007ff9bd730000 - 0x00007ff9bd749000 	C:\Program Files\Java\jdk-17\bin\net.dll
0x00007ffa477d0000 - 0x00007ffa478fc000 	C:\WINDOWS\SYSTEM32\WINHTTP.dll
0x00007ffa4dfe0000 - 0x00007ffa4e04a000 	C:\WINDOWS\system32\mswsock.dll
0x00007ff9bd710000 - 0x00007ff9bd726000 	C:\Program Files\Java\jdk-17\bin\nio.dll

dbghelp: loaded successfully - version: 4.0.5 - missing functions: none
symbol engine: initialized successfully - sym options: 0x614 - pdb path: .;C:\Program Files\Java\jdk-17\bin;C:\WINDOWS\SYSTEM32;C:\WINDOWS\WinSxS\amd64_microsoft.windows.common-controls_6595b64144ccf1df_6.0.22621.4830_none_270fe7d773858e80;C:\Program Files\Java\jdk-17\bin\server

VM Arguments:
jvm_args: -Dio.quarkus.force-color-support=true -Dquarkus-internal.serialized-app-model.path=D:\soum21Juin2022\MyProject\EcoleVie\mic-gestion-ecole-api\target\quarkus\bootstrap\dev-app-model.dat -javaagent:C:\Users\HP\.m2\repository\io\quarkus\quarkus-class-change-agent\2.15.0.Final\quarkus-class-change-agent-2.15.0.Final.jar -XX:TieredStopAtLevel=1 -Djava.util.logging.manager=org.jboss.logmanager.LogManager 
java_command: D:\soum21Juin2022\MyProject\EcoleVie\mic-gestion-ecole-api\target\mic-gestion-ecole-api-dev.jar
java_class_path (initial): D:\soum21Juin2022\MyProject\EcoleVie\mic-gestion-ecole-api\target\mic-gestion-ecole-api-dev.jar
Launcher Type: SUN_STANDARD

[Global flags]
     intx CICompilerCount                          = 4                                         {product} {ergonomic}
     uint ConcGCThreads                            = 2                                         {product} {ergonomic}
     uint G1ConcRefinementThreads                  = 8                                         {product} {ergonomic}
   size_t G1HeapRegionSize                         = 2097152                                   {product} {ergonomic}
    uintx GCDrainStackTargetSize                   = 64                                        {product} {ergonomic}
   size_t InitialHeapSize                          = 264241152                                 {product} {ergonomic}
   size_t MarkStackSize                            = 4194304                                   {product} {ergonomic}
   size_t MaxHeapSize                              = 4213178368                                {product} {ergonomic}
   size_t MaxNewSize                               = 2527068160                                {product} {ergonomic}
   size_t MinHeapDeltaBytes                        = 2097152                                   {product} {ergonomic}
   size_t MinHeapSize                              = 8388608                                   {product} {ergonomic}
    uintx NonProfiledCodeHeapSize                  = 0                                      {pd product} {ergonomic}
     bool ProfileInterpreter                       = false                                  {pd product} {command line}
    uintx ProfiledCodeHeapSize                     = 0                                      {pd product} {ergonomic}
   size_t SoftMaxHeapSize                          = 4213178368                             {manageable} {ergonomic}
     intx TieredStopAtLevel                        = 1                                         {product} {command line}
     bool UseCompressedClassPointers               = true                           {product lp64_product} {ergonomic}
     bool UseCompressedOops                        = true                           {product lp64_product} {ergonomic}
     bool UseG1GC                                  = true                                      {product} {ergonomic}
     bool UseLargePagesIndividualAllocation        = false                                  {pd product} {ergonomic}

Logging:
Log output configuration:
 #0: stdout all=warning uptime,level,tags
 #1: stderr all=off uptime,level,tags

Environment Variables:
JAVA_HOME=C:\Program Files\Java\jdk-17
PATH=C:\Program Files\Java\jdk-17\bin;C:\oraclexe\app\oracle\product\11.2.0\server\bin;C:\Program Files\Common Files\Oracle\Java\javapath;C:\Program Files (x86)\Common Files\Oracle\Java\javapath;C:\WINDOWS\system32;C:\WINDOWS;C:\WINDOWS\System32\Wbem;C:\WINDOWS\System32\WindowsPowerShell\v1.0\;C:\WINDOWS\System32\OpenSSH\;%M2_HOME%;%M2%;D:\apache-maven-3.8.6\bin;C:\Program Files\Git\cmd;C:\Users\HP\AppData\Roaming\npm;D:\wildfly-26.1.2.Final;C:\Program Files (x86)\Google\Cloud SDK\google-cloud-sdk\bin;C:\Users\HP\AppData\Roaming\nvm;C:\Program Files\nodejs;D:\XAMP\php;D:\ComposerSetup;C:\Program Files\nodejs;C:\Program Files\OpenSSL-Win64\bin;C:\Program Files\Git LFS;C:\Program Files\nodejs\;C:\Users\HP\AppData\Local\Programs\Python\Python312\;C:\Users\HP\AppData\Local\Programs\Python\Python312\Scripts\;C:\Program Files\Docker\Docker\resources\bin;C:\Users\HP\AppData\Local\Programs\Python\Python312\Scripts\;C:\Users\HP\AppData\Local\Programs\Python\Python312\;C:\Users\HP\AppData\Local\Microsoft\WindowsApps;C:\Users\HP\AppData\Local\Programs\Microsoft VS Code\bin;"C:\Program Files\Git\bin\git.exe;C:\Program Files\Git\cmd";C:\Program Files\Java\jre1.8.0_341\bin;C:\Users\HP\AppData\Local\Android\Sdk\platform-tools;C:\Users\HP\AppData\Roaming\nvm;C:\Program Files\nodejs;C:\Users\HP\AppData\Roaming\Composer\vendor\bin;C:\Program Files\JetBrains\PyCharm Community Edition 2022.3.1\bin;;C:\Program Files\JetBrains\IntelliJ IDEA 2024.1\bin;;C:\Users\HP\AppData\Roaming\npm
USERNAME=HP
OS=Windows_NT
PROCESSOR_IDENTIFIER=Intel64 Family 6 Model 140 Stepping 1, GenuineIntel



---------------  S Y S T E M  ---------------

OS:
 Windows 11 , 64 bit Build 22621 (10.0.22621.4830)
OS uptime: 0 days 9:03 hours
Hyper-V role detected

CPU: total 8 (initial active 8) (4 cores per cpu, 2 threads per core) family 6 model 140 stepping 1 microcode 0xb8, cx8, cmov, fxsr, ht, mmx, 3dnowpref, sse, sse2, sse3, ssse3, sse4.1, sse4.2, popcnt, lzcnt, tsc, tscinvbit, avx, avx2, aes, erms, clmul, bmi1, bmi2, adx, avx512f, avx512dq, avx512cd, avx512bw, avx512vl, sha, fma, vzeroupper, avx512_vpopcntdq, avx512_vpclmulqdq, avx512_vaes, avx512_vnni, clflush, clflushopt, clwb, avx512_vbmi2, avx512_vbmi, hv

Memory: 4k page, system-wide physical 16064M (337M free)
TotalPageFile size 33727M (AvailPageFile size 46M)
current process WorkingSet (physical memory assigned to process): 201M, peak: 201M
current process commit charge ("private bytes"): 364M, peak: 496M

vm_info: Java HotSpot(TM) 64-Bit Server VM (17.0.6+9-LTS-190) for windows-amd64 JRE (17.0.6+9-LTS-190), built on Dec  6 2022 15:53:54 by "mach5one" with MS VC++ 17.1 (VS2022)

END.
