#
# There is insufficient memory for the Java Runtime Environment to continue.
# Native memory allocation (malloc) failed to allocate 1626576 bytes for Chunk::new
# Possible reasons:
#   The system is out of physical RAM or swap space
#   The process is running with CompressedOops enabled, and the Java Heap may be blocking the growth of the native heap
# Possible solutions:
#   Reduce memory load on the system
#   Increase physical memory or swap space
#   Check if swap backing store is full
#   Decrease Java heap size (-Xmx/-Xms)
#   Decrease number of Java threads
#   Decrease Java thread stack sizes (-Xss)
#   Set larger code cache with -XX:ReservedCodeCacheSize=
#   JVM is running with Zero Based Compressed Oops mode in which the Java heap is
#     placed in the first 32GB address space. The Java Heap base address is the
#     maximum limit for the native heap growth. Please use -XX:HeapBaseMinAddress
#     to set the Java Heap base and to place the Java Heap above 32GB virtual address.
# This output file may be truncated or incomplete.
#
#  Out of Memory Error (arena.cpp:189), pid=16960, tid=31340
#
# JRE version: Java(TM) SE Runtime Environment (17.0.6+9) (build 17.0.6+9-LTS-190)
# Java VM: Java HotSpot(TM) 64-Bit Server VM (17.0.6+9-LTS-190, mixed mode, sharing, tiered, compressed oops, compressed class ptrs, g1 gc, windows-amd64)
# No core dump will be written. Minidumps are not enabled by default on client versions of Windows
#

---------------  S U M M A R Y ------------

Command Line: -Dclassworlds.conf=D:\apache-maven-3.8.6\bin\m2.conf -Dmaven.home=D:\apache-maven-3.8.6 -Dlibrary.jansi.path=D:\apache-maven-3.8.6\lib\jansi-native -Dmaven.multiModuleProjectDirectory=D:\soum21Juin2022\MyProject\EcoleVie\mic-gestion-ecole-api org.codehaus.plexus.classworlds.launcher.Launcher clean quarkus:dev

Host: 11th Gen Intel(R) Core(TM) i7-1165G7 @ 2.80GHz, 8 cores, 15G,  Windows 11 , 64 bit Build 22621 (10.0.22621.3235)
Time: Sun Apr  7 12:59:51 2024 Greenwich elapsed time: 3.376412 seconds (0d 0h 0m 3s)

---------------  T H R E A D  ---------------

Current thread (0x00000116d121c930):  JavaThread "C2 CompilerThread2" daemon [_thread_in_native, id=31340, stack(0x0000001533a00000,0x0000001533b00000)]


Current CompileTask:
C2:   3376 3198       4       org.codehaus.plexus.interpolation.PrefixedValueSourceWrapper::getValue (39 bytes)

Stack: [0x0000001533a00000,0x0000001533b00000]
Native frames: (J=compiled Java code, j=interpreted, Vv=VM code, C=native code)
V  [jvm.dll+0x6734ea]
V  [jvm.dll+0x7d18f4]
V  [jvm.dll+0x7d309e]
V  [jvm.dll+0x7d3703]
V  [jvm.dll+0x2433c5]
V  [jvm.dll+0xaa46b]
V  [jvm.dll+0xaaa0c]
V  [jvm.dll+0x35eadf]
V  [jvm.dll+0x329401]
V  [jvm.dll+0x32889a]
V  [jvm.dll+0x215ddf]
V  [jvm.dll+0x215211]
V  [jvm.dll+0x1a1730]
V  [jvm.dll+0x224b6e]
V  [jvm.dll+0x222f15]
V  [jvm.dll+0x78753c]
V  [jvm.dll+0x781a7a]
V  [jvm.dll+0x672375]
C  [ucrtbase.dll+0x29363]
C  [KERNEL32.DLL+0x1257d]
C  [ntdll.dll+0x5aa58]


---------------  P R O C E S S  ---------------

Threads class SMR info:
_java_thread_list=0x00000116d116ccd0, length=14, elements={
0x00000116ad185000, 0x00000116cfcd7110, 0x00000116cfcd7cc0, 0x00000116cfcee9e0,
0x00000116cfcef590, 0x00000116cfcf3f60, 0x00000116cfcf4910, 0x00000116cfcf7600,
0x00000116cfcf7ff0, 0x00000116cfcf9900, 0x00000116d0937020, 0x00000116d093c970,
0x00000116d11146e0, 0x00000116d121c930
}

Java Threads: ( => current thread )
  0x00000116ad185000 JavaThread "main" [_thread_in_Java, id=24176, stack(0x0000001532600000,0x0000001532700000)]
  0x00000116cfcd7110 JavaThread "Reference Handler" daemon [_thread_blocked, id=5716, stack(0x0000001532d00000,0x0000001532e00000)]
  0x00000116cfcd7cc0 JavaThread "Finalizer" daemon [_thread_blocked, id=31712, stack(0x0000001532e00000,0x0000001532f00000)]
  0x00000116cfcee9e0 JavaThread "Signal Dispatcher" daemon [_thread_blocked, id=28824, stack(0x0000001532f00000,0x0000001533000000)]
  0x00000116cfcef590 JavaThread "Attach Listener" daemon [_thread_blocked, id=31504, stack(0x0000001533000000,0x0000001533100000)]
  0x00000116cfcf3f60 JavaThread "Service Thread" daemon [_thread_blocked, id=20552, stack(0x0000001533100000,0x0000001533200000)]
  0x00000116cfcf4910 JavaThread "Monitor Deflation Thread" daemon [_thread_blocked, id=29712, stack(0x0000001533200000,0x0000001533300000)]
  0x00000116cfcf7600 JavaThread "C2 CompilerThread0" daemon [_thread_in_native, id=30736, stack(0x0000001533300000,0x0000001533400000)]
  0x00000116cfcf7ff0 JavaThread "C1 CompilerThread0" daemon [_thread_blocked, id=10032, stack(0x0000001533400000,0x0000001533500000)]
  0x00000116cfcf9900 JavaThread "Sweeper thread" daemon [_thread_blocked, id=19112, stack(0x0000001533500000,0x0000001533600000)]
  0x00000116d0937020 JavaThread "Notification Thread" daemon [_thread_blocked, id=5936, stack(0x0000001533600000,0x0000001533700000)]
  0x00000116d093c970 JavaThread "Common-Cleaner" daemon [_thread_blocked, id=17208, stack(0x0000001533800000,0x0000001533900000)]
  0x00000116d11146e0 JavaThread "C2 CompilerThread1" daemon [_thread_in_native, id=23968, stack(0x0000001533900000,0x0000001533a00000)]
=>0x00000116d121c930 JavaThread "C2 CompilerThread2" daemon [_thread_in_native, id=31340, stack(0x0000001533a00000,0x0000001533b00000)]

Other Threads:
  0x00000116cfcd3680 VMThread "VM Thread" [stack: 0x0000001532c00000,0x0000001532d00000] [id=6524]
  0x00000116d0937d00 WatcherThread [stack: 0x0000001533700000,0x0000001533800000] [id=1848]
  0x00000116ad1f2c50 GCTaskThread "GC Thread#0" [stack: 0x0000001532700000,0x0000001532800000] [id=24612]
  0x00000116d09eb4d0 GCTaskThread "GC Thread#1" [stack: 0x0000001533b00000,0x0000001533c00000] [id=29652]
  0x00000116d197c970 GCTaskThread "GC Thread#2" [stack: 0x0000001533c00000,0x0000001533d00000] [id=24692]
  0x00000116d197cc20 GCTaskThread "GC Thread#3" [stack: 0x0000001533d00000,0x0000001533e00000] [id=14548]
  0x00000116d121c370 GCTaskThread "GC Thread#4" [stack: 0x0000001533e00000,0x0000001533f00000] [id=29036]
  0x00000116d121c620 GCTaskThread "GC Thread#5" [stack: 0x0000001533f00000,0x0000001534000000] [id=4728]
  0x00000116d1627590 GCTaskThread "GC Thread#6" [stack: 0x0000001534000000,0x0000001534100000] [id=31540]
  0x00000116d1cd71e0 GCTaskThread "GC Thread#7" [stack: 0x0000001534100000,0x0000001534200000] [id=18648]
  0x00000116ad203e40 ConcurrentGCThread "G1 Main Marker" [stack: 0x0000001532800000,0x0000001532900000] [id=15120]
  0x00000116ad204850 ConcurrentGCThread "G1 Conc#0" [stack: 0x0000001532900000,0x0000001532a00000] [id=30620]
  0x00000116ad24ec90 ConcurrentGCThread "G1 Refine#0" [stack: 0x0000001532a00000,0x0000001532b00000] [id=30440]
  0x00000116cfb8c860 ConcurrentGCThread "G1 Service" [stack: 0x0000001532b00000,0x0000001532c00000] [id=4564]

Threads with active compile tasks:
C2 CompilerThread0     3407 3317       4       org.codehaus.plexus.interpolation.AbstractDelegatingValueSource::getValue (11 bytes)
C2 CompilerThread1     3407 3434       4       org.eclipse.aether.util.graph.transformer.ConflictResolver::gatherConflictItems (111 bytes)
C2 CompilerThread2     3407 3198       4       org.codehaus.plexus.interpolation.PrefixedValueSourceWrapper::getValue (39 bytes)

VM state: not at safepoint (normal execution)

VM Mutex/Monitor currently owned by a thread: None

Heap address: 0x0000000704e00000, size: 4018 MB, Compressed Oops mode: Zero based, Oop shift amount: 3

CDS archive(s) mapped at: [0x0000000800000000-0x0000000800bd0000-0x0000000800bd0000), size 12386304, SharedBaseAddress: 0x0000000800000000, ArchiveRelocationMode: 0.
Compressed class space mapped at: 0x0000000800c00000-0x0000000840c00000, reserved size: 1073741824
Narrow klass base: 0x0000000800000000, Narrow klass shift: 0, Narrow klass range: 0x100000000

GC Precious Log:
 CPUs: 8 total, 8 available
 Memory: 16064M
 Large Page Support: Disabled
 NUMA Support: Disabled
 Compressed Oops: Enabled (Zero based)
 Heap Region Size: 2M
 Heap Min Capacity: 8M
 Heap Initial Capacity: 252M
 Heap Max Capacity: 4018M
 Pre-touch: Disabled
 Parallel Workers: 8
 Concurrent Workers: 2
 Concurrent Refinement Workers: 8
 Periodic GC: Disabled

Heap:
 garbage-first heap   total 258048K, used 110377K [0x0000000704e00000, 0x0000000800000000)
  region size 2048K, 54 young (110592K), 2 survivors (4096K)
 Metaspace       used 12844K, committed 13056K, reserved 1064960K
  class space    used 1438K, committed 1536K, reserved 1048576K

Heap Regions: E=young(eden), S=young(survivor), O=old, HS=humongous(starts), HC=humongous(continues), CS=collection set, F=free, OA=open archive, CA=closed archive, TAMS=top-at-mark-start (previous, next)
|   0|0x0000000704e00000, 0x0000000705000000, 0x0000000705000000|100%| O|  |TAMS 0x0000000704e00000, 0x0000000704e00000| Untracked 
|   1|0x0000000705000000, 0x000000070513e400, 0x0000000705200000| 62%| O|  |TAMS 0x0000000705000000, 0x0000000705000000| Untracked 
|   2|0x0000000705200000, 0x0000000705200000, 0x0000000705400000|  0%| F|  |TAMS 0x0000000705200000, 0x0000000705200000| Untracked 
|   3|0x0000000705400000, 0x0000000705400000, 0x0000000705600000|  0%| F|  |TAMS 0x0000000705400000, 0x0000000705400000| Untracked 
|   4|0x0000000705600000, 0x0000000705600000, 0x0000000705800000|  0%| F|  |TAMS 0x0000000705600000, 0x0000000705600000| Untracked 
|   5|0x0000000705800000, 0x0000000705800000, 0x0000000705a00000|  0%| F|  |TAMS 0x0000000705800000, 0x0000000705800000| Untracked 
|   6|0x0000000705a00000, 0x0000000705a00000, 0x0000000705c00000|  0%| F|  |TAMS 0x0000000705a00000, 0x0000000705a00000| Untracked 
|   7|0x0000000705c00000, 0x0000000705c00000, 0x0000000705e00000|  0%| F|  |TAMS 0x0000000705c00000, 0x0000000705c00000| Untracked 
|   8|0x0000000705e00000, 0x0000000705e00000, 0x0000000706000000|  0%| F|  |TAMS 0x0000000705e00000, 0x0000000705e00000| Untracked 
|   9|0x0000000706000000, 0x0000000706000000, 0x0000000706200000|  0%| F|  |TAMS 0x0000000706000000, 0x0000000706000000| Untracked 
|  10|0x0000000706200000, 0x0000000706200000, 0x0000000706400000|  0%| F|  |TAMS 0x0000000706200000, 0x0000000706200000| Untracked 
|  11|0x0000000706400000, 0x0000000706400000, 0x0000000706600000|  0%| F|  |TAMS 0x0000000706400000, 0x0000000706400000| Untracked 
|  12|0x0000000706600000, 0x0000000706600000, 0x0000000706800000|  0%| F|  |TAMS 0x0000000706600000, 0x0000000706600000| Untracked 
|  13|0x0000000706800000, 0x0000000706800000, 0x0000000706a00000|  0%| F|  |TAMS 0x0000000706800000, 0x0000000706800000| Untracked 
|  14|0x0000000706a00000, 0x0000000706a00000, 0x0000000706c00000|  0%| F|  |TAMS 0x0000000706a00000, 0x0000000706a00000| Untracked 
|  15|0x0000000706c00000, 0x0000000706c00000, 0x0000000706e00000|  0%| F|  |TAMS 0x0000000706c00000, 0x0000000706c00000| Untracked 
|  16|0x0000000706e00000, 0x0000000706e00000, 0x0000000707000000|  0%| F|  |TAMS 0x0000000706e00000, 0x0000000706e00000| Untracked 
|  17|0x0000000707000000, 0x0000000707000000, 0x0000000707200000|  0%| F|  |TAMS 0x0000000707000000, 0x0000000707000000| Untracked 
|  18|0x0000000707200000, 0x0000000707200000, 0x0000000707400000|  0%| F|  |TAMS 0x0000000707200000, 0x0000000707200000| Untracked 
|  19|0x0000000707400000, 0x0000000707400000, 0x0000000707600000|  0%| F|  |TAMS 0x0000000707400000, 0x0000000707400000| Untracked 
|  20|0x0000000707600000, 0x0000000707600000, 0x0000000707800000|  0%| F|  |TAMS 0x0000000707600000, 0x0000000707600000| Untracked 
|  21|0x0000000707800000, 0x0000000707800000, 0x0000000707a00000|  0%| F|  |TAMS 0x0000000707800000, 0x0000000707800000| Untracked 
|  22|0x0000000707a00000, 0x0000000707a00000, 0x0000000707c00000|  0%| F|  |TAMS 0x0000000707a00000, 0x0000000707a00000| Untracked 
|  23|0x0000000707c00000, 0x0000000707c00000, 0x0000000707e00000|  0%| F|  |TAMS 0x0000000707c00000, 0x0000000707c00000| Untracked 
|  24|0x0000000707e00000, 0x0000000707e00000, 0x0000000708000000|  0%| F|  |TAMS 0x0000000707e00000, 0x0000000707e00000| Untracked 
|  25|0x0000000708000000, 0x0000000708000000, 0x0000000708200000|  0%| F|  |TAMS 0x0000000708000000, 0x0000000708000000| Untracked 
|  26|0x0000000708200000, 0x0000000708200000, 0x0000000708400000|  0%| F|  |TAMS 0x0000000708200000, 0x0000000708200000| Untracked 
|  27|0x0000000708400000, 0x0000000708400000, 0x0000000708600000|  0%| F|  |TAMS 0x0000000708400000, 0x0000000708400000| Untracked 
|  28|0x0000000708600000, 0x0000000708600000, 0x0000000708800000|  0%| F|  |TAMS 0x0000000708600000, 0x0000000708600000| Untracked 
|  29|0x0000000708800000, 0x0000000708800000, 0x0000000708a00000|  0%| F|  |TAMS 0x0000000708800000, 0x0000000708800000| Untracked 
|  30|0x0000000708a00000, 0x0000000708a00000, 0x0000000708c00000|  0%| F|  |TAMS 0x0000000708a00000, 0x0000000708a00000| Untracked 
|  31|0x0000000708c00000, 0x0000000708c00000, 0x0000000708e00000|  0%| F|  |TAMS 0x0000000708c00000, 0x0000000708c00000| Untracked 
|  32|0x0000000708e00000, 0x0000000708e00000, 0x0000000709000000|  0%| F|  |TAMS 0x0000000708e00000, 0x0000000708e00000| Untracked 
|  33|0x0000000709000000, 0x0000000709000000, 0x0000000709200000|  0%| F|  |TAMS 0x0000000709000000, 0x0000000709000000| Untracked 
|  34|0x0000000709200000, 0x0000000709200000, 0x0000000709400000|  0%| F|  |TAMS 0x0000000709200000, 0x0000000709200000| Untracked 
|  35|0x0000000709400000, 0x0000000709400000, 0x0000000709600000|  0%| F|  |TAMS 0x0000000709400000, 0x0000000709400000| Untracked 
|  36|0x0000000709600000, 0x0000000709600000, 0x0000000709800000|  0%| F|  |TAMS 0x0000000709600000, 0x0000000709600000| Untracked 
|  37|0x0000000709800000, 0x0000000709800000, 0x0000000709a00000|  0%| F|  |TAMS 0x0000000709800000, 0x0000000709800000| Untracked 
|  38|0x0000000709a00000, 0x0000000709a00000, 0x0000000709c00000|  0%| F|  |TAMS 0x0000000709a00000, 0x0000000709a00000| Untracked 
|  39|0x0000000709c00000, 0x0000000709c00000, 0x0000000709e00000|  0%| F|  |TAMS 0x0000000709c00000, 0x0000000709c00000| Untracked 
|  40|0x0000000709e00000, 0x0000000709e00000, 0x000000070a000000|  0%| F|  |TAMS 0x0000000709e00000, 0x0000000709e00000| Untracked 
|  41|0x000000070a000000, 0x000000070a000000, 0x000000070a200000|  0%| F|  |TAMS 0x000000070a000000, 0x000000070a000000| Untracked 
|  42|0x000000070a200000, 0x000000070a200000, 0x000000070a400000|  0%| F|  |TAMS 0x000000070a200000, 0x000000070a200000| Untracked 
|  43|0x000000070a400000, 0x000000070a400000, 0x000000070a600000|  0%| F|  |TAMS 0x000000070a400000, 0x000000070a400000| Untracked 
|  44|0x000000070a600000, 0x000000070a600000, 0x000000070a800000|  0%| F|  |TAMS 0x000000070a600000, 0x000000070a600000| Untracked 
|  45|0x000000070a800000, 0x000000070a800000, 0x000000070aa00000|  0%| F|  |TAMS 0x000000070a800000, 0x000000070a800000| Untracked 
|  46|0x000000070aa00000, 0x000000070aa00000, 0x000000070ac00000|  0%| F|  |TAMS 0x000000070aa00000, 0x000000070aa00000| Untracked 
|  47|0x000000070ac00000, 0x000000070ac00000, 0x000000070ae00000|  0%| F|  |TAMS 0x000000070ac00000, 0x000000070ac00000| Untracked 
|  48|0x000000070ae00000, 0x000000070ae00000, 0x000000070b000000|  0%| F|  |TAMS 0x000000070ae00000, 0x000000070ae00000| Untracked 
|  49|0x000000070b000000, 0x000000070b000000, 0x000000070b200000|  0%| F|  |TAMS 0x000000070b000000, 0x000000070b000000| Untracked 
|  50|0x000000070b200000, 0x000000070b200000, 0x000000070b400000|  0%| F|  |TAMS 0x000000070b200000, 0x000000070b200000| Untracked 
|  51|0x000000070b400000, 0x000000070b400000, 0x000000070b600000|  0%| F|  |TAMS 0x000000070b400000, 0x000000070b400000| Untracked 
|  52|0x000000070b600000, 0x000000070b600000, 0x000000070b800000|  0%| F|  |TAMS 0x000000070b600000, 0x000000070b600000| Untracked 
|  53|0x000000070b800000, 0x000000070b800000, 0x000000070ba00000|  0%| F|  |TAMS 0x000000070b800000, 0x000000070b800000| Untracked 
|  54|0x000000070ba00000, 0x000000070ba00000, 0x000000070bc00000|  0%| F|  |TAMS 0x000000070ba00000, 0x000000070ba00000| Untracked 
|  55|0x000000070bc00000, 0x000000070bc00000, 0x000000070be00000|  0%| F|  |TAMS 0x000000070bc00000, 0x000000070bc00000| Untracked 
|  56|0x000000070be00000, 0x000000070be00000, 0x000000070c000000|  0%| F|  |TAMS 0x000000070be00000, 0x000000070be00000| Untracked 
|  57|0x000000070c000000, 0x000000070c000000, 0x000000070c200000|  0%| F|  |TAMS 0x000000070c000000, 0x000000070c000000| Untracked 
|  58|0x000000070c200000, 0x000000070c200000, 0x000000070c400000|  0%| F|  |TAMS 0x000000070c200000, 0x000000070c200000| Untracked 
|  59|0x000000070c400000, 0x000000070c400000, 0x000000070c600000|  0%| F|  |TAMS 0x000000070c400000, 0x000000070c400000| Untracked 
|  60|0x000000070c600000, 0x000000070c600000, 0x000000070c800000|  0%| F|  |TAMS 0x000000070c600000, 0x000000070c600000| Untracked 
|  61|0x000000070c800000, 0x000000070c800000, 0x000000070ca00000|  0%| F|  |TAMS 0x000000070c800000, 0x000000070c800000| Untracked 
|  62|0x000000070ca00000, 0x000000070ca00000, 0x000000070cc00000|  0%| F|  |TAMS 0x000000070ca00000, 0x000000070ca00000| Untracked 
|  63|0x000000070cc00000, 0x000000070cc00000, 0x000000070ce00000|  0%| F|  |TAMS 0x000000070cc00000, 0x000000070cc00000| Untracked 
|  64|0x000000070ce00000, 0x000000070ce00000, 0x000000070d000000|  0%| F|  |TAMS 0x000000070ce00000, 0x000000070ce00000| Untracked 
|  65|0x000000070d000000, 0x000000070d000000, 0x000000070d200000|  0%| F|  |TAMS 0x000000070d000000, 0x000000070d000000| Untracked 
|  66|0x000000070d200000, 0x000000070d200000, 0x000000070d400000|  0%| F|  |TAMS 0x000000070d200000, 0x000000070d200000| Untracked 
|  67|0x000000070d400000, 0x000000070d400000, 0x000000070d600000|  0%| F|  |TAMS 0x000000070d400000, 0x000000070d400000| Untracked 
|  68|0x000000070d600000, 0x000000070d600000, 0x000000070d800000|  0%| F|  |TAMS 0x000000070d600000, 0x000000070d600000| Untracked 
|  69|0x000000070d800000, 0x000000070d800000, 0x000000070da00000|  0%| F|  |TAMS 0x000000070d800000, 0x000000070d800000| Untracked 
|  70|0x000000070da00000, 0x000000070da00000, 0x000000070dc00000|  0%| F|  |TAMS 0x000000070da00000, 0x000000070da00000| Untracked 
|  71|0x000000070dc00000, 0x000000070dc00000, 0x000000070de00000|  0%| F|  |TAMS 0x000000070dc00000, 0x000000070dc00000| Untracked 
|  72|0x000000070de00000, 0x000000070e000000, 0x000000070e000000|100%| E|  |TAMS 0x000000070de00000, 0x000000070de00000| Complete 
|  73|0x000000070e000000, 0x000000070e200000, 0x000000070e200000|100%| E|CS|TAMS 0x000000070e000000, 0x000000070e000000| Complete 
|  74|0x000000070e200000, 0x000000070e400000, 0x000000070e400000|100%| E|CS|TAMS 0x000000070e200000, 0x000000070e200000| Complete 
|  75|0x000000070e400000, 0x000000070e600000, 0x000000070e600000|100%| E|CS|TAMS 0x000000070e400000, 0x000000070e400000| Complete 
|  76|0x000000070e600000, 0x000000070e800000, 0x000000070e800000|100%| E|CS|TAMS 0x000000070e600000, 0x000000070e600000| Complete 
|  77|0x000000070e800000, 0x000000070ea00000, 0x000000070ea00000|100%| E|CS|TAMS 0x000000070e800000, 0x000000070e800000| Complete 
|  78|0x000000070ea00000, 0x000000070ec00000, 0x000000070ec00000|100%| E|CS|TAMS 0x000000070ea00000, 0x000000070ea00000| Complete 
|  79|0x000000070ec00000, 0x000000070ee00000, 0x000000070ee00000|100%| E|CS|TAMS 0x000000070ec00000, 0x000000070ec00000| Complete 
|  80|0x000000070ee00000, 0x000000070f000000, 0x000000070f000000|100%| E|CS|TAMS 0x000000070ee00000, 0x000000070ee00000| Complete 
|  81|0x000000070f000000, 0x000000070f200000, 0x000000070f200000|100%| E|CS|TAMS 0x000000070f000000, 0x000000070f000000| Complete 
|  82|0x000000070f200000, 0x000000070f400000, 0x000000070f400000|100%| E|CS|TAMS 0x000000070f200000, 0x000000070f200000| Complete 
|  83|0x000000070f400000, 0x000000070f600000, 0x000000070f600000|100%| E|CS|TAMS 0x000000070f400000, 0x000000070f400000| Complete 
|  84|0x000000070f600000, 0x000000070f800000, 0x000000070f800000|100%| E|CS|TAMS 0x000000070f600000, 0x000000070f600000| Complete 
|  85|0x000000070f800000, 0x000000070fa00000, 0x000000070fa00000|100%| E|CS|TAMS 0x000000070f800000, 0x000000070f800000| Complete 
|  86|0x000000070fa00000, 0x000000070fc00000, 0x000000070fc00000|100%| E|CS|TAMS 0x000000070fa00000, 0x000000070fa00000| Complete 
|  87|0x000000070fc00000, 0x000000070fe00000, 0x000000070fe00000|100%| E|CS|TAMS 0x000000070fc00000, 0x000000070fc00000| Complete 
|  88|0x000000070fe00000, 0x0000000710000000, 0x0000000710000000|100%| E|CS|TAMS 0x000000070fe00000, 0x000000070fe00000| Complete 
|  89|0x0000000710000000, 0x0000000710200000, 0x0000000710200000|100%| E|CS|TAMS 0x0000000710000000, 0x0000000710000000| Complete 
|  90|0x0000000710200000, 0x0000000710400000, 0x0000000710400000|100%| E|CS|TAMS 0x0000000710200000, 0x0000000710200000| Complete 
|  91|0x0000000710400000, 0x0000000710600000, 0x0000000710600000|100%| E|CS|TAMS 0x0000000710400000, 0x0000000710400000| Complete 
|  92|0x0000000710600000, 0x0000000710800000, 0x0000000710800000|100%| E|CS|TAMS 0x0000000710600000, 0x0000000710600000| Complete 
|  93|0x0000000710800000, 0x0000000710a00000, 0x0000000710a00000|100%| E|CS|TAMS 0x0000000710800000, 0x0000000710800000| Complete 
|  94|0x0000000710a00000, 0x0000000710c00000, 0x0000000710c00000|100%| E|CS|TAMS 0x0000000710a00000, 0x0000000710a00000| Complete 
|  95|0x0000000710c00000, 0x0000000710e00000, 0x0000000710e00000|100%| E|CS|TAMS 0x0000000710c00000, 0x0000000710c00000| Complete 
|  96|0x0000000710e00000, 0x0000000711000000, 0x0000000711000000|100%| E|CS|TAMS 0x0000000710e00000, 0x0000000710e00000| Complete 
|  97|0x0000000711000000, 0x0000000711200000, 0x0000000711200000|100%| E|CS|TAMS 0x0000000711000000, 0x0000000711000000| Complete 
|  98|0x0000000711200000, 0x0000000711400000, 0x0000000711400000|100%| E|CS|TAMS 0x0000000711200000, 0x0000000711200000| Complete 
|  99|0x0000000711400000, 0x0000000711600000, 0x0000000711600000|100%| E|CS|TAMS 0x0000000711400000, 0x0000000711400000| Complete 
| 100|0x0000000711600000, 0x0000000711800000, 0x0000000711800000|100%| E|CS|TAMS 0x0000000711600000, 0x0000000711600000| Complete 
| 101|0x0000000711800000, 0x0000000711a00000, 0x0000000711a00000|100%| E|CS|TAMS 0x0000000711800000, 0x0000000711800000| Complete 
| 102|0x0000000711a00000, 0x0000000711c00000, 0x0000000711c00000|100%| E|CS|TAMS 0x0000000711a00000, 0x0000000711a00000| Complete 
| 103|0x0000000711c00000, 0x0000000711e00000, 0x0000000711e00000|100%| E|CS|TAMS 0x0000000711c00000, 0x0000000711c00000| Complete 
| 104|0x0000000711e00000, 0x0000000712000000, 0x0000000712000000|100%| E|CS|TAMS 0x0000000711e00000, 0x0000000711e00000| Complete 
| 105|0x0000000712000000, 0x0000000712200000, 0x0000000712200000|100%| E|CS|TAMS 0x0000000712000000, 0x0000000712000000| Complete 
| 106|0x0000000712200000, 0x0000000712400000, 0x0000000712400000|100%| E|CS|TAMS 0x0000000712200000, 0x0000000712200000| Complete 
| 107|0x0000000712400000, 0x000000071248c250, 0x0000000712600000| 27%| S|CS|TAMS 0x0000000712400000, 0x0000000712400000| Complete 
| 108|0x0000000712600000, 0x0000000712800000, 0x0000000712800000|100%| S|CS|TAMS 0x0000000712600000, 0x0000000712600000| Complete 
| 109|0x0000000712800000, 0x0000000712a00000, 0x0000000712a00000|100%| E|CS|TAMS 0x0000000712800000, 0x0000000712800000| Complete 
| 110|0x0000000712a00000, 0x0000000712c00000, 0x0000000712c00000|100%| E|CS|TAMS 0x0000000712a00000, 0x0000000712a00000| Complete 
| 111|0x0000000712c00000, 0x0000000712e00000, 0x0000000712e00000|100%| E|CS|TAMS 0x0000000712c00000, 0x0000000712c00000| Complete 
| 112|0x0000000712e00000, 0x0000000713000000, 0x0000000713000000|100%| E|CS|TAMS 0x0000000712e00000, 0x0000000712e00000| Complete 
| 113|0x0000000713000000, 0x0000000713200000, 0x0000000713200000|100%| E|CS|TAMS 0x0000000713000000, 0x0000000713000000| Complete 
| 114|0x0000000713200000, 0x0000000713400000, 0x0000000713400000|100%| E|CS|TAMS 0x0000000713200000, 0x0000000713200000| Complete 
| 115|0x0000000713400000, 0x0000000713600000, 0x0000000713600000|100%| E|CS|TAMS 0x0000000713400000, 0x0000000713400000| Complete 
| 116|0x0000000713600000, 0x0000000713800000, 0x0000000713800000|100%| E|CS|TAMS 0x0000000713600000, 0x0000000713600000| Complete 
| 117|0x0000000713800000, 0x0000000713a00000, 0x0000000713a00000|100%| E|CS|TAMS 0x0000000713800000, 0x0000000713800000| Complete 
| 118|0x0000000713a00000, 0x0000000713c00000, 0x0000000713c00000|100%| E|CS|TAMS 0x0000000713a00000, 0x0000000713a00000| Complete 
| 119|0x0000000713c00000, 0x0000000713e00000, 0x0000000713e00000|100%| E|CS|TAMS 0x0000000713c00000, 0x0000000713c00000| Complete 
| 120|0x0000000713e00000, 0x0000000714000000, 0x0000000714000000|100%| E|CS|TAMS 0x0000000713e00000, 0x0000000713e00000| Complete 
| 121|0x0000000714000000, 0x0000000714200000, 0x0000000714200000|100%| E|CS|TAMS 0x0000000714000000, 0x0000000714000000| Complete 
| 122|0x0000000714200000, 0x0000000714400000, 0x0000000714400000|100%| E|CS|TAMS 0x0000000714200000, 0x0000000714200000| Complete 
| 123|0x0000000714400000, 0x0000000714600000, 0x0000000714600000|100%| E|CS|TAMS 0x0000000714400000, 0x0000000714400000| Complete 
| 124|0x0000000714600000, 0x0000000714800000, 0x0000000714800000|100%| E|CS|TAMS 0x0000000714600000, 0x0000000714600000| Complete 
| 125|0x0000000714800000, 0x0000000714a00000, 0x0000000714a00000|100%| E|CS|TAMS 0x0000000714800000, 0x0000000714800000| Complete 

Card table byte_map: [0x00000116c4510000,0x00000116c4cf0000] _byte_map_base: 0x00000116c0ce9000

Marking Bits (Prev, Next): (CMBitMap*) 0x00000116ad1f3260, (CMBitMap*) 0x00000116ad1f32a0
 Prev Bits: [0x00000116c54d0000, 0x00000116c9398000)
 Next Bits: [0x00000116c93a0000, 0x00000116cd268000)

Polling page: 0x00000116ab0f0000

Metaspace:

Usage:
  Non-class:     11.14 MB used.
      Class:      1.40 MB used.
       Both:     12.54 MB used.

Virtual space:
  Non-class space:       16.00 MB reserved,      11.25 MB ( 70%) committed,  2 nodes.
      Class space:        1.00 GB reserved,       1.50 MB ( <1%) committed,  1 nodes.
             Both:        1.02 GB reserved,      12.75 MB (  1%) committed. 

Chunk freelists:
   Non-Class:  3.45 MB
       Class:  2.54 MB
        Both:  5.99 MB

MaxMetaspaceSize: unlimited
CompressedClassSpaceSize: 1.00 GB
Initial GC threshold: 21.00 MB
Current GC threshold: 21.00 MB
CDS: on
MetaspaceReclaimPolicy: balanced
 - commit_granule_bytes: 65536.
 - commit_granule_words: 8192.
 - virtual_space_node_default_size: 1048576.
 - enlarge_chunks_in_place: 1.
 - new_chunks_are_fully_committed: 0.
 - uncommit_free_chunks: 1.
 - use_allocation_guard: 0.
 - handle_deallocations: 1.


Internal statistics:

num_allocs_failed_limit: 0.
num_arena_births: 76.
num_arena_deaths: 0.
num_vsnodes_births: 3.
num_vsnodes_deaths: 0.
num_space_committed: 204.
num_space_uncommitted: 0.
num_chunks_returned_to_freelist: 0.
num_chunks_taken_from_freelist: 503.
num_chunk_merges: 0.
num_chunk_splits: 359.
num_chunks_enlarged: 289.
num_purges: 0.
num_inconsistent_stats: 0.

CodeHeap 'non-profiled nmethods': size=120000Kb used=1929Kb max_used=1929Kb free=118071Kb
 bounds [0x00000116bc4d0000, 0x00000116bc740000, 0x00000116c3a00000]
CodeHeap 'profiled nmethods': size=120000Kb used=7167Kb max_used=7167Kb free=112833Kb
 bounds [0x00000116b4a00000, 0x00000116b5100000, 0x00000116bbf30000]
CodeHeap 'non-nmethods': size=5760Kb used=1179Kb max_used=1237Kb free=4580Kb
 bounds [0x00000116bbf30000, 0x00000116bc1a0000, 0x00000116bc4d0000]
 total_blobs=3893 nmethods=3436 adapters=369
 compilation: enabled
              stopped_count=0, restarted_count=0
 full_count=0

Compilation events (20 events):
Event: 3.352 Thread 0x00000116cfcf7ff0 nmethod 3369 0x00000116b50d4910 code [0x00000116b50d4b20, 0x00000116b50d51e8]
Event: 3.352 Thread 0x00000116cfcf7ff0 3370       3       org.apache.maven.model.merge.MavenModelMerger::mergeModel (24 bytes)
Event: 3.352 Thread 0x00000116cfcf7ff0 nmethod 3370 0x00000116b50d5490 code [0x00000116b50d5640, 0x00000116b50d58b8]
Event: 3.352 Thread 0x00000116cfcf7ff0 3371       3       org.apache.maven.model.merge.ModelMerger::mergeModel (208 bytes)
Event: 3.352 Thread 0x00000116cfcf7ff0 nmethod 3371 0x00000116b50d5a10 code [0x00000116b50d5d00, 0x00000116b50d70e8]
Event: 3.362 Thread 0x00000116cfcf7ff0 3373       3       org.eclipse.aether.collection.DependencyManagement::setVersion (7 bytes)
Event: 3.362 Thread 0x00000116cfcf7ff0 nmethod 3373 0x00000116b50d7410 code [0x00000116b50d75a0, 0x00000116b50d76f8]
Event: 3.362 Thread 0x00000116cfcf7ff0 3375       3       org.eclipse.aether.internal.impl.collect.DefaultDependencyCollector::process (52 bytes)
Event: 3.363 Thread 0x00000116cfcf7ff0 nmethod 3375 0x00000116b50d7790 code [0x00000116b50d7980, 0x00000116b50d7f18]
Event: 3.363 Thread 0x00000116cfcf7ff0 3377       3       org.eclipse.aether.internal.impl.collect.DataPool$ConstraintKey::equals (168 bytes)
Event: 3.364 Thread 0x00000116cfcf7ff0 nmethod 3377 0x00000116b50d8110 code [0x00000116b50d83c0, 0x00000116b50d91c8]
Event: 3.364 Thread 0x00000116cfcf7ff0 3376       3       org.eclipse.aether.internal.impl.collect.DataPool$ConstraintKey::equals (55 bytes)
Event: 3.364 Thread 0x00000116cfcf7ff0 nmethod 3376 0x00000116b50d9590 code [0x00000116b50d9760, 0x00000116b50d9cf8]
Event: 3.364 Thread 0x00000116cfcf7ff0 3380       3       org.eclipse.aether.internal.impl.collect.DefaultDependencyCollector::createArtifactDescriptorRequest (46 bytes)
Event: 3.365 Thread 0x00000116cfcf7ff0 nmethod 3380 0x00000116b50d9e10 code [0x00000116b50da020, 0x00000116b50da878]
Event: 3.365 Thread 0x00000116cfcf7ff0 3381       3       org.eclipse.aether.internal.impl.collect.DefaultDependencyCollector::getArtifactDescriptorResult (35 bytes)
Event: 3.365 Thread 0x00000116cfcf7ff0 nmethod 3381 0x00000116b50dab10 code [0x00000116b50dacc0, 0x00000116b50daf38]
Event: 3.365 Thread 0x00000116cfcf7ff0 3382       3       org.eclipse.aether.internal.impl.collect.DefaultDependencyCollector$PremanagedDependency::applyTo (66 bytes)
Event: 3.366 Thread 0x00000116cfcf7ff0 nmethod 3382 0x00000116b50db090 code [0x00000116b50db280, 0x00000116b50db5a8]
Event: 3.366 Thread 0x00000116cfcf7ff0 3383       3       org.eclipse.aether.util.graph.manager.ClassicDependencyManager::manageDependency (356 bytes)

GC Heap History (4 events):
Event: 0.769 GC heap before
{Heap before GC invocations=0 (full 0):
 garbage-first heap   total 258048K, used 22528K [0x0000000704e00000, 0x0000000800000000)
  region size 2048K, 11 young (22528K), 0 survivors (0K)
 Metaspace       used 4771K, committed 4928K, reserved 1056768K
  class space    used 561K, committed 640K, reserved 1048576K
}
Event: 0.773 GC heap after
{Heap after GC invocations=1 (full 0):
 garbage-first heap   total 258048K, used 3595K [0x0000000704e00000, 0x0000000800000000)
  region size 2048K, 2 young (4096K), 2 survivors (4096K)
 Metaspace       used 4771K, committed 4928K, reserved 1056768K
  class space    used 561K, committed 640K, reserved 1048576K
}
Event: 1.573 GC heap before
{Heap before GC invocations=1 (full 0):
 garbage-first heap   total 258048K, used 34315K [0x0000000704e00000, 0x0000000800000000)
  region size 2048K, 17 young (34816K), 2 survivors (4096K)
 Metaspace       used 10412K, committed 10560K, reserved 1064960K
  class space    used 1270K, committed 1344K, reserved 1048576K
}
Event: 1.581 GC heap after
{Heap after GC invocations=2 (full 0):
 garbage-first heap   total 258048K, used 5929K [0x0000000704e00000, 0x0000000800000000)
  region size 2048K, 2 young (4096K), 2 survivors (4096K)
 Metaspace       used 10412K, committed 10560K, reserved 1064960K
  class space    used 1270K, committed 1344K, reserved 1048576K
}

Deoptimization events (20 events):
Event: 2.775 Thread 0x00000116ad185000 DEOPT PACKING pc=0x00000116b4e9c48c sp=0x00000015326fc680
Event: 2.775 Thread 0x00000116ad185000 DEOPT UNPACKING pc=0x00000116bbf866e3 sp=0x00000015326fbbd8 mode 0
Event: 2.790 Thread 0x00000116ad185000 DEOPT PACKING pc=0x00000116b4e9c48c sp=0x00000015326fc0b0
Event: 2.790 Thread 0x00000116ad185000 DEOPT UNPACKING pc=0x00000116bbf866e3 sp=0x00000015326fb608 mode 0
Event: 2.908 Thread 0x00000116ad185000 Uncommon trap: trap_request=0xffffff45 fr.pc=0x00000116bc4ef558 relative=0x0000000000000158
Event: 2.908 Thread 0x00000116ad185000 Uncommon trap: reason=unstable_if action=reinterpret pc=0x00000116bc4ef558 method=java.lang.String.indexOf(II)I @ 4 c2
Event: 2.908 Thread 0x00000116ad185000 DEOPT PACKING pc=0x00000116bc4ef558 sp=0x00000015326fc2f0
Event: 2.908 Thread 0x00000116ad185000 DEOPT UNPACKING pc=0x00000116bbf85ba3 sp=0x00000015326fc220 mode 2
Event: 2.908 Thread 0x00000116ad185000 Uncommon trap: trap_request=0xffffff45 fr.pc=0x00000116bc4f4990 relative=0x00000000000004f0
Event: 2.908 Thread 0x00000116ad185000 Uncommon trap: reason=unstable_if action=reinterpret pc=0x00000116bc4f4990 method=java.lang.String.substring(II)Ljava/lang/String; @ 31 c2
Event: 2.908 Thread 0x00000116ad185000 DEOPT PACKING pc=0x00000116bc4f4990 sp=0x00000015326fc280
Event: 2.908 Thread 0x00000116ad185000 DEOPT UNPACKING pc=0x00000116bbf85ba3 sp=0x00000015326fc250 mode 2
Event: 2.908 Thread 0x00000116ad185000 Uncommon trap: trap_request=0xffffff45 fr.pc=0x00000116bc66c960 relative=0x0000000000000c60
Event: 2.908 Thread 0x00000116ad185000 Uncommon trap: reason=unstable_if action=reinterpret pc=0x00000116bc66c960 method=sun.nio.cs.UTF_8$Decoder.decodeArrayLoop(Ljava/nio/ByteBuffer;Ljava/nio/CharBuffer;)Ljava/nio/charset/CoderResult; @ 164 c2
Event: 2.908 Thread 0x00000116ad185000 DEOPT PACKING pc=0x00000116bc66c960 sp=0x00000015326fbef0
Event: 2.908 Thread 0x00000116ad185000 DEOPT UNPACKING pc=0x00000116bbf85ba3 sp=0x00000015326fbe38 mode 2
Event: 3.350 Thread 0x00000116ad185000 DEOPT PACKING pc=0x00000116b5027d8c sp=0x00000015326fc680
Event: 3.350 Thread 0x00000116ad185000 DEOPT UNPACKING pc=0x00000116bbf866e3 sp=0x00000015326fbbd8 mode 0
Event: 3.355 Thread 0x00000116ad185000 DEOPT PACKING pc=0x00000116b5027d8c sp=0x00000015326fc240
Event: 3.355 Thread 0x00000116ad185000 DEOPT UNPACKING pc=0x00000116bbf866e3 sp=0x00000015326fb798 mode 0

Classes unloaded (0 events):
No events

Classes redefined (0 events):
No events

Internal exceptions (15 events):
Event: 0.338 Thread 0x00000116ad185000 Exception <a 'java/lang/NullPointerException'{0x00000007147bf998}> (0x00000007147bf998) 
thrown [s\open\src\hotspot\share\interpreter\linkResolver.cpp, line 1350]
Event: 0.358 Thread 0x00000116ad185000 Exception <a 'java/lang/NullPointerException'{0x000000071440d128}> (0x000000071440d128) 
thrown [s\open\src\hotspot\share\interpreter\linkResolver.cpp, line 1350]
Event: 0.358 Thread 0x00000116ad185000 Exception <a 'java/lang/NullPointerException'{0x000000071440d400}> (0x000000071440d400) 
thrown [s\open\src\hotspot\share\interpreter\linkResolver.cpp, line 1350]
Event: 0.358 Thread 0x00000116ad185000 Exception <a 'java/lang/NullPointerException'{0x000000071440d6d8}> (0x000000071440d6d8) 
thrown [s\open\src\hotspot\share\interpreter\linkResolver.cpp, line 1350]
Event: 0.359 Thread 0x00000116ad185000 Exception <a 'java/lang/NullPointerException'{0x0000000714412bd0}> (0x0000000714412bd0) 
thrown [s\open\src\hotspot\share\interpreter\linkResolver.cpp, line 1350]
Event: 0.360 Thread 0x00000116ad185000 Exception <a 'java/lang/NullPointerException'{0x0000000714427bc8}> (0x0000000714427bc8) 
thrown [s\open\src\hotspot\share\interpreter\linkResolver.cpp, line 1350]
Event: 0.360 Thread 0x00000116ad185000 Exception <a 'java/lang/NullPointerException'{0x0000000714427ea0}> (0x0000000714427ea0) 
thrown [s\open\src\hotspot\share\interpreter\linkResolver.cpp, line 1350]
Event: 0.360 Thread 0x00000116ad185000 Exception <a 'java/lang/NullPointerException'{0x0000000714428178}> (0x0000000714428178) 
thrown [s\open\src\hotspot\share\interpreter\linkResolver.cpp, line 1350]
Event: 0.360 Thread 0x00000116ad185000 Exception <a 'java/lang/NullPointerException'{0x0000000714428450}> (0x0000000714428450) 
thrown [s\open\src\hotspot\share\interpreter\linkResolver.cpp, line 1350]
Event: 0.665 Thread 0x00000116ad185000 Exception <a 'java/lang/NoSuchMethodError'{0x0000000713a03fc0}: 'java.lang.Object java.lang.invoke.DirectMethodHandle$Holder.newInvokeSpecial(java.lang.Object, java.lang.Object, java.lang.Object, java.lang.Object, java.lang.Object)'> (0x0000000713a03fc0) 
thrown [s\open\src\hotspot\share\interpreter\linkResolver.cpp, line 759]
Event: 0.696 Thread 0x00000116ad185000 Exception <a 'java/lang/NoClassDefFoundError'{0x0000000713b61e48}: javax/enterprise/inject/Typed> (0x0000000713b61e48) 
thrown [s\open\src\hotspot\share\classfile\systemDictionary.cpp, line 245]
Event: 1.433 Thread 0x00000116ad185000 Exception <a 'java/lang/NoClassDefFoundError'{0x0000000712b83058}: com/google/inject/servlet/ServletModuleTargetVisitor> (0x0000000712b83058) 
thrown [s\open\src\hotspot\share\classfile\systemDictionary.cpp, line 245]
Event: 1.521 Thread 0x00000116ad185000 Exception <a 'java/lang/NoSuchMethodError'{0x00000007128ca708}: 'java.lang.Object java.lang.invoke.DirectMethodHandle$Holder.invokeStaticInit(java.lang.Object, int, int, int, int)'> (0x00000007128ca708) 
thrown [s\open\src\hotspot\share\interpreter\linkResolver.cpp, line 759]
Event: 1.645 Thread 0x00000116ad185000 Implicit null exception at 0x00000116bc577872 to 0x00000116bc577ec0
Event: 1.645 Thread 0x00000116ad185000 Implicit null exception at 0x00000116bc4f78f2 to 0x00000116bc4f7f58

VM Operations (20 events):
Event: 1.409 Executing VM operation: HandshakeAllThreads
Event: 1.409 Executing VM operation: HandshakeAllThreads done
Event: 1.502 Executing VM operation: HandshakeAllThreads
Event: 1.502 Executing VM operation: HandshakeAllThreads done
Event: 1.539 Executing VM operation: HandshakeAllThreads
Event: 1.539 Executing VM operation: HandshakeAllThreads done
Event: 1.562 Executing VM operation: ICBufferFull
Event: 1.562 Executing VM operation: ICBufferFull done
Event: 1.573 Executing VM operation: G1CollectForAllocation
Event: 1.581 Executing VM operation: G1CollectForAllocation done
Event: 1.626 Executing VM operation: HandshakeAllThreads
Event: 1.626 Executing VM operation: HandshakeAllThreads done
Event: 1.974 Executing VM operation: ICBufferFull
Event: 1.975 Executing VM operation: ICBufferFull done
Event: 2.694 Executing VM operation: ICBufferFull
Event: 2.694 Executing VM operation: ICBufferFull done
Event: 2.821 Executing VM operation: HandshakeAllThreads
Event: 2.822 Executing VM operation: HandshakeAllThreads done
Event: 3.357 Executing VM operation: ICBufferFull
Event: 3.358 Executing VM operation: ICBufferFull done

Events (20 events):
Event: 1.627 loading class java/util/regex/Pattern$Pos
Event: 1.627 loading class java/util/regex/Pattern$Pos done
Event: 1.659 loading class sun/util/resources/LocaleData$CommonResourceBundleProvider
Event: 1.659 loading class sun/util/resources/LocaleData$LocaleDataResourceBundleProvider
Event: 1.659 loading class java/util/spi/ResourceBundleProvider
Event: 1.659 loading class java/util/spi/ResourceBundleProvider done
Event: 1.659 loading class sun/util/resources/LocaleData$LocaleDataResourceBundleProvider done
Event: 1.659 loading class sun/util/resources/LocaleData$CommonResourceBundleProvider done
Event: 1.660 loading class sun/util/resources/Bundles$2
Event: 1.660 loading class sun/util/resources/Bundles$2 done
Event: 1.690 loading class java/lang/Short$ShortCache
Event: 1.690 loading class java/lang/Short$ShortCache done
Event: 1.690 loading class java/lang/Byte$ByteCache
Event: 1.690 loading class java/lang/Byte$ByteCache done
Event: 1.788 loading class java/util/Formatter$FixedString
Event: 1.788 loading class java/util/Formatter$FixedString done
Event: 2.240 loading class sun/nio/cs/ISO_8859_1$Decoder
Event: 2.241 loading class sun/nio/cs/ISO_8859_1$Decoder done
Event: 2.696 loading class java/util/Collections$UnmodifiableList$1
Event: 2.697 loading class java/util/Collections$UnmodifiableList$1 done


Dynamic libraries:
0x00007ff7d2940000 - 0x00007ff7d2950000 	C:\Program Files\Java\jdk-17\bin\java.exe
0x00007ff946090000 - 0x00007ff9462a6000 	C:\WINDOWS\SYSTEM32\ntdll.dll
0x00007ff9448c0000 - 0x00007ff944984000 	C:\WINDOWS\System32\KERNEL32.DLL
0x00007ff9435b0000 - 0x00007ff943956000 	C:\WINDOWS\System32\KERNELBASE.dll
0x00007ff943990000 - 0x00007ff943aa1000 	C:\WINDOWS\System32\ucrtbase.dll
0x00007ff91c400000 - 0x00007ff91c418000 	C:\Program Files\Java\jdk-17\bin\jli.dll
0x00007ff945f30000 - 0x00007ff945fe2000 	C:\WINDOWS\System32\ADVAPI32.dll
0x00007ff943f80000 - 0x00007ff944027000 	C:\WINDOWS\System32\msvcrt.dll
0x00007ff9455c0000 - 0x00007ff945668000 	C:\WINDOWS\System32\sechost.dll
0x00007ff943960000 - 0x00007ff943988000 	C:\WINDOWS\System32\bcrypt.dll
0x00007ff945be0000 - 0x00007ff945cf5000 	C:\WINDOWS\System32\RPCRT4.dll
0x00007ff900a20000 - 0x00007ff900a3b000 	C:\Program Files\Java\jdk-17\bin\VCRUNTIME140.dll
0x00007ff945d20000 - 0x00007ff945ecd000 	C:\WINDOWS\System32\USER32.dll
0x00007ff943db0000 - 0x00007ff943dd6000 	C:\WINDOWS\System32\win32u.dll
0x00007ff945590000 - 0x00007ff9455b9000 	C:\WINDOWS\System32\GDI32.dll
0x00007ff91a800000 - 0x00007ff91aa93000 	C:\WINDOWS\WinSxS\amd64_microsoft.windows.common-controls_6595b64144ccf1df_6.0.22621.3235_none_270f74e173860f98\COMCTL32.dll
0x00007ff943c90000 - 0x00007ff943da8000 	C:\WINDOWS\System32\gdi32full.dll
0x00007ff9433d0000 - 0x00007ff94346a000 	C:\WINDOWS\System32\msvcp_win.dll
0x00007ff939130000 - 0x00007ff93913a000 	C:\WINDOWS\SYSTEM32\VERSION.dll
0x00007ff945700000 - 0x00007ff945731000 	C:\WINDOWS\System32\IMM32.DLL
0x00007ff9270e0000 - 0x00007ff9270ec000 	C:\Program Files\Java\jdk-17\bin\vcruntime140_1.dll
0x00007ff8e6430000 - 0x00007ff8e64be000 	C:\Program Files\Java\jdk-17\bin\msvcp140.dll
0x00007ff87a840000 - 0x00007ff87b417000 	C:\Program Files\Java\jdk-17\bin\server\jvm.dll
0x00007ff943f70000 - 0x00007ff943f78000 	C:\WINDOWS\System32\PSAPI.DLL
0x00007ff937580000 - 0x00007ff9375b4000 	C:\WINDOWS\SYSTEM32\WINMM.dll
0x00007ff91fdd0000 - 0x00007ff91fdd9000 	C:\WINDOWS\SYSTEM32\WSOCK32.dll
0x00007ff9453b0000 - 0x00007ff945421000 	C:\WINDOWS\System32\WS2_32.dll
0x00007ff9424c0000 - 0x00007ff9424d8000 	C:\WINDOWS\SYSTEM32\kernel.appcore.dll
0x00007ff922ec0000 - 0x00007ff922eca000 	C:\Program Files\Java\jdk-17\bin\jimage.dll
0x00007ff940830000 - 0x00007ff940a63000 	C:\WINDOWS\SYSTEM32\DBGHELP.DLL
0x00007ff945750000 - 0x00007ff945ad8000 	C:\WINDOWS\System32\combase.dll
0x00007ff9447e0000 - 0x00007ff9448b7000 	C:\WINDOWS\System32\OLEAUT32.dll
0x00007ff921b20000 - 0x00007ff921b52000 	C:\WINDOWS\SYSTEM32\dbgcore.DLL
0x00007ff943530000 - 0x00007ff9435aa000 	C:\WINDOWS\System32\bcryptPrimitives.dll
0x00007ff8fd1a0000 - 0x00007ff8fd1c5000 	C:\Program Files\Java\jdk-17\bin\java.dll
0x00007ff8d92e0000 - 0x00007ff8d93b7000 	C:\Program Files\Java\jdk-17\bin\jsvml.dll
0x00007ff944990000 - 0x00007ff9451ed000 	C:\WINDOWS\System32\SHELL32.dll
0x00007ff9412f0000 - 0x00007ff941be8000 	C:\WINDOWS\SYSTEM32\windows.storage.dll
0x00007ff9411b0000 - 0x00007ff9412ee000 	C:\WINDOWS\SYSTEM32\wintypes.dll
0x00007ff943e70000 - 0x00007ff943f63000 	C:\WINDOWS\System32\SHCORE.dll
0x00007ff945ed0000 - 0x00007ff945f2e000 	C:\WINDOWS\System32\shlwapi.dll
0x00007ff943300000 - 0x00007ff943326000 	C:\WINDOWS\SYSTEM32\profapi.dll
0x00007ff8e9560000 - 0x00007ff8e9579000 	C:\Program Files\Java\jdk-17\bin\net.dll
0x00007ff939d40000 - 0x00007ff939e77000 	C:\WINDOWS\SYSTEM32\WINHTTP.dll
0x00007ff942930000 - 0x00007ff942999000 	C:\WINDOWS\system32\mswsock.dll
0x00007ff8e8170000 - 0x00007ff8e8186000 	C:\Program Files\Java\jdk-17\bin\nio.dll
0x00007ff8e80b0000 - 0x00007ff8e80c8000 	C:\Program Files\Java\jdk-17\bin\zip.dll
0x0000000069ac0000 - 0x0000000069ae4000 	D:\apache-maven-3.8.6\lib\jansi-native\Windows\x86_64\jansi.dll
0x00007ff9224e0000 - 0x00007ff9224f0000 	C:\Program Files\Java\jdk-17\bin\verify.dll

dbghelp: loaded successfully - version: 4.0.5 - missing functions: none
symbol engine: initialized successfully - sym options: 0x614 - pdb path: .;C:\Program Files\Java\jdk-17\bin;C:\WINDOWS\SYSTEM32;C:\WINDOWS\WinSxS\amd64_microsoft.windows.common-controls_6595b64144ccf1df_6.0.22621.3235_none_270f74e173860f98;C:\Program Files\Java\jdk-17\bin\server;D:\apache-maven-3.8.6\lib\jansi-native\Windows\x86_64

VM Arguments:
jvm_args: -Dclassworlds.conf=D:\apache-maven-3.8.6\bin\m2.conf -Dmaven.home=D:\apache-maven-3.8.6 -Dlibrary.jansi.path=D:\apache-maven-3.8.6\lib\jansi-native -Dmaven.multiModuleProjectDirectory=D:\soum21Juin2022\MyProject\EcoleVie\mic-gestion-ecole-api 
java_command: org.codehaus.plexus.classworlds.launcher.Launcher clean quarkus:dev
java_class_path (initial): D:\apache-maven-3.8.6\boot\plexus-classworlds-2.6.0.jar
Launcher Type: SUN_STANDARD

[Global flags]
     intx CICompilerCount                          = 4                                         {product} {ergonomic}
     uint ConcGCThreads                            = 2                                         {product} {ergonomic}
     uint G1ConcRefinementThreads                  = 8                                         {product} {ergonomic}
   size_t G1HeapRegionSize                         = 2097152                                   {product} {ergonomic}
    uintx GCDrainStackTargetSize                   = 64                                        {product} {ergonomic}
   size_t InitialHeapSize                          = 264241152                                 {product} {ergonomic}
   size_t MarkStackSize                            = 4194304                                   {product} {ergonomic}
   size_t MaxHeapSize                              = 4213178368                                {product} {ergonomic}
   size_t MaxNewSize                               = 2527068160                                {product} {ergonomic}
   size_t MinHeapDeltaBytes                        = 2097152                                   {product} {ergonomic}
   size_t MinHeapSize                              = 8388608                                   {product} {ergonomic}
    uintx NonNMethodCodeHeapSize                   = 5839372                                {pd product} {ergonomic}
    uintx NonProfiledCodeHeapSize                  = 122909434                              {pd product} {ergonomic}
    uintx ProfiledCodeHeapSize                     = 122909434                              {pd product} {ergonomic}
    uintx ReservedCodeCacheSize                    = 251658240                              {pd product} {ergonomic}
     bool SegmentedCodeCache                       = true                                      {product} {ergonomic}
   size_t SoftMaxHeapSize                          = 4213178368                             {manageable} {ergonomic}
     bool UseCompressedClassPointers               = true                           {product lp64_product} {ergonomic}
     bool UseCompressedOops                        = true                           {product lp64_product} {ergonomic}
     bool UseG1GC                                  = true                                      {product} {ergonomic}
     bool UseLargePagesIndividualAllocation        = false                                  {pd product} {ergonomic}

Logging:
Log output configuration:
 #0: stdout all=warning uptime,level,tags
 #1: stderr all=off uptime,level,tags

Environment Variables:
JAVA_HOME=C:\Program Files\Java\jdk-17
PATH=C:\Users\HP\AppData\Local\cloud-code\installer\google-cloud-sdk\bin;C:\Program Files\Java\jdk-17\bin;C:\oraclexe\app\oracle\product\11.2.0\server\bin;C:\Program Files\Common Files\Oracle\Java\javapath;C:\Program Files (x86)\Common Files\Oracle\Java\javapath;C:\WINDOWS\system32;C:\WINDOWS;C:\WINDOWS\System32\Wbem;C:\WINDOWS\System32\WindowsPowerShell\v1.0\;C:\WINDOWS\System32\OpenSSH\;C:\Program Files\Docker\Docker\resources\bin;%M2_HOME%;%M2%;D:\apache-maven-3.8.6\bin;C:\Program Files\Git\cmd;C:\Users\HP\AppData\Roaming\npm;D:\wildfly-26.1.2.Final;C:\Program Files (x86)\Google\Cloud SDK\google-cloud-sdk\bin;C:\sigctl;C:\Users\HP\AppData\Roaming\nvm;C:\Program Files\nodejs;D:\XAMP\php;D:\ComposerSetup;C:\Users\HP\AppData\Local\Programs\Python\Python312\Scripts\;C:\Users\HP\AppData\Local\Programs\Python\Python312\;C:\Program Files\MySQL\MySQL Shell 8.0\bin\;C:\Users\HP\AppData\Local\Microsoft\WindowsApps;C:\Users\HP\AppData\Local\Programs\Microsoft VS Code\bin;"C:\Program Files\Git\bin\git.exe;C:\Program Files\Git\cmd";C:\Program Files\Java\jre1.8.0_341\bin;C:\Users\HP\AppData\Local\Android\Sdk\platform-tools;C:\Users\HP\AppData\Roaming\nvm;C:\Program Files\nodejs;C:\Users\HP\AppData\Roaming\Composer\vendor\bin;C:\Program Files\JetBrains\PyCharm Community Edition 2022.3.1\bin;
USERNAME=HP
LANG=fr_FR.UTF-8
OS=Windows_NT
PROCESSOR_IDENTIFIER=Intel64 Family 6 Model 140 Stepping 1, GenuineIntel



---------------  S Y S T E M  ---------------

OS:
 Windows 11 , 64 bit Build 22621 (10.0.22621.3235)
OS uptime: 0 days 20:14 hours
Hyper-V role detected

CPU: total 8 (initial active 8) (4 cores per cpu, 2 threads per core) family 6 model 140 stepping 1 microcode 0xb6, cx8, cmov, fxsr, ht, mmx, 3dnowpref, sse, sse2, sse3, ssse3, sse4.1, sse4.2, popcnt, lzcnt, tsc, tscinvbit, avx, avx2, aes, erms, clmul, bmi1, bmi2, adx, avx512f, avx512dq, avx512cd, avx512bw, avx512vl, sha, fma, vzeroupper, avx512_vpopcntdq, avx512_vpclmulqdq, avx512_vaes, avx512_vnni, clflush, clflushopt, clwb, avx512_vbmi2, avx512_vbmi, hv

Memory: 4k page, system-wide physical 16064M (1227M free)
TotalPageFile size 30031M (AvailPageFile size 17M)
current process WorkingSet (physical memory assigned to process): 206M, peak: 206M
current process commit charge ("private bytes"): 396M, peak: 399M

vm_info: Java HotSpot(TM) 64-Bit Server VM (17.0.6+9-LTS-190) for windows-amd64 JRE (17.0.6+9-LTS-190), built on Dec  6 2022 15:53:54 by "mach5one" with MS VC++ 17.1 (VS2022)

END.
