#
# There is insufficient memory for the Java Runtime Environment to continue.
# Native memory allocation (malloc) failed to allocate 32744 bytes for ChunkPool::allocate
# Possible reasons:
#   The system is out of physical RAM or swap space
#   The process is running with CompressedOops enabled, and the Java Heap may be blocking the growth of the native heap
# Possible solutions:
#   Reduce memory load on the system
#   Increase physical memory or swap space
#   Check if swap backing store is full
#   Decrease Java heap size (-Xmx/-Xms)
#   Decrease number of Java threads
#   Decrease Java thread stack sizes (-Xss)
#   Set larger code cache with -XX:ReservedCodeCacheSize=
#   JVM is running with Zero Based Compressed Oops mode in which the Java heap is
#     placed in the first 32GB address space. The Java Heap base address is the
#     maximum limit for the native heap growth. Please use -XX:HeapBaseMinAddress
#     to set the Java Heap base and to place the Java Heap above 32GB virtual address.
# This output file may be truncated or incomplete.
#
#  Out of Memory Error (arena.cpp:78), pid=19124, tid=27652
#
# JRE version: Java(TM) SE Runtime Environment (17.0.6+9) (build 17.0.6+9-LTS-190)
# Java VM: Java HotSpot(TM) 64-Bit Server VM (17.0.6+9-LTS-190, mixed mode, sharing, tiered, compressed oops, compressed class ptrs, g1 gc, windows-amd64)
# No core dump will be written. Minidumps are not enabled by default on client versions of Windows
#

---------------  S U M M A R Y ------------

Command Line: -Dclassworlds.conf=D:\apache-maven-3.8.6\bin\m2.conf -Dmaven.home=D:\apache-maven-3.8.6 -Dlibrary.jansi.path=D:\apache-maven-3.8.6\lib\jansi-native -Dmaven.multiModuleProjectDirectory=D:\soum21Juin2022\MyProject\EcoleVie\mic-gestion-ecole-api org.codehaus.plexus.classworlds.launcher.Launcher clean quarkus:dev

Host: 11th Gen Intel(R) Core(TM) i7-1165G7 @ 2.80GHz, 8 cores, 15G,  Windows 11 , 64 bit Build 22621 (10.0.22621.3235)
Time: Sun Apr  7 13:38:04 2024 Greenwich elapsed time: 25.068137 seconds (0d 0h 0m 25s)

---------------  T H R E A D  ---------------

Current thread (0x00000298b5bf9a50):  JavaThread "C2 CompilerThread1" daemon [_thread_in_native, id=27652, stack(0x000000abea500000,0x000000abea600000)]


Current CompileTask:
C2:  25068 9260   !   4       lombok.javac.JavacAST::drill (146 bytes)

Stack: [0x000000abea500000,0x000000abea600000]
Native frames: (J=compiled Java code, j=interpreted, Vv=VM code, C=native code)
V  [jvm.dll+0x6734ea]
V  [jvm.dll+0x7d18f4]
V  [jvm.dll+0x7d309e]
V  [jvm.dll+0x7d3703]
V  [jvm.dll+0x2433c5]
V  [jvm.dll+0xaa6c0]
V  [jvm.dll+0xaaa0c]
V  [jvm.dll+0x363db9]
V  [jvm.dll+0x55dfd8]
V  [jvm.dll+0x55d015]
V  [jvm.dll+0x55dbfb]
V  [jvm.dll+0x1b9880]
V  [jvm.dll+0x215f37]
V  [jvm.dll+0x215211]
V  [jvm.dll+0x1a1730]
V  [jvm.dll+0x224b6e]
V  [jvm.dll+0x222f15]
V  [jvm.dll+0x78753c]
V  [jvm.dll+0x781a7a]
V  [jvm.dll+0x672375]
C  [ucrtbase.dll+0x29363]
C  [KERNEL32.DLL+0x1257d]
C  [ntdll.dll+0x5aa58]


---------------  P R O C E S S  ---------------

Threads class SMR info:
_java_thread_list=0x00000298ae921500, length=14, elements={
0x000002988a783ec0, 0x00000298ad2e9740, 0x00000298ad2ea2f0, 0x00000298ad300240,
0x00000298ad300df0, 0x00000298ad3058c0, 0x00000298ad306270, 0x00000298ad30b020,
0x00000298ad30e460, 0x00000298add3ab20, 0x00000298ade61480, 0x00000298ade63b10,
0x00000298b5bf9a50, 0x00000298aef3c970
}

Java Threads: ( => current thread )
  0x000002988a783ec0 JavaThread "main" [_thread_in_Java, id=24396, stack(0x000000abe9200000,0x000000abe9300000)]
  0x00000298ad2e9740 JavaThread "Reference Handler" daemon [_thread_blocked, id=22020, stack(0x000000abe9900000,0x000000abe9a00000)]
  0x00000298ad2ea2f0 JavaThread "Finalizer" daemon [_thread_blocked, id=14260, stack(0x000000abe9a00000,0x000000abe9b00000)]
  0x00000298ad300240 JavaThread "Signal Dispatcher" daemon [_thread_blocked, id=31028, stack(0x000000abe9b00000,0x000000abe9c00000)]
  0x00000298ad300df0 JavaThread "Attach Listener" daemon [_thread_blocked, id=30780, stack(0x000000abe9c00000,0x000000abe9d00000)]
  0x00000298ad3058c0 JavaThread "Service Thread" daemon [_thread_blocked, id=13856, stack(0x000000abe9d00000,0x000000abe9e00000)]
  0x00000298ad306270 JavaThread "Monitor Deflation Thread" daemon [_thread_blocked, id=26300, stack(0x000000abe9e00000,0x000000abe9f00000)]
  0x00000298ad30b020 JavaThread "C2 CompilerThread0" daemon [_thread_in_native, id=11084, stack(0x000000abe9f00000,0x000000abea000000)]
  0x00000298ad30e460 JavaThread "C1 CompilerThread0" daemon [_thread_blocked, id=29408, stack(0x000000abea000000,0x000000abea100000)]
  0x00000298add3ab20 JavaThread "Sweeper thread" daemon [_thread_blocked, id=26916, stack(0x000000abea100000,0x000000abea200000)]
  0x00000298ade61480 JavaThread "Notification Thread" daemon [_thread_blocked, id=31596, stack(0x000000abea200000,0x000000abea300000)]
  0x00000298ade63b10 JavaThread "Common-Cleaner" daemon [_thread_blocked, id=19928, stack(0x000000abea400000,0x000000abea500000)]
=>0x00000298b5bf9a50 JavaThread "C2 CompilerThread1" daemon [_thread_in_native, id=27652, stack(0x000000abea500000,0x000000abea600000)]
  0x00000298aef3c970 JavaThread "C2 CompilerThread2" daemon [_thread_in_vm, id=27284, stack(0x000000abead00000,0x000000abeae00000)]

Other Threads:
  0x00000298ad2e3ca0 VMThread "VM Thread" [stack: 0x000000abe9800000,0x000000abe9900000] [id=17260]
  0x000002988a80a430 WatcherThread [stack: 0x000000abea300000,0x000000abea400000] [id=26112]
  0x000002988a7f2550 GCTaskThread "GC Thread#0" [stack: 0x000000abe9300000,0x000000abe9400000] [id=32220]
  0x00000298adf4f110 GCTaskThread "GC Thread#1" [stack: 0x000000abea700000,0x000000abea800000] [id=15092]
  0x00000298aeb4ec10 GCTaskThread "GC Thread#2" [stack: 0x000000abea800000,0x000000abea900000] [id=27324]
  0x00000298aeb4eec0 GCTaskThread "GC Thread#3" [stack: 0x000000abea900000,0x000000abeaa00000] [id=28084]
  0x00000298aeb4f170 GCTaskThread "GC Thread#4" [stack: 0x000000abeaa00000,0x000000abeab00000] [id=21860]
  0x00000298aeb4fc30 GCTaskThread "GC Thread#5" [stack: 0x000000abeab00000,0x000000abeac00000] [id=24624]
  0x00000298aedae580 GCTaskThread "GC Thread#6" [stack: 0x000000abeac00000,0x000000abead00000] [id=17784]
  0x00000298aeba7400 GCTaskThread "GC Thread#7" [stack: 0x000000abea600000,0x000000abea700000] [id=12124]
  0x000002988a803740 ConcurrentGCThread "G1 Main Marker" [stack: 0x000000abe9400000,0x000000abe9500000] [id=19384]
  0x000002988a804150 ConcurrentGCThread "G1 Conc#0" [stack: 0x000000abe9500000,0x000000abe9600000] [id=19416]
  0x00000298b0ccf010 ConcurrentGCThread "G1 Conc#1" [stack: 0x000000abeaf00000,0x000000abeb000000] [id=4788]
  0x000002988a84d790 ConcurrentGCThread "G1 Refine#0" [stack: 0x000000abe9600000,0x000000abe9700000] [id=19552]
  0x00000298b13c9710 ConcurrentGCThread "G1 Refine#1" [stack: 0x000000abeae00000,0x000000abeaf00000] [id=30876]
  0x00000298b13c82f0 ConcurrentGCThread "G1 Refine#2" [stack: 0x000000abeb000000,0x000000abeb100000] [id=11468]
  0x00000298b13c8b90 ConcurrentGCThread "G1 Refine#3" [stack: 0x000000abeb100000,0x000000abeb200000] [id=25008]
  0x000002988a84e1b0 ConcurrentGCThread "G1 Service" [stack: 0x000000abe9700000,0x000000abe9800000] [id=29312]

Threads with active compile tasks:
C2 CompilerThread0    25102 9095   !   4       java.lang.ClassLoader::loadClass (121 bytes)
C2 CompilerThread1    25102 9260   !   4       lombok.javac.JavacAST::drill (146 bytes)
C2 CompilerThread2    25102 9372       4       lombok.javac.JavacNode::traverse (774 bytes)

VM state: not at safepoint (normal execution)

VM Mutex/Monitor currently owned by a thread: None

Heap address: 0x0000000704e00000, size: 4018 MB, Compressed Oops mode: Zero based, Oop shift amount: 3

CDS archive(s) mapped at: [0x0000000800000000-0x0000000800bd0000-0x0000000800bd0000), size 12386304, SharedBaseAddress: 0x0000000800000000, ArchiveRelocationMode: 0.
Compressed class space mapped at: 0x0000000800c00000-0x0000000840c00000, reserved size: 1073741824
Narrow klass base: 0x0000000800000000, Narrow klass shift: 0, Narrow klass range: 0x100000000

GC Precious Log:
 CPUs: 8 total, 8 available
 Memory: 16064M
 Large Page Support: Disabled
 NUMA Support: Disabled
 Compressed Oops: Enabled (Zero based)
 Heap Region Size: 2M
 Heap Min Capacity: 8M
 Heap Initial Capacity: 252M
 Heap Max Capacity: 4018M
 Pre-touch: Disabled
 Parallel Workers: 8
 Concurrent Workers: 2
 Concurrent Refinement Workers: 8
 Periodic GC: Disabled

Heap:
 garbage-first heap   total 571392K, used 271797K [0x0000000704e00000, 0x0000000800000000)
  region size 2048K, 12 young (24576K), 2 survivors (4096K)
 Metaspace       used 30702K, committed 31040K, reserved 1081344K
  class space    used 3256K, committed 3392K, reserved 1048576K

Heap Regions: E=young(eden), S=young(survivor), O=old, HS=humongous(starts), HC=humongous(continues), CS=collection set, F=free, OA=open archive, CA=closed archive, TAMS=top-at-mark-start (previous, next)
|   0|0x0000000704e00000, 0x0000000705000000, 0x0000000705000000|100%| O|  |TAMS 0x0000000705000000, 0x0000000704e00000| Untracked 
|   1|0x0000000705000000, 0x0000000705200000, 0x0000000705200000|100%| O|  |TAMS 0x0000000705200000, 0x0000000705000000| Untracked 
|   2|0x0000000705200000, 0x0000000705400000, 0x0000000705400000|100%| O|  |TAMS 0x0000000705400000, 0x0000000705200000| Untracked 
|   3|0x0000000705400000, 0x0000000705600000, 0x0000000705600000|100%| O|  |TAMS 0x0000000705600000, 0x0000000705400000| Untracked 
|   4|0x0000000705600000, 0x0000000705800000, 0x0000000705800000|100%| O|  |TAMS 0x0000000705800000, 0x0000000705600000| Untracked 
|   5|0x0000000705800000, 0x0000000705a00000, 0x0000000705a00000|100%| O|  |TAMS 0x0000000705a00000, 0x0000000705800000| Untracked 
|   6|0x0000000705a00000, 0x0000000705c00000, 0x0000000705c00000|100%| O|  |TAMS 0x0000000705c00000, 0x0000000705a00000| Untracked 
|   7|0x0000000705c00000, 0x0000000705e00000, 0x0000000705e00000|100%| O|  |TAMS 0x0000000705e00000, 0x0000000705c00000| Untracked 
|   8|0x0000000705e00000, 0x0000000706000000, 0x0000000706000000|100%| O|  |TAMS 0x0000000706000000, 0x0000000705e00000| Untracked 
|   9|0x0000000706000000, 0x0000000706200000, 0x0000000706200000|100%| O|  |TAMS 0x0000000706200000, 0x0000000706000000| Untracked 
|  10|0x0000000706200000, 0x0000000706400000, 0x0000000706400000|100%| O|  |TAMS 0x0000000706400000, 0x0000000706200000| Untracked 
|  11|0x0000000706400000, 0x0000000706600000, 0x0000000706600000|100%| O|  |TAMS 0x0000000706600000, 0x0000000706400000| Untracked 
|  12|0x0000000706600000, 0x0000000706800000, 0x0000000706800000|100%| O|  |TAMS 0x0000000706800000, 0x0000000706600000| Untracked 
|  13|0x0000000706800000, 0x0000000706a00000, 0x0000000706a00000|100%| O|  |TAMS 0x0000000706a00000, 0x0000000706800000| Untracked 
|  14|0x0000000706a00000, 0x0000000706c00000, 0x0000000706c00000|100%| O|  |TAMS 0x0000000706c00000, 0x0000000706a00000| Untracked 
|  15|0x0000000706c00000, 0x0000000706e00000, 0x0000000706e00000|100%| O|  |TAMS 0x0000000706e00000, 0x0000000706c00000| Untracked 
|  16|0x0000000706e00000, 0x0000000707000000, 0x0000000707000000|100%| O|  |TAMS 0x0000000707000000, 0x0000000706e00000| Untracked 
|  17|0x0000000707000000, 0x0000000707200000, 0x0000000707200000|100%| O|  |TAMS 0x0000000707200000, 0x0000000707000000| Untracked 
|  18|0x0000000707200000, 0x0000000707400000, 0x0000000707400000|100%| O|  |TAMS 0x0000000707400000, 0x0000000707200000| Untracked 
|  19|0x0000000707400000, 0x0000000707600000, 0x0000000707600000|100%| O|  |TAMS 0x0000000707600000, 0x0000000707400000| Untracked 
|  20|0x0000000707600000, 0x0000000707800000, 0x0000000707800000|100%| O|  |TAMS 0x0000000707800000, 0x0000000707600000| Untracked 
|  21|0x0000000707800000, 0x0000000707a00000, 0x0000000707a00000|100%| O|  |TAMS 0x0000000707a00000, 0x0000000707800000| Untracked 
|  22|0x0000000707a00000, 0x0000000707c00000, 0x0000000707c00000|100%| O|  |TAMS 0x0000000707c00000, 0x0000000707a00000| Untracked 
|  23|0x0000000707c00000, 0x0000000707e00000, 0x0000000707e00000|100%| O|  |TAMS 0x0000000707e00000, 0x0000000707c00000| Untracked 
|  24|0x0000000707e00000, 0x0000000708000000, 0x0000000708000000|100%| O|  |TAMS 0x0000000708000000, 0x0000000707e00000| Untracked 
|  25|0x0000000708000000, 0x0000000708200000, 0x0000000708200000|100%| O|  |TAMS 0x0000000708200000, 0x0000000708000000| Untracked 
|  26|0x0000000708200000, 0x0000000708400000, 0x0000000708400000|100%| O|  |TAMS 0x0000000708400000, 0x0000000708200000| Untracked 
|  27|0x0000000708400000, 0x0000000708600000, 0x0000000708600000|100%| O|  |TAMS 0x0000000708600000, 0x0000000708400000| Untracked 
|  28|0x0000000708600000, 0x0000000708800000, 0x0000000708800000|100%| O|  |TAMS 0x0000000708800000, 0x0000000708600000| Untracked 
|  29|0x0000000708800000, 0x0000000708a00000, 0x0000000708a00000|100%| O|  |TAMS 0x0000000708a00000, 0x0000000708800000| Untracked 
|  30|0x0000000708a00000, 0x0000000708c00000, 0x0000000708c00000|100%| O|  |TAMS 0x0000000708c00000, 0x0000000708a00000| Untracked 
|  31|0x0000000708c00000, 0x0000000708e00000, 0x0000000708e00000|100%| O|  |TAMS 0x0000000708e00000, 0x0000000708c00000| Untracked 
|  32|0x0000000708e00000, 0x0000000709000000, 0x0000000709000000|100%| O|  |TAMS 0x0000000709000000, 0x0000000708e00000| Untracked 
|  33|0x0000000709000000, 0x0000000709200000, 0x0000000709200000|100%| O|  |TAMS 0x0000000709200000, 0x0000000709000000| Untracked 
|  34|0x0000000709200000, 0x0000000709400000, 0x0000000709400000|100%| O|  |TAMS 0x0000000709400000, 0x0000000709200000| Untracked 
|  35|0x0000000709400000, 0x0000000709600000, 0x0000000709600000|100%| O|  |TAMS 0x0000000709600000, 0x0000000709400000| Untracked 
|  36|0x0000000709600000, 0x0000000709800000, 0x0000000709800000|100%| O|  |TAMS 0x0000000709800000, 0x0000000709600000| Untracked 
|  37|0x0000000709800000, 0x0000000709a00000, 0x0000000709a00000|100%| O|  |TAMS 0x0000000709a00000, 0x0000000709800000| Untracked 
|  38|0x0000000709a00000, 0x0000000709c00000, 0x0000000709c00000|100%| O|  |TAMS 0x0000000709a00000, 0x0000000709a00000| Untracked 
|  39|0x0000000709c00000, 0x0000000709e00000, 0x0000000709e00000|100%| O|  |TAMS 0x0000000709e00000, 0x0000000709c00000| Untracked 
|  40|0x0000000709e00000, 0x000000070a000000, 0x000000070a000000|100%| O|  |TAMS 0x000000070a000000, 0x0000000709e00000| Untracked 
|  41|0x000000070a000000, 0x000000070a200000, 0x000000070a200000|100%| O|  |TAMS 0x000000070a200000, 0x000000070a000000| Untracked 
|  42|0x000000070a200000, 0x000000070a400000, 0x000000070a400000|100%| O|  |TAMS 0x000000070a400000, 0x000000070a200000| Untracked 
|  43|0x000000070a400000, 0x000000070a600000, 0x000000070a600000|100%| O|  |TAMS 0x000000070a600000, 0x000000070a400000| Untracked 
|  44|0x000000070a600000, 0x000000070a800000, 0x000000070a800000|100%| O|  |TAMS 0x000000070a800000, 0x000000070a600000| Untracked 
|  45|0x000000070a800000, 0x000000070aa00000, 0x000000070aa00000|100%| O|  |TAMS 0x000000070aa00000, 0x000000070a800000| Untracked 
|  46|0x000000070aa00000, 0x000000070ac00000, 0x000000070ac00000|100%| O|  |TAMS 0x000000070ac00000, 0x000000070aa00000| Untracked 
|  47|0x000000070ac00000, 0x000000070ae00000, 0x000000070ae00000|100%| O|  |TAMS 0x000000070ae00000, 0x000000070ac00000| Untracked 
|  48|0x000000070ae00000, 0x000000070b000000, 0x000000070b000000|100%| O|  |TAMS 0x000000070b000000, 0x000000070ae00000| Untracked 
|  49|0x000000070b000000, 0x000000070b200000, 0x000000070b200000|100%| O|  |TAMS 0x000000070b200000, 0x000000070b000000| Untracked 
|  50|0x000000070b200000, 0x000000070b400000, 0x000000070b400000|100%| O|  |TAMS 0x000000070b400000, 0x000000070b200000| Untracked 
|  51|0x000000070b400000, 0x000000070b600000, 0x000000070b600000|100%|HS|  |TAMS 0x000000070b600000, 0x000000070b400000| Complete 
|  52|0x000000070b600000, 0x000000070b800000, 0x000000070b800000|100%| O|  |TAMS 0x000000070b800000, 0x000000070b600000| Untracked 
|  53|0x000000070b800000, 0x000000070ba00000, 0x000000070ba00000|100%| O|  |TAMS 0x000000070ba00000, 0x000000070b800000| Untracked 
|  54|0x000000070ba00000, 0x000000070bc00000, 0x000000070bc00000|100%| O|  |TAMS 0x000000070bc00000, 0x000000070ba00000| Untracked 
|  55|0x000000070bc00000, 0x000000070be00000, 0x000000070be00000|100%| O|  |TAMS 0x000000070be00000, 0x000000070bc00000| Untracked 
|  56|0x000000070be00000, 0x000000070c000000, 0x000000070c000000|100%| O|  |TAMS 0x000000070c000000, 0x000000070be00000| Untracked 
|  57|0x000000070c000000, 0x000000070c200000, 0x000000070c200000|100%| O|  |TAMS 0x000000070c200000, 0x000000070c000000| Untracked 
|  58|0x000000070c200000, 0x000000070c400000, 0x000000070c400000|100%| O|  |TAMS 0x000000070c400000, 0x000000070c200000| Untracked 
|  59|0x000000070c400000, 0x000000070c600000, 0x000000070c600000|100%| O|  |TAMS 0x000000070c600000, 0x000000070c400000| Untracked 
|  60|0x000000070c600000, 0x000000070c800000, 0x000000070c800000|100%| O|  |TAMS 0x000000070c800000, 0x000000070c600000| Untracked 
|  61|0x000000070c800000, 0x000000070ca00000, 0x000000070ca00000|100%| O|  |TAMS 0x000000070ca00000, 0x000000070c800000| Untracked 
|  62|0x000000070ca00000, 0x000000070cc00000, 0x000000070cc00000|100%| O|  |TAMS 0x000000070cc00000, 0x000000070ca00000| Untracked 
|  63|0x000000070cc00000, 0x000000070ce00000, 0x000000070ce00000|100%| O|  |TAMS 0x000000070ce00000, 0x000000070cc00000| Untracked 
|  64|0x000000070ce00000, 0x000000070d000000, 0x000000070d000000|100%| O|  |TAMS 0x000000070d000000, 0x000000070ce00000| Untracked 
|  65|0x000000070d000000, 0x000000070d200000, 0x000000070d200000|100%| O|  |TAMS 0x000000070d200000, 0x000000070d000000| Untracked 
|  66|0x000000070d200000, 0x000000070d400000, 0x000000070d400000|100%| O|  |TAMS 0x000000070d400000, 0x000000070d200000| Untracked 
|  67|0x000000070d400000, 0x000000070d600000, 0x000000070d600000|100%|HS|  |TAMS 0x000000070d400000, 0x000000070d400000| Complete 
|  68|0x000000070d600000, 0x000000070d800000, 0x000000070d800000|100%|HS|  |TAMS 0x000000070d800000, 0x000000070d600000| Complete 
|  69|0x000000070d800000, 0x000000070da00000, 0x000000070da00000|100%| O|  |TAMS 0x000000070da00000, 0x000000070d800000| Untracked 
|  70|0x000000070da00000, 0x000000070dc00000, 0x000000070dc00000|100%| O|  |TAMS 0x000000070dc00000, 0x000000070da00000| Untracked 
|  71|0x000000070dc00000, 0x000000070de00000, 0x000000070de00000|100%| O|  |TAMS 0x000000070de00000, 0x000000070dc00000| Untracked 
|  72|0x000000070de00000, 0x000000070e000000, 0x000000070e000000|100%| O|  |TAMS 0x000000070e000000, 0x000000070de00000| Untracked 
|  73|0x000000070e000000, 0x000000070e200000, 0x000000070e200000|100%| O|  |TAMS 0x000000070e200000, 0x000000070e000000| Untracked 
|  74|0x000000070e200000, 0x000000070e400000, 0x000000070e400000|100%| O|  |TAMS 0x000000070e400000, 0x000000070e200000| Untracked 
|  75|0x000000070e400000, 0x000000070e600000, 0x000000070e600000|100%| O|  |TAMS 0x000000070e600000, 0x000000070e400000| Untracked 
|  76|0x000000070e600000, 0x000000070e800000, 0x000000070e800000|100%| O|  |TAMS 0x000000070e800000, 0x000000070e600000| Untracked 
|  77|0x000000070e800000, 0x000000070ea00000, 0x000000070ea00000|100%| O|  |TAMS 0x000000070ea00000, 0x000000070e800000| Untracked 
|  78|0x000000070ea00000, 0x000000070ec00000, 0x000000070ec00000|100%| O|  |TAMS 0x000000070ec00000, 0x000000070ea00000| Untracked 
|  79|0x000000070ec00000, 0x000000070ee00000, 0x000000070ee00000|100%| O|  |TAMS 0x000000070ee00000, 0x000000070ec00000| Untracked 
|  80|0x000000070ee00000, 0x000000070f000000, 0x000000070f000000|100%| O|  |TAMS 0x000000070f000000, 0x000000070ee00000| Untracked 
|  81|0x000000070f000000, 0x000000070f200000, 0x000000070f200000|100%| O|  |TAMS 0x000000070f200000, 0x000000070f000000| Untracked 
|  82|0x000000070f200000, 0x000000070f400000, 0x000000070f400000|100%| O|  |TAMS 0x000000070f400000, 0x000000070f200000| Untracked 
|  83|0x000000070f400000, 0x000000070f600000, 0x000000070f600000|100%| O|  |TAMS 0x000000070f600000, 0x000000070f400000| Untracked 
|  84|0x000000070f600000, 0x000000070f800000, 0x000000070f800000|100%| O|  |TAMS 0x000000070f800000, 0x000000070f600000| Untracked 
|  85|0x000000070f800000, 0x000000070fa00000, 0x000000070fa00000|100%| O|  |TAMS 0x000000070f800000, 0x000000070f800000| Untracked 
|  86|0x000000070fa00000, 0x000000070fc00000, 0x000000070fc00000|100%| O|  |TAMS 0x000000070fc00000, 0x000000070fa00000| Untracked 
|  87|0x000000070fc00000, 0x000000070fe00000, 0x000000070fe00000|100%| O|  |TAMS 0x000000070fe00000, 0x000000070fc00000| Untracked 
|  88|0x000000070fe00000, 0x0000000710000000, 0x0000000710000000|100%| O|  |TAMS 0x0000000710000000, 0x000000070fe00000| Untracked 
|  89|0x0000000710000000, 0x0000000710200000, 0x0000000710200000|100%| O|  |TAMS 0x0000000710200000, 0x0000000710000000| Untracked 
|  90|0x0000000710200000, 0x0000000710400000, 0x0000000710400000|100%| O|  |TAMS 0x0000000710400000, 0x0000000710200000| Untracked 
|  91|0x0000000710400000, 0x0000000710600000, 0x0000000710600000|100%| O|  |TAMS 0x0000000710600000, 0x0000000710400000| Untracked 
|  92|0x0000000710600000, 0x0000000710800000, 0x0000000710800000|100%| O|  |TAMS 0x000000071073cc00, 0x0000000710600000| Untracked 
|  93|0x0000000710800000, 0x0000000710a00000, 0x0000000710a00000|100%| O|  |TAMS 0x0000000710800000, 0x0000000710800000| Untracked 
|  94|0x0000000710a00000, 0x0000000710c00000, 0x0000000710c00000|100%| O|  |TAMS 0x0000000710a00000, 0x0000000710a00000| Untracked 
|  95|0x0000000710c00000, 0x0000000710e00000, 0x0000000710e00000|100%| O|  |TAMS 0x0000000710c00000, 0x0000000710c00000| Untracked 
|  96|0x0000000710e00000, 0x0000000711000000, 0x0000000711000000|100%|HS|  |TAMS 0x0000000710e00000, 0x0000000710e00000| Complete 
|  97|0x0000000711000000, 0x0000000711200000, 0x0000000711200000|100%| O|  |TAMS 0x0000000711000000, 0x0000000711000000| Untracked 
|  98|0x0000000711200000, 0x0000000711400000, 0x0000000711400000|100%| O|  |TAMS 0x0000000711200000, 0x0000000711200000| Untracked 
|  99|0x0000000711400000, 0x0000000711600000, 0x0000000711600000|100%| O|  |TAMS 0x0000000711400000, 0x0000000711400000| Untracked 
| 100|0x0000000711600000, 0x0000000711800000, 0x0000000711800000|100%| O|  |TAMS 0x0000000711600000, 0x0000000711600000| Untracked 
| 101|0x0000000711800000, 0x0000000711a00000, 0x0000000711a00000|100%| O|  |TAMS 0x0000000711800000, 0x0000000711800000| Untracked 
| 102|0x0000000711a00000, 0x0000000711c00000, 0x0000000711c00000|100%| O|  |TAMS 0x0000000711a00000, 0x0000000711a00000| Untracked 
| 103|0x0000000711c00000, 0x0000000711e00000, 0x0000000711e00000|100%| O|  |TAMS 0x0000000711c00000, 0x0000000711c00000| Untracked 
| 104|0x0000000711e00000, 0x0000000712000000, 0x0000000712000000|100%| O|  |TAMS 0x0000000711e00000, 0x0000000711e00000| Untracked 
| 105|0x0000000712000000, 0x0000000712200000, 0x0000000712200000|100%| O|  |TAMS 0x0000000712000000, 0x0000000712000000| Untracked 
| 106|0x0000000712200000, 0x0000000712400000, 0x0000000712400000|100%| O|  |TAMS 0x0000000712200000, 0x0000000712200000| Untracked 
| 107|0x0000000712400000, 0x0000000712600000, 0x0000000712600000|100%| O|  |TAMS 0x0000000712400000, 0x0000000712400000| Untracked 
| 108|0x0000000712600000, 0x0000000712800000, 0x0000000712800000|100%| O|  |TAMS 0x0000000712600000, 0x0000000712600000| Untracked 
| 109|0x0000000712800000, 0x0000000712a00000, 0x0000000712a00000|100%| O|  |TAMS 0x0000000712800000, 0x0000000712800000| Untracked 
| 110|0x0000000712a00000, 0x0000000712c00000, 0x0000000712c00000|100%| O|  |TAMS 0x0000000712a00000, 0x0000000712a00000| Untracked 
| 111|0x0000000712c00000, 0x0000000712e00000, 0x0000000712e00000|100%| O|  |TAMS 0x0000000712c00000, 0x0000000712c00000| Untracked 
| 112|0x0000000712e00000, 0x0000000713000000, 0x0000000713000000|100%| O|  |TAMS 0x0000000712e00000, 0x0000000712e00000| Untracked 
| 113|0x0000000713000000, 0x0000000713200000, 0x0000000713200000|100%| O|  |TAMS 0x0000000713000000, 0x0000000713000000| Untracked 
| 114|0x0000000713200000, 0x0000000713400000, 0x0000000713400000|100%| O|  |TAMS 0x0000000713200000, 0x0000000713200000| Untracked 
| 115|0x0000000713400000, 0x0000000713600000, 0x0000000713600000|100%| O|  |TAMS 0x0000000713400000, 0x0000000713400000| Untracked 
| 116|0x0000000713600000, 0x0000000713800000, 0x0000000713800000|100%| O|  |TAMS 0x0000000713600000, 0x0000000713600000| Untracked 
| 117|0x0000000713800000, 0x0000000713a00000, 0x0000000713a00000|100%| O|  |TAMS 0x0000000713800000, 0x0000000713800000| Untracked 
| 118|0x0000000713a00000, 0x0000000713c00000, 0x0000000713c00000|100%| O|  |TAMS 0x0000000713a00000, 0x0000000713a00000| Untracked 
| 119|0x0000000713c00000, 0x0000000713e00000, 0x0000000713e00000|100%| O|  |TAMS 0x0000000713c00000, 0x0000000713c00000| Untracked 
| 120|0x0000000713e00000, 0x0000000714000000, 0x0000000714000000|100%| O|  |TAMS 0x0000000713e00000, 0x0000000713e00000| Untracked 
| 121|0x0000000714000000, 0x0000000714200000, 0x0000000714200000|100%| O|  |TAMS 0x0000000714000000, 0x0000000714000000| Untracked 
| 122|0x0000000714200000, 0x0000000714200000, 0x0000000714400000|  0%| F|  |TAMS 0x0000000714200000, 0x0000000714200000| Untracked 
| 123|0x0000000714400000, 0x0000000714400000, 0x0000000714600000|  0%| F|  |TAMS 0x0000000714400000, 0x0000000714400000| Untracked 
| 124|0x0000000714600000, 0x0000000714600000, 0x0000000714800000|  0%| F|  |TAMS 0x0000000714600000, 0x0000000714600000| Untracked 
| 125|0x0000000714800000, 0x0000000714800000, 0x0000000714a00000|  0%| F|  |TAMS 0x0000000714800000, 0x0000000714800000| Untracked 
| 126|0x0000000714a00000, 0x0000000714a00000, 0x0000000714c00000|  0%| F|  |TAMS 0x0000000714a00000, 0x0000000714a00000| Untracked 
| 127|0x0000000714c00000, 0x0000000714c00000, 0x0000000714e00000|  0%| F|  |TAMS 0x0000000714c00000, 0x0000000714c00000| Untracked 
| 128|0x0000000714e00000, 0x0000000714e00000, 0x0000000715000000|  0%| F|  |TAMS 0x0000000714e00000, 0x0000000714e00000| Untracked 
| 129|0x0000000715000000, 0x0000000715000000, 0x0000000715200000|  0%| F|  |TAMS 0x0000000715000000, 0x0000000715000000| Untracked 
| 130|0x0000000715200000, 0x0000000715200000, 0x0000000715400000|  0%| F|  |TAMS 0x0000000715200000, 0x0000000715200000| Untracked 
| 131|0x0000000715400000, 0x0000000715400000, 0x0000000715600000|  0%| F|  |TAMS 0x0000000715400000, 0x0000000715400000| Untracked 
| 132|0x0000000715600000, 0x0000000715600000, 0x0000000715800000|  0%| F|  |TAMS 0x0000000715600000, 0x0000000715600000| Untracked 
| 133|0x0000000715800000, 0x0000000715800000, 0x0000000715a00000|  0%| F|  |TAMS 0x0000000715800000, 0x0000000715800000| Untracked 
| 134|0x0000000715a00000, 0x0000000715a00000, 0x0000000715c00000|  0%| F|  |TAMS 0x0000000715a00000, 0x0000000715a00000| Untracked 
| 135|0x0000000715c00000, 0x0000000715c00000, 0x0000000715e00000|  0%| F|  |TAMS 0x0000000715c00000, 0x0000000715c00000| Untracked 
| 136|0x0000000715e00000, 0x0000000715e00000, 0x0000000716000000|  0%| F|  |TAMS 0x0000000715e00000, 0x0000000715e00000| Untracked 
| 137|0x0000000716000000, 0x0000000716000000, 0x0000000716200000|  0%| F|  |TAMS 0x0000000716000000, 0x0000000716000000| Untracked 
| 138|0x0000000716200000, 0x0000000716200000, 0x0000000716400000|  0%| F|  |TAMS 0x0000000716200000, 0x0000000716200000| Untracked 
| 139|0x0000000716400000, 0x0000000716400000, 0x0000000716600000|  0%| F|  |TAMS 0x0000000716400000, 0x0000000716400000| Untracked 
| 140|0x0000000716600000, 0x0000000716600000, 0x0000000716800000|  0%| F|  |TAMS 0x0000000716600000, 0x0000000716600000| Untracked 
| 141|0x0000000716800000, 0x0000000716800000, 0x0000000716a00000|  0%| F|  |TAMS 0x0000000716800000, 0x0000000716800000| Untracked 
| 142|0x0000000716a00000, 0x0000000716a00000, 0x0000000716c00000|  0%| F|  |TAMS 0x0000000716a00000, 0x0000000716a00000| Untracked 
| 143|0x0000000716c00000, 0x0000000716c00000, 0x0000000716e00000|  0%| F|  |TAMS 0x0000000716c00000, 0x0000000716c00000| Untracked 
| 144|0x0000000716e00000, 0x0000000716e00000, 0x0000000717000000|  0%| F|  |TAMS 0x0000000716e00000, 0x0000000716e00000| Untracked 
| 145|0x0000000717000000, 0x0000000717000000, 0x0000000717200000|  0%| F|  |TAMS 0x0000000717000000, 0x0000000717000000| Untracked 
| 146|0x0000000717200000, 0x0000000717200000, 0x0000000717400000|  0%| F|  |TAMS 0x0000000717200000, 0x0000000717200000| Untracked 
| 147|0x0000000717400000, 0x0000000717400000, 0x0000000717600000|  0%| F|  |TAMS 0x0000000717400000, 0x0000000717400000| Untracked 
| 148|0x0000000717600000, 0x0000000717600000, 0x0000000717800000|  0%| F|  |TAMS 0x0000000717600000, 0x0000000717600000| Untracked 
| 149|0x0000000717800000, 0x0000000717800000, 0x0000000717a00000|  0%| F|  |TAMS 0x0000000717800000, 0x0000000717800000| Untracked 
| 150|0x0000000717a00000, 0x0000000717a00000, 0x0000000717c00000|  0%| F|  |TAMS 0x0000000717a00000, 0x0000000717a00000| Untracked 
| 151|0x0000000717c00000, 0x0000000717c00000, 0x0000000717e00000|  0%| F|  |TAMS 0x0000000717c00000, 0x0000000717c00000| Untracked 
| 152|0x0000000717e00000, 0x0000000717e00000, 0x0000000718000000|  0%| F|  |TAMS 0x0000000717e00000, 0x0000000717e00000| Untracked 
| 153|0x0000000718000000, 0x0000000718000000, 0x0000000718200000|  0%| F|  |TAMS 0x0000000718000000, 0x0000000718000000| Untracked 
| 154|0x0000000718200000, 0x0000000718200000, 0x0000000718400000|  0%| F|  |TAMS 0x0000000718200000, 0x0000000718200000| Untracked 
| 155|0x0000000718400000, 0x0000000718400000, 0x0000000718600000|  0%| F|  |TAMS 0x0000000718400000, 0x0000000718400000| Untracked 
| 156|0x0000000718600000, 0x0000000718600000, 0x0000000718800000|  0%| F|  |TAMS 0x0000000718600000, 0x0000000718600000| Untracked 
| 157|0x0000000718800000, 0x0000000718800000, 0x0000000718a00000|  0%| F|  |TAMS 0x0000000718800000, 0x0000000718800000| Untracked 
| 158|0x0000000718a00000, 0x0000000718a00000, 0x0000000718c00000|  0%| F|  |TAMS 0x0000000718a00000, 0x0000000718a00000| Untracked 
| 159|0x0000000718c00000, 0x0000000718c00000, 0x0000000718e00000|  0%| F|  |TAMS 0x0000000718c00000, 0x0000000718c00000| Untracked 
| 160|0x0000000718e00000, 0x0000000718e00000, 0x0000000719000000|  0%| F|  |TAMS 0x0000000718e00000, 0x0000000718e00000| Untracked 
| 161|0x0000000719000000, 0x0000000719000000, 0x0000000719200000|  0%| F|  |TAMS 0x0000000719000000, 0x0000000719000000| Untracked 
| 162|0x0000000719200000, 0x0000000719200000, 0x0000000719400000|  0%| F|  |TAMS 0x0000000719200000, 0x0000000719200000| Untracked 
| 163|0x0000000719400000, 0x0000000719400000, 0x0000000719600000|  0%| F|  |TAMS 0x0000000719400000, 0x0000000719400000| Untracked 
| 164|0x0000000719600000, 0x0000000719600000, 0x0000000719800000|  0%| F|  |TAMS 0x0000000719600000, 0x0000000719600000| Untracked 
| 165|0x0000000719800000, 0x0000000719800000, 0x0000000719a00000|  0%| F|  |TAMS 0x0000000719800000, 0x0000000719800000| Untracked 
| 166|0x0000000719a00000, 0x0000000719a00000, 0x0000000719c00000|  0%| F|  |TAMS 0x0000000719a00000, 0x0000000719a00000| Untracked 
| 167|0x0000000719c00000, 0x0000000719c00000, 0x0000000719e00000|  0%| F|  |TAMS 0x0000000719c00000, 0x0000000719c00000| Untracked 
| 168|0x0000000719e00000, 0x0000000719e00000, 0x000000071a000000|  0%| F|  |TAMS 0x0000000719e00000, 0x0000000719e00000| Untracked 
| 169|0x000000071a000000, 0x000000071a000000, 0x000000071a200000|  0%| F|  |TAMS 0x000000071a000000, 0x000000071a000000| Untracked 
| 170|0x000000071a200000, 0x000000071a200000, 0x000000071a400000|  0%| F|  |TAMS 0x000000071a200000, 0x000000071a200000| Untracked 
| 171|0x000000071a400000, 0x000000071a400000, 0x000000071a600000|  0%| F|  |TAMS 0x000000071a400000, 0x000000071a400000| Untracked 
| 172|0x000000071a600000, 0x000000071a600000, 0x000000071a800000|  0%| F|  |TAMS 0x000000071a600000, 0x000000071a600000| Untracked 
| 173|0x000000071a800000, 0x000000071a800000, 0x000000071aa00000|  0%| F|  |TAMS 0x000000071a800000, 0x000000071a800000| Untracked 
| 174|0x000000071aa00000, 0x000000071aa00000, 0x000000071ac00000|  0%| F|  |TAMS 0x000000071aa00000, 0x000000071aa00000| Untracked 
| 175|0x000000071ac00000, 0x000000071ac00000, 0x000000071ae00000|  0%| F|  |TAMS 0x000000071ac00000, 0x000000071ac00000| Untracked 
| 176|0x000000071ae00000, 0x000000071ae00000, 0x000000071b000000|  0%| F|  |TAMS 0x000000071ae00000, 0x000000071ae00000| Untracked 
| 177|0x000000071b000000, 0x000000071b000000, 0x000000071b200000|  0%| F|  |TAMS 0x000000071b000000, 0x000000071b000000| Untracked 
| 178|0x000000071b200000, 0x000000071b200000, 0x000000071b400000|  0%| F|  |TAMS 0x000000071b200000, 0x000000071b200000| Untracked 
| 179|0x000000071b400000, 0x000000071b400000, 0x000000071b600000|  0%| F|  |TAMS 0x000000071b400000, 0x000000071b400000| Untracked 
| 180|0x000000071b600000, 0x000000071b600000, 0x000000071b800000|  0%| F|  |TAMS 0x000000071b600000, 0x000000071b600000| Untracked 
| 181|0x000000071b800000, 0x000000071b800000, 0x000000071ba00000|  0%| F|  |TAMS 0x000000071b800000, 0x000000071b800000| Untracked 
| 182|0x000000071ba00000, 0x000000071ba00000, 0x000000071bc00000|  0%| F|  |TAMS 0x000000071ba00000, 0x000000071ba00000| Untracked 
| 183|0x000000071bc00000, 0x000000071bc00000, 0x000000071be00000|  0%| F|  |TAMS 0x000000071bc00000, 0x000000071bc00000| Untracked 
| 184|0x000000071be00000, 0x000000071be00000, 0x000000071c000000|  0%| F|  |TAMS 0x000000071be00000, 0x000000071be00000| Untracked 
| 185|0x000000071c000000, 0x000000071c000000, 0x000000071c200000|  0%| F|  |TAMS 0x000000071c000000, 0x000000071c000000| Untracked 
| 186|0x000000071c200000, 0x000000071c200000, 0x000000071c400000|  0%| F|  |TAMS 0x000000071c200000, 0x000000071c200000| Untracked 
| 187|0x000000071c400000, 0x000000071c400000, 0x000000071c600000|  0%| F|  |TAMS 0x000000071c400000, 0x000000071c400000| Untracked 
| 188|0x000000071c600000, 0x000000071c600000, 0x000000071c800000|  0%| F|  |TAMS 0x000000071c600000, 0x000000071c600000| Untracked 
| 189|0x000000071c800000, 0x000000071c800000, 0x000000071ca00000|  0%| F|  |TAMS 0x000000071c800000, 0x000000071c800000| Untracked 
| 190|0x000000071ca00000, 0x000000071ca00000, 0x000000071cc00000|  0%| F|  |TAMS 0x000000071ca00000, 0x000000071ca00000| Untracked 
| 191|0x000000071cc00000, 0x000000071cc00000, 0x000000071ce00000|  0%| F|  |TAMS 0x000000071cc00000, 0x000000071cc00000| Untracked 
| 192|0x000000071ce00000, 0x000000071ce00000, 0x000000071d000000|  0%| F|  |TAMS 0x000000071ce00000, 0x000000071ce00000| Untracked 
| 193|0x000000071d000000, 0x000000071d000000, 0x000000071d200000|  0%| F|  |TAMS 0x000000071d000000, 0x000000071d000000| Untracked 
| 194|0x000000071d200000, 0x000000071d200000, 0x000000071d400000|  0%| F|  |TAMS 0x000000071d200000, 0x000000071d200000| Untracked 
| 195|0x000000071d400000, 0x000000071d400000, 0x000000071d600000|  0%| F|  |TAMS 0x000000071d400000, 0x000000071d400000| Untracked 
| 196|0x000000071d600000, 0x000000071d600000, 0x000000071d800000|  0%| F|  |TAMS 0x000000071d600000, 0x000000071d600000| Untracked 
| 197|0x000000071d800000, 0x000000071d96d5e0, 0x000000071da00000| 71%| S|CS|TAMS 0x000000071d800000, 0x000000071d800000| Complete 
| 198|0x000000071da00000, 0x000000071dc00000, 0x000000071dc00000|100%| S|CS|TAMS 0x000000071da00000, 0x000000071da00000| Complete 
| 199|0x000000071dc00000, 0x000000071dc00000, 0x000000071de00000|  0%| F|  |TAMS 0x000000071dc00000, 0x000000071dc00000| Untracked 
| 200|0x000000071de00000, 0x000000071de00000, 0x000000071e000000|  0%| F|  |TAMS 0x000000071de00000, 0x000000071de00000| Untracked 
| 201|0x000000071e000000, 0x000000071e000000, 0x000000071e200000|  0%| F|  |TAMS 0x000000071e000000, 0x000000071e000000| Untracked 
| 202|0x000000071e200000, 0x000000071e200000, 0x000000071e400000|  0%| F|  |TAMS 0x000000071e200000, 0x000000071e200000| Untracked 
| 203|0x000000071e400000, 0x000000071e400000, 0x000000071e600000|  0%| F|  |TAMS 0x000000071e400000, 0x000000071e400000| Untracked 
| 204|0x000000071e600000, 0x000000071e600000, 0x000000071e800000|  0%| F|  |TAMS 0x000000071e600000, 0x000000071e600000| Untracked 
| 205|0x000000071e800000, 0x000000071e800000, 0x000000071ea00000|  0%| F|  |TAMS 0x000000071e800000, 0x000000071e800000| Untracked 
| 206|0x000000071ea00000, 0x000000071ea00000, 0x000000071ec00000|  0%| F|  |TAMS 0x000000071ea00000, 0x000000071ea00000| Untracked 
| 207|0x000000071ec00000, 0x000000071ec00000, 0x000000071ee00000|  0%| F|  |TAMS 0x000000071ec00000, 0x000000071ec00000| Untracked 
| 208|0x000000071ee00000, 0x000000071ee00000, 0x000000071f000000|  0%| F|  |TAMS 0x000000071ee00000, 0x000000071ee00000| Untracked 
| 209|0x000000071f000000, 0x000000071f000000, 0x000000071f200000|  0%| F|  |TAMS 0x000000071f000000, 0x000000071f000000| Untracked 
| 210|0x000000071f200000, 0x000000071f200000, 0x000000071f400000|  0%| F|  |TAMS 0x000000071f200000, 0x000000071f200000| Untracked 
| 211|0x000000071f400000, 0x000000071f400000, 0x000000071f600000|  0%| F|  |TAMS 0x000000071f400000, 0x000000071f400000| Untracked 
| 212|0x000000071f600000, 0x000000071f600000, 0x000000071f800000|  0%| F|  |TAMS 0x000000071f600000, 0x000000071f600000| Untracked 
| 213|0x000000071f800000, 0x000000071f800000, 0x000000071fa00000|  0%| F|  |TAMS 0x000000071f800000, 0x000000071f800000| Untracked 
| 214|0x000000071fa00000, 0x000000071fa00000, 0x000000071fc00000|  0%| F|  |TAMS 0x000000071fa00000, 0x000000071fa00000| Untracked 
| 215|0x000000071fc00000, 0x000000071fc00000, 0x000000071fe00000|  0%| F|  |TAMS 0x000000071fc00000, 0x000000071fc00000| Untracked 
| 216|0x000000071fe00000, 0x000000071fe00000, 0x0000000720000000|  0%| F|  |TAMS 0x000000071fe00000, 0x000000071fe00000| Untracked 
| 217|0x0000000720000000, 0x0000000720000000, 0x0000000720200000|  0%| F|  |TAMS 0x0000000720000000, 0x0000000720000000| Untracked 
| 218|0x0000000720200000, 0x0000000720200000, 0x0000000720400000|  0%| F|  |TAMS 0x0000000720200000, 0x0000000720200000| Untracked 
| 219|0x0000000720400000, 0x0000000720400000, 0x0000000720600000|  0%| F|  |TAMS 0x0000000720400000, 0x0000000720400000| Untracked 
| 220|0x0000000720600000, 0x0000000720600000, 0x0000000720800000|  0%| F|  |TAMS 0x0000000720600000, 0x0000000720600000| Untracked 
| 221|0x0000000720800000, 0x0000000720800000, 0x0000000720a00000|  0%| F|  |TAMS 0x0000000720800000, 0x0000000720800000| Untracked 
| 222|0x0000000720a00000, 0x0000000720a00000, 0x0000000720c00000|  0%| F|  |TAMS 0x0000000720a00000, 0x0000000720a00000| Untracked 
| 223|0x0000000720c00000, 0x0000000720c00000, 0x0000000720e00000|  0%| F|  |TAMS 0x0000000720c00000, 0x0000000720c00000| Untracked 
| 224|0x0000000720e00000, 0x0000000720e00000, 0x0000000721000000|  0%| F|  |TAMS 0x0000000720e00000, 0x0000000720e00000| Untracked 
| 225|0x0000000721000000, 0x0000000721000000, 0x0000000721200000|  0%| F|  |TAMS 0x0000000721000000, 0x0000000721000000| Untracked 
| 226|0x0000000721200000, 0x0000000721200000, 0x0000000721400000|  0%| F|  |TAMS 0x0000000721200000, 0x0000000721200000| Untracked 
| 227|0x0000000721400000, 0x0000000721400000, 0x0000000721600000|  0%| F|  |TAMS 0x0000000721400000, 0x0000000721400000| Untracked 
| 228|0x0000000721600000, 0x0000000721600000, 0x0000000721800000|  0%| F|  |TAMS 0x0000000721600000, 0x0000000721600000| Untracked 
| 229|0x0000000721800000, 0x0000000721800000, 0x0000000721a00000|  0%| F|  |TAMS 0x0000000721800000, 0x0000000721800000| Untracked 
| 230|0x0000000721a00000, 0x0000000721a00000, 0x0000000721c00000|  0%| F|  |TAMS 0x0000000721a00000, 0x0000000721a00000| Untracked 
| 231|0x0000000721c00000, 0x0000000721c00000, 0x0000000721e00000|  0%| F|  |TAMS 0x0000000721c00000, 0x0000000721c00000| Untracked 
| 232|0x0000000721e00000, 0x0000000721e00000, 0x0000000722000000|  0%| F|  |TAMS 0x0000000721e00000, 0x0000000721e00000| Untracked 
| 233|0x0000000722000000, 0x0000000722000000, 0x0000000722200000|  0%| F|  |TAMS 0x0000000722000000, 0x0000000722000000| Untracked 
| 234|0x0000000722200000, 0x0000000722200000, 0x0000000722400000|  0%| F|  |TAMS 0x0000000722200000, 0x0000000722200000| Untracked 
| 235|0x0000000722400000, 0x0000000722400000, 0x0000000722600000|  0%| F|  |TAMS 0x0000000722400000, 0x0000000722400000| Untracked 
| 236|0x0000000722600000, 0x0000000722600000, 0x0000000722800000|  0%| F|  |TAMS 0x0000000722600000, 0x0000000722600000| Untracked 
| 237|0x0000000722800000, 0x0000000722800000, 0x0000000722a00000|  0%| F|  |TAMS 0x0000000722800000, 0x0000000722800000| Untracked 
| 238|0x0000000722a00000, 0x0000000722a00000, 0x0000000722c00000|  0%| F|  |TAMS 0x0000000722a00000, 0x0000000722a00000| Untracked 
| 239|0x0000000722c00000, 0x0000000722c00000, 0x0000000722e00000|  0%| F|  |TAMS 0x0000000722c00000, 0x0000000722c00000| Untracked 
| 240|0x0000000722e00000, 0x0000000722e00000, 0x0000000723000000|  0%| F|  |TAMS 0x0000000722e00000, 0x0000000722e00000| Untracked 
| 241|0x0000000723000000, 0x0000000723000000, 0x0000000723200000|  0%| F|  |TAMS 0x0000000723000000, 0x0000000723000000| Untracked 
| 242|0x0000000723200000, 0x0000000723200000, 0x0000000723400000|  0%| F|  |TAMS 0x0000000723200000, 0x0000000723200000| Untracked 
| 243|0x0000000723400000, 0x0000000723400000, 0x0000000723600000|  0%| F|  |TAMS 0x0000000723400000, 0x0000000723400000| Untracked 
| 244|0x0000000723600000, 0x0000000723600000, 0x0000000723800000|  0%| F|  |TAMS 0x0000000723600000, 0x0000000723600000| Untracked 
| 245|0x0000000723800000, 0x0000000723800000, 0x0000000723a00000|  0%| F|  |TAMS 0x0000000723800000, 0x0000000723800000| Untracked 
| 246|0x0000000723a00000, 0x0000000723a00000, 0x0000000723c00000|  0%| F|  |TAMS 0x0000000723a00000, 0x0000000723a00000| Untracked 
| 247|0x0000000723c00000, 0x0000000723c00000, 0x0000000723e00000|  0%| F|  |TAMS 0x0000000723c00000, 0x0000000723c00000| Untracked 
| 248|0x0000000723e00000, 0x0000000723e00000, 0x0000000724000000|  0%| F|  |TAMS 0x0000000723e00000, 0x0000000723e00000| Untracked 
| 249|0x0000000724000000, 0x0000000724000000, 0x0000000724200000|  0%| F|  |TAMS 0x0000000724000000, 0x0000000724000000| Untracked 
| 250|0x0000000724200000, 0x0000000724200000, 0x0000000724400000|  0%| F|  |TAMS 0x0000000724200000, 0x0000000724200000| Untracked 
| 251|0x0000000724400000, 0x0000000724400000, 0x0000000724600000|  0%| F|  |TAMS 0x0000000724400000, 0x0000000724400000| Untracked 
| 252|0x0000000724600000, 0x0000000724600000, 0x0000000724800000|  0%| F|  |TAMS 0x0000000724600000, 0x0000000724600000| Untracked 
| 253|0x0000000724800000, 0x0000000724800000, 0x0000000724a00000|  0%| F|  |TAMS 0x0000000724800000, 0x0000000724800000| Untracked 
| 254|0x0000000724a00000, 0x0000000724a00000, 0x0000000724c00000|  0%| F|  |TAMS 0x0000000724a00000, 0x0000000724a00000| Untracked 
| 255|0x0000000724c00000, 0x0000000724c00000, 0x0000000724e00000|  0%| F|  |TAMS 0x0000000724c00000, 0x0000000724c00000| Untracked 
| 256|0x0000000724e00000, 0x0000000724e00000, 0x0000000725000000|  0%| F|  |TAMS 0x0000000724e00000, 0x0000000724e00000| Untracked 
| 257|0x0000000725000000, 0x0000000725000000, 0x0000000725200000|  0%| F|  |TAMS 0x0000000725000000, 0x0000000725000000| Untracked 
| 258|0x0000000725200000, 0x0000000725200000, 0x0000000725400000|  0%| F|  |TAMS 0x0000000725200000, 0x0000000725200000| Untracked 
| 259|0x0000000725400000, 0x0000000725400000, 0x0000000725600000|  0%| F|  |TAMS 0x0000000725400000, 0x0000000725400000| Untracked 
| 260|0x0000000725600000, 0x0000000725600000, 0x0000000725800000|  0%| F|  |TAMS 0x0000000725600000, 0x0000000725600000| Untracked 
| 261|0x0000000725800000, 0x0000000725800000, 0x0000000725a00000|  0%| F|  |TAMS 0x0000000725800000, 0x0000000725800000| Untracked 
| 262|0x0000000725a00000, 0x0000000725a00000, 0x0000000725c00000|  0%| F|  |TAMS 0x0000000725a00000, 0x0000000725a00000| Untracked 
| 263|0x0000000725c00000, 0x0000000725c00000, 0x0000000725e00000|  0%| F|  |TAMS 0x0000000725c00000, 0x0000000725c00000| Untracked 
| 264|0x0000000725e00000, 0x0000000725e00000, 0x0000000726000000|  0%| F|  |TAMS 0x0000000725e00000, 0x0000000725e00000| Untracked 
| 265|0x0000000726000000, 0x0000000726000000, 0x0000000726200000|  0%| F|  |TAMS 0x0000000726000000, 0x0000000726000000| Untracked 
| 266|0x0000000726200000, 0x0000000726200000, 0x0000000726400000|  0%| F|  |TAMS 0x0000000726200000, 0x0000000726200000| Untracked 
| 267|0x0000000726400000, 0x0000000726400000, 0x0000000726600000|  0%| F|  |TAMS 0x0000000726400000, 0x0000000726400000| Untracked 
| 268|0x0000000726600000, 0x0000000726710820, 0x0000000726800000| 53%| E|  |TAMS 0x0000000726600000, 0x0000000726600000| Complete 
| 269|0x0000000726800000, 0x0000000726a00000, 0x0000000726a00000|100%| E|CS|TAMS 0x0000000726800000, 0x0000000726800000| Complete 
| 270|0x0000000726a00000, 0x0000000726c00000, 0x0000000726c00000|100%| E|CS|TAMS 0x0000000726a00000, 0x0000000726a00000| Complete 
| 271|0x0000000726c00000, 0x0000000726e00000, 0x0000000726e00000|100%| E|CS|TAMS 0x0000000726c00000, 0x0000000726c00000| Complete 
| 272|0x0000000726e00000, 0x0000000727000000, 0x0000000727000000|100%| E|CS|TAMS 0x0000000726e00000, 0x0000000726e00000| Complete 
| 273|0x0000000727000000, 0x0000000727200000, 0x0000000727200000|100%| E|CS|TAMS 0x0000000727000000, 0x0000000727000000| Complete 
| 274|0x0000000727200000, 0x0000000727400000, 0x0000000727400000|100%| E|CS|TAMS 0x0000000727200000, 0x0000000727200000| Complete 
| 275|0x0000000727400000, 0x0000000727600000, 0x0000000727600000|100%| E|CS|TAMS 0x0000000727400000, 0x0000000727400000| Complete 
| 276|0x0000000727600000, 0x0000000727800000, 0x0000000727800000|100%| E|CS|TAMS 0x0000000727600000, 0x0000000727600000| Complete 
| 277|0x0000000727800000, 0x0000000727a00000, 0x0000000727a00000|100%| E|CS|TAMS 0x0000000727800000, 0x0000000727800000| Complete 
| 278|0x0000000727a00000, 0x0000000727c00000, 0x0000000727c00000|100%| E|CS|TAMS 0x0000000727a00000, 0x0000000727a00000| Complete 

Card table byte_map: [0x00000298a1b10000,0x00000298a22f0000] _byte_map_base: 0x000002989e2e9000

Marking Bits (Prev, Next): (CMBitMap*) 0x000002988a7f2b60, (CMBitMap*) 0x000002988a7f2ba0
 Prev Bits: [0x00000298a2ad0000, 0x00000298a6998000)
 Next Bits: [0x00000298a69a0000, 0x00000298aa868000)

Polling page: 0x00000298886e0000

Metaspace:

Usage:
  Non-class:     26.80 MB used.
      Class:      3.18 MB used.
       Both:     29.98 MB used.

Virtual space:
  Non-class space:       32.00 MB reserved,      27.00 MB ( 84%) committed,  4 nodes.
      Class space:        1.00 GB reserved,       3.31 MB ( <1%) committed,  1 nodes.
             Both:        1.03 GB reserved,      30.31 MB (  3%) committed. 

Chunk freelists:
   Non-Class:  958.00 KB
       Class:  581.00 KB
        Both:  1.50 MB

MaxMetaspaceSize: unlimited
CompressedClassSpaceSize: 1.00 GB
Initial GC threshold: 21.00 MB
Current GC threshold: 44.69 MB
CDS: on
MetaspaceReclaimPolicy: balanced
 - commit_granule_bytes: 65536.
 - commit_granule_words: 8192.
 - virtual_space_node_default_size: 1048576.
 - enlarge_chunks_in_place: 1.
 - new_chunks_are_fully_committed: 0.
 - uncommit_free_chunks: 1.
 - use_allocation_guard: 0.
 - handle_deallocations: 1.


Internal statistics:

num_allocs_failed_limit: 0.
num_arena_births: 236.
num_arena_deaths: 0.
num_vsnodes_births: 5.
num_vsnodes_deaths: 0.
num_space_committed: 485.
num_space_uncommitted: 0.
num_chunks_returned_to_freelist: 0.
num_chunks_taken_from_freelist: 1331.
num_chunk_merges: 0.
num_chunk_splits: 961.
num_chunks_enlarged: 758.
num_purges: 0.
num_inconsistent_stats: 0.

CodeHeap 'non-profiled nmethods': size=120000Kb used=6519Kb max_used=6519Kb free=113480Kb
 bounds [0x0000029899ad0000, 0x000002989a140000, 0x00000298a1000000]
CodeHeap 'profiled nmethods': size=120000Kb used=15434Kb max_used=15971Kb free=104565Kb
 bounds [0x0000029892000000, 0x0000029892fa0000, 0x0000029899530000]
CodeHeap 'non-nmethods': size=5760Kb used=1233Kb max_used=1288Kb free=4527Kb
 bounds [0x0000029899530000, 0x00000298997a0000, 0x0000029899ad0000]
 total_blobs=7986 nmethods=7465 adapters=433
 compilation: enabled
              stopped_count=0, restarted_count=0
 full_count=0

Compilation events (20 events):
Event: 25.003 Thread 0x00000298ad30e460 nmethod 9385 0x0000029892491810 code [0x00000298924919a0, 0x0000029892491a98]
Event: 25.003 Thread 0x00000298ad30e460 9386       2       lombok.javac.JavacASTAdapter::endVisitField (1 bytes)
Event: 25.004 Thread 0x00000298ad30e460 nmethod 9386 0x0000029892702090 code [0x0000029892702220, 0x0000029892702318]
Event: 25.004 Thread 0x00000298ad30e460 9387       2       lombok.javac.JavacAST::traverse (12 bytes)
Event: 25.004 Thread 0x00000298ad30e460 nmethod 9387 0x0000029892e03090 code [0x0000029892e03240, 0x0000029892e033a8]
Event: 25.010 Thread 0x00000298ad30e460 9391   !   2       lombok.javac.HandlerLibrary::callASTVisitors (88 bytes)
Event: 25.011 Thread 0x00000298ad30e460 nmethod 9391 0x0000029892d61e10 code [0x0000029892d62060, 0x0000029892d62878]
Event: 25.019 Thread 0x00000298ad30e460 9392 %     3       lombok.core.configuration.BubblingConfigurationResolver::resolve @ 52 (429 bytes)
Event: 25.024 Thread 0x00000298ad30e460 nmethod 9392% 0x0000029892cf5190 code [0x0000029892cf56e0, 0x0000029892cf8b38]
Event: 25.024 Thread 0x00000298ad30e460 9393       2       java.net.URI::equal (19 bytes)
Event: 25.025 Thread 0x00000298ad30e460 nmethod 9393 0x0000029892e02d10 code [0x0000029892e02ea0, 0x0000029892e02fc8]
Event: 25.025 Thread 0x00000298ad30e460 9394       2       java.net.URI::percentNormalizedComparison (221 bytes)
Event: 25.028 Thread 0x00000298ad30e460 nmethod 9394 0x0000029892d60010 code [0x0000029892d60300, 0x0000029892d612c8]
Event: 25.028 Thread 0x00000298ad30e460 9397       3       java.lang.Class::searchFields (43 bytes)
Event: 25.028 Thread 0x00000298ad30e460 nmethod 9397 0x0000029892cf4b90 code [0x0000029892cf4d40, 0x0000029892cf4fe8]
Event: 25.045 Thread 0x00000298ad30e460 9400       2       lombok.javac.JavacASTAdapter::visitAnnotationOnMethod (1 bytes)
Event: 25.045 Thread 0x00000298ad30e460 nmethod 9400 0x000002989277ca10 code [0x000002989277cba0, 0x000002989277cc98]
Event: 25.052 Thread 0x00000298ad30e460 9401       2       lombok.javac.JavacASTAdapter::endVisitType (1 bytes)
Event: 25.053 Thread 0x00000298ad30e460 nmethod 9401 0x000002989279b390 code [0x000002989279b520, 0x000002989279b618]
Event: 25.053 Thread 0x00000298ad30e460 9402       2       lombok.javac.JavacASTAdapter::visitCompilationUnit (1 bytes)

GC Heap History (20 events):
Event: 12.472 GC heap before
{Heap before GC invocations=8 (full 0):
 garbage-first heap   total 258048K, used 189898K [0x0000000704e00000, 0x0000000800000000)
  region size 2048K, 49 young (100352K), 7 survivors (14336K)
 Metaspace       used 19101K, committed 19392K, reserved 1073152K
  class space    used 2029K, committed 2176K, reserved 1048576K
}
Event: 12.486 GC heap after
{Heap after GC invocations=9 (full 0):
 garbage-first heap   total 317440K, used 113580K [0x0000000704e00000, 0x0000000800000000)
  region size 2048K, 5 young (10240K), 5 survivors (10240K)
 Metaspace       used 19101K, committed 19392K, reserved 1073152K
  class space    used 2029K, committed 2176K, reserved 1048576K
}
Event: 14.040 GC heap before
{Heap before GC invocations=9 (full 0):
 garbage-first heap   total 317440K, used 228268K [0x0000000704e00000, 0x0000000800000000)
  region size 2048K, 60 young (122880K), 5 survivors (10240K)
 Metaspace       used 19454K, committed 19776K, reserved 1073152K
  class space    used 2064K, committed 2240K, reserved 1048576K
}
Event: 14.070 GC heap after
{Heap after GC invocations=10 (full 0):
 garbage-first heap   total 317440K, used 160895K [0x0000000704e00000, 0x0000000800000000)
  region size 2048K, 8 young (16384K), 8 survivors (16384K)
 Metaspace       used 19454K, committed 19776K, reserved 1073152K
  class space    used 2064K, committed 2240K, reserved 1048576K
}
Event: 14.750 GC heap before
{Heap before GC invocations=10 (full 0):
 garbage-first heap   total 317440K, used 240767K [0x0000000704e00000, 0x0000000800000000)
  region size 2048K, 47 young (96256K), 8 survivors (16384K)
 Metaspace       used 19975K, committed 20224K, reserved 1073152K
  class space    used 2109K, committed 2240K, reserved 1048576K
}
Event: 14.781 GC heap after
{Heap after GC invocations=11 (full 0):
 garbage-first heap   total 317440K, used 171940K [0x0000000704e00000, 0x0000000800000000)
  region size 2048K, 5 young (10240K), 5 survivors (10240K)
 Metaspace       used 19975K, committed 20224K, reserved 1073152K
  class space    used 2109K, committed 2240K, reserved 1048576K
}
Event: 17.440 GC heap before
{Heap before GC invocations=12 (full 0):
 garbage-first heap   total 317440K, used 241572K [0x0000000704e00000, 0x0000000800000000)
  region size 2048K, 41 young (83968K), 5 survivors (10240K)
 Metaspace       used 27017K, committed 27392K, reserved 1081344K
  class space    used 2930K, committed 3136K, reserved 1048576K
}
Event: 17.458 GC heap after
{Heap after GC invocations=13 (full 0):
 garbage-first heap   total 317440K, used 188416K [0x0000000704e00000, 0x0000000800000000)
  region size 2048K, 6 young (12288K), 6 survivors (12288K)
 Metaspace       used 27017K, committed 27392K, reserved 1081344K
  class space    used 2930K, committed 3136K, reserved 1048576K
}
Event: 17.490 GC heap before
{Heap before GC invocations=13 (full 0):
 garbage-first heap   total 317440K, used 190464K [0x0000000704e00000, 0x0000000800000000)
  region size 2048K, 7 young (14336K), 6 survivors (12288K)
 Metaspace       used 27019K, committed 27392K, reserved 1081344K
  class space    used 2930K, committed 3136K, reserved 1048576K
}
Event: 17.497 GC heap after
{Heap after GC invocations=14 (full 0):
 garbage-first heap   total 317440K, used 189103K [0x0000000704e00000, 0x0000000800000000)
  region size 2048K, 1 young (2048K), 1 survivors (2048K)
 Metaspace       used 27019K, committed 27392K, reserved 1081344K
  class space    used 2930K, committed 3136K, reserved 1048576K
}
Event: 18.125 GC heap before
{Heap before GC invocations=14 (full 0):
 garbage-first heap   total 317440K, used 248495K [0x0000000704e00000, 0x0000000800000000)
  region size 2048K, 30 young (61440K), 1 survivors (2048K)
 Metaspace       used 27103K, committed 27456K, reserved 1081344K
  class space    used 2931K, committed 3136K, reserved 1048576K
}
Event: 18.137 GC heap after
{Heap after GC invocations=15 (full 0):
 garbage-first heap   total 317440K, used 204116K [0x0000000704e00000, 0x0000000800000000)
  region size 2048K, 4 young (8192K), 4 survivors (8192K)
 Metaspace       used 27103K, committed 27456K, reserved 1081344K
  class space    used 2931K, committed 3136K, reserved 1048576K
}
Event: 19.321 GC heap before
{Heap before GC invocations=16 (full 0):
 garbage-first heap   total 358400K, used 253268K [0x0000000704e00000, 0x0000000800000000)
  region size 2048K, 27 young (55296K), 4 survivors (8192K)
 Metaspace       used 27439K, committed 27776K, reserved 1081344K
  class space    used 2977K, committed 3136K, reserved 1048576K
}
Event: 19.336 GC heap after
{Heap after GC invocations=17 (full 0):
 garbage-first heap   total 358400K, used 222686K [0x0000000704e00000, 0x0000000800000000)
  region size 2048K, 4 young (8192K), 4 survivors (8192K)
 Metaspace       used 27439K, committed 27776K, reserved 1081344K
  class space    used 2977K, committed 3136K, reserved 1048576K
}
Event: 19.440 GC heap before
{Heap before GC invocations=17 (full 0):
 garbage-first heap   total 358400K, used 230878K [0x0000000704e00000, 0x0000000800000000)
  region size 2048K, 8 young (16384K), 4 survivors (8192K)
 Metaspace       used 27439K, committed 27776K, reserved 1081344K
  class space    used 2977K, committed 3136K, reserved 1048576K
}
Event: 19.449 GC heap after
{Heap after GC invocations=18 (full 0):
 garbage-first heap   total 571392K, used 223887K [0x0000000704e00000, 0x0000000800000000)
  region size 2048K, 1 young (2048K), 1 survivors (2048K)
 Metaspace       used 27439K, committed 27776K, reserved 1081344K
  class space    used 2977K, committed 3136K, reserved 1048576K
}
Event: 21.914 GC heap before
{Heap before GC invocations=18 (full 0):
 garbage-first heap   total 571392K, used 402063K [0x0000000704e00000, 0x0000000800000000)
  region size 2048K, 87 young (178176K), 1 survivors (2048K)
 Metaspace       used 29098K, committed 29440K, reserved 1081344K
  class space    used 3087K, committed 3264K, reserved 1048576K
}
Event: 21.945 GC heap after
{Heap after GC invocations=19 (full 0):
 garbage-first heap   total 571392K, used 249476K [0x0000000704e00000, 0x0000000800000000)
  region size 2048K, 11 young (22528K), 11 survivors (22528K)
 Metaspace       used 29098K, committed 29440K, reserved 1081344K
  class space    used 3087K, committed 3264K, reserved 1048576K
}
Event: 24.861 GC heap before
{Heap before GC invocations=19 (full 0):
 garbage-first heap   total 571392K, used 413316K [0x0000000704e00000, 0x0000000800000000)
  region size 2048K, 91 young (186368K), 11 survivors (22528K)
 Metaspace       used 30698K, committed 31040K, reserved 1081344K
  class space    used 3256K, committed 3392K, reserved 1048576K
}
Event: 24.882 GC heap after
{Heap after GC invocations=20 (full 0):
 garbage-first heap   total 571392K, used 253365K [0x0000000704e00000, 0x0000000800000000)
  region size 2048K, 2 young (4096K), 2 survivors (4096K)
 Metaspace       used 30698K, committed 31040K, reserved 1081344K
  class space    used 3256K, committed 3392K, reserved 1048576K
}

Deoptimization events (20 events):
Event: 24.975 Thread 0x000002988a783ec0 Uncommon trap: trap_request=0xffffffde fr.pc=0x0000029899f6aa34 relative=0x0000000000001034
Event: 24.975 Thread 0x000002988a783ec0 Uncommon trap: reason=class_check action=maybe_recompile pc=0x0000029899f6aa34 method=lombok.javac.JavacNode.traverse(Llombok/javac/JavacASTVisitor;)V @ 113 c2
Event: 24.975 Thread 0x000002988a783ec0 DEOPT PACKING pc=0x0000029899f6aa34 sp=0x000000abe92fce20
Event: 24.975 Thread 0x000002988a783ec0 DEOPT UNPACKING pc=0x0000029899585ba3 sp=0x000000abe92fcdb8 mode 2
Event: 24.976 Thread 0x000002988a783ec0 Uncommon trap: trap_request=0xffffffde fr.pc=0x0000029899f6a954 relative=0x0000000000000f54
Event: 24.976 Thread 0x000002988a783ec0 Uncommon trap: reason=class_check action=maybe_recompile pc=0x0000029899f6a954 method=lombok.javac.JavacNode.traverse(Llombok/javac/JavacASTVisitor;)V @ 490 c2
Event: 24.976 Thread 0x000002988a783ec0 DEOPT PACKING pc=0x0000029899f6a954 sp=0x000000abe92fcd40
Event: 24.976 Thread 0x000002988a783ec0 DEOPT UNPACKING pc=0x0000029899585ba3 sp=0x000000abe92fccd0 mode 2
Event: 24.976 Thread 0x000002988a783ec0 Uncommon trap: trap_request=0xffffffde fr.pc=0x0000029899f6a708 relative=0x0000000000000d08
Event: 24.976 Thread 0x000002988a783ec0 Uncommon trap: reason=class_check action=maybe_recompile pc=0x0000029899f6a708 method=lombok.javac.JavacNode.traverse(Llombok/javac/JavacASTVisitor;)V @ 193 c2
Event: 24.976 Thread 0x000002988a783ec0 DEOPT PACKING pc=0x0000029899f6a708 sp=0x000000abe92fcd40
Event: 24.976 Thread 0x000002988a783ec0 DEOPT UNPACKING pc=0x0000029899585ba3 sp=0x000000abe92fccd8 mode 2
Event: 24.976 Thread 0x000002988a783ec0 Uncommon trap: trap_request=0xffffffde fr.pc=0x0000029899f6a624 relative=0x0000000000000c24
Event: 24.976 Thread 0x000002988a783ec0 Uncommon trap: reason=class_check action=maybe_recompile pc=0x0000029899f6a624 method=lombok.javac.JavacNode.traverse(Llombok/javac/JavacASTVisitor;)V @ 369 c2
Event: 24.976 Thread 0x000002988a783ec0 DEOPT PACKING pc=0x0000029899f6a624 sp=0x000000abe92fcc60
Event: 24.976 Thread 0x000002988a783ec0 DEOPT UNPACKING pc=0x0000029899585ba3 sp=0x000000abe92fcbf8 mode 2
Event: 24.976 Thread 0x000002988a783ec0 Uncommon trap: trap_request=0xffffffde fr.pc=0x0000029899f6a624 relative=0x0000000000000c24
Event: 24.976 Thread 0x000002988a783ec0 Uncommon trap: reason=class_check action=maybe_recompile pc=0x0000029899f6a624 method=lombok.javac.JavacNode.traverse(Llombok/javac/JavacASTVisitor;)V @ 369 c2
Event: 24.976 Thread 0x000002988a783ec0 DEOPT PACKING pc=0x0000029899f6a624 sp=0x000000abe92fcb80
Event: 24.976 Thread 0x000002988a783ec0 DEOPT UNPACKING pc=0x0000029899585ba3 sp=0x000000abe92fcb18 mode 2

Classes unloaded (0 events):
No events

Classes redefined (0 events):
No events

Internal exceptions (20 events):
Event: 21.439 Thread 0x000002988a783ec0 Exception <a 'sun/nio/fs/WindowsException'{0x000000071eed0470}> (0x000000071eed0470) 
thrown [s\open\src\hotspot\share\prims\jni.cpp, line 516]
Event: 21.439 Thread 0x000002988a783ec0 Exception <a 'sun/nio/fs/WindowsException'{0x000000071eed19a8}> (0x000000071eed19a8) 
thrown [s\open\src\hotspot\share\prims\jni.cpp, line 516]
Event: 21.439 Thread 0x000002988a783ec0 Exception <a 'sun/nio/fs/WindowsException'{0x000000071eed1db8}> (0x000000071eed1db8) 
thrown [s\open\src\hotspot\share\prims\jni.cpp, line 516]
Event: 21.532 Thread 0x000002988a783ec0 Exception <a 'sun/nio/fs/WindowsException'{0x000000071eba89f8}> (0x000000071eba89f8) 
thrown [s\open\src\hotspot\share\prims\jni.cpp, line 516]
Event: 21.532 Thread 0x000002988a783ec0 Exception <a 'sun/nio/fs/WindowsException'{0x000000071eba8d88}> (0x000000071eba8d88) 
thrown [s\open\src\hotspot\share\prims\jni.cpp, line 516]
Event: 21.532 Thread 0x000002988a783ec0 Exception <a 'sun/nio/fs/WindowsException'{0x000000071ebaaf58}> (0x000000071ebaaf58) 
thrown [s\open\src\hotspot\share\prims\jni.cpp, line 516]
Event: 21.532 Thread 0x000002988a783ec0 Exception <a 'sun/nio/fs/WindowsException'{0x000000071ebab298}> (0x000000071ebab298) 
thrown [s\open\src\hotspot\share\prims\jni.cpp, line 516]
Event: 21.533 Thread 0x000002988a783ec0 Exception <a 'sun/nio/fs/WindowsException'{0x000000071ebae5c8}> (0x000000071ebae5c8) 
thrown [s\open\src\hotspot\share\prims\jni.cpp, line 516]
Event: 21.533 Thread 0x000002988a783ec0 Exception <a 'sun/nio/fs/WindowsException'{0x000000071ebae950}> (0x000000071ebae950) 
thrown [s\open\src\hotspot\share\prims\jni.cpp, line 516]
Event: 21.533 Thread 0x000002988a783ec0 Exception <a 'sun/nio/fs/WindowsException'{0x000000071ebafe88}> (0x000000071ebafe88) 
thrown [s\open\src\hotspot\share\prims\jni.cpp, line 516]
Event: 21.533 Thread 0x000002988a783ec0 Exception <a 'sun/nio/fs/WindowsException'{0x000000071ebb0298}> (0x000000071ebb0298) 
thrown [s\open\src\hotspot\share\prims\jni.cpp, line 516]
Event: 21.533 Thread 0x000002988a783ec0 Exception <a 'sun/nio/fs/WindowsException'{0x000000071ebb4c50}> (0x000000071ebb4c50) 
thrown [s\open\src\hotspot\share\prims\jni.cpp, line 516]
Event: 21.533 Thread 0x000002988a783ec0 Exception <a 'sun/nio/fs/WindowsException'{0x000000071ebb5010}> (0x000000071ebb5010) 
thrown [s\open\src\hotspot\share\prims\jni.cpp, line 516]
Event: 21.534 Thread 0x000002988a783ec0 Exception <a 'sun/nio/fs/WindowsException'{0x000000071ebb7cf8}> (0x000000071ebb7cf8) 
thrown [s\open\src\hotspot\share\prims\jni.cpp, line 516]
Event: 21.534 Thread 0x000002988a783ec0 Exception <a 'sun/nio/fs/WindowsException'{0x000000071ebb8070}> (0x000000071ebb8070) 
thrown [s\open\src\hotspot\share\prims\jni.cpp, line 516]
Event: 21.534 Thread 0x000002988a783ec0 Exception <a 'sun/nio/fs/WindowsException'{0x000000071ebbe290}> (0x000000071ebbe290) 
thrown [s\open\src\hotspot\share\prims\jni.cpp, line 516]
Event: 21.534 Thread 0x000002988a783ec0 Exception <a 'sun/nio/fs/WindowsException'{0x000000071ebbe650}> (0x000000071ebbe650) 
thrown [s\open\src\hotspot\share\prims\jni.cpp, line 516]
Event: 21.534 Thread 0x000002988a783ec0 Exception <a 'sun/nio/fs/WindowsException'{0x000000071ebbfbb8}> (0x000000071ebbfbb8) 
thrown [s\open\src\hotspot\share\prims\jni.cpp, line 516]
Event: 21.534 Thread 0x000002988a783ec0 Exception <a 'sun/nio/fs/WindowsException'{0x000000071ebc0000}> (0x000000071ebc0000) 
thrown [s\open\src\hotspot\share\prims\jni.cpp, line 516]
Event: 21.875 Thread 0x000002988a783ec0 Exception <a 'sun/nio/fs/WindowsException'{0x000000071d0eb458}> (0x000000071d0eb458) 
thrown [s\open\src\hotspot\share\prims\jni.cpp, line 516]

VM Operations (20 events):
Event: 21.578 Executing VM operation: ICBufferFull
Event: 21.578 Executing VM operation: ICBufferFull done
Event: 21.595 Executing VM operation: HandshakeAllThreads
Event: 21.595 Executing VM operation: HandshakeAllThreads done
Event: 21.637 Executing VM operation: HandshakeAllThreads
Event: 21.637 Executing VM operation: HandshakeAllThreads done
Event: 21.648 Executing VM operation: HandshakeAllThreads
Event: 21.648 Executing VM operation: HandshakeAllThreads done
Event: 21.740 Executing VM operation: ICBufferFull
Event: 21.740 Executing VM operation: ICBufferFull done
Event: 21.914 Executing VM operation: G1CollectForAllocation
Event: 21.945 Executing VM operation: G1CollectForAllocation done
Event: 22.946 Executing VM operation: Cleanup
Event: 22.946 Executing VM operation: Cleanup done
Event: 23.952 Executing VM operation: Cleanup
Event: 23.952 Executing VM operation: Cleanup done
Event: 24.224 Executing VM operation: HandshakeAllThreads
Event: 24.224 Executing VM operation: HandshakeAllThreads done
Event: 24.861 Executing VM operation: G1CollectForAllocation
Event: 24.882 Executing VM operation: G1CollectForAllocation done

Events (20 events):
Event: 22.301 loading class java/text/BreakIterator
Event: 22.302 loading class java/text/BreakIterator done
Event: 22.413 loading class java/util/regex/Pattern$LookBehindEndNode
Event: 22.414 loading class java/util/regex/Pattern$LookBehindEndNode done
Event: 22.414 loading class java/util/regex/Pattern$NotBehind
Event: 22.414 loading class java/util/regex/Pattern$NotBehind done
Event: 22.463 loading class java/util/Vector$1
Event: 22.464 loading class java/util/Vector$1 done
Event: 22.733 loading class java/util/Collections$UnmodifiableSortedSet
Event: 22.734 loading class java/util/Collections$UnmodifiableSortedSet done
Event: 22.839 Thread 0x00000298aef3c970 Thread exited: 0x00000298aef3c970
Event: 23.275 Thread 0x00000298b5bf9a50 Thread exited: 0x00000298b5bf9a50
Event: 24.221 loading class java/util/IdentityHashMap$EntrySet
Event: 24.222 loading class java/util/IdentityHashMap$EntrySet done
Event: 24.222 loading class java/util/IdentityHashMap$EntryIterator
Event: 24.222 loading class java/util/IdentityHashMap$EntryIterator done
Event: 24.224 loading class java/util/IdentityHashMap$EntryIterator$Entry
Event: 24.224 loading class java/util/IdentityHashMap$EntryIterator$Entry done
Event: 24.225 Thread 0x00000298b5bf9a50 Thread added: 0x00000298b5bf9a50
Event: 24.370 Thread 0x00000298aef3c970 Thread added: 0x00000298aef3c970


Dynamic libraries:
0x00007ff7d5f90000 - 0x00007ff7d5fa0000 	C:\Program Files\Java\jdk-17\bin\java.exe
0x00007ff946090000 - 0x00007ff9462a6000 	C:\WINDOWS\SYSTEM32\ntdll.dll
0x00007ff9448c0000 - 0x00007ff944984000 	C:\WINDOWS\System32\KERNEL32.DLL
0x00007ff9435b0000 - 0x00007ff943956000 	C:\WINDOWS\System32\KERNELBASE.dll
0x00007ff943990000 - 0x00007ff943aa1000 	C:\WINDOWS\System32\ucrtbase.dll
0x00007ff934090000 - 0x00007ff9340a8000 	C:\Program Files\Java\jdk-17\bin\jli.dll
0x00007ff945f30000 - 0x00007ff945fe2000 	C:\WINDOWS\System32\ADVAPI32.dll
0x00007ff943f80000 - 0x00007ff944027000 	C:\WINDOWS\System32\msvcrt.dll
0x00007ff9455c0000 - 0x00007ff945668000 	C:\WINDOWS\System32\sechost.dll
0x00007ff943960000 - 0x00007ff943988000 	C:\WINDOWS\System32\bcrypt.dll
0x00007ff945be0000 - 0x00007ff945cf5000 	C:\WINDOWS\System32\RPCRT4.dll
0x00007ff945d20000 - 0x00007ff945ecd000 	C:\WINDOWS\System32\USER32.dll
0x00007ff943db0000 - 0x00007ff943dd6000 	C:\WINDOWS\System32\win32u.dll
0x00007ff91a800000 - 0x00007ff91aa93000 	C:\WINDOWS\WinSxS\amd64_microsoft.windows.common-controls_6595b64144ccf1df_6.0.22621.3235_none_270f74e173860f98\COMCTL32.dll
0x00007ff934070000 - 0x00007ff93408b000 	C:\Program Files\Java\jdk-17\bin\VCRUNTIME140.dll
0x00007ff945590000 - 0x00007ff9455b9000 	C:\WINDOWS\System32\GDI32.dll
0x00007ff943c90000 - 0x00007ff943da8000 	C:\WINDOWS\System32\gdi32full.dll
0x00007ff9433d0000 - 0x00007ff94346a000 	C:\WINDOWS\System32\msvcp_win.dll
0x00007ff939130000 - 0x00007ff93913a000 	C:\WINDOWS\SYSTEM32\VERSION.dll
0x00007ff945700000 - 0x00007ff945731000 	C:\WINDOWS\System32\IMM32.DLL
0x00007ff93be20000 - 0x00007ff93be2c000 	C:\Program Files\Java\jdk-17\bin\vcruntime140_1.dll
0x00007ff923600000 - 0x00007ff92368e000 	C:\Program Files\Java\jdk-17\bin\msvcp140.dll
0x00007ff87a020000 - 0x00007ff87abf7000 	C:\Program Files\Java\jdk-17\bin\server\jvm.dll
0x00007ff943f70000 - 0x00007ff943f78000 	C:\WINDOWS\System32\PSAPI.DLL
0x00007ff937580000 - 0x00007ff9375b4000 	C:\WINDOWS\SYSTEM32\WINMM.dll
0x00007ff91fdd0000 - 0x00007ff91fdd9000 	C:\WINDOWS\SYSTEM32\WSOCK32.dll
0x00007ff9453b0000 - 0x00007ff945421000 	C:\WINDOWS\System32\WS2_32.dll
0x00007ff9424c0000 - 0x00007ff9424d8000 	C:\WINDOWS\SYSTEM32\kernel.appcore.dll
0x00007ff934060000 - 0x00007ff93406a000 	C:\Program Files\Java\jdk-17\bin\jimage.dll
0x00007ff940830000 - 0x00007ff940a63000 	C:\WINDOWS\SYSTEM32\DBGHELP.DLL
0x00007ff945750000 - 0x00007ff945ad8000 	C:\WINDOWS\System32\combase.dll
0x00007ff9447e0000 - 0x00007ff9448b7000 	C:\WINDOWS\System32\OLEAUT32.dll
0x00007ff921b20000 - 0x00007ff921b52000 	C:\WINDOWS\SYSTEM32\dbgcore.DLL
0x00007ff943530000 - 0x00007ff9435aa000 	C:\WINDOWS\System32\bcryptPrimitives.dll
0x00007ff927090000 - 0x00007ff9270b5000 	C:\Program Files\Java\jdk-17\bin\java.dll
0x00007ff8e8a20000 - 0x00007ff8e8af7000 	C:\Program Files\Java\jdk-17\bin\jsvml.dll
0x00007ff944990000 - 0x00007ff9451ed000 	C:\WINDOWS\System32\SHELL32.dll
0x00007ff9412f0000 - 0x00007ff941be8000 	C:\WINDOWS\SYSTEM32\windows.storage.dll
0x00007ff9411b0000 - 0x00007ff9412ee000 	C:\WINDOWS\SYSTEM32\wintypes.dll
0x00007ff943e70000 - 0x00007ff943f63000 	C:\WINDOWS\System32\SHCORE.dll
0x00007ff945ed0000 - 0x00007ff945f2e000 	C:\WINDOWS\System32\shlwapi.dll
0x00007ff943300000 - 0x00007ff943326000 	C:\WINDOWS\SYSTEM32\profapi.dll
0x00007ff934040000 - 0x00007ff934059000 	C:\Program Files\Java\jdk-17\bin\net.dll
0x00007ff939d40000 - 0x00007ff939e77000 	C:\WINDOWS\SYSTEM32\WINHTTP.dll
0x00007ff942930000 - 0x00007ff942999000 	C:\WINDOWS\system32\mswsock.dll
0x00007ff9235e0000 - 0x00007ff9235f6000 	C:\Program Files\Java\jdk-17\bin\nio.dll
0x00007ff9235c0000 - 0x00007ff9235d8000 	C:\Program Files\Java\jdk-17\bin\zip.dll
0x0000000069ac0000 - 0x0000000069ae4000 	D:\apache-maven-3.8.6\lib\jansi-native\Windows\x86_64\jansi.dll
0x00007ff927140000 - 0x00007ff927150000 	C:\Program Files\Java\jdk-17\bin\verify.dll
0x00007ff942c80000 - 0x00007ff942c9b000 	C:\WINDOWS\SYSTEM32\CRYPTSP.dll
0x00007ff942420000 - 0x00007ff942455000 	C:\WINDOWS\system32\rsaenh.dll
0x00007ff9429d0000 - 0x00007ff9429fc000 	C:\WINDOWS\SYSTEM32\USERENV.dll
0x00007ff942c60000 - 0x00007ff942c6c000 	C:\WINDOWS\SYSTEM32\CRYPTBASE.dll
0x00007ff941ec0000 - 0x00007ff941eed000 	C:\WINDOWS\SYSTEM32\IPHLPAPI.DLL
0x00007ff9456f0000 - 0x00007ff9456f9000 	C:\WINDOWS\System32\NSI.dll
0x00007ff939cb0000 - 0x00007ff939cc9000 	C:\WINDOWS\SYSTEM32\dhcpcsvc6.DLL
0x00007ff939c90000 - 0x00007ff939caf000 	C:\WINDOWS\SYSTEM32\dhcpcsvc.DLL
0x00007ff941f30000 - 0x00007ff942029000 	C:\WINDOWS\SYSTEM32\DNSAPI.dll

dbghelp: loaded successfully - version: 4.0.5 - missing functions: none
symbol engine: initialized successfully - sym options: 0x614 - pdb path: .;C:\Program Files\Java\jdk-17\bin;C:\WINDOWS\SYSTEM32;C:\WINDOWS\WinSxS\amd64_microsoft.windows.common-controls_6595b64144ccf1df_6.0.22621.3235_none_270f74e173860f98;C:\Program Files\Java\jdk-17\bin\server;D:\apache-maven-3.8.6\lib\jansi-native\Windows\x86_64

VM Arguments:
jvm_args: -Dclassworlds.conf=D:\apache-maven-3.8.6\bin\m2.conf -Dmaven.home=D:\apache-maven-3.8.6 -Dlibrary.jansi.path=D:\apache-maven-3.8.6\lib\jansi-native -Dmaven.multiModuleProjectDirectory=D:\soum21Juin2022\MyProject\EcoleVie\mic-gestion-ecole-api 
java_command: org.codehaus.plexus.classworlds.launcher.Launcher clean quarkus:dev
java_class_path (initial): D:\apache-maven-3.8.6\boot\plexus-classworlds-2.6.0.jar
Launcher Type: SUN_STANDARD

[Global flags]
     intx CICompilerCount                          = 4                                         {product} {ergonomic}
     uint ConcGCThreads                            = 2                                         {product} {ergonomic}
     uint G1ConcRefinementThreads                  = 8                                         {product} {ergonomic}
   size_t G1HeapRegionSize                         = 2097152                                   {product} {ergonomic}
    uintx GCDrainStackTargetSize                   = 64                                        {product} {ergonomic}
   size_t InitialHeapSize                          = 264241152                                 {product} {ergonomic}
   size_t MarkStackSize                            = 4194304                                   {product} {ergonomic}
   size_t MaxHeapSize                              = 4213178368                                {product} {ergonomic}
   size_t MaxNewSize                               = 2527068160                                {product} {ergonomic}
   size_t MinHeapDeltaBytes                        = 2097152                                   {product} {ergonomic}
   size_t MinHeapSize                              = 8388608                                   {product} {ergonomic}
    uintx NonNMethodCodeHeapSize                   = 5839372                                {pd product} {ergonomic}
    uintx NonProfiledCodeHeapSize                  = 122909434                              {pd product} {ergonomic}
    uintx ProfiledCodeHeapSize                     = 122909434                              {pd product} {ergonomic}
    uintx ReservedCodeCacheSize                    = 251658240                              {pd product} {ergonomic}
     bool SegmentedCodeCache                       = true                                      {product} {ergonomic}
   size_t SoftMaxHeapSize                          = 4213178368                             {manageable} {ergonomic}
     bool UseCompressedClassPointers               = true                           {product lp64_product} {ergonomic}
     bool UseCompressedOops                        = true                           {product lp64_product} {ergonomic}
     bool UseG1GC                                  = true                                      {product} {ergonomic}
     bool UseLargePagesIndividualAllocation        = false                                  {pd product} {ergonomic}

Logging:
Log output configuration:
 #0: stdout all=warning uptime,level,tags
 #1: stderr all=off uptime,level,tags

Environment Variables:
JAVA_HOME=C:\Program Files\Java\jdk-17
PATH=C:\Users\HP\AppData\Local\cloud-code\installer\google-cloud-sdk\bin;C:\Program Files\Java\jdk-17\bin;C:\oraclexe\app\oracle\product\11.2.0\server\bin;C:\Program Files\Common Files\Oracle\Java\javapath;C:\Program Files (x86)\Common Files\Oracle\Java\javapath;C:\WINDOWS\system32;C:\WINDOWS;C:\WINDOWS\System32\Wbem;C:\WINDOWS\System32\WindowsPowerShell\v1.0\;C:\WINDOWS\System32\OpenSSH\;C:\Program Files\Docker\Docker\resources\bin;%M2_HOME%;%M2%;D:\apache-maven-3.8.6\bin;C:\Program Files\Git\cmd;C:\Users\HP\AppData\Roaming\npm;D:\wildfly-26.1.2.Final;C:\Program Files (x86)\Google\Cloud SDK\google-cloud-sdk\bin;C:\sigctl;C:\Users\HP\AppData\Roaming\nvm;C:\Program Files\nodejs;D:\XAMP\php;D:\ComposerSetup;C:\Users\HP\AppData\Local\Programs\Python\Python312\Scripts\;C:\Users\HP\AppData\Local\Programs\Python\Python312\;C:\Program Files\MySQL\MySQL Shell 8.0\bin\;C:\Users\HP\AppData\Local\Microsoft\WindowsApps;C:\Users\HP\AppData\Local\Programs\Microsoft VS Code\bin;"C:\Program Files\Git\bin\git.exe;C:\Program Files\Git\cmd";C:\Program Files\Java\jre1.8.0_341\bin;C:\Users\HP\AppData\Local\Android\Sdk\platform-tools;C:\Users\HP\AppData\Roaming\nvm;C:\Program Files\nodejs;C:\Users\HP\AppData\Roaming\Composer\vendor\bin;C:\Program Files\JetBrains\PyCharm Community Edition 2022.3.1\bin;
USERNAME=HP
LANG=fr_FR.UTF-8
OS=Windows_NT
PROCESSOR_IDENTIFIER=Intel64 Family 6 Model 140 Stepping 1, GenuineIntel



---------------  S Y S T E M  ---------------

OS:
 Windows 11 , 64 bit Build 22621 (10.0.22621.3235)
OS uptime: 0 days 20:52 hours
Hyper-V role detected

CPU: total 8 (initial active 8) (4 cores per cpu, 2 threads per core) family 6 model 140 stepping 1 microcode 0xb6, cx8, cmov, fxsr, ht, mmx, 3dnowpref, sse, sse2, sse3, ssse3, sse4.1, sse4.2, popcnt, lzcnt, tsc, tscinvbit, avx, avx2, aes, erms, clmul, bmi1, bmi2, adx, avx512f, avx512dq, avx512cd, avx512bw, avx512vl, sha, fma, vzeroupper, avx512_vpopcntdq, avx512_vpclmulqdq, avx512_vaes, avx512_vnni, clflush, clflushopt, clwb, avx512_vbmi2, avx512_vbmi, hv

Memory: 4k page, system-wide physical 16064M (840M free)
TotalPageFile size 30031M (AvailPageFile size 2M)
current process WorkingSet (physical memory assigned to process): 819M, peak: 821M
current process commit charge ("private bytes"): 882M, peak: 885M

vm_info: Java HotSpot(TM) 64-Bit Server VM (17.0.6+9-LTS-190) for windows-amd64 JRE (17.0.6+9-LTS-190), built on Dec  6 2022 15:53:54 by "mach5one" with MS VC++ 17.1 (VS2022)

END.
