#
# There is insufficient memory for the Java Runtime Environment to continue.
# Native memory allocation (malloc) failed to allocate 1324496 bytes for Chunk::new
# Possible reasons:
#   The system is out of physical RAM or swap space
#   The process is running with CompressedOops enabled, and the Java Heap may be blocking the growth of the native heap
# Possible solutions:
#   Reduce memory load on the system
#   Increase physical memory or swap space
#   Check if swap backing store is full
#   Decrease Java heap size (-Xmx/-Xms)
#   Decrease number of Java threads
#   Decrease Java thread stack sizes (-Xss)
#   Set larger code cache with -XX:ReservedCodeCacheSize=
#   JVM is running with Zero Based Compressed Oops mode in which the Java heap is
#     placed in the first 32GB address space. The Java Heap base address is the
#     maximum limit for the native heap growth. Please use -XX:HeapBaseMinAddress
#     to set the Java Heap base and to place the Java Heap above 32GB virtual address.
# This output file may be truncated or incomplete.
#
#  Out of Memory Error (arena.cpp:189), pid=17592, tid=15860
#
# JRE version: Java(TM) SE Runtime Environment (17.0.6+9) (build 17.0.6+9-LTS-190)
# Java VM: Java HotSpot(TM) 64-Bit Server VM (17.0.6+9-LTS-190, mixed mode, sharing, tiered, compressed oops, compressed class ptrs, g1 gc, windows-amd64)
# No core dump will be written. Minidumps are not enabled by default on client versions of Windows
#

---------------  S U M M A R Y ------------

Command Line: -Dclassworlds.conf=D:\apache-maven-3.8.6\bin\m2.conf -Dmaven.home=D:\apache-maven-3.8.6 -Dlibrary.jansi.path=D:\apache-maven-3.8.6\lib\jansi-native -Dmaven.multiModuleProjectDirectory=D:\soum21Juin2022\MyProject\EcoleVie\mic-gestion-ecole-api org.codehaus.plexus.classworlds.launcher.Launcher clean quarkus:dev

Host: 11th Gen Intel(R) Core(TM) i7-1165G7 @ 2.80GHz, 8 cores, 15G,  Windows 11 , 64 bit Build 22621 (10.0.22621.2506)
Time: Thu Jan 25 17:50:35 2024 Greenwich elapsed time: 10.051296 seconds (0d 0h 0m 10s)

---------------  T H R E A D  ---------------

Current thread (0x000002246392d3e0):  JavaThread "C2 CompilerThread1" daemon [_thread_in_native, id=15860, stack(0x00000043a7500000,0x00000043a7600000)]


Current CompileTask:
C2:  10051 5430 %     4       jdk.nio.zipfs.ZipFileSystem::initCEN @ 203 (474 bytes)

Stack: [0x00000043a7500000,0x00000043a7600000]
Native frames: (J=compiled Java code, j=interpreted, Vv=VM code, C=native code)
V  [jvm.dll+0x6734ea]
V  [jvm.dll+0x7d18f4]
V  [jvm.dll+0x7d309e]
V  [jvm.dll+0x7d3703]
V  [jvm.dll+0x2433c5]
V  [jvm.dll+0xaa46b]
V  [jvm.dll+0xaaa0c]
V  [jvm.dll+0x35eadf]
V  [jvm.dll+0x329401]
V  [jvm.dll+0x32889a]
V  [jvm.dll+0x215ddf]
V  [jvm.dll+0x215211]
V  [jvm.dll+0x1a1730]
V  [jvm.dll+0x224b6e]
V  [jvm.dll+0x222f15]
V  [jvm.dll+0x78753c]
V  [jvm.dll+0x781a7a]
V  [jvm.dll+0x672375]
C  [ucrtbase.dll+0x29363]
C  [KERNEL32.DLL+0x1257d]
C  [ntdll.dll+0x5aa58]


---------------  P R O C E S S  ---------------

Threads class SMR info:
_java_thread_list=0x0000022466d5c9c0, length=13, elements={
0x000002243f8e9770, 0x00000224623fadd0, 0x00000224623fb890, 0x0000022462412ae0,
0x00000224624135a0, 0x0000022462417f80, 0x0000022462418840, 0x000002246241d850,
0x000002246241e200, 0x0000022462426b10, 0x00000224625dace0, 0x00000224625e2000,
0x000002246392d3e0
}

Java Threads: ( => current thread )
  0x000002243f8e9770 JavaThread "main" [_thread_in_native, id=23200, stack(0x00000043a6200000,0x00000043a6300000)]
  0x00000224623fadd0 JavaThread "Reference Handler" daemon [_thread_blocked, id=35640, stack(0x00000043a6900000,0x00000043a6a00000)]
  0x00000224623fb890 JavaThread "Finalizer" daemon [_thread_blocked, id=20844, stack(0x00000043a6a00000,0x00000043a6b00000)]
  0x0000022462412ae0 JavaThread "Signal Dispatcher" daemon [_thread_blocked, id=38164, stack(0x00000043a6b00000,0x00000043a6c00000)]
  0x00000224624135a0 JavaThread "Attach Listener" daemon [_thread_blocked, id=38732, stack(0x00000043a6c00000,0x00000043a6d00000)]
  0x0000022462417f80 JavaThread "Service Thread" daemon [_thread_blocked, id=1340, stack(0x00000043a6d00000,0x00000043a6e00000)]
  0x0000022462418840 JavaThread "Monitor Deflation Thread" daemon [_thread_blocked, id=9208, stack(0x00000043a6e00000,0x00000043a6f00000)]
  0x000002246241d850 JavaThread "C2 CompilerThread0" daemon [_thread_in_native, id=12640, stack(0x00000043a6f00000,0x00000043a7000000)]
  0x000002246241e200 JavaThread "C1 CompilerThread0" daemon [_thread_blocked, id=16496, stack(0x00000043a7000000,0x00000043a7100000)]
  0x0000022462426b10 JavaThread "Sweeper thread" daemon [_thread_blocked, id=31412, stack(0x00000043a7100000,0x00000043a7200000)]
  0x00000224625dace0 JavaThread "Notification Thread" daemon [_thread_blocked, id=8816, stack(0x00000043a7200000,0x00000043a7300000)]
  0x00000224625e2000 JavaThread "Common-Cleaner" daemon [_thread_blocked, id=25036, stack(0x00000043a7400000,0x00000043a7500000)]
=>0x000002246392d3e0 JavaThread "C2 CompilerThread1" daemon [_thread_in_native, id=15860, stack(0x00000043a7500000,0x00000043a7600000)]

Other Threads:
  0x00000224623f53e0 VMThread "VM Thread" [stack: 0x00000043a6800000,0x00000043a6900000] [id=17088]
  0x000002243f982de0 WatcherThread [stack: 0x00000043a7300000,0x00000043a7400000] [id=39116]
  0x000002243f9584d0 GCTaskThread "GC Thread#0" [stack: 0x00000043a6300000,0x00000043a6400000] [id=35396]
  0x0000022463ca23d0 GCTaskThread "GC Thread#1" [stack: 0x00000043a7700000,0x00000043a7800000] [id=30944]
  0x0000022463ca2680 GCTaskThread "GC Thread#2" [stack: 0x00000043a7800000,0x00000043a7900000] [id=37576]
  0x0000022463add610 GCTaskThread "GC Thread#3" [stack: 0x00000043a7900000,0x00000043a7a00000] [id=30328]
  0x0000022463add8c0 GCTaskThread "GC Thread#4" [stack: 0x00000043a7a00000,0x00000043a7b00000] [id=39780]
  0x0000022463addb70 GCTaskThread "GC Thread#5" [stack: 0x00000043a7b00000,0x00000043a7c00000] [id=28484]
  0x0000022464028d10 GCTaskThread "GC Thread#6" [stack: 0x00000043a7c00000,0x00000043a7d00000] [id=40048]
  0x0000022463d23fd0 GCTaskThread "GC Thread#7" [stack: 0x00000043a7d00000,0x00000043a7e00000] [id=12112]
  0x000002243f968f20 ConcurrentGCThread "G1 Main Marker" [stack: 0x00000043a6400000,0x00000043a6500000] [id=40120]
  0x000002243f969930 ConcurrentGCThread "G1 Conc#0" [stack: 0x00000043a6500000,0x00000043a6600000] [id=14856]
  0x00000224623374f0 ConcurrentGCThread "G1 Refine#0" [stack: 0x00000043a6600000,0x00000043a6700000] [id=37736]
  0x000002243f9ac0b0 ConcurrentGCThread "G1 Service" [stack: 0x00000043a6700000,0x00000043a6800000] [id=36976]

Threads with active compile tasks:
C2 CompilerThread0    10077 5434   !   4       jdk.nio.zipfs.ZipFileSystem::buildNodeTree (123 bytes)
C2 CompilerThread1    10077 5430 %     4       jdk.nio.zipfs.ZipFileSystem::initCEN @ 203 (474 bytes)

VM state: not at safepoint (normal execution)

VM Mutex/Monitor currently owned by a thread: None

Heap address: 0x0000000704e00000, size: 4018 MB, Compressed Oops mode: Zero based, Oop shift amount: 3

CDS archive(s) mapped at: [0x0000000800000000-0x0000000800bd0000-0x0000000800bd0000), size 12386304, SharedBaseAddress: 0x0000000800000000, ArchiveRelocationMode: 0.
Compressed class space mapped at: 0x0000000800c00000-0x0000000840c00000, reserved size: 1073741824
Narrow klass base: 0x0000000800000000, Narrow klass shift: 0, Narrow klass range: 0x100000000

GC Precious Log:
 CPUs: 8 total, 8 available
 Memory: 16064M
 Large Page Support: Disabled
 NUMA Support: Disabled
 Compressed Oops: Enabled (Zero based)
 Heap Region Size: 2M
 Heap Min Capacity: 8M
 Heap Initial Capacity: 252M
 Heap Max Capacity: 4018M
 Pre-touch: Disabled
 Parallel Workers: 8
 Concurrent Workers: 2
 Concurrent Refinement Workers: 8
 Periodic GC: Disabled

Heap:
 garbage-first heap   total 258048K, used 171463K [0x0000000704e00000, 0x0000000800000000)
  region size 2048K, 60 young (122880K), 9 survivors (18432K)
 Metaspace       used 18892K, committed 19200K, reserved 1073152K
  class space    used 2023K, committed 2176K, reserved 1048576K

Heap Regions: E=young(eden), S=young(survivor), O=old, HS=humongous(starts), HC=humongous(continues), CS=collection set, F=free, OA=open archive, CA=closed archive, TAMS=top-at-mark-start (previous, next)
|   0|0x0000000704e00000, 0x0000000705000000, 0x0000000705000000|100%| O|  |TAMS 0x0000000704e00000, 0x0000000704e00000| Untracked 
|   1|0x0000000705000000, 0x0000000705200000, 0x0000000705200000|100%| O|  |TAMS 0x0000000705000000, 0x0000000705000000| Untracked 
|   2|0x0000000705200000, 0x0000000705400000, 0x0000000705400000|100%| O|  |TAMS 0x0000000705200000, 0x0000000705200000| Untracked 
|   3|0x0000000705400000, 0x0000000705600000, 0x0000000705600000|100%| O|  |TAMS 0x0000000705400000, 0x0000000705400000| Untracked 
|   4|0x0000000705600000, 0x0000000705800000, 0x0000000705800000|100%| O|  |TAMS 0x0000000705600000, 0x0000000705600000| Untracked 
|   5|0x0000000705800000, 0x0000000705a00000, 0x0000000705a00000|100%| O|  |TAMS 0x0000000705800000, 0x0000000705800000| Untracked 
|   6|0x0000000705a00000, 0x0000000705c00000, 0x0000000705c00000|100%| O|  |TAMS 0x0000000705a00000, 0x0000000705a00000| Untracked 
|   7|0x0000000705c00000, 0x0000000705e00000, 0x0000000705e00000|100%| O|  |TAMS 0x0000000705c00000, 0x0000000705c00000| Untracked 
|   8|0x0000000705e00000, 0x0000000706000000, 0x0000000706000000|100%| O|  |TAMS 0x0000000705e00000, 0x0000000705e00000| Untracked 
|   9|0x0000000706000000, 0x0000000706200000, 0x0000000706200000|100%| O|  |TAMS 0x0000000706000000, 0x0000000706000000| Untracked 
|  10|0x0000000706200000, 0x0000000706400000, 0x0000000706400000|100%| O|  |TAMS 0x0000000706200000, 0x0000000706200000| Untracked 
|  11|0x0000000706400000, 0x0000000706600000, 0x0000000706600000|100%| O|  |TAMS 0x0000000706400000, 0x0000000706400000| Untracked 
|  12|0x0000000706600000, 0x0000000706800000, 0x0000000706800000|100%| O|  |TAMS 0x0000000706600000, 0x0000000706600000| Untracked 
|  13|0x0000000706800000, 0x0000000706a00000, 0x0000000706a00000|100%| O|  |TAMS 0x0000000706800000, 0x0000000706800000| Untracked 
|  14|0x0000000706a00000, 0x0000000706c00000, 0x0000000706c00000|100%| O|  |TAMS 0x0000000706a00000, 0x0000000706a00000| Untracked 
|  15|0x0000000706c00000, 0x0000000706e00000, 0x0000000706e00000|100%| O|  |TAMS 0x0000000706c00000, 0x0000000706c00000| Untracked 
|  16|0x0000000706e00000, 0x0000000707000000, 0x0000000707000000|100%| O|  |TAMS 0x0000000706e00000, 0x0000000706e00000| Untracked 
|  17|0x0000000707000000, 0x0000000707200000, 0x0000000707200000|100%| O|  |TAMS 0x0000000707000000, 0x0000000707000000| Untracked 
|  18|0x0000000707200000, 0x0000000707400000, 0x0000000707400000|100%| O|  |TAMS 0x0000000707200000, 0x0000000707200000| Untracked 
|  19|0x0000000707400000, 0x0000000707600000, 0x0000000707600000|100%| O|  |TAMS 0x0000000707400000, 0x0000000707400000| Untracked 
|  20|0x0000000707600000, 0x0000000707800000, 0x0000000707800000|100%| O|  |TAMS 0x0000000707600000, 0x0000000707600000| Untracked 
|  21|0x0000000707800000, 0x0000000707a00000, 0x0000000707a00000|100%| O|  |TAMS 0x0000000707800000, 0x0000000707800000| Untracked 
|  22|0x0000000707a00000, 0x0000000707b71c00, 0x0000000707c00000| 72%| O|  |TAMS 0x0000000707a00000, 0x0000000707a00000| Untracked 
|  23|0x0000000707c00000, 0x0000000707e00000, 0x0000000707e00000|100%|HS|  |TAMS 0x0000000707c00000, 0x0000000707c00000| Complete 
|  24|0x0000000707e00000, 0x0000000708000000, 0x0000000708000000|100%|HS|  |TAMS 0x0000000707e00000, 0x0000000707e00000| Complete 
|  25|0x0000000708000000, 0x0000000708000000, 0x0000000708200000|  0%| F|  |TAMS 0x0000000708000000, 0x0000000708000000| Untracked 
|  26|0x0000000708200000, 0x0000000708200000, 0x0000000708400000|  0%| F|  |TAMS 0x0000000708200000, 0x0000000708200000| Untracked 
|  27|0x0000000708400000, 0x0000000708400000, 0x0000000708600000|  0%| F|  |TAMS 0x0000000708400000, 0x0000000708400000| Untracked 
|  28|0x0000000708600000, 0x0000000708600000, 0x0000000708800000|  0%| F|  |TAMS 0x0000000708600000, 0x0000000708600000| Untracked 
|  29|0x0000000708800000, 0x0000000708800000, 0x0000000708a00000|  0%| F|  |TAMS 0x0000000708800000, 0x0000000708800000| Untracked 
|  30|0x0000000708a00000, 0x0000000708a00000, 0x0000000708c00000|  0%| F|  |TAMS 0x0000000708a00000, 0x0000000708a00000| Untracked 
|  31|0x0000000708c00000, 0x0000000708c00000, 0x0000000708e00000|  0%| F|  |TAMS 0x0000000708c00000, 0x0000000708c00000| Untracked 
|  32|0x0000000708e00000, 0x0000000708e00000, 0x0000000709000000|  0%| F|  |TAMS 0x0000000708e00000, 0x0000000708e00000| Untracked 
|  33|0x0000000709000000, 0x0000000709000000, 0x0000000709200000|  0%| F|  |TAMS 0x0000000709000000, 0x0000000709000000| Untracked 
|  34|0x0000000709200000, 0x0000000709200000, 0x0000000709400000|  0%| F|  |TAMS 0x0000000709200000, 0x0000000709200000| Untracked 
|  35|0x0000000709400000, 0x0000000709400000, 0x0000000709600000|  0%| F|  |TAMS 0x0000000709400000, 0x0000000709400000| Untracked 
|  36|0x0000000709600000, 0x0000000709600000, 0x0000000709800000|  0%| F|  |TAMS 0x0000000709600000, 0x0000000709600000| Untracked 
|  37|0x0000000709800000, 0x0000000709800000, 0x0000000709a00000|  0%| F|  |TAMS 0x0000000709800000, 0x0000000709800000| Untracked 
|  38|0x0000000709a00000, 0x0000000709a00000, 0x0000000709c00000|  0%| F|  |TAMS 0x0000000709a00000, 0x0000000709a00000| Untracked 
|  39|0x0000000709c00000, 0x0000000709c00000, 0x0000000709e00000|  0%| F|  |TAMS 0x0000000709c00000, 0x0000000709c00000| Untracked 
|  40|0x0000000709e00000, 0x0000000709e00000, 0x000000070a000000|  0%| F|  |TAMS 0x0000000709e00000, 0x0000000709e00000| Untracked 
|  41|0x000000070a000000, 0x000000070a000000, 0x000000070a200000|  0%| F|  |TAMS 0x000000070a000000, 0x000000070a000000| Untracked 
|  42|0x000000070a200000, 0x000000070a200000, 0x000000070a400000|  0%| F|  |TAMS 0x000000070a200000, 0x000000070a200000| Untracked 
|  43|0x000000070a400000, 0x000000070a400000, 0x000000070a600000|  0%| F|  |TAMS 0x000000070a400000, 0x000000070a400000| Untracked 
|  44|0x000000070a600000, 0x000000070a600000, 0x000000070a800000|  0%| F|  |TAMS 0x000000070a600000, 0x000000070a600000| Untracked 
|  45|0x000000070a800000, 0x000000070a800000, 0x000000070aa00000|  0%| F|  |TAMS 0x000000070a800000, 0x000000070a800000| Untracked 
|  46|0x000000070aa00000, 0x000000070aa00000, 0x000000070ac00000|  0%| F|  |TAMS 0x000000070aa00000, 0x000000070aa00000| Untracked 
|  47|0x000000070ac00000, 0x000000070ac00000, 0x000000070ae00000|  0%| F|  |TAMS 0x000000070ac00000, 0x000000070ac00000| Untracked 
|  48|0x000000070ae00000, 0x000000070ae00000, 0x000000070b000000|  0%| F|  |TAMS 0x000000070ae00000, 0x000000070ae00000| Untracked 
|  49|0x000000070b000000, 0x000000070b000000, 0x000000070b200000|  0%| F|  |TAMS 0x000000070b000000, 0x000000070b000000| Untracked 
|  50|0x000000070b200000, 0x000000070b400000, 0x000000070b400000|100%| S|CS|TAMS 0x000000070b200000, 0x000000070b200000| Complete 
|  51|0x000000070b400000, 0x000000070b400000, 0x000000070b600000|  0%| F|  |TAMS 0x000000070b400000, 0x000000070b400000| Untracked 
|  52|0x000000070b600000, 0x000000070b600000, 0x000000070b800000|  0%| F|  |TAMS 0x000000070b600000, 0x000000070b600000| Untracked 
|  53|0x000000070b800000, 0x000000070b800000, 0x000000070ba00000|  0%| F|  |TAMS 0x000000070b800000, 0x000000070b800000| Untracked 
|  54|0x000000070ba00000, 0x000000070ba00000, 0x000000070bc00000|  0%| F|  |TAMS 0x000000070ba00000, 0x000000070ba00000| Untracked 
|  55|0x000000070bc00000, 0x000000070bc00000, 0x000000070be00000|  0%| F|  |TAMS 0x000000070bc00000, 0x000000070bc00000| Untracked 
|  56|0x000000070be00000, 0x000000070be00000, 0x000000070c000000|  0%| F|  |TAMS 0x000000070be00000, 0x000000070be00000| Untracked 
|  57|0x000000070c000000, 0x000000070c000000, 0x000000070c200000|  0%| F|  |TAMS 0x000000070c000000, 0x000000070c000000| Untracked 
|  58|0x000000070c200000, 0x000000070c200000, 0x000000070c400000|  0%| F|  |TAMS 0x000000070c200000, 0x000000070c200000| Untracked 
|  59|0x000000070c400000, 0x000000070c400000, 0x000000070c600000|  0%| F|  |TAMS 0x000000070c400000, 0x000000070c400000| Untracked 
|  60|0x000000070c600000, 0x000000070c600000, 0x000000070c800000|  0%| F|  |TAMS 0x000000070c600000, 0x000000070c600000| Untracked 
|  61|0x000000070c800000, 0x000000070ca00000, 0x000000070ca00000|100%| S|CS|TAMS 0x000000070c800000, 0x000000070c800000| Complete 
|  62|0x000000070ca00000, 0x000000070cc00000, 0x000000070cc00000|100%| S|CS|TAMS 0x000000070ca00000, 0x000000070ca00000| Complete 
|  63|0x000000070cc00000, 0x000000070ce00000, 0x000000070ce00000|100%| S|CS|TAMS 0x000000070cc00000, 0x000000070cc00000| Complete 
|  64|0x000000070ce00000, 0x000000070d000000, 0x000000070d000000|100%| S|CS|TAMS 0x000000070ce00000, 0x000000070ce00000| Complete 
|  65|0x000000070d000000, 0x000000070d200000, 0x000000070d200000|100%| S|CS|TAMS 0x000000070d000000, 0x000000070d000000| Complete 
|  66|0x000000070d200000, 0x000000070d400000, 0x000000070d400000|100%| S|CS|TAMS 0x000000070d200000, 0x000000070d200000| Complete 
|  67|0x000000070d400000, 0x000000070d600000, 0x000000070d600000|100%| S|CS|TAMS 0x000000070d400000, 0x000000070d400000| Complete 
|  68|0x000000070d600000, 0x000000070d800000, 0x000000070d800000|100%| S|CS|TAMS 0x000000070d600000, 0x000000070d600000| Complete 
|  69|0x000000070d800000, 0x000000070d800000, 0x000000070da00000|  0%| F|  |TAMS 0x000000070d800000, 0x000000070d800000| Untracked 
|  70|0x000000070da00000, 0x000000070da00000, 0x000000070dc00000|  0%| F|  |TAMS 0x000000070da00000, 0x000000070da00000| Untracked 
|  71|0x000000070dc00000, 0x000000070dc00000, 0x000000070de00000|  0%| F|  |TAMS 0x000000070dc00000, 0x000000070dc00000| Untracked 
|  72|0x000000070de00000, 0x000000070de00000, 0x000000070e000000|  0%| F|  |TAMS 0x000000070de00000, 0x000000070de00000| Untracked 
|  73|0x000000070e000000, 0x000000070e000000, 0x000000070e200000|  0%| F|  |TAMS 0x000000070e000000, 0x000000070e000000| Untracked 
|  74|0x000000070e200000, 0x000000070e200000, 0x000000070e400000|  0%| F|  |TAMS 0x000000070e200000, 0x000000070e200000| Untracked 
|  75|0x000000070e400000, 0x000000070e600000, 0x000000070e600000|100%| E|  |TAMS 0x000000070e400000, 0x000000070e400000| Complete 
|  76|0x000000070e600000, 0x000000070e800000, 0x000000070e800000|100%| E|CS|TAMS 0x000000070e600000, 0x000000070e600000| Complete 
|  77|0x000000070e800000, 0x000000070ea00000, 0x000000070ea00000|100%| E|CS|TAMS 0x000000070e800000, 0x000000070e800000| Complete 
|  78|0x000000070ea00000, 0x000000070ec00000, 0x000000070ec00000|100%| E|CS|TAMS 0x000000070ea00000, 0x000000070ea00000| Complete 
|  79|0x000000070ec00000, 0x000000070ee00000, 0x000000070ee00000|100%| E|CS|TAMS 0x000000070ec00000, 0x000000070ec00000| Complete 
|  80|0x000000070ee00000, 0x000000070f000000, 0x000000070f000000|100%| E|CS|TAMS 0x000000070ee00000, 0x000000070ee00000| Complete 
|  81|0x000000070f000000, 0x000000070f200000, 0x000000070f200000|100%| E|CS|TAMS 0x000000070f000000, 0x000000070f000000| Complete 
|  82|0x000000070f200000, 0x000000070f400000, 0x000000070f400000|100%| E|CS|TAMS 0x000000070f200000, 0x000000070f200000| Complete 
|  83|0x000000070f400000, 0x000000070f600000, 0x000000070f600000|100%| E|CS|TAMS 0x000000070f400000, 0x000000070f400000| Complete 
|  84|0x000000070f600000, 0x000000070f800000, 0x000000070f800000|100%| E|CS|TAMS 0x000000070f600000, 0x000000070f600000| Complete 
|  85|0x000000070f800000, 0x000000070fa00000, 0x000000070fa00000|100%| E|CS|TAMS 0x000000070f800000, 0x000000070f800000| Complete 
|  86|0x000000070fa00000, 0x000000070fc00000, 0x000000070fc00000|100%| E|CS|TAMS 0x000000070fa00000, 0x000000070fa00000| Complete 
|  87|0x000000070fc00000, 0x000000070fe00000, 0x000000070fe00000|100%| E|CS|TAMS 0x000000070fc00000, 0x000000070fc00000| Complete 
|  88|0x000000070fe00000, 0x0000000710000000, 0x0000000710000000|100%| E|CS|TAMS 0x000000070fe00000, 0x000000070fe00000| Complete 
|  89|0x0000000710000000, 0x0000000710200000, 0x0000000710200000|100%| E|CS|TAMS 0x0000000710000000, 0x0000000710000000| Complete 
|  90|0x0000000710200000, 0x0000000710400000, 0x0000000710400000|100%| E|CS|TAMS 0x0000000710200000, 0x0000000710200000| Complete 
|  91|0x0000000710400000, 0x0000000710600000, 0x0000000710600000|100%| E|CS|TAMS 0x0000000710400000, 0x0000000710400000| Complete 
|  92|0x0000000710600000, 0x0000000710800000, 0x0000000710800000|100%| E|CS|TAMS 0x0000000710600000, 0x0000000710600000| Complete 
|  93|0x0000000710800000, 0x0000000710a00000, 0x0000000710a00000|100%| E|CS|TAMS 0x0000000710800000, 0x0000000710800000| Complete 
|  94|0x0000000710a00000, 0x0000000710c00000, 0x0000000710c00000|100%| E|CS|TAMS 0x0000000710a00000, 0x0000000710a00000| Complete 
|  95|0x0000000710c00000, 0x0000000710e00000, 0x0000000710e00000|100%| E|CS|TAMS 0x0000000710c00000, 0x0000000710c00000| Complete 
|  96|0x0000000710e00000, 0x0000000711000000, 0x0000000711000000|100%| E|CS|TAMS 0x0000000710e00000, 0x0000000710e00000| Complete 
|  97|0x0000000711000000, 0x0000000711200000, 0x0000000711200000|100%| E|CS|TAMS 0x0000000711000000, 0x0000000711000000| Complete 
|  98|0x0000000711200000, 0x0000000711400000, 0x0000000711400000|100%| E|CS|TAMS 0x0000000711200000, 0x0000000711200000| Complete 
|  99|0x0000000711400000, 0x0000000711600000, 0x0000000711600000|100%| E|CS|TAMS 0x0000000711400000, 0x0000000711400000| Complete 
| 100|0x0000000711600000, 0x0000000711800000, 0x0000000711800000|100%| E|CS|TAMS 0x0000000711600000, 0x0000000711600000| Complete 
| 101|0x0000000711800000, 0x0000000711a00000, 0x0000000711a00000|100%| E|CS|TAMS 0x0000000711800000, 0x0000000711800000| Complete 
| 102|0x0000000711a00000, 0x0000000711c00000, 0x0000000711c00000|100%| E|CS|TAMS 0x0000000711a00000, 0x0000000711a00000| Complete 
| 103|0x0000000711c00000, 0x0000000711e00000, 0x0000000711e00000|100%| E|CS|TAMS 0x0000000711c00000, 0x0000000711c00000| Complete 
| 104|0x0000000711e00000, 0x0000000712000000, 0x0000000712000000|100%| E|CS|TAMS 0x0000000711e00000, 0x0000000711e00000| Complete 
| 105|0x0000000712000000, 0x0000000712200000, 0x0000000712200000|100%| E|CS|TAMS 0x0000000712000000, 0x0000000712000000| Complete 
| 106|0x0000000712200000, 0x0000000712400000, 0x0000000712400000|100%| E|CS|TAMS 0x0000000712200000, 0x0000000712200000| Complete 
| 107|0x0000000712400000, 0x0000000712600000, 0x0000000712600000|100%| E|CS|TAMS 0x0000000712400000, 0x0000000712400000| Complete 
| 108|0x0000000712600000, 0x0000000712800000, 0x0000000712800000|100%| E|CS|TAMS 0x0000000712600000, 0x0000000712600000| Complete 
| 109|0x0000000712800000, 0x0000000712a00000, 0x0000000712a00000|100%| E|CS|TAMS 0x0000000712800000, 0x0000000712800000| Complete 
| 110|0x0000000712a00000, 0x0000000712c00000, 0x0000000712c00000|100%| E|CS|TAMS 0x0000000712a00000, 0x0000000712a00000| Complete 
| 111|0x0000000712c00000, 0x0000000712e00000, 0x0000000712e00000|100%| E|CS|TAMS 0x0000000712c00000, 0x0000000712c00000| Complete 
| 112|0x0000000712e00000, 0x0000000713000000, 0x0000000713000000|100%| E|CS|TAMS 0x0000000712e00000, 0x0000000712e00000| Complete 
| 113|0x0000000713000000, 0x0000000713200000, 0x0000000713200000|100%| E|CS|TAMS 0x0000000713000000, 0x0000000713000000| Complete 
| 114|0x0000000713200000, 0x0000000713400000, 0x0000000713400000|100%| E|CS|TAMS 0x0000000713200000, 0x0000000713200000| Complete 
| 115|0x0000000713400000, 0x0000000713600000, 0x0000000713600000|100%| E|CS|TAMS 0x0000000713400000, 0x0000000713400000| Complete 
| 116|0x0000000713600000, 0x0000000713800000, 0x0000000713800000|100%| E|CS|TAMS 0x0000000713600000, 0x0000000713600000| Complete 
| 117|0x0000000713800000, 0x0000000713a00000, 0x0000000713a00000|100%| E|CS|TAMS 0x0000000713800000, 0x0000000713800000| Complete 
| 118|0x0000000713a00000, 0x0000000713c00000, 0x0000000713c00000|100%| E|CS|TAMS 0x0000000713a00000, 0x0000000713a00000| Complete 
| 119|0x0000000713c00000, 0x0000000713e00000, 0x0000000713e00000|100%| E|CS|TAMS 0x0000000713c00000, 0x0000000713c00000| Complete 
| 120|0x0000000713e00000, 0x0000000714000000, 0x0000000714000000|100%| E|CS|TAMS 0x0000000713e00000, 0x0000000713e00000| Complete 
| 121|0x0000000714000000, 0x0000000714200000, 0x0000000714200000|100%| E|CS|TAMS 0x0000000714000000, 0x0000000714000000| Complete 
| 122|0x0000000714200000, 0x0000000714400000, 0x0000000714400000|100%| E|CS|TAMS 0x0000000714200000, 0x0000000714200000| Complete 
| 123|0x0000000714400000, 0x0000000714600000, 0x0000000714600000|100%| E|CS|TAMS 0x0000000714400000, 0x0000000714400000| Complete 
| 124|0x0000000714600000, 0x0000000714800000, 0x0000000714800000|100%| E|CS|TAMS 0x0000000714600000, 0x0000000714600000| Complete 
| 125|0x0000000714800000, 0x0000000714a00000, 0x0000000714a00000|100%| E|CS|TAMS 0x0000000714800000, 0x0000000714800000| Complete 

Card table byte_map: [0x0000022456c70000,0x0000022457450000] _byte_map_base: 0x0000022453449000

Marking Bits (Prev, Next): (CMBitMap*) 0x000002243f958ae0, (CMBitMap*) 0x000002243f958b20
 Prev Bits: [0x0000022457c30000, 0x000002245baf8000)
 Next Bits: [0x000002245bb00000, 0x000002245f9c8000)

Polling page: 0x000002243f0b0000

Metaspace:

Usage:
  Non-class:     16.47 MB used.
      Class:      1.98 MB used.
       Both:     18.45 MB used.

Virtual space:
  Non-class space:       24.00 MB reserved,      16.62 MB ( 69%) committed,  3 nodes.
      Class space:        1.00 GB reserved,       2.12 MB ( <1%) committed,  1 nodes.
             Both:        1.02 GB reserved,      18.75 MB (  2%) committed. 

Chunk freelists:
   Non-Class:  3.27 MB
       Class:  1.72 MB
        Both:  4.98 MB

MaxMetaspaceSize: unlimited
CompressedClassSpaceSize: 1.00 GB
Initial GC threshold: 21.00 MB
Current GC threshold: 21.00 MB
CDS: on
MetaspaceReclaimPolicy: balanced
 - commit_granule_bytes: 65536.
 - commit_granule_words: 8192.
 - virtual_space_node_default_size: 1048576.
 - enlarge_chunks_in_place: 1.
 - new_chunks_are_fully_committed: 0.
 - uncommit_free_chunks: 1.
 - use_allocation_guard: 0.
 - handle_deallocations: 1.


Internal statistics:

num_allocs_failed_limit: 0.
num_arena_births: 164.
num_arena_deaths: 0.
num_vsnodes_births: 4.
num_vsnodes_deaths: 0.
num_space_committed: 300.
num_space_uncommitted: 0.
num_chunks_returned_to_freelist: 0.
num_chunks_taken_from_freelist: 827.
num_chunk_merges: 0.
num_chunk_splits: 582.
num_chunks_enlarged: 452.
num_purges: 0.
num_inconsistent_stats: 0.

CodeHeap 'non-profiled nmethods': size=120000Kb used=4134Kb max_used=4134Kb free=115866Kb
 bounds [0x000002244ec30000, 0x000002244f040000, 0x0000022456160000]
CodeHeap 'profiled nmethods': size=120000Kb used=9961Kb max_used=9961Kb free=110038Kb
 bounds [0x0000022447160000, 0x0000022447b20000, 0x000002244e690000]
CodeHeap 'non-nmethods': size=5760Kb used=1204Kb max_used=1254Kb free=4555Kb
 bounds [0x000002244e690000, 0x000002244e900000, 0x000002244ec30000]
 total_blobs=5285 nmethods=4798 adapters=399
 compilation: enabled
              stopped_count=0, restarted_count=0
 full_count=0

Compilation events (20 events):
Event: 10.036 Thread 0x000002246241e200 5480       3       java.nio.file.FileTreeWalker$Event::<init> (9 bytes)
Event: 10.036 Thread 0x000002246241e200 nmethod 5480 0x0000022447b15690 code [0x0000022447b15840, 0x0000022447b15b78]
Event: 10.036 Thread 0x000002246241e200 5481       3       java.nio.file.FileTreeIterator::next (5 bytes)
Event: 10.036 Thread 0x000002246241e200 nmethod 5481 0x0000022447b15c90 code [0x0000022447b15e20, 0x0000022447b15f68]
Event: 10.036 Thread 0x000002246241e200 5482       3       java.nio.file.FileTreeIterator::next (49 bytes)
Event: 10.037 Thread 0x000002246241e200 nmethod 5482 0x0000022447b16010 code [0x0000022447b16200, 0x0000022447b16668]
Event: 10.037 Thread 0x000002246241e200 5478   !   3       jdk.nio.zipfs.ZipFileSystem::getFileAttributes (169 bytes)
Event: 10.039 Thread 0x000002246241e200 nmethod 5478 0x0000022447b16810 code [0x0000022447b16c20, 0x0000022447b18f28]
Event: 10.039 Thread 0x000002246241e200 5483       3       java.nio.file.Files$$Lambda$67/0x0000000800e443a8::apply (8 bytes)
Event: 10.039 Thread 0x000002246241e200 nmethod 5483 0x0000022447b19c10 code [0x0000022447b19dc0, 0x0000022447b1a038]
Event: 10.039 Thread 0x000002246241e200 5484       3       java.nio.file.Files::lambda$walk$1 (5 bytes)
Event: 10.039 Thread 0x000002246241e200 nmethod 5484 0x0000022447b1a110 code [0x0000022447b1a2a0, 0x0000022447b1a3b8]
Event: 10.039 Thread 0x000002246241e200 5485       3       java.util.stream.ForEachOps$ForEachOp$OfRef::accept (11 bytes)
Event: 10.039 Thread 0x000002246241e200 nmethod 5485 0x0000022447b1a490 code [0x0000022447b1a640, 0x0000022447b1a828]
Event: 10.039 Thread 0x000002246241e200 5487       3       io.quarkus.paths.PathTreeWithManifest$MultiReleaseMappingReader$1$$Lambda$68/0x0000000800e04f08::accept (20 bytes)
Event: 10.039 Thread 0x000002246241e200 nmethod 5487 0x0000022447b1a910 code [0x0000022447b1aac0, 0x0000022447b1ad28]
Event: 10.039 Thread 0x000002246241e200 5488       3       io.quarkus.paths.PathTreeWithManifest$MultiReleaseMappingReader$1::lambda$accept$0 (44 bytes)
Event: 10.040 Thread 0x000002246241e200 nmethod 5488 0x0000022447b1ae10 code [0x0000022447b1b000, 0x0000022447b1b608]
Event: 10.040 Thread 0x000002246241e200 5472       1       jdk.nio.zipfs.ZipFileSystem$Entry::fileKey (2 bytes)
Event: 10.040 Thread 0x000002246241e200 nmethod 5472 0x000002244f039510 code [0x000002244f0396a0, 0x000002244f039778]

GC Heap History (10 events):
Event: 0.569 GC heap before
{Heap before GC invocations=0 (full 0):
 garbage-first heap   total 258048K, used 22528K [0x0000000704e00000, 0x0000000800000000)
  region size 2048K, 11 young (22528K), 0 survivors (0K)
 Metaspace       used 4754K, committed 4928K, reserved 1056768K
  class space    used 560K, committed 640K, reserved 1048576K
}
Event: 0.573 GC heap after
{Heap after GC invocations=1 (full 0):
 garbage-first heap   total 258048K, used 3634K [0x0000000704e00000, 0x0000000800000000)
  region size 2048K, 2 young (4096K), 2 survivors (4096K)
 Metaspace       used 4754K, committed 4928K, reserved 1056768K
  class space    used 560K, committed 640K, reserved 1048576K
}
Event: 1.239 GC heap before
{Heap before GC invocations=1 (full 0):
 garbage-first heap   total 258048K, used 34354K [0x0000000704e00000, 0x0000000800000000)
  region size 2048K, 17 young (34816K), 2 survivors (4096K)
 Metaspace       used 10440K, committed 10560K, reserved 1064960K
  class space    used 1271K, committed 1344K, reserved 1048576K
}
Event: 1.244 GC heap after
{Heap after GC invocations=2 (full 0):
 garbage-first heap   total 258048K, used 5919K [0x0000000704e00000, 0x0000000800000000)
  region size 2048K, 2 young (4096K), 2 survivors (4096K)
 Metaspace       used 10440K, committed 10560K, reserved 1064960K
  class space    used 1271K, committed 1344K, reserved 1048576K
}
Event: 3.952 GC heap before
{Heap before GC invocations=2 (full 0):
 garbage-first heap   total 258048K, used 155423K [0x0000000704e00000, 0x0000000800000000)
  region size 2048K, 75 young (153600K), 2 survivors (4096K)
 Metaspace       used 14512K, committed 14656K, reserved 1064960K
  class space    used 1597K, committed 1664K, reserved 1048576K
}
Event: 3.969 GC heap after
{Heap after GC invocations=3 (full 0):
 garbage-first heap   total 258048K, used 22475K [0x0000000704e00000, 0x0000000800000000)
  region size 2048K, 10 young (20480K), 10 survivors (20480K)
 Metaspace       used 14512K, committed 14656K, reserved 1064960K
  class space    used 1597K, committed 1664K, reserved 1048576K
}
Event: 5.268 GC heap before
{Heap before GC invocations=3 (full 0):
 garbage-first heap   total 258048K, used 155595K [0x0000000704e00000, 0x0000000800000000)
  region size 2048K, 75 young (153600K), 10 survivors (20480K)
 Metaspace       used 14792K, committed 15040K, reserved 1064960K
  class space    used 1600K, committed 1728K, reserved 1048576K
}
Event: 5.295 GC heap after
{Heap after GC invocations=4 (full 0):
 garbage-first heap   total 258048K, used 45150K [0x0000000704e00000, 0x0000000800000000)
  region size 2048K, 10 young (20480K), 10 survivors (20480K)
 Metaspace       used 14792K, committed 15040K, reserved 1064960K
  class space    used 1600K, committed 1728K, reserved 1048576K
}
Event: 7.270 GC heap before
{Heap before GC invocations=4 (full 0):
 garbage-first heap   total 258048K, used 161886K [0x0000000704e00000, 0x0000000800000000)
  region size 2048K, 67 young (137216K), 10 survivors (20480K)
 Metaspace       used 15341K, committed 15616K, reserved 1064960K
  class space    used 1661K, committed 1792K, reserved 1048576K
}
Event: 7.292 GC heap after
{Heap after GC invocations=5 (full 0):
 garbage-first heap   total 258048K, used 64967K [0x0000000704e00000, 0x0000000800000000)
  region size 2048K, 9 young (18432K), 9 survivors (18432K)
 Metaspace       used 15341K, committed 15616K, reserved 1064960K
  class space    used 1661K, committed 1792K, reserved 1048576K
}

Deoptimization events (20 events):
Event: 9.207 Thread 0x000002243f8e9770 Uncommon trap: trap_request=0xffffff45 fr.pc=0x000002244ed53758 relative=0x0000000000002198
Event: 9.207 Thread 0x000002243f8e9770 Uncommon trap: reason=unstable_if action=reinterpret pc=0x000002244ed53758 method=java.lang.String.<init>([BIILjava/nio/charset/Charset;)V @ 18 c2
Event: 9.207 Thread 0x000002243f8e9770 DEOPT PACKING pc=0x000002244ed53758 sp=0x00000043a62fc4e0
Event: 9.207 Thread 0x000002243f8e9770 DEOPT UNPACKING pc=0x000002244e6e5ba3 sp=0x00000043a62fc4c0 mode 2
Event: 9.249 Thread 0x000002243f8e9770 Uncommon trap: trap_request=0xffffff45 fr.pc=0x000002244f011f84 relative=0x0000000000001064
Event: 9.249 Thread 0x000002243f8e9770 Uncommon trap: reason=unstable_if action=reinterpret pc=0x000002244f011f84 method=jdk.nio.zipfs.ZipFileSystem.makeParentDirs(Ljdk/nio/zipfs/ZipFileSystem$IndexNode;Ljdk/nio/zipfs/ZipFileSystem$IndexNode;)V @ 62 c2
Event: 9.249 Thread 0x000002243f8e9770 DEOPT PACKING pc=0x000002244f011f84 sp=0x00000043a62fcde0
Event: 9.249 Thread 0x000002243f8e9770 DEOPT UNPACKING pc=0x000002244e6e5ba3 sp=0x00000043a62fcdc8 mode 2
Event: 9.547 Thread 0x000002243f8e9770 DEOPT PACKING pc=0x000002244720e454 sp=0x00000043a62fcf10
Event: 9.547 Thread 0x000002243f8e9770 DEOPT UNPACKING pc=0x000002244e6e66e3 sp=0x00000043a62fc490 mode 0
Event: 9.894 Thread 0x000002243f8e9770 Uncommon trap: trap_request=0xffffffcc fr.pc=0x000002244f02f80c relative=0x000000000000026c
Event: 9.894 Thread 0x000002243f8e9770 Uncommon trap: reason=intrinsic_or_type_checked_inlining action=make_not_entrant pc=0x000002244f02f80c method=java.util.ArrayList.toArray([Ljava/lang/Object;)[Ljava/lang/Object; @ 36 c2
Event: 9.894 Thread 0x000002243f8e9770 DEOPT PACKING pc=0x000002244f02f80c sp=0x00000043a62fc0e0
Event: 9.894 Thread 0x000002243f8e9770 DEOPT UNPACKING pc=0x000002244e6e5ba3 sp=0x00000043a62fc0c0 mode 2
Event: 9.969 Thread 0x000002243f8e9770 DEOPT PACKING pc=0x00000224472fe658 sp=0x00000043a62fcb70
Event: 9.969 Thread 0x000002243f8e9770 DEOPT UNPACKING pc=0x000002244e6e66e3 sp=0x00000043a62fc078 mode 0
Event: 9.990 Thread 0x000002243f8e9770 DEOPT PACKING pc=0x000002244720e454 sp=0x00000043a62fcf10
Event: 9.990 Thread 0x000002243f8e9770 DEOPT UNPACKING pc=0x000002244e6e66e3 sp=0x00000043a62fc490 mode 0
Event: 10.012 Thread 0x000002243f8e9770 DEOPT PACKING pc=0x00000224472fe658 sp=0x00000043a62fcc50
Event: 10.012 Thread 0x000002243f8e9770 DEOPT UNPACKING pc=0x000002244e6e66e3 sp=0x00000043a62fc158 mode 0

Classes unloaded (0 events):
No events

Classes redefined (0 events):
No events

Internal exceptions (20 events):
Event: 6.343 Thread 0x000002243f8e9770 Implicit null exception at 0x000002244ee4b8f7 to 0x000002244ee4f8a0
Event: 6.343 Thread 0x000002243f8e9770 Implicit null exception at 0x000002244ee2f52c to 0x000002244ee2f574
Event: 6.391 Thread 0x000002243f8e9770 Implicit null exception at 0x000002244ecc7fed to 0x000002244ecc81c8
Event: 6.392 Thread 0x000002243f8e9770 Implicit null exception at 0x000002244ecb3c0f to 0x000002244ecb3c89
Event: 6.565 Thread 0x000002243f8e9770 Implicit null exception at 0x000002244eddafc3 to 0x000002244eddbae8
Event: 7.518 Thread 0x000002243f8e9770 Exception <a 'java/lang/NoSuchMethodError'{0x0000000713967b48}: 'int java.lang.invoke.DirectMethodHandle$Holder.invokeStatic(java.lang.Object, java.lang.Object, int)'> (0x0000000713967b48) 
thrown [s\open\src\hotspot\share\interpreter\linkResolver.cpp, line 759]
Event: 8.718 Thread 0x000002243f8e9770 Exception <a 'java/lang/NoSuchMethodError'{0x0000000712079cf0}: 'void java.lang.invoke.DirectMethodHandle$Holder.invokeSpecial(java.lang.Object, java.lang.Object, java.lang.Object)'> (0x0000000712079cf0) 
thrown [s\open\src\hotspot\share\interpreter\linkResolver.cpp, line 759]
Event: 8.743 Thread 0x000002243f8e9770 Exception <a 'java/lang/NoSuchMethodError'{0x00000007121f8780}: 'java.lang.Object java.lang.invoke.DirectMethodHandle$Holder.invokeInterface(java.lang.Object, java.lang.Object, java.lang.Object)'> (0x00000007121f8780) 
thrown [s\open\src\hotspot\share\interpreter\linkResolver.cpp, line 759]
Event: 8.846 Thread 0x000002243f8e9770 Exception <a 'java/lang/NoSuchMethodError'{0x0000000711f81270}: 'java.lang.Object java.lang.invoke.DirectMethodHandle$Holder.invokeStaticInit(java.lang.Object, java.lang.Object, int, int, int, int)'> (0x0000000711f81270) 
thrown [s\open\src\hotspot\share\interpreter\linkResolver.cpp, line 759]
Event: 8.849 Thread 0x000002243f8e9770 Exception <a 'sun/nio/fs/WindowsException'{0x0000000711f88d38}> (0x0000000711f88d38) 
thrown [s\open\src\hotspot\share\prims\jni.cpp, line 516]
Event: 8.850 Thread 0x000002243f8e9770 Exception <a 'sun/nio/fs/WindowsException'{0x0000000711f88f78}> (0x0000000711f88f78) 
thrown [s\open\src\hotspot\share\prims\jni.cpp, line 516]
Event: 8.870 Thread 0x000002243f8e9770 Exception <a 'sun/nio/fs/WindowsException'{0x0000000711c3ac28}> (0x0000000711c3ac28) 
thrown [s\open\src\hotspot\share\prims\jni.cpp, line 516]
Event: 8.870 Thread 0x000002243f8e9770 Exception <a 'sun/nio/fs/WindowsException'{0x0000000711c3b0e8}> (0x0000000711c3b0e8) 
thrown [s\open\src\hotspot\share\prims\jni.cpp, line 516]
Event: 8.882 Thread 0x000002243f8e9770 Implicit null exception at 0x000002244eebfdfb to 0x000002244eebff47
Event: 8.932 Thread 0x000002243f8e9770 Implicit null exception at 0x000002244ef6bcb5 to 0x000002244ef6f5c8
Event: 9.029 Thread 0x000002243f8e9770 Exception <a 'java/lang/NoSuchMethodError'{0x00000007113f0558}: 'java.lang.Object java.lang.invoke.DirectMethodHandle$Holder.invokeStaticInit(java.lang.Object)'> (0x00000007113f0558) 
thrown [s\open\src\hotspot\share\interpreter\linkResolver.cpp, line 759]
Event: 9.199 Thread 0x000002243f8e9770 Exception <a 'java/lang/NoSuchMethodError'{0x0000000710ad2150}: 'void java.lang.invoke.DirectMethodHandle$Holder.invokeStatic(java.lang.Object, java.lang.Object)'> (0x0000000710ad2150) 
thrown [s\open\src\hotspot\share\interpreter\linkResolver.cpp, line 759]
Event: 9.200 Thread 0x000002243f8e9770 Exception <a 'java/lang/NoSuchMethodError'{0x0000000710ad8478}: 'void java.lang.invoke.DirectMethodHandle$Holder.invokeSpecial(java.lang.Object, java.lang.Object, java.lang.Object, java.lang.Object, java.lang.Object)'> (0x0000000710ad8478) 
thrown [s\open\src\hotspot\share\interpreter\linkResolver.cpp, line 759]
Event: 9.204 Thread 0x000002243f8e9770 Exception <a 'java/lang/NoSuchMethodError'{0x0000000710ae87d8}: 'void java.lang.invoke.DirectMethodHandle$Holder.invokeVirtual(java.lang.Object, java.lang.Object)'> (0x0000000710ae87d8) 
thrown [s\open\src\hotspot\share\interpreter\linkResolver.cpp, line 759]
Event: 9.249 Thread 0x000002243f8e9770 Implicit null exception at 0x000002244f01128b to 0x000002244f011f54

VM Operations (20 events):
Event: 8.306 Executing VM operation: Cleanup
Event: 8.306 Executing VM operation: Cleanup done
Event: 8.725 Executing VM operation: HandshakeAllThreads
Event: 8.725 Executing VM operation: HandshakeAllThreads done
Event: 8.784 Executing VM operation: HandshakeAllThreads
Event: 8.784 Executing VM operation: HandshakeAllThreads done
Event: 8.835 Executing VM operation: HandshakeAllThreads
Event: 8.835 Executing VM operation: HandshakeAllThreads done
Event: 8.850 Executing VM operation: HandshakeAllThreads
Event: 8.850 Executing VM operation: HandshakeAllThreads done
Event: 9.013 Executing VM operation: HandshakeAllThreads
Event: 9.013 Executing VM operation: HandshakeAllThreads done
Event: 9.024 Executing VM operation: HandshakeAllThreads
Event: 9.024 Executing VM operation: HandshakeAllThreads done
Event: 9.906 Executing VM operation: HandshakeAllThreads
Event: 9.906 Executing VM operation: HandshakeAllThreads done
Event: 9.906 Executing VM operation: Cleanup
Event: 9.906 Executing VM operation: Cleanup done
Event: 9.908 Executing VM operation: HandshakeAllThreads
Event: 9.908 Executing VM operation: HandshakeAllThreads done

Events (20 events):
Event: 9.061 loading class sun/nio/fs/WindowsLinkSupport done
Event: 9.198 loading class java/nio/file/ClosedDirectoryStreamException
Event: 9.198 loading class java/nio/file/ClosedDirectoryStreamException done
Event: 9.198 loading class java/nio/file/DirectoryIteratorException
Event: 9.198 loading class java/nio/file/DirectoryIteratorException done
Event: 9.198 loading class java/nio/file/Files$2
Event: 9.198 loading class java/nio/file/Files$2 done
Event: 9.202 loading class java/nio/file/FileTreeIterator
Event: 9.202 loading class java/nio/file/FileTreeIterator done
Event: 9.202 loading class java/nio/file/FileTreeWalker
Event: 9.202 loading class java/nio/file/FileTreeWalker done
Event: 9.203 loading class java/nio/file/FileTreeWalker$DirectoryNode
Event: 9.203 loading class java/nio/file/FileTreeWalker$DirectoryNode done
Event: 9.203 loading class java/nio/file/FileTreeWalker$Event
Event: 9.203 loading class java/nio/file/FileTreeWalker$Event done
Event: 9.203 loading class java/nio/file/FileTreeWalker$EventType
Event: 9.203 loading class java/nio/file/FileTreeWalker$EventType done
Event: 9.350 Thread 0x0000022465bfb360 Thread exited: 0x0000022465bfb360
Event: 9.611 loading class java/util/concurrent/locks/AbstractQueuedSynchronizer$Node
Event: 9.611 loading class java/util/concurrent/locks/AbstractQueuedSynchronizer$Node done


Dynamic libraries:
0x00007ff6ffb30000 - 0x00007ff6ffb40000 	C:\Program Files\Java\jdk-17\bin\java.exe
0x00007ffc6e7f0000 - 0x00007ffc6ea07000 	C:\WINDOWS\SYSTEM32\ntdll.dll
0x00007ffc6d370000 - 0x00007ffc6d434000 	C:\WINDOWS\System32\KERNEL32.DLL
0x00007ffc6bd10000 - 0x00007ffc6c0b6000 	C:\WINDOWS\System32\KERNELBASE.dll
0x00007ffc6c180000 - 0x00007ffc6c291000 	C:\WINDOWS\System32\ucrtbase.dll
0x00007ffc46750000 - 0x00007ffc46768000 	C:\Program Files\Java\jdk-17\bin\jli.dll
0x00007ffc2bf80000 - 0x00007ffc2bf9b000 	C:\Program Files\Java\jdk-17\bin\VCRUNTIME140.dll
0x00007ffc6c540000 - 0x00007ffc6c5f3000 	C:\WINDOWS\System32\ADVAPI32.dll
0x00007ffc6d4b0000 - 0x00007ffc6d557000 	C:\WINDOWS\System32\msvcrt.dll
0x00007ffc6cf20000 - 0x00007ffc6cfc8000 	C:\WINDOWS\System32\sechost.dll
0x00007ffc6c2a0000 - 0x00007ffc6c2c8000 	C:\WINDOWS\System32\bcrypt.dll
0x00007ffc6d190000 - 0x00007ffc6d2a7000 	C:\WINDOWS\System32\RPCRT4.dll
0x00007ffc6cbd0000 - 0x00007ffc6cd7e000 	C:\WINDOWS\System32\USER32.dll
0x00007ffc4d670000 - 0x00007ffc4d903000 	C:\WINDOWS\WinSxS\amd64_microsoft.windows.common-controls_6595b64144ccf1df_6.0.22621.2506_none_270c5ae97388e100\COMCTL32.dll
0x00007ffc6c510000 - 0x00007ffc6c536000 	C:\WINDOWS\System32\win32u.dll
0x00007ffc6cb90000 - 0x00007ffc6cbb9000 	C:\WINDOWS\System32\GDI32.dll
0x00007ffc6c370000 - 0x00007ffc6c488000 	C:\WINDOWS\System32\gdi32full.dll
0x00007ffc6c2d0000 - 0x00007ffc6c36a000 	C:\WINDOWS\System32\msvcp_win.dll
0x00007ffc5cc80000 - 0x00007ffc5cc8a000 	C:\WINDOWS\SYSTEM32\VERSION.dll
0x00007ffc6d330000 - 0x00007ffc6d361000 	C:\WINDOWS\System32\IMM32.DLL
0x00007ffc680d0000 - 0x00007ffc680dc000 	C:\Program Files\Java\jdk-17\bin\vcruntime140_1.dll
0x00007ffc1db80000 - 0x00007ffc1dc0e000 	C:\Program Files\Java\jdk-17\bin\msvcp140.dll
0x00007ffba5aa0000 - 0x00007ffba6677000 	C:\Program Files\Java\jdk-17\bin\server\jvm.dll
0x00007ffc6cbc0000 - 0x00007ffc6cbc8000 	C:\WINDOWS\System32\PSAPI.DLL
0x00007ffc5eef0000 - 0x00007ffc5ef24000 	C:\WINDOWS\SYSTEM32\WINMM.dll
0x00007ffc43940000 - 0x00007ffc43949000 	C:\WINDOWS\SYSTEM32\WSOCK32.dll
0x00007ffc6d2b0000 - 0x00007ffc6d321000 	C:\WINDOWS\System32\WS2_32.dll
0x00007ffc6ab20000 - 0x00007ffc6ab38000 	C:\WINDOWS\SYSTEM32\kernel.appcore.dll
0x00007ffc4cc40000 - 0x00007ffc4cc4a000 	C:\Program Files\Java\jdk-17\bin\jimage.dll
0x00007ffc695b0000 - 0x00007ffc697e3000 	C:\WINDOWS\SYSTEM32\DBGHELP.DLL
0x00007ffc6d560000 - 0x00007ffc6d8e9000 	C:\WINDOWS\System32\combase.dll
0x00007ffc6dcf0000 - 0x00007ffc6ddc7000 	C:\WINDOWS\System32\OLEAUT32.dll
0x00007ffc42290000 - 0x00007ffc422c2000 	C:\WINDOWS\SYSTEM32\dbgcore.DLL
0x00007ffc6c490000 - 0x00007ffc6c50a000 	C:\WINDOWS\System32\bcryptPrimitives.dll
0x00007ffc1db50000 - 0x00007ffc1db75000 	C:\Program Files\Java\jdk-17\bin\java.dll
0x00007ffc1c850000 - 0x00007ffc1c927000 	C:\Program Files\Java\jdk-17\bin\jsvml.dll
0x00007ffc6df20000 - 0x00007ffc6e77a000 	C:\WINDOWS\System32\SHELL32.dll
0x00007ffc69a30000 - 0x00007ffc6a326000 	C:\WINDOWS\SYSTEM32\windows.storage.dll
0x00007ffc698f0000 - 0x00007ffc69a2e000 	C:\WINDOWS\SYSTEM32\wintypes.dll
0x00007ffc6ca80000 - 0x00007ffc6cb73000 	C:\WINDOWS\System32\SHCORE.dll
0x00007ffc6d970000 - 0x00007ffc6d9ce000 	C:\WINDOWS\System32\shlwapi.dll
0x00007ffc6ba60000 - 0x00007ffc6ba86000 	C:\WINDOWS\SYSTEM32\profapi.dll
0x00007ffc1db30000 - 0x00007ffc1db49000 	C:\Program Files\Java\jdk-17\bin\net.dll
0x00007ffc61890000 - 0x00007ffc619c7000 	C:\WINDOWS\SYSTEM32\WINHTTP.dll
0x00007ffc6af90000 - 0x00007ffc6aff9000 	C:\WINDOWS\system32\mswsock.dll
0x00007ffc1db10000 - 0x00007ffc1db26000 	C:\Program Files\Java\jdk-17\bin\nio.dll
0x00007ffc1daf0000 - 0x00007ffc1db08000 	C:\Program Files\Java\jdk-17\bin\zip.dll
0x0000000069ac0000 - 0x0000000069ae4000 	D:\apache-maven-3.8.6\lib\jansi-native\Windows\x86_64\jansi.dll
0x00007ffc4cbc0000 - 0x00007ffc4cbd0000 	C:\Program Files\Java\jdk-17\bin\verify.dll
0x00007ffc6b2e0000 - 0x00007ffc6b2fb000 	C:\WINDOWS\SYSTEM32\CRYPTSP.dll
0x00007ffc6aa80000 - 0x00007ffc6aab5000 	C:\WINDOWS\system32\rsaenh.dll
0x00007ffc6b030000 - 0x00007ffc6b05c000 	C:\WINDOWS\SYSTEM32\USERENV.dll
0x00007ffc6b2c0000 - 0x00007ffc6b2cc000 	C:\WINDOWS\SYSTEM32\CRYPTBASE.dll
0x00007ffc6a590000 - 0x00007ffc6a5bd000 	C:\WINDOWS\SYSTEM32\IPHLPAPI.DLL
0x00007ffc6ce80000 - 0x00007ffc6ce89000 	C:\WINDOWS\System32\NSI.dll
0x00007ffc61870000 - 0x00007ffc61889000 	C:\WINDOWS\SYSTEM32\dhcpcsvc6.DLL
0x00007ffc61850000 - 0x00007ffc6186f000 	C:\WINDOWS\SYSTEM32\dhcpcsvc.DLL
0x00007ffc6a600000 - 0x00007ffc6a6f9000 	C:\WINDOWS\SYSTEM32\DNSAPI.dll

dbghelp: loaded successfully - version: 4.0.5 - missing functions: none
symbol engine: initialized successfully - sym options: 0x614 - pdb path: .;C:\Program Files\Java\jdk-17\bin;C:\WINDOWS\SYSTEM32;C:\WINDOWS\WinSxS\amd64_microsoft.windows.common-controls_6595b64144ccf1df_6.0.22621.2506_none_270c5ae97388e100;C:\Program Files\Java\jdk-17\bin\server;D:\apache-maven-3.8.6\lib\jansi-native\Windows\x86_64

VM Arguments:
jvm_args: -Dclassworlds.conf=D:\apache-maven-3.8.6\bin\m2.conf -Dmaven.home=D:\apache-maven-3.8.6 -Dlibrary.jansi.path=D:\apache-maven-3.8.6\lib\jansi-native -Dmaven.multiModuleProjectDirectory=D:\soum21Juin2022\MyProject\EcoleVie\mic-gestion-ecole-api 
java_command: org.codehaus.plexus.classworlds.launcher.Launcher clean quarkus:dev
java_class_path (initial): D:\apache-maven-3.8.6\boot\plexus-classworlds-2.6.0.jar
Launcher Type: SUN_STANDARD

[Global flags]
     intx CICompilerCount                          = 4                                         {product} {ergonomic}
     uint ConcGCThreads                            = 2                                         {product} {ergonomic}
     uint G1ConcRefinementThreads                  = 8                                         {product} {ergonomic}
   size_t G1HeapRegionSize                         = 2097152                                   {product} {ergonomic}
    uintx GCDrainStackTargetSize                   = 64                                        {product} {ergonomic}
   size_t InitialHeapSize                          = 264241152                                 {product} {ergonomic}
   size_t MarkStackSize                            = 4194304                                   {product} {ergonomic}
   size_t MaxHeapSize                              = 4213178368                                {product} {ergonomic}
   size_t MaxNewSize                               = 2527068160                                {product} {ergonomic}
   size_t MinHeapDeltaBytes                        = 2097152                                   {product} {ergonomic}
   size_t MinHeapSize                              = 8388608                                   {product} {ergonomic}
    uintx NonNMethodCodeHeapSize                   = 5839372                                {pd product} {ergonomic}
    uintx NonProfiledCodeHeapSize                  = 122909434                              {pd product} {ergonomic}
    uintx ProfiledCodeHeapSize                     = 122909434                              {pd product} {ergonomic}
    uintx ReservedCodeCacheSize                    = 251658240                              {pd product} {ergonomic}
     bool SegmentedCodeCache                       = true                                      {product} {ergonomic}
   size_t SoftMaxHeapSize                          = 4213178368                             {manageable} {ergonomic}
     bool UseCompressedClassPointers               = true                           {product lp64_product} {ergonomic}
     bool UseCompressedOops                        = true                           {product lp64_product} {ergonomic}
     bool UseG1GC                                  = true                                      {product} {ergonomic}
     bool UseLargePagesIndividualAllocation        = false                                  {pd product} {ergonomic}

Logging:
Log output configuration:
 #0: stdout all=warning uptime,level,tags
 #1: stderr all=off uptime,level,tags

Environment Variables:
JAVA_HOME=C:\Program Files\Java\jdk-17
PATH=C:\Program Files\Java\jdk-17\bin;C:\oraclexe\app\oracle\product\11.2.0\server\bin;C:\Program Files\Common Files\Oracle\Java\javapath;C:\Program Files (x86)\Common Files\Oracle\Java\javapath;C:\WINDOWS\system32;C:\WINDOWS;C:\WINDOWS\System32\Wbem;C:\WINDOWS\System32\WindowsPowerShell\v1.0\;C:\WINDOWS\System32\OpenSSH\;C:\Program Files\Docker\Docker\resources\bin;C:\ProgramData\DockerDesktop\version-bin;%M2_HOME%;%M2%;D:\apache-maven-3.8.6\bin;C:\Program Files\Git\cmd;C:\Users\HP\AppData\Roaming\npm;D:\wildfly-26.1.2.Final;C:\Program Files (x86)\Google\Cloud SDK\google-cloud-sdk\bin;C:\sigctl;C:\Users\HP\AppData\Roaming\nvm;C:\Program Files\nodejs;C:\Program Files (x86)\Odoo 10.0\PostgreSQL\bin;D:\XAMP\php;D:\ComposerSetup;C:\Users\HP\AppData\Local\Programs\Python\Python312\Scripts\;C:\Users\HP\AppData\Local\Programs\Python\Python312\;C:\Program Files\MySQL\MySQL Shell 8.0\bin\;C:\Users\HP\AppData\Local\Microsoft\WindowsApps;C:\Users\HP\AppData\Local\Programs\Microsoft VS Code\bin;"C:\Program Files\Git\bin\git.exe;C:\Program Files\Git\cmd";C:\Program Files\Java\jre1.8.0_341\bin;C:\Users\HP\AppData\Local\Android\Sdk\platform-tools;C:\Users\HP\AppData\Roaming\nvm;C:\Program Files\nodejs;C:\Users\HP\AppData\Roaming\Composer\vendor\bin;C:\Program Files\JetBrains\PyCharm Community Edition 2022.3.1\bin;
USERNAME=HP
OS=Windows_NT
PROCESSOR_IDENTIFIER=Intel64 Family 6 Model 140 Stepping 1, GenuineIntel



---------------  S Y S T E M  ---------------

OS:
 Windows 11 , 64 bit Build 22621 (10.0.22621.2506)
OS uptime: 2 days 22:48 hours
Hyper-V role detected

CPU: total 8 (initial active 8) (4 cores per cpu, 2 threads per core) family 6 model 140 stepping 1 microcode 0xac, cx8, cmov, fxsr, ht, mmx, 3dnowpref, sse, sse2, sse3, ssse3, sse4.1, sse4.2, popcnt, lzcnt, tsc, tscinvbit, avx, avx2, aes, erms, clmul, bmi1, bmi2, adx, avx512f, avx512dq, avx512cd, avx512bw, avx512vl, sha, fma, vzeroupper, avx512_vpopcntdq, avx512_vpclmulqdq, avx512_vaes, avx512_vnni, clflush, clflushopt, clwb, avx512_vbmi2, avx512_vbmi, hv

Memory: 4k page, system-wide physical 16064M (1019M free)
TotalPageFile size 34441M (AvailPageFile size 4M)
current process WorkingSet (physical memory assigned to process): 349M, peak: 356M
current process commit charge ("private bytes"): 433M, peak: 442M

vm_info: Java HotSpot(TM) 64-Bit Server VM (17.0.6+9-LTS-190) for windows-amd64 JRE (17.0.6+9-LTS-190), built on Dec  6 2022 15:53:54 by "mach5one" with MS VC++ 17.1 (VS2022)

END.
