#
# There is insufficient memory for the Java Runtime Environment to continue.
# Native memory allocation (malloc) failed to allocate 213136 bytes for Chunk::new
# Possible reasons:
#   The system is out of physical RAM or swap space
#   The process is running with CompressedOops enabled, and the Java Heap may be blocking the growth of the native heap
# Possible solutions:
#   Reduce memory load on the system
#   Increase physical memory or swap space
#   Check if swap backing store is full
#   Decrease Java heap size (-Xmx/-Xms)
#   Decrease number of Java threads
#   Decrease Java thread stack sizes (-Xss)
#   Set larger code cache with -XX:ReservedCodeCacheSize=
#   JVM is running with Unscaled Compressed Oops mode in which the Java heap is
#     placed in the first 4GB address space. The Java Heap base address is the
#     maximum limit for the native heap growth. Please use -XX:HeapBaseMinAddress
#     to set the Java Heap base and to place the Java Heap above 4GB virtual address.
# This output file may be truncated or incomplete.
#
#  Out of Memory Error (arena.cpp:191), pid=8248, tid=17280
#
# JRE version: OpenJDK Runtime Environment Temurin-17.0.10+7 (17.0.10+7) (build 17.0.10+7)
# Java VM: OpenJDK 64-Bit Server VM Temurin-17.0.10+7 (17.0.10+7, mixed mode, tiered, compressed oops, compressed class ptrs, parallel gc, windows-amd64)
# No core dump will be written. Minidumps are not enabled by default on client versions of Windows
#

---------------  S U M M A R Y ------------

Command Line: --add-modules=ALL-SYSTEM --add-opens=java.base/java.util=ALL-UNNAMED --add-opens=java.base/java.lang=ALL-UNNAMED --add-opens=java.base/sun.nio.fs=ALL-UNNAMED -Declipse.application=org.eclipse.jdt.ls.core.id1 -Dosgi.bundles.defaultStartLevel=4 -Declipse.product=org.eclipse.jdt.ls.core.product -Djava.import.generatesMetadataFilesAtProjectRoot=false -DDetectVMInstallationsJob.disabled=true -Dfile.encoding=utf8 -XX:+UseParallelGC -XX:GCTimeRatio=4 -XX:AdaptiveSizePolicyWeight=90 -Dsun.zip.disableMemoryMapping=true -Xmx1G -Xms100m -Xlog:disable -javaagent:c:\Users\HP\.vscode\extensions\redhat.java-1.29.0-win32-x64\lombok\lombok-1.18.32.jar -XX:+HeapDumpOnOutOfMemoryError -XX:HeapDumpPath=c:\Users\HP\AppData\Roaming\Code\User\workspaceStorage\2c9d807fe59ace233e231eee71cfd0f8\redhat.java -Daether.dependencyCollector.impl=bf c:\Users\HP\.vscode\extensions\redhat.java-1.29.0-win32-x64\server\plugins\org.eclipse.equinox.launcher_1.6.800.v20240304-1850.jar -configuration c:\Users\HP\AppData\Roaming\Code\User\globalStorage\redhat.java\1.29.0\config_win -data c:\Users\HP\AppData\Roaming\Code\User\workspaceStorage\2c9d807fe59ace233e231eee71cfd0f8\redhat.java\jdt_ws --stdio

Host: 11th Gen Intel(R) Core(TM) i7-1165G7 @ 2.80GHz, 8 cores, 15G,  Windows 11 , 64 bit Build 22621 (10.0.22621.3235)
Time: Sun Apr  7 13:34:27 2024 Greenwich elapsed time: 21.118309 seconds (0d 0h 0m 21s)

---------------  T H R E A D  ---------------

Current thread (0x000001c2fc901510):  JavaThread "C2 CompilerThread0" daemon [_thread_in_native, id=17280, stack(0x0000006c1ec00000,0x0000006c1ed00000)]


Current CompileTask:
C2:  21118 8470   !   4       java.util.jar.JarFile::checkForSpecialAttributes (163 bytes)

Stack: [0x0000006c1ec00000,0x0000006c1ed00000]
Native frames: (J=compiled Java code, j=interpreted, Vv=VM code, C=native code)
V  [jvm.dll+0x67d2c9]
V  [jvm.dll+0x834afa]
V  [jvm.dll+0x8365be]
V  [jvm.dll+0x836c23]
V  [jvm.dll+0x2477ff]
V  [jvm.dll+0xac514]
V  [jvm.dll+0xacb5c]
V  [jvm.dll+0x2aed1f]
V  [jvm.dll+0x584b67]
V  [jvm.dll+0x2228a2]
V  [jvm.dll+0x222c8f]
V  [jvm.dll+0x21bdb6]
V  [jvm.dll+0x219201]
V  [jvm.dll+0x1a502d]
V  [jvm.dll+0x2290de]
V  [jvm.dll+0x2272ac]
V  [jvm.dll+0x7e9bb7]
V  [jvm.dll+0x7e3fba]
V  [jvm.dll+0x67c1b5]
C  [ucrtbase.dll+0x29363]
C  [KERNEL32.DLL+0x1257d]
C  [ntdll.dll+0x5aa58]


---------------  P R O C E S S  ---------------

Threads class SMR info:
_java_thread_list=0x000001c281f7cea0, length=30, elements={
0x000001c2e39910f0, 0x000001c2fc8d5020, 0x000001c2fc8d6d80, 0x000001c2f78147c0,
0x000001c2f7815190, 0x000001c2f7817410, 0x000001c2f7818680, 0x000001c2fc901510,
0x000001c2f781c310, 0x000001c2f781e840, 0x000001c2fc9d8000, 0x000001c2fcc36d60,
0x000001c2fe436020, 0x000001c2fe1ff330, 0x000001c2fde873d0, 0x000001c2fe69f5d0,
0x000001c2fe32b2b0, 0x000001c2fe32bcd0, 0x000001c2fe32c1e0, 0x000001c2fe32c6f0,
0x000001c2fe32cc00, 0x000001c2fe32db30, 0x000001c2fe32a380, 0x000001c2fe32a890,
0x000001c2802d05e0, 0x000001c2802cb4e0, 0x000001c2802d0af0, 0x000001c2802cbf00,
0x000001c2813a9b80, 0x000001c2ff0b7d70
}

Java Threads: ( => current thread )
  0x000001c2e39910f0 JavaThread "main" [_thread_blocked, id=18720, stack(0x0000006c1e300000,0x0000006c1e400000)]
  0x000001c2fc8d5020 JavaThread "Reference Handler" daemon [_thread_blocked, id=16528, stack(0x0000006c1e600000,0x0000006c1e700000)]
  0x000001c2fc8d6d80 JavaThread "Finalizer" daemon [_thread_blocked, id=12956, stack(0x0000006c1e700000,0x0000006c1e800000)]
  0x000001c2f78147c0 JavaThread "Signal Dispatcher" daemon [_thread_blocked, id=25188, stack(0x0000006c1e800000,0x0000006c1e900000)]
  0x000001c2f7815190 JavaThread "Attach Listener" daemon [_thread_blocked, id=5300, stack(0x0000006c1e900000,0x0000006c1ea00000)]
  0x000001c2f7817410 JavaThread "Service Thread" daemon [_thread_blocked, id=9800, stack(0x0000006c1ea00000,0x0000006c1eb00000)]
  0x000001c2f7818680 JavaThread "Monitor Deflation Thread" daemon [_thread_blocked, id=27932, stack(0x0000006c1eb00000,0x0000006c1ec00000)]
=>0x000001c2fc901510 JavaThread "C2 CompilerThread0" daemon [_thread_in_native, id=17280, stack(0x0000006c1ec00000,0x0000006c1ed00000)]
  0x000001c2f781c310 JavaThread "C1 CompilerThread0" daemon [_thread_blocked, id=30760, stack(0x0000006c1ed00000,0x0000006c1ee00000)]
  0x000001c2f781e840 JavaThread "Sweeper thread" daemon [_thread_blocked, id=29868, stack(0x0000006c1ee00000,0x0000006c1ef00000)]
  0x000001c2fc9d8000 JavaThread "Common-Cleaner" daemon [_thread_blocked, id=28776, stack(0x0000006c1ef00000,0x0000006c1f000000)]
  0x000001c2fcc36d60 JavaThread "Notification Thread" daemon [_thread_blocked, id=30332, stack(0x0000006c1f100000,0x0000006c1f200000)]
  0x000001c2fe436020 JavaThread "Active Thread: Equinox Container: c192ce90-8591-4b00-a0de-2b6bde7f5715" [_thread_blocked, id=30948, stack(0x0000006c1f900000,0x0000006c1fa00000)]
  0x000001c2fe1ff330 JavaThread "Framework Event Dispatcher: Equinox Container: c192ce90-8591-4b00-a0de-2b6bde7f5715" daemon [_thread_blocked, id=31964, stack(0x0000006c1fb00000,0x0000006c1fc00000)]
  0x000001c2fde873d0 JavaThread "Start Level: Equinox Container: c192ce90-8591-4b00-a0de-2b6bde7f5715" daemon [_thread_blocked, id=25976, stack(0x0000006c1fc00000,0x0000006c1fd00000)]
  0x000001c2fe69f5d0 JavaThread "Bundle File Closer" daemon [_thread_blocked, id=28860, stack(0x0000006c1fa00000,0x0000006c1fb00000)]
  0x000001c2fe32b2b0 JavaThread "SCR Component Actor" daemon [_thread_blocked, id=6264, stack(0x0000006c1fe00000,0x0000006c1ff00000)]
  0x000001c2fe32bcd0 JavaThread "Worker-JM" [_thread_blocked, id=29216, stack(0x0000006c20000000,0x0000006c20100000)]
  0x000001c2fe32c1e0 JavaThread "Worker-0" [_thread_blocked, id=5484, stack(0x0000006c20200000,0x0000006c20300000)]
  0x000001c2fe32c6f0 JavaThread "Worker-1" [_thread_blocked, id=28260, stack(0x0000006c20300000,0x0000006c20400000)]
  0x000001c2fe32cc00 JavaThread "Worker-2: Updating Maven Dependencies" [_thread_in_vm, id=17040, stack(0x0000006c20400000,0x0000006c20500000)]
  0x000001c2fe32db30 JavaThread "Worker-3" [_thread_blocked, id=32420, stack(0x0000006c20500000,0x0000006c20600000)]
  0x000001c2fe32a380 JavaThread "Worker-4" [_thread_blocked, id=31996, stack(0x0000006c20600000,0x0000006c20700000)]
  0x000001c2fe32a890 JavaThread "Java indexing" daemon [_thread_blocked, id=31928, stack(0x0000006c20700000,0x0000006c20800000)]
  0x000001c2802d05e0 JavaThread "JNA Cleaner" daemon [_thread_blocked, id=13704, stack(0x0000006c20100000,0x0000006c20200000)]
  0x000001c2802cb4e0 JavaThread "pool-2-thread-1" [_thread_blocked, id=25648, stack(0x0000006c20a00000,0x0000006c20b00000)]
  0x000001c2802d0af0 JavaThread "WorkspaceEventsHandler" [_thread_blocked, id=30756, stack(0x0000006c1f000000,0x0000006c1f100000)]
  0x000001c2802cbf00 JavaThread "pool-1-thread-1" [_thread_blocked, id=30196, stack(0x0000006c20b00000,0x0000006c20c00000)]
  0x000001c2813a9b80 JavaThread "C2 CompilerThread1" daemon [_thread_in_native, id=25104, stack(0x0000006c1ff00000,0x0000006c20000000)]
  0x000001c2ff0b7d70 JavaThread "C2 CompilerThread2" daemon [_thread_in_native, id=13080, stack(0x0000006c20d00000,0x0000006c20e00000)]

Other Threads:
  0x000001c2e3a3ebf0 VMThread "VM Thread" [stack: 0x0000006c1e500000,0x0000006c1e600000] [id=11764]
  0x000001c2fcc37240 WatcherThread [stack: 0x0000006c1f200000,0x0000006c1f300000] [id=6952]
  0x000001c2e39a5c60 GCTaskThread "GC Thread#0" [stack: 0x0000006c1e400000,0x0000006c1e500000] [id=7584]
  0x000001c2fdddd200 GCTaskThread "GC Thread#1" [stack: 0x0000006c1f300000,0x0000006c1f400000] [id=32188]
  0x000001c2fdddc180 GCTaskThread "GC Thread#2" [stack: 0x0000006c1f400000,0x0000006c1f500000] [id=26888]
  0x000001c2fdddda40 GCTaskThread "GC Thread#3" [stack: 0x0000006c1f500000,0x0000006c1f600000] [id=30472]
  0x000001c2fdddcf40 GCTaskThread "GC Thread#4" [stack: 0x0000006c1f600000,0x0000006c1f700000] [id=32360]
  0x000001c2fdddd4c0 GCTaskThread "GC Thread#5" [stack: 0x0000006c1f700000,0x0000006c1f800000] [id=31144]
  0x000001c2fdddd780 GCTaskThread "GC Thread#6" [stack: 0x0000006c1f800000,0x0000006c1f900000] [id=6804]
  0x000001c2fdddbec0 GCTaskThread "GC Thread#7" [stack: 0x0000006c1fd00000,0x0000006c1fe00000] [id=4172]

Threads with active compile tasks:
C2 CompilerThread0    21147 8470   !   4       java.util.jar.JarFile::checkForSpecialAttributes (163 bytes)
C2 CompilerThread1    21148 8475       4       java.util.jar.JarFile::getJarEntry (9 bytes)
C2 CompilerThread2    21148 8424       4       org.apache.maven.model.inheritance.DefaultInheritanceAssembler$InheritanceModelMerger::mergePluginContainer_Plugins (433 bytes)

VM state: not at safepoint (normal execution)

VM Mutex/Monitor currently owned by a thread: None

Heap address: 0x00000000c0000000, size: 1024 MB, Compressed Oops mode: 32-bit

CDS archive(s) not mapped
Compressed class space mapped at: 0x0000000100000000-0x0000000140000000, reserved size: 1073741824
Narrow klass base: 0x0000000000000000, Narrow klass shift: 3, Narrow klass range: 0x140000000

GC Precious Log:
 CPUs: 8 total, 8 available
 Memory: 16064M
 Large Page Support: Disabled
 NUMA Support: Disabled
 Compressed Oops: Enabled (32-bit)
 Alignments: Space 512K, Generation 512K, Heap 2M
 Heap Min Capacity: 100M
 Heap Initial Capacity: 100M
 Heap Max Capacity: 1G
 Pre-touch: Disabled
 Parallel Workers: 8

Heap:
 PSYoungGen      total 18432K, used 12281K [0x00000000eab00000, 0x00000000ec080000, 0x0000000100000000)
  eden space 16896K, 66% used [0x00000000eab00000,0x00000000eb5e67c8,0x00000000ebb80000)
  from space 1536K, 72% used [0x00000000ebd00000,0x00000000ebe18000,0x00000000ebe80000)
  to   space 1536K, 0% used [0x00000000ebf00000,0x00000000ebf00000,0x00000000ec080000)
 ParOldGen       total 68608K, used 41650K [0x00000000c0000000, 0x00000000c4300000, 0x00000000eab00000)
  object space 68608K, 60% used [0x00000000c0000000,0x00000000c28ac820,0x00000000c4300000)
 Metaspace       used 54622K, committed 55744K, reserved 1114112K
  class space    used 5760K, committed 6208K, reserved 1048576K

Card table byte_map: [0x000001c2e3320000,0x000001c2e3530000] _byte_map_base: 0x000001c2e2d20000

Marking Bits: (ParMarkBitMap*) 0x00007ff87bfbd7d0
 Begin Bits: [0x000001c2f5620000, 0x000001c2f6620000)
 End Bits:   [0x000001c2f6620000, 0x000001c2f7620000)

Polling page: 0x000001c2e1780000

Metaspace:

Usage:
  Non-class:     47.72 MB used.
      Class:      5.63 MB used.
       Both:     53.34 MB used.

Virtual space:
  Non-class space:       64.00 MB reserved,      48.38 MB ( 76%) committed,  1 nodes.
      Class space:        1.00 GB reserved,       6.06 MB ( <1%) committed,  1 nodes.
             Both:        1.06 GB reserved,      54.44 MB (  5%) committed. 

Chunk freelists:
   Non-Class:  15.09 MB
       Class:  9.83 MB
        Both:  24.92 MB

MaxMetaspaceSize: unlimited
CompressedClassSpaceSize: 1.00 GB
Initial GC threshold: 21.00 MB
Current GC threshold: 58.38 MB
CDS: off
MetaspaceReclaimPolicy: balanced
 - commit_granule_bytes: 65536.
 - commit_granule_words: 8192.
 - virtual_space_node_default_size: 8388608.
 - enlarge_chunks_in_place: 1.
 - new_chunks_are_fully_committed: 0.
 - uncommit_free_chunks: 1.
 - use_allocation_guard: 0.
 - handle_deallocations: 1.


Internal statistics:

num_allocs_failed_limit: 6.
num_arena_births: 702.
num_arena_deaths: 14.
num_vsnodes_births: 2.
num_vsnodes_deaths: 0.
num_space_committed: 871.
num_space_uncommitted: 0.
num_chunks_returned_to_freelist: 20.
num_chunks_taken_from_freelist: 2778.
num_chunk_merges: 8.
num_chunk_splits: 1731.
num_chunks_enlarged: 1054.
num_inconsistent_stats: 0.

CodeHeap 'non-profiled nmethods': size=120000Kb used=5196Kb max_used=5196Kb free=114803Kb
 bounds [0x000001c2ee0f0000, 0x000001c2ee610000, 0x000001c2f5620000]
CodeHeap 'profiled nmethods': size=120000Kb used=16188Kb max_used=16188Kb free=103811Kb
 bounds [0x000001c2e6620000, 0x000001c2e75f0000, 0x000001c2edb50000]
CodeHeap 'non-nmethods': size=5760Kb used=1305Kb max_used=1363Kb free=4454Kb
 bounds [0x000001c2edb50000, 0x000001c2eddc0000, 0x000001c2ee0f0000]
 total_blobs=8279 nmethods=7656 adapters=535
 compilation: enabled
              stopped_count=0, restarted_count=0
 full_count=0

Compilation events (20 events):
Event: 21.032 Thread 0x000001c2f781c310 8465       3       java.util.stream.AbstractPipeline::spliterator (116 bytes)
Event: 21.032 Thread 0x000001c2813a9b80 8466  s!   4       java.lang.StackTraceElement::computeFormat (71 bytes)
Event: 21.033 Thread 0x000001c2f781c310 nmethod 8465 0x000001c2e75e5790 code [0x000001c2e75e5a00, 0x000001c2e75e6428]
Event: 21.033 Thread 0x000001c2fc901510 8467       4       java.lang.Module::getLayer (43 bytes)
Event: 21.035 Thread 0x000001c2fc901510 nmethod 8467 0x000001c2ee602490 code [0x000001c2ee602620, 0x000001c2ee602838]
Event: 21.037 Thread 0x000001c2f781c310 8468       3       org.eclipse.sisu.space.FileEntryIterator::toFile (309 bytes)
Event: 21.038 Thread 0x000001c2813a9b80 nmethod 8466 0x000001c2ee602990 code [0x000001c2ee602b40, 0x000001c2ee6030a8]
Event: 21.040 Thread 0x000001c2f781c310 nmethod 8468 0x000001c2e75e6790 code [0x000001c2e75e6c80, 0x000001c2e75e93d8]
Event: 21.071 Thread 0x000001c2f781c310 8469       3       java.util.jar.Manifest::<init> (38 bytes)
Event: 21.072 Thread 0x000001c2f781c310 nmethod 8469 0x000001c2e75ea390 code [0x000001c2e75ea5c0, 0x000001c2e75eac98]
Event: 21.092 Thread 0x000001c2fc901510 8470   !   4       java.util.jar.JarFile::checkForSpecialAttributes (163 bytes)
Event: 21.094 Thread 0x000001c2f781c310 8471       3       sun.net.www.protocol.jar.URLJarFile::getJarFile (46 bytes)
Event: 21.094 Thread 0x000001c2f781c310 nmethod 8471 0x000001c2e75eaf90 code [0x000001c2e75eb180, 0x000001c2e75eb578]
Event: 21.094 Thread 0x000001c2f781c310 8472       3       java.util.jar.JarFile::baseVersion (4 bytes)
Event: 21.095 Thread 0x000001c2f781c310 nmethod 8472 0x000001c2e75eb710 code [0x000001c2e75eb8a0, 0x000001c2e75eb998]
Event: 21.095 Thread 0x000001c2f781c310 8473       3       sun.nio.fs.WindowsPath::elementAsString (62 bytes)
Event: 21.096 Thread 0x000001c2f781c310 nmethod 8473 0x000001c2e75eba10 code [0x000001c2e75ebc20, 0x000001c2e75ec0c8]
Event: 21.097 Thread 0x000001c2f781c310 8474       3       sun.net.www.protocol.jar.URLJarFile::close (22 bytes)
Event: 21.098 Thread 0x000001c2f781c310 nmethod 8474 0x000001c2e75ec410 code [0x000001c2e75ec5c0, 0x000001c2e75ec7b8]
Event: 21.103 Thread 0x000001c2813a9b80 8475       4       java.util.jar.JarFile::getJarEntry (9 bytes)

GC Heap History (20 events):
Event: 15.804 GC heap before
{Heap before GC invocations=22 (full 2):
 PSYoungGen      total 24064K, used 23632K [0x00000000eab00000, 0x00000000ec480000, 0x0000000100000000)
  eden space 22016K, 100% used [0x00000000eab00000,0x00000000ec080000,0x00000000ec080000)
  from space 2048K, 78% used [0x00000000ec080000,0x00000000ec214010,0x00000000ec280000)
  to   space 2048K, 0% used [0x00000000ec280000,0x00000000ec280000,0x00000000ec480000)
 ParOldGen       total 68608K, used 22654K [0x00000000c0000000, 0x00000000c4300000, 0x00000000eab00000)
  object space 68608K, 33% used [0x00000000c0000000,0x00000000c161f898,0x00000000c4300000)
 Metaspace       used 51605K, committed 52608K, reserved 1114112K
  class space    used 5496K, committed 5888K, reserved 1048576K
}
Event: 15.817 GC heap after
{Heap after GC invocations=22 (full 2):
 PSYoungGen      total 18944K, used 2032K [0x00000000eab00000, 0x00000000ece80000, 0x0000000100000000)
  eden space 16896K, 0% used [0x00000000eab00000,0x00000000eab00000,0x00000000ebb80000)
  from space 2048K, 99% used [0x00000000ec280000,0x00000000ec47c030,0x00000000ec480000)
  to   space 7168K, 0% used [0x00000000ebb80000,0x00000000ebb80000,0x00000000ec280000)
 ParOldGen       total 68608K, used 26807K [0x00000000c0000000, 0x00000000c4300000, 0x00000000eab00000)
  object space 68608K, 39% used [0x00000000c0000000,0x00000000c1a2de88,0x00000000c4300000)
 Metaspace       used 51605K, committed 52608K, reserved 1114112K
  class space    used 5496K, committed 5888K, reserved 1048576K
}
Event: 16.125 GC heap before
{Heap before GC invocations=23 (full 2):
 PSYoungGen      total 18944K, used 18928K [0x00000000eab00000, 0x00000000ece80000, 0x0000000100000000)
  eden space 16896K, 100% used [0x00000000eab00000,0x00000000ebb80000,0x00000000ebb80000)
  from space 2048K, 99% used [0x00000000ec280000,0x00000000ec47c030,0x00000000ec480000)
  to   space 7168K, 0% used [0x00000000ebb80000,0x00000000ebb80000,0x00000000ec280000)
 ParOldGen       total 68608K, used 26807K [0x00000000c0000000, 0x00000000c4300000, 0x00000000eab00000)
  object space 68608K, 39% used [0x00000000c0000000,0x00000000c1a2de88,0x00000000c4300000)
 Metaspace       used 51714K, committed 52736K, reserved 1114112K
  class space    used 5499K, committed 5888K, reserved 1048576K
}
Event: 16.130 GC heap after
{Heap after GC invocations=23 (full 2):
 PSYoungGen      total 18944K, used 1952K [0x00000000eab00000, 0x00000000ec300000, 0x0000000100000000)
  eden space 16896K, 0% used [0x00000000eab00000,0x00000000eab00000,0x00000000ebb80000)
  from space 2048K, 95% used [0x00000000ebb80000,0x00000000ebd68000,0x00000000ebd80000)
  to   space 3584K, 0% used [0x00000000ebf80000,0x00000000ebf80000,0x00000000ec300000)
 ParOldGen       total 68608K, used 28789K [0x00000000c0000000, 0x00000000c4300000, 0x00000000eab00000)
  object space 68608K, 41% used [0x00000000c0000000,0x00000000c1c1d5b8,0x00000000c4300000)
 Metaspace       used 51714K, committed 52736K, reserved 1114112K
  class space    used 5499K, committed 5888K, reserved 1048576K
}
Event: 16.296 GC heap before
{Heap before GC invocations=24 (full 2):
 PSYoungGen      total 18944K, used 18848K [0x00000000eab00000, 0x00000000ec300000, 0x0000000100000000)
  eden space 16896K, 100% used [0x00000000eab00000,0x00000000ebb80000,0x00000000ebb80000)
  from space 2048K, 95% used [0x00000000ebb80000,0x00000000ebd68000,0x00000000ebd80000)
  to   space 3584K, 0% used [0x00000000ebf80000,0x00000000ebf80000,0x00000000ec300000)
 ParOldGen       total 68608K, used 28789K [0x00000000c0000000, 0x00000000c4300000, 0x00000000eab00000)
  object space 68608K, 41% used [0x00000000c0000000,0x00000000c1c1d5b8,0x00000000c4300000)
 Metaspace       used 51806K, committed 52864K, reserved 1114112K
  class space    used 5500K, committed 5952K, reserved 1048576K
}
Event: 16.301 GC heap after
{Heap after GC invocations=24 (full 2):
 PSYoungGen      total 19968K, used 3072K [0x00000000eab00000, 0x00000000ec280000, 0x0000000100000000)
  eden space 16896K, 0% used [0x00000000eab00000,0x00000000eab00000,0x00000000ebb80000)
  from space 3072K, 100% used [0x00000000ebf80000,0x00000000ec280000,0x00000000ec280000)
  to   space 3584K, 0% used [0x00000000ebb80000,0x00000000ebb80000,0x00000000ebf00000)
 ParOldGen       total 68608K, used 30389K [0x00000000c0000000, 0x00000000c4300000, 0x00000000eab00000)
  object space 68608K, 44% used [0x00000000c0000000,0x00000000c1dad5b8,0x00000000c4300000)
 Metaspace       used 51806K, committed 52864K, reserved 1114112K
  class space    used 5500K, committed 5952K, reserved 1048576K
}
Event: 16.505 GC heap before
{Heap before GC invocations=25 (full 2):
 PSYoungGen      total 19968K, used 19968K [0x00000000eab00000, 0x00000000ec280000, 0x0000000100000000)
  eden space 16896K, 100% used [0x00000000eab00000,0x00000000ebb80000,0x00000000ebb80000)
  from space 3072K, 100% used [0x00000000ebf80000,0x00000000ec280000,0x00000000ec280000)
  to   space 3584K, 0% used [0x00000000ebb80000,0x00000000ebb80000,0x00000000ebf00000)
 ParOldGen       total 68608K, used 30389K [0x00000000c0000000, 0x00000000c4300000, 0x00000000eab00000)
  object space 68608K, 44% used [0x00000000c0000000,0x00000000c1dad5b8,0x00000000c4300000)
 Metaspace       used 51945K, committed 52992K, reserved 1114112K
  class space    used 5501K, committed 5952K, reserved 1048576K
}
Event: 16.508 GC heap after
{Heap after GC invocations=25 (full 2):
 PSYoungGen      total 19456K, used 2480K [0x00000000eab00000, 0x00000000ec180000, 0x0000000100000000)
  eden space 16896K, 0% used [0x00000000eab00000,0x00000000eab00000,0x00000000ebb80000)
  from space 2560K, 96% used [0x00000000ebb80000,0x00000000ebdec010,0x00000000ebe00000)
  to   space 3072K, 0% used [0x00000000ebe80000,0x00000000ebe80000,0x00000000ec180000)
 ParOldGen       total 68608K, used 32320K [0x00000000c0000000, 0x00000000c4300000, 0x00000000eab00000)
  object space 68608K, 47% used [0x00000000c0000000,0x00000000c1f90128,0x00000000c4300000)
 Metaspace       used 51945K, committed 52992K, reserved 1114112K
  class space    used 5501K, committed 5952K, reserved 1048576K
}
Event: 16.946 GC heap before
{Heap before GC invocations=26 (full 2):
 PSYoungGen      total 19456K, used 19376K [0x00000000eab00000, 0x00000000ec180000, 0x0000000100000000)
  eden space 16896K, 100% used [0x00000000eab00000,0x00000000ebb80000,0x00000000ebb80000)
  from space 2560K, 96% used [0x00000000ebb80000,0x00000000ebdec010,0x00000000ebe00000)
  to   space 3072K, 0% used [0x00000000ebe80000,0x00000000ebe80000,0x00000000ec180000)
 ParOldGen       total 68608K, used 32320K [0x00000000c0000000, 0x00000000c4300000, 0x00000000eab00000)
  object space 68608K, 47% used [0x00000000c0000000,0x00000000c1f90128,0x00000000c4300000)
 Metaspace       used 52079K, committed 53184K, reserved 1114112K
  class space    used 5501K, committed 5952K, reserved 1048576K
}
Event: 16.953 GC heap after
{Heap after GC invocations=26 (full 2):
 PSYoungGen      total 18944K, used 1664K [0x00000000eab00000, 0x00000000ec080000, 0x0000000100000000)
  eden space 16896K, 0% used [0x00000000eab00000,0x00000000eab00000,0x00000000ebb80000)
  from space 2048K, 81% used [0x00000000ebe80000,0x00000000ec020000,0x00000000ec080000)
  to   space 2048K, 0% used [0x00000000ebc80000,0x00000000ebc80000,0x00000000ebe80000)
 ParOldGen       total 68608K, used 34568K [0x00000000c0000000, 0x00000000c4300000, 0x00000000eab00000)
  object space 68608K, 50% used [0x00000000c0000000,0x00000000c21c2378,0x00000000c4300000)
 Metaspace       used 52079K, committed 53184K, reserved 1114112K
  class space    used 5501K, committed 5952K, reserved 1048576K
}
Event: 17.833 GC heap before
{Heap before GC invocations=27 (full 2):
 PSYoungGen      total 18944K, used 18559K [0x00000000eab00000, 0x00000000ec080000, 0x0000000100000000)
  eden space 16896K, 99% used [0x00000000eab00000,0x00000000ebb7fc60,0x00000000ebb80000)
  from space 2048K, 81% used [0x00000000ebe80000,0x00000000ec020000,0x00000000ec080000)
  to   space 2048K, 0% used [0x00000000ebc80000,0x00000000ebc80000,0x00000000ebe80000)
 ParOldGen       total 68608K, used 34568K [0x00000000c0000000, 0x00000000c4300000, 0x00000000eab00000)
  object space 68608K, 50% used [0x00000000c0000000,0x00000000c21c2378,0x00000000c4300000)
 Metaspace       used 52253K, committed 53312K, reserved 1114112K
  class space    used 5511K, committed 5952K, reserved 1048576K
}
Event: 17.835 GC heap after
{Heap after GC invocations=27 (full 2):
 PSYoungGen      total 18432K, used 1120K [0x00000000eab00000, 0x00000000ebf00000, 0x0000000100000000)
  eden space 16896K, 0% used [0x00000000eab00000,0x00000000eab00000,0x00000000ebb80000)
  from space 1536K, 72% used [0x00000000ebc80000,0x00000000ebd98000,0x00000000ebe00000)
  to   space 1024K, 0% used [0x00000000ebe00000,0x00000000ebe00000,0x00000000ebf00000)
 ParOldGen       total 68608K, used 35520K [0x00000000c0000000, 0x00000000c4300000, 0x00000000eab00000)
  object space 68608K, 51% used [0x00000000c0000000,0x00000000c22b0378,0x00000000c4300000)
 Metaspace       used 52253K, committed 53312K, reserved 1114112K
  class space    used 5511K, committed 5952K, reserved 1048576K
}
Event: 19.302 GC heap before
{Heap before GC invocations=28 (full 2):
 PSYoungGen      total 18432K, used 18016K [0x00000000eab00000, 0x00000000ebf00000, 0x0000000100000000)
  eden space 16896K, 100% used [0x00000000eab00000,0x00000000ebb80000,0x00000000ebb80000)
  from space 1536K, 72% used [0x00000000ebc80000,0x00000000ebd98000,0x00000000ebe00000)
  to   space 1024K, 0% used [0x00000000ebe00000,0x00000000ebe00000,0x00000000ebf00000)
 ParOldGen       total 68608K, used 35520K [0x00000000c0000000, 0x00000000c4300000, 0x00000000eab00000)
  object space 68608K, 51% used [0x00000000c0000000,0x00000000c22b0378,0x00000000c4300000)
 Metaspace       used 52710K, committed 53760K, reserved 1114112K
  class space    used 5553K, committed 5952K, reserved 1048576K
}
Event: 19.305 GC heap after
{Heap after GC invocations=28 (full 2):
 PSYoungGen      total 17920K, used 704K [0x00000000eab00000, 0x00000000ebf00000, 0x0000000100000000)
  eden space 16896K, 0% used [0x00000000eab00000,0x00000000eab00000,0x00000000ebb80000)
  from space 1024K, 68% used [0x00000000ebe00000,0x00000000ebeb0000,0x00000000ebf00000)
  to   space 1024K, 0% used [0x00000000ebd00000,0x00000000ebd00000,0x00000000ebe00000)
 ParOldGen       total 68608K, used 36464K [0x00000000c0000000, 0x00000000c4300000, 0x00000000eab00000)
  object space 68608K, 53% used [0x00000000c0000000,0x00000000c239c378,0x00000000c4300000)
 Metaspace       used 52710K, committed 53760K, reserved 1114112K
  class space    used 5553K, committed 5952K, reserved 1048576K
}
Event: 19.805 GC heap before
{Heap before GC invocations=29 (full 2):
 PSYoungGen      total 17920K, used 17600K [0x00000000eab00000, 0x00000000ebf00000, 0x0000000100000000)
  eden space 16896K, 100% used [0x00000000eab00000,0x00000000ebb80000,0x00000000ebb80000)
  from space 1024K, 68% used [0x00000000ebe00000,0x00000000ebeb0000,0x00000000ebf00000)
  to   space 1024K, 0% used [0x00000000ebd00000,0x00000000ebd00000,0x00000000ebe00000)
 ParOldGen       total 68608K, used 36464K [0x00000000c0000000, 0x00000000c4300000, 0x00000000eab00000)
  object space 68608K, 53% used [0x00000000c0000000,0x00000000c239c378,0x00000000c4300000)
 Metaspace       used 53404K, committed 54464K, reserved 1114112K
  class space    used 5622K, committed 6016K, reserved 1048576K
}
Event: 19.808 GC heap after
{Heap after GC invocations=29 (full 2):
 PSYoungGen      total 17920K, used 995K [0x00000000eab00000, 0x00000000ec480000, 0x0000000100000000)
  eden space 16896K, 0% used [0x00000000eab00000,0x00000000eab00000,0x00000000ebb80000)
  from space 1024K, 97% used [0x00000000ebd00000,0x00000000ebdf8d40,0x00000000ebe00000)
  to   space 4608K, 0% used [0x00000000ec000000,0x00000000ec000000,0x00000000ec480000)
 ParOldGen       total 68608K, used 39158K [0x00000000c0000000, 0x00000000c4300000, 0x00000000eab00000)
  object space 68608K, 57% used [0x00000000c0000000,0x00000000c263d9f0,0x00000000c4300000)
 Metaspace       used 53404K, committed 54464K, reserved 1114112K
  class space    used 5622K, committed 6016K, reserved 1048576K
}
Event: 20.408 GC heap before
{Heap before GC invocations=30 (full 2):
 PSYoungGen      total 17920K, used 17891K [0x00000000eab00000, 0x00000000ec480000, 0x0000000100000000)
  eden space 16896K, 100% used [0x00000000eab00000,0x00000000ebb80000,0x00000000ebb80000)
  from space 1024K, 97% used [0x00000000ebd00000,0x00000000ebdf8d40,0x00000000ebe00000)
  to   space 4608K, 0% used [0x00000000ec000000,0x00000000ec000000,0x00000000ec480000)
 ParOldGen       total 68608K, used 39158K [0x00000000c0000000, 0x00000000c4300000, 0x00000000eab00000)
  object space 68608K, 57% used [0x00000000c0000000,0x00000000c263d9f0,0x00000000c4300000)
 Metaspace       used 54293K, committed 55424K, reserved 1114112K
  class space    used 5744K, committed 6208K, reserved 1048576K
}
Event: 20.412 GC heap after
{Heap after GC invocations=30 (full 2):
 PSYoungGen      total 18944K, used 1632K [0x00000000eab00000, 0x00000000ec200000, 0x0000000100000000)
  eden space 16896K, 0% used [0x00000000eab00000,0x00000000eab00000,0x00000000ebb80000)
  from space 2048K, 79% used [0x00000000ec000000,0x00000000ec198000,0x00000000ec200000)
  to   space 2560K, 0% used [0x00000000ebd00000,0x00000000ebd00000,0x00000000ebf80000)
 ParOldGen       total 68608K, used 40119K [0x00000000c0000000, 0x00000000c4300000, 0x00000000eab00000)
  object space 68608K, 58% used [0x00000000c0000000,0x00000000c272de28,0x00000000c4300000)
 Metaspace       used 54293K, committed 55424K, reserved 1114112K
  class space    used 5744K, committed 6208K, reserved 1048576K
}
Event: 20.602 GC heap before
{Heap before GC invocations=31 (full 2):
 PSYoungGen      total 18944K, used 18528K [0x00000000eab00000, 0x00000000ec200000, 0x0000000100000000)
  eden space 16896K, 100% used [0x00000000eab00000,0x00000000ebb80000,0x00000000ebb80000)
  from space 2048K, 79% used [0x00000000ec000000,0x00000000ec198000,0x00000000ec200000)
  to   space 2560K, 0% used [0x00000000ebd00000,0x00000000ebd00000,0x00000000ebf80000)
 ParOldGen       total 68608K, used 40119K [0x00000000c0000000, 0x00000000c4300000, 0x00000000eab00000)
  object space 68608K, 58% used [0x00000000c0000000,0x00000000c272de28,0x00000000c4300000)
 Metaspace       used 54430K, committed 55552K, reserved 1114112K
  class space    used 5747K, committed 6208K, reserved 1048576K
}
Event: 20.606 GC heap after
{Heap after GC invocations=31 (full 2):
 PSYoungGen      total 18432K, used 1120K [0x00000000eab00000, 0x00000000ec080000, 0x0000000100000000)
  eden space 16896K, 0% used [0x00000000eab00000,0x00000000eab00000,0x00000000ebb80000)
  from space 1536K, 72% used [0x00000000ebd00000,0x00000000ebe18000,0x00000000ebe80000)
  to   space 1536K, 0% used [0x00000000ebf00000,0x00000000ebf00000,0x00000000ec080000)
 ParOldGen       total 68608K, used 41650K [0x00000000c0000000, 0x00000000c4300000, 0x00000000eab00000)
  object space 68608K, 60% used [0x00000000c0000000,0x00000000c28ac820,0x00000000c4300000)
 Metaspace       used 54430K, committed 55552K, reserved 1114112K
  class space    used 5747K, committed 6208K, reserved 1048576K
}

Dll operation events (10 events):
Event: 0.092 Loaded shared library c:\Users\HP\.vscode\extensions\redhat.java-1.29.0-win32-x64\jre\17.0.10-win32-x86_64\bin\java.dll
Event: 0.482 Loaded shared library c:\Users\HP\.vscode\extensions\redhat.java-1.29.0-win32-x64\jre\17.0.10-win32-x86_64\bin\zip.dll
Event: 0.486 Loaded shared library C:\Users\HP\.vscode\extensions\redhat.java-1.29.0-win32-x64\jre\17.0.10-win32-x86_64\bin\instrument.dll
Event: 0.514 Loaded shared library C:\Users\HP\.vscode\extensions\redhat.java-1.29.0-win32-x64\jre\17.0.10-win32-x86_64\bin\net.dll
Event: 0.517 Loaded shared library C:\Users\HP\.vscode\extensions\redhat.java-1.29.0-win32-x64\jre\17.0.10-win32-x86_64\bin\nio.dll
Event: 0.527 Loaded shared library C:\Users\HP\.vscode\extensions\redhat.java-1.29.0-win32-x64\jre\17.0.10-win32-x86_64\bin\zip.dll
Event: 0.560 Loaded shared library C:\Users\HP\.vscode\extensions\redhat.java-1.29.0-win32-x64\jre\17.0.10-win32-x86_64\bin\jimage.dll
Event: 0.660 Loaded shared library c:\Users\HP\.vscode\extensions\redhat.java-1.29.0-win32-x64\jre\17.0.10-win32-x86_64\bin\verify.dll
Event: 2.654 Loaded shared library C:\Users\HP\AppData\Roaming\Code\User\globalStorage\redhat.java\1.29.0\config_win\org.eclipse.equinox.launcher\org.eclipse.equinox.launcher.win32.win32.x86_64_1.2.900.v20240213-1244\eclipse_11900.dll
Event: 8.546 Loaded shared library C:\Users\HP\AppData\Local\Temp\jna-2312\jna10032229167307152740.dll

Deoptimization events (20 events):
Event: 20.819 Thread 0x000001c2fe32cc00 Uncommon trap: trap_request=0xffffff45 fr.pc=0x000001c2ee550794 relative=0x00000000000005b4
Event: 20.819 Thread 0x000001c2fe32cc00 Uncommon trap: reason=unstable_if action=reinterpret pc=0x000001c2ee550794 method=org.eclipse.aether.util.graph.transformer.ConflictResolver$State.deriveOptional(Lorg/eclipse/aether/graph/DependencyNode;Ljava/lang/Object;)Z @ 74 c2
Event: 20.819 Thread 0x000001c2fe32cc00 DEOPT PACKING pc=0x000001c2ee550794 sp=0x0000006c204fcd70
Event: 20.819 Thread 0x000001c2fe32cc00 DEOPT UNPACKING pc=0x000001c2edba9ea3 sp=0x0000006c204fcd00 mode 2
Event: 21.023 Thread 0x000001c2fe32cc00 Uncommon trap: trap_request=0xffffffd6 fr.pc=0x000001c2ee5d5868 relative=0x00000000000001c8
Event: 21.023 Thread 0x000001c2fe32cc00 Uncommon trap: reason=array_check action=maybe_recompile pc=0x000001c2ee5d5868 method=java.util.LinkedHashMap.valuesToArray([Ljava/lang/Object;)[Ljava/lang/Object; @ 25 c2
Event: 21.023 Thread 0x000001c2fe32cc00 DEOPT PACKING pc=0x000001c2ee5d5868 sp=0x0000006c204fc960
Event: 21.023 Thread 0x000001c2fe32cc00 DEOPT UNPACKING pc=0x000001c2edba9ea3 sp=0x0000006c204fc8d8 mode 2
Event: 21.032 Thread 0x000001c2fe32cc00 Uncommon trap: trap_request=0xffffffd6 fr.pc=0x000001c2ee5d5868 relative=0x00000000000001c8
Event: 21.032 Thread 0x000001c2fe32cc00 Uncommon trap: reason=array_check action=maybe_recompile pc=0x000001c2ee5d5868 method=java.util.LinkedHashMap.valuesToArray([Ljava/lang/Object;)[Ljava/lang/Object; @ 25 c2
Event: 21.032 Thread 0x000001c2fe32cc00 DEOPT PACKING pc=0x000001c2ee5d5868 sp=0x0000006c204fcbe0
Event: 21.032 Thread 0x000001c2fe32cc00 DEOPT UNPACKING pc=0x000001c2edba9ea3 sp=0x0000006c204fcb58 mode 2
Event: 21.037 Thread 0x000001c2fe32cc00 Uncommon trap: trap_request=0xffffffd6 fr.pc=0x000001c2ee5d5868 relative=0x00000000000001c8
Event: 21.037 Thread 0x000001c2fe32cc00 Uncommon trap: reason=array_check action=maybe_recompile pc=0x000001c2ee5d5868 method=java.util.LinkedHashMap.valuesToArray([Ljava/lang/Object;)[Ljava/lang/Object; @ 25 c2
Event: 21.037 Thread 0x000001c2fe32cc00 DEOPT PACKING pc=0x000001c2ee5d5868 sp=0x0000006c204fc670
Event: 21.037 Thread 0x000001c2fe32cc00 DEOPT UNPACKING pc=0x000001c2edba9ea3 sp=0x0000006c204fc5e8 mode 2
Event: 21.037 Thread 0x000001c2fe32cc00 Uncommon trap: trap_request=0xffffffd6 fr.pc=0x000001c2ee5d5868 relative=0x00000000000001c8
Event: 21.037 Thread 0x000001c2fe32cc00 Uncommon trap: reason=array_check action=maybe_recompile pc=0x000001c2ee5d5868 method=java.util.LinkedHashMap.valuesToArray([Ljava/lang/Object;)[Ljava/lang/Object; @ 25 c2
Event: 21.037 Thread 0x000001c2fe32cc00 DEOPT PACKING pc=0x000001c2ee5d5868 sp=0x0000006c204fc670
Event: 21.037 Thread 0x000001c2fe32cc00 DEOPT UNPACKING pc=0x000001c2edba9ea3 sp=0x0000006c204fc5e8 mode 2

Classes unloaded (7 events):
Event: 7.084 Thread 0x000001c2e3a3ebf0 Unloading class 0x000000010024a400 'java/lang/invoke/LambdaForm$MH+0x000000010024a400'
Event: 7.084 Thread 0x000001c2e3a3ebf0 Unloading class 0x000000010024a000 'java/lang/invoke/LambdaForm$MH+0x000000010024a000'
Event: 7.084 Thread 0x000001c2e3a3ebf0 Unloading class 0x0000000100249c00 'java/lang/invoke/LambdaForm$MH+0x0000000100249c00'
Event: 7.084 Thread 0x000001c2e3a3ebf0 Unloading class 0x0000000100249800 'java/lang/invoke/LambdaForm$MH+0x0000000100249800'
Event: 7.084 Thread 0x000001c2e3a3ebf0 Unloading class 0x0000000100249400 'java/lang/invoke/LambdaForm$BMH+0x0000000100249400'
Event: 7.084 Thread 0x000001c2e3a3ebf0 Unloading class 0x0000000100249000 'java/lang/invoke/LambdaForm$DMH+0x0000000100249000'
Event: 7.084 Thread 0x000001c2e3a3ebf0 Unloading class 0x0000000100244400 'java/lang/invoke/LambdaForm$DMH+0x0000000100244400'

Classes redefined (0 events):
No events

Internal exceptions (20 events):
Event: 15.046 Thread 0x000001c2802cafd0 Exception <a 'java/lang/NoSuchMethodError'{0x00000000eaf38db8}: 'java.lang.Object java.lang.invoke.DirectMethodHandle$Holder.newInvokeSpecial(java.lang.Object, java.lang.Object, java.lang.Object, java.lang.Object, java.lang.Object, java.lang.Object, java.lang.Object)'> (0x00000000eaf38db8) 
thrown [s\src\hotspot\share\interpreter\linkResolver.cpp, line 759]
Event: 15.050 Thread 0x000001c2802cafd0 Exception <a 'java/lang/NoSuchMethodError'{0x00000000eaf3cfe8}: 'java.lang.Object java.lang.invoke.Invokers$Holder.linkToTargetMethod(java.lang.Object, java.lang.Object, java.lang.Object, java.lang.Object, java.lang.Object, java.lang.Object, java.lang.Object)'> (0x00000000eaf3cfe8) 
thrown [s\src\hotspot\share\interpreter\linkResolver.cpp, line 759]
Event: 18.845 Thread 0x000001c2fe32cc00 Implicit null exception at 0x000001c2ee533aac to 0x000001c2ee533c4c
Event: 19.827 Thread 0x000001c2fe32cc00 Exception <a 'java/lang/NoSuchMethodError'{0x00000000eac7e5d8}: 'java.lang.Object java.lang.invoke.DirectMethodHandle$Holder.invokeSpecial(java.lang.Object, java.lang.Object, java.lang.Object, java.lang.Object, java.lang.Object, java.lang.Object, java.lang.Object, java.lang.Object, java.lang.Object, java.lang.Object)'> (0x00000000eac7e5d8) 
thrown [s\src\hotspot\share\interpreter\linkResolver.cpp, line 759]
Event: 19.828 Thread 0x000001c2fe32cc00 Exception <a 'java/lang/NoSuchMethodError'{0x00000000eac82bc0}: 'java.lang.Object java.lang.invoke.Invokers$Holder.invoke_MT(java.lang.Object, java.lang.Object, java.lang.Object, java.lang.Object, java.lang.Object, java.lang.Object, java.lang.Object, java.lang.Object, java.lang.Object, java.lang.Object)'> (0x00000000eac82bc0) 
thrown [s\src\hotspot\share\interpreter\linkResolver.cpp, line 759]
Event: 19.924 Thread 0x000001c2fe32cc00 Exception <a 'java/lang/NoSuchMethodError'{0x00000000eafb2ee0}: 'java.lang.Object java.lang.invoke.DirectMethodHandle$Holder.invokeSpecial(java.lang.Object, java.lang.Object, java.lang.Object, java.lang.Object, java.lang.Object, java.lang.Object, java.lang.Object, java.lang.Object, java.lang.Object, java.lang.Object, java.lang.Object)'> (0x00000000eafb2ee0) 
thrown [s\src\hotspot\share\interpreter\linkResolver.cpp, line 759]
Event: 19.925 Thread 0x000001c2fe32cc00 Exception <a 'java/lang/NoSuchMethodError'{0x00000000eafb76b0}: 'java.lang.Object java.lang.invoke.Invokers$Holder.invoke_MT(java.lang.Object, java.lang.Object, java.lang.Object, java.lang.Object, java.lang.Object, java.lang.Object, java.lang.Object, java.lang.Object, java.lang.Object, java.lang.Object, java.lang.Object)'> (0x00000000eafb76b0) 
thrown [s\src\hotspot\share\interpreter\linkResolver.cpp, line 759]
Event: 19.949 Thread 0x000001c2fe32cc00 Exception <a 'java/lang/NoSuchMethodError'{0x00000000eb016fc8}: 'java.lang.Object java.lang.invoke.DirectMethodHandle$Holder.newInvokeSpecial(java.lang.Object, java.lang.Object, java.lang.Object, java.lang.Object, java.lang.Object, java.lang.Object, java.lang.Object, java.lang.Object)'> (0x00000000eb016fc8) 
thrown [s\src\hotspot\share\interpreter\linkResolver.cpp, line 759]
Event: 19.950 Thread 0x000001c2fe32cc00 Exception <a 'java/lang/NoSuchMethodError'{0x00000000eb01ba28}: 'java.lang.Object java.lang.invoke.Invokers$Holder.linkToTargetMethod(java.lang.Object, java.lang.Object, java.lang.Object, java.lang.Object, java.lang.Object, java.lang.Object, java.lang.Object, java.lang.Object)'> (0x00000000eb01ba28) 
thrown [s\src\hotspot\share\interpreter\linkResolver.cpp, line 759]
Event: 19.954 Thread 0x000001c2fe32cc00 Exception <a 'java/lang/NoSuchMethodError'{0x00000000eb02f110}: 'java.lang.Object java.lang.invoke.DirectMethodHandle$Holder.invokeStatic(java.lang.Object, java.lang.Object, int, java.lang.Object, java.lang.Object)'> (0x00000000eb02f110) 
thrown [s\src\hotspot\share\interpreter\linkResolver.cpp, line 759]
Event: 19.956 Thread 0x000001c2fe32cc00 Exception <a 'java/lang/NoSuchMethodError'{0x00000000eb036398}: 'java.lang.Object java.lang.invoke.DirectMethodHandle$Holder.newInvokeSpecial(java.lang.Object, java.lang.Object, int)'> (0x00000000eb036398) 
thrown [s\src\hotspot\share\interpreter\linkResolver.cpp, line 759]
Event: 20.035 Thread 0x000001c2fe32cc00 Implicit null exception at 0x000001c2ee4d07b8 to 0x000001c2ee4d0f18
Event: 20.089 Thread 0x000001c2fe32cc00 Exception <a 'java/io/FileNotFoundException'{0x00000000eb7582d8}> (0x00000000eb7582d8) 
thrown [s\src\hotspot\share\prims\jni.cpp, line 516]
Event: 20.238 Thread 0x000001c2fe32cc00 Implicit null exception at 0x000001c2ee4139fb to 0x000001c2ee4140a4
Event: 20.328 Thread 0x000001c2fe32cc00 Exception <a 'java/lang/NoSuchMethodError'{0x00000000eb8d81d8}: 'java.lang.Object java.lang.invoke.DirectMethodHandle$Holder.invokeInterface(java.lang.Object, java.lang.Object, java.lang.Object)'> (0x00000000eb8d81d8) 
thrown [s\src\hotspot\share\interpreter\linkResolver.cpp, line 759]
Event: 20.335 Thread 0x000001c2fe32cc00 Exception <a 'java/lang/NoSuchMethodError'{0x00000000eb904ff8}: 'int java.lang.invoke.DirectMethodHandle$Holder.invokeSpecialIFC(java.lang.Object, java.lang.Object, java.lang.Object)'> (0x00000000eb904ff8) 
thrown [s\src\hotspot\share\interpreter\linkResolver.cpp, line 759]
Event: 20.346 Thread 0x000001c2fe32cc00 Exception <a 'java/lang/NoSuchMethodError'{0x00000000eb9760f0}: 'java.lang.Object java.lang.invoke.DirectMethodHandle$Holder.invokeSpecial(java.lang.Object, java.lang.Object, java.lang.Object, java.lang.Object, java.lang.Object, java.lang.Object, java.lang.Object, java.lang.Object, java.lang.Object, java.lang.Object, java.lang.Object, java.lang.Object, java.lang.Object)'> (0x00000000eb9760f0) 
thrown [s\src\hotspot\share\interpreter\linkResolver.cpp, line 759]
Event: 20.347 Thread 0x000001c2fe32cc00 Exception <a 'java/lang/NoSuchMethodError'{0x00000000eb97ac30}: 'java.lang.Object java.lang.invoke.Invokers$Holder.invoker(java.lang.Object, java.lang.Object, java.lang.Object, java.lang.Object, java.lang.Object, java.lang.Object, java.lang.Object, java.lang.Object, java.lang.Object, java.lang.Object, java.lang.Object, java.lang.Object, java.lang.Object)'> (0x00000000eb97ac30) 
thrown [s\src\hotspot\share\interpreter\linkResolver.cpp, line 759]
Event: 20.348 Thread 0x000001c2fe32cc00 Exception <a 'java/lang/NoSuchMethodError'{0x00000000eb9809c0}: 'java.lang.Object java.lang.invoke.DirectMethodHandle$Holder.invokeSpecial(java.lang.Object, java.lang.Object, java.lang.Object, java.lang.Object, java.lang.Object, java.lang.Object, java.lang.Object, java.lang.Object, java.lang.Object, java.lang.Object, java.lang.Object, java.lang.Object, java.lang.Object, java.lang.Object)'> (0x00000000eb9809c0) 
thrown [s\src\hotspot\share\interpreter\linkResolver.cpp, line 759]
Event: 20.421 Thread 0x000001c2fe32cc00 Implicit null exception at 0x000001c2ee4bc928 to 0x000001c2ee4bdff4

VM Operations (20 events):
Event: 16.460 Executing VM operation: ParallelGCFailedAllocation
Event: 16.553 Executing VM operation: ParallelGCFailedAllocation done
Event: 16.946 Executing VM operation: ParallelGCFailedAllocation
Event: 16.958 Executing VM operation: ParallelGCFailedAllocation done
Event: 17.833 Executing VM operation: ParallelGCFailedAllocation
Event: 17.835 Executing VM operation: ParallelGCFailedAllocation done
Event: 18.836 Executing VM operation: Cleanup
Event: 18.838 Executing VM operation: Cleanup done
Event: 19.302 Executing VM operation: ParallelGCFailedAllocation
Event: 19.305 Executing VM operation: ParallelGCFailedAllocation done
Event: 19.805 Executing VM operation: ParallelGCFailedAllocation
Event: 19.808 Executing VM operation: ParallelGCFailedAllocation done
Event: 19.937 Executing VM operation: HandshakeAllThreads
Event: 19.937 Executing VM operation: HandshakeAllThreads done
Event: 20.085 Executing VM operation: HandshakeAllThreads
Event: 20.085 Executing VM operation: HandshakeAllThreads done
Event: 20.407 Executing VM operation: ParallelGCFailedAllocation
Event: 20.412 Executing VM operation: ParallelGCFailedAllocation done
Event: 20.602 Executing VM operation: ParallelGCFailedAllocation
Event: 20.609 Executing VM operation: ParallelGCFailedAllocation done

Events (20 events):
Event: 18.891 Thread 0x000001c2813a9b80 Thread added: 0x000001c2813a9b80
Event: 19.838 loading class java/util/Collections$2
Event: 19.839 loading class java/util/Collections$2 done
Event: 20.041 Thread 0x000001c280d34830 Thread added: 0x000001c280d34830
Event: 20.238 loading class java/util/WeakHashMap$KeyIterator
Event: 20.238 loading class java/util/WeakHashMap$KeyIterator done
Event: 20.327 Thread 0x000001c280d34830 Thread exited: 0x000001c280d34830
Event: 20.404 loading class java/util/LinkedList$LLSpliterator
Event: 20.405 loading class java/util/LinkedList$LLSpliterator done
Event: 20.440 Thread 0x000001c2802cc410 Thread added: 0x000001c2802cc410
Event: 20.440 Thread 0x000001c2ff0b7d70 Thread added: 0x000001c2ff0b7d70
Event: 20.446 Thread 0x000001c2802d1000 Thread added: 0x000001c2802d1000
Event: 20.454 Thread 0x000001c2802cc920 Thread added: 0x000001c2802cc920
Event: 20.457 Thread 0x000001c2802ce270 Thread added: 0x000001c2802ce270
Event: 20.475 Thread 0x000001c2802d1510 Thread added: 0x000001c2802d1510
Event: 20.818 Thread 0x000001c2802cc920 Thread exited: 0x000001c2802cc920
Event: 20.818 Thread 0x000001c2802d1000 Thread exited: 0x000001c2802d1000
Event: 20.834 Thread 0x000001c2802ce270 Thread exited: 0x000001c2802ce270
Event: 20.834 Thread 0x000001c2802cc410 Thread exited: 0x000001c2802cc410
Event: 20.834 Thread 0x000001c2802d1510 Thread exited: 0x000001c2802d1510


Dynamic libraries:
0x00007ff7f1540000 - 0x00007ff7f154e000 	c:\Users\HP\.vscode\extensions\redhat.java-1.29.0-win32-x64\jre\17.0.10-win32-x86_64\bin\java.exe
0x00007ff946090000 - 0x00007ff9462a6000 	C:\WINDOWS\SYSTEM32\ntdll.dll
0x00007ff9448c0000 - 0x00007ff944984000 	C:\WINDOWS\System32\KERNEL32.DLL
0x00007ff9435b0000 - 0x00007ff943956000 	C:\WINDOWS\System32\KERNELBASE.dll
0x00007ff943990000 - 0x00007ff943aa1000 	C:\WINDOWS\System32\ucrtbase.dll
0x00007ff933fc0000 - 0x00007ff933fd7000 	c:\Users\HP\.vscode\extensions\redhat.java-1.29.0-win32-x64\jre\17.0.10-win32-x86_64\bin\jli.dll
0x00007ff945d20000 - 0x00007ff945ecd000 	C:\WINDOWS\System32\USER32.dll
0x00007ff943db0000 - 0x00007ff943dd6000 	C:\WINDOWS\System32\win32u.dll
0x00007ff945590000 - 0x00007ff9455b9000 	C:\WINDOWS\System32\GDI32.dll
0x00007ff943c90000 - 0x00007ff943da8000 	C:\WINDOWS\System32\gdi32full.dll
0x00007ff9433d0000 - 0x00007ff94346a000 	C:\WINDOWS\System32\msvcp_win.dll
0x00007ff934020000 - 0x00007ff93403b000 	c:\Users\HP\.vscode\extensions\redhat.java-1.29.0-win32-x64\jre\17.0.10-win32-x86_64\bin\VCRUNTIME140.dll
0x00007ff91a800000 - 0x00007ff91aa93000 	C:\WINDOWS\WinSxS\amd64_microsoft.windows.common-controls_6595b64144ccf1df_6.0.22621.3235_none_270f74e173860f98\COMCTL32.dll
0x00007ff943f80000 - 0x00007ff944027000 	C:\WINDOWS\System32\msvcrt.dll
0x00007ff945700000 - 0x00007ff945731000 	C:\WINDOWS\System32\IMM32.DLL
0x00007ff934010000 - 0x00007ff93401c000 	c:\Users\HP\.vscode\extensions\redhat.java-1.29.0-win32-x64\jre\17.0.10-win32-x86_64\bin\vcruntime140_1.dll
0x00007ff8e88a0000 - 0x00007ff8e892d000 	c:\Users\HP\.vscode\extensions\redhat.java-1.29.0-win32-x64\jre\17.0.10-win32-x86_64\bin\msvcp140.dll
0x00007ff87b420000 - 0x00007ff87c082000 	c:\Users\HP\.vscode\extensions\redhat.java-1.29.0-win32-x64\jre\17.0.10-win32-x86_64\bin\server\jvm.dll
0x00007ff945f30000 - 0x00007ff945fe2000 	C:\WINDOWS\System32\ADVAPI32.dll
0x00007ff9455c0000 - 0x00007ff945668000 	C:\WINDOWS\System32\sechost.dll
0x00007ff943960000 - 0x00007ff943988000 	C:\WINDOWS\System32\bcrypt.dll
0x00007ff945be0000 - 0x00007ff945cf5000 	C:\WINDOWS\System32\RPCRT4.dll
0x00007ff942220000 - 0x00007ff94226d000 	C:\WINDOWS\SYSTEM32\POWRPROF.dll
0x00007ff91fdd0000 - 0x00007ff91fdd9000 	C:\WINDOWS\SYSTEM32\WSOCK32.dll
0x00007ff9453b0000 - 0x00007ff945421000 	C:\WINDOWS\System32\WS2_32.dll
0x00007ff937580000 - 0x00007ff9375b4000 	C:\WINDOWS\SYSTEM32\WINMM.dll
0x00007ff939130000 - 0x00007ff93913a000 	C:\WINDOWS\SYSTEM32\VERSION.dll
0x00007ff942200000 - 0x00007ff942213000 	C:\WINDOWS\SYSTEM32\UMPDC.dll
0x00007ff9424c0000 - 0x00007ff9424d8000 	C:\WINDOWS\SYSTEM32\kernel.appcore.dll
0x00007ff933fb0000 - 0x00007ff933fba000 	c:\Users\HP\.vscode\extensions\redhat.java-1.29.0-win32-x64\jre\17.0.10-win32-x86_64\bin\jimage.dll
0x00007ff940830000 - 0x00007ff940a63000 	C:\WINDOWS\SYSTEM32\DBGHELP.DLL
0x00007ff945750000 - 0x00007ff945ad8000 	C:\WINDOWS\System32\combase.dll
0x00007ff9447e0000 - 0x00007ff9448b7000 	C:\WINDOWS\System32\OLEAUT32.dll
0x00007ff921b20000 - 0x00007ff921b52000 	C:\WINDOWS\SYSTEM32\dbgcore.DLL
0x00007ff943530000 - 0x00007ff9435aa000 	C:\WINDOWS\System32\bcryptPrimitives.dll
0x00007ff933f90000 - 0x00007ff933f9e000 	c:\Users\HP\.vscode\extensions\redhat.java-1.29.0-win32-x64\jre\17.0.10-win32-x86_64\bin\instrument.dll
0x00007ff927050000 - 0x00007ff927075000 	c:\Users\HP\.vscode\extensions\redhat.java-1.29.0-win32-x64\jre\17.0.10-win32-x86_64\bin\java.dll
0x00007ff933f70000 - 0x00007ff933f88000 	c:\Users\HP\.vscode\extensions\redhat.java-1.29.0-win32-x64\jre\17.0.10-win32-x86_64\bin\zip.dll
0x00007ff944990000 - 0x00007ff9451ed000 	C:\WINDOWS\System32\SHELL32.dll
0x00007ff9412f0000 - 0x00007ff941be8000 	C:\WINDOWS\SYSTEM32\windows.storage.dll
0x00007ff9411b0000 - 0x00007ff9412ee000 	C:\WINDOWS\SYSTEM32\wintypes.dll
0x00007ff943e70000 - 0x00007ff943f63000 	C:\WINDOWS\System32\SHCORE.dll
0x00007ff945ed0000 - 0x00007ff945f2e000 	C:\WINDOWS\System32\shlwapi.dll
0x00007ff943300000 - 0x00007ff943326000 	C:\WINDOWS\SYSTEM32\profapi.dll
0x00007ff922fb0000 - 0x00007ff922fc9000 	C:\Users\HP\.vscode\extensions\redhat.java-1.29.0-win32-x64\jre\17.0.10-win32-x86_64\bin\net.dll
0x00007ff939d40000 - 0x00007ff939e77000 	C:\WINDOWS\SYSTEM32\WINHTTP.dll
0x00007ff942930000 - 0x00007ff942999000 	C:\WINDOWS\system32\mswsock.dll
0x00007ff921c00000 - 0x00007ff921c16000 	C:\Users\HP\.vscode\extensions\redhat.java-1.29.0-win32-x64\jre\17.0.10-win32-x86_64\bin\nio.dll
0x00007ff933a40000 - 0x00007ff933a50000 	c:\Users\HP\.vscode\extensions\redhat.java-1.29.0-win32-x64\jre\17.0.10-win32-x86_64\bin\verify.dll
0x00007ff8e8280000 - 0x00007ff8e82be000 	C:\Users\HP\AppData\Roaming\Code\User\globalStorage\redhat.java\1.29.0\config_win\org.eclipse.equinox.launcher\org.eclipse.equinox.launcher.win32.win32.x86_64_1.2.900.v20240213-1244\eclipse_11900.dll
0x00007ff944160000 - 0x00007ff9442ff000 	C:\WINDOWS\System32\ole32.dll
0x00007ff942c80000 - 0x00007ff942c9b000 	C:\WINDOWS\SYSTEM32\CRYPTSP.dll
0x00007ff942420000 - 0x00007ff942455000 	C:\WINDOWS\system32\rsaenh.dll
0x00007ff9429d0000 - 0x00007ff9429fc000 	C:\WINDOWS\SYSTEM32\USERENV.dll
0x00007ff942c60000 - 0x00007ff942c6c000 	C:\WINDOWS\SYSTEM32\CRYPTBASE.dll
0x00007ff941ec0000 - 0x00007ff941eed000 	C:\WINDOWS\SYSTEM32\IPHLPAPI.DLL
0x00007ff9456f0000 - 0x00007ff9456f9000 	C:\WINDOWS\System32\NSI.dll
0x00007ff939cb0000 - 0x00007ff939cc9000 	C:\WINDOWS\SYSTEM32\dhcpcsvc6.DLL
0x00007ff939c90000 - 0x00007ff939caf000 	C:\WINDOWS\SYSTEM32\dhcpcsvc.DLL
0x00007ff941f30000 - 0x00007ff942029000 	C:\WINDOWS\SYSTEM32\DNSAPI.dll
0x00007ff934060000 - 0x00007ff9340a5000 	C:\Users\HP\AppData\Local\Temp\jna-2312\jna10032229167307152740.dll
0x00007ff943f70000 - 0x00007ff943f78000 	C:\WINDOWS\System32\PSAPI.DLL

dbghelp: loaded successfully - version: 4.0.5 - missing functions: none
symbol engine: initialized successfully - sym options: 0x614 - pdb path: .;c:\Users\HP\.vscode\extensions\redhat.java-1.29.0-win32-x64\jre\17.0.10-win32-x86_64\bin;C:\WINDOWS\SYSTEM32;C:\WINDOWS\WinSxS\amd64_microsoft.windows.common-controls_6595b64144ccf1df_6.0.22621.3235_none_270f74e173860f98;c:\Users\HP\.vscode\extensions\redhat.java-1.29.0-win32-x64\jre\17.0.10-win32-x86_64\bin\server;C:\Users\HP\AppData\Roaming\Code\User\globalStorage\redhat.java\1.29.0\config_win\org.eclipse.equinox.launcher\org.eclipse.equinox.launcher.win32.win32.x86_64_1.2.900.v20240213-1244;C:\Users\HP\AppData\Local\Temp\jna-2312

VM Arguments:
jvm_args: --add-modules=ALL-SYSTEM --add-opens=java.base/java.util=ALL-UNNAMED --add-opens=java.base/java.lang=ALL-UNNAMED --add-opens=java.base/sun.nio.fs=ALL-UNNAMED -Declipse.application=org.eclipse.jdt.ls.core.id1 -Dosgi.bundles.defaultStartLevel=4 -Declipse.product=org.eclipse.jdt.ls.core.product -Djava.import.generatesMetadataFilesAtProjectRoot=false -DDetectVMInstallationsJob.disabled=true -Dfile.encoding=utf8 -XX:+UseParallelGC -XX:GCTimeRatio=4 -XX:AdaptiveSizePolicyWeight=90 -Dsun.zip.disableMemoryMapping=true -Xmx1G -Xms100m -Xlog:disable -javaagent:c:\Users\HP\.vscode\extensions\redhat.java-1.29.0-win32-x64\lombok\lombok-1.18.32.jar -XX:+HeapDumpOnOutOfMemoryError -XX:HeapDumpPath=c:\Users\HP\AppData\Roaming\Code\User\workspaceStorage\2c9d807fe59ace233e231eee71cfd0f8\redhat.java -Daether.dependencyCollector.impl=bf 
java_command: c:\Users\HP\.vscode\extensions\redhat.java-1.29.0-win32-x64\server\plugins\org.eclipse.equinox.launcher_1.6.800.v20240304-1850.jar -configuration c:\Users\HP\AppData\Roaming\Code\User\globalStorage\redhat.java\1.29.0\config_win -data c:\Users\HP\AppData\Roaming\Code\User\workspaceStorage\2c9d807fe59ace233e231eee71cfd0f8\redhat.java\jdt_ws --stdio
java_class_path (initial): c:\Users\HP\.vscode\extensions\redhat.java-1.29.0-win32-x64\server\plugins\org.eclipse.equinox.launcher_1.6.800.v20240304-1850.jar
Launcher Type: SUN_STANDARD

[Global flags]
    uintx AdaptiveSizePolicyWeight                 = 90                                        {product} {command line}
     intx CICompilerCount                          = 4                                         {product} {ergonomic}
    uintx GCTimeRatio                              = 4                                         {product} {command line}
     bool HeapDumpOnOutOfMemoryError               = true                                   {manageable} {command line}
    ccstr HeapDumpPath                             = c:\Users\HP\AppData\Roaming\Code\User\workspaceStorage\2c9d807fe59ace233e231eee71cfd0f8\redhat.java         {manageable} {command line}
   size_t InitialHeapSize                          = 104857600                                 {product} {command line}
   size_t MaxHeapSize                              = 1073741824                                {product} {command line}
   size_t MaxNewSize                               = 357564416                                 {product} {ergonomic}
   size_t MinHeapDeltaBytes                        = 524288                                    {product} {ergonomic}
   size_t MinHeapSize                              = 104857600                                 {product} {command line}
   size_t NewSize                                  = 34603008                                  {product} {ergonomic}
    uintx NonNMethodCodeHeapSize                   = 5839372                                {pd product} {ergonomic}
    uintx NonProfiledCodeHeapSize                  = 122909434                              {pd product} {ergonomic}
   size_t OldSize                                  = 70254592                                  {product} {ergonomic}
    uintx ProfiledCodeHeapSize                     = 122909434                              {pd product} {ergonomic}
    uintx ReservedCodeCacheSize                    = 251658240                              {pd product} {ergonomic}
     bool SegmentedCodeCache                       = true                                      {product} {ergonomic}
   size_t SoftMaxHeapSize                          = 1073741824                             {manageable} {ergonomic}
     bool UseCompressedClassPointers               = true                           {product lp64_product} {ergonomic}
     bool UseCompressedOops                        = true                           {product lp64_product} {ergonomic}
     bool UseLargePagesIndividualAllocation        = false                                  {pd product} {ergonomic}
     bool UseParallelGC                            = true                                      {product} {command line}

Logging:
Log output configuration:
 #0: stdout all=off uptime,level,tags
 #1: stderr all=off uptime,level,tags

Environment Variables:
JAVA_HOME=C:\Program Files\Java\jdk-17
PATH=C:\Program Files\Java\jdk-17\bin;C:\oraclexe\app\oracle\product\11.2.0\server\bin;C:\Program Files\Common Files\Oracle\Java\javapath;C:\Program Files (x86)\Common Files\Oracle\Java\javapath;C:\WINDOWS\system32;C:\WINDOWS;C:\WINDOWS\System32\Wbem;C:\WINDOWS\System32\WindowsPowerShell\v1.0\;C:\WINDOWS\System32\OpenSSH\;C:\Program Files\Docker\Docker\resources\bin;%M2_HOME%;%M2%;D:\apache-maven-3.8.6\bin;C:\Program Files\Git\cmd;C:\Users\HP\AppData\Roaming\npm;D:\wildfly-26.1.2.Final;C:\Program Files (x86)\Google\Cloud SDK\google-cloud-sdk\bin;C:\sigctl;C:\Users\HP\AppData\Roaming\nvm;C:\Program Files\nodejs;D:\XAMP\php;D:\ComposerSetup;C:\Users\HP\AppData\Local\Programs\Python\Python312\Scripts\;C:\Users\HP\AppData\Local\Programs\Python\Python312\;C:\Program Files\MySQL\MySQL Shell 8.0\bin\;C:\Users\HP\AppData\Local\Microsoft\WindowsApps;C:\Users\HP\AppData\Local\Programs\Microsoft VS Code\bin;"C:\Program Files\Git\bin\git.exe;C:\Program Files\Git\cmd";C:\Program Files\Java\jre1.8.0_341\bin;C:\Users\HP\AppData\Local\Android\Sdk\platform-tools;C:\Users\HP\AppData\Roaming\nvm;C:\Program Files\nodejs;C:\Users\HP\AppData\Roaming\Composer\vendor\bin;C:\Program Files\JetBrains\PyCharm Community Edition 2022.3.1\bin;
USERNAME=HP
OS=Windows_NT
PROCESSOR_IDENTIFIER=Intel64 Family 6 Model 140 Stepping 1, GenuineIntel
TMP=C:\Users\HP\AppData\Local\Temp
TEMP=C:\Users\HP\AppData\Local\Temp



Periodic native trim disabled


---------------  S Y S T E M  ---------------

OS:
 Windows 11 , 64 bit Build 22621 (10.0.22621.3235)
OS uptime: 0 days 20:48 hours
Hyper-V role detected

CPU: total 8 (initial active 8) (4 cores per cpu, 2 threads per core) family 6 model 140 stepping 1 microcode 0xb6, cx8, cmov, fxsr, ht, mmx, 3dnowpref, sse, sse2, sse3, ssse3, sse4.1, sse4.2, popcnt, lzcnt, tsc, tscinvbit, avx, avx2, aes, erms, clmul, bmi1, bmi2, adx, avx512f, avx512dq, avx512cd, avx512bw, avx512vl, sha, fma, vzeroupper, avx512_vpopcntdq, avx512_vpclmulqdq, avx512_vaes, avx512_vnni, clflush, clflushopt, clwb, avx512_vbmi2, avx512_vbmi, hv
Processor Information for all 8 processors :
  Max Mhz: 2803, Current Mhz: 2803, Mhz Limit: 2803

Memory: 4k page, system-wide physical 16064M (832M free)
TotalPageFile size 30031M (AvailPageFile size 57M)
current process WorkingSet (physical memory assigned to process): 217M, peak: 233M
current process commit charge ("private bytes"): 289M, peak: 309M

vm_info: OpenJDK 64-Bit Server VM (17.0.10+7) for windows-amd64 JRE (17.0.10+7), built on Jan 16 2024 23:25:11 by "admin" with MS VC++ 16.10 / 16.11 (VS2019)

END.
